<?xml version="1.0" encoding="UTF-8"?>
<testsuite xmlns:xsi="http://www.w3.org/2001/XMLSchema-instance" xsi:noNamespaceSchemaLocation="https://maven.apache.org/surefire/maven-failsafe-plugin/xsd/failsafe-test-report-3.0.xsd" version="3.0" name="orangehrm.CucumberTestSuite" time="107.779" tests="5" errors="0" skipped="0" failures="0">
  <properties>
    <property name="gopherProxySet" value="false"/>
    <property name="awt.toolkit" value="sun.lwawt.macosx.LWCToolkit"/>
    <property name="file.encoding.pkg" value="sun.io"/>
    <property name="java.specification.version" value="1.8"/>
    <property name="webdriver.chrome.driver" value="/Users/anugerahfadillah/.cache/selenium/chromedriver/mac64/100.0.4896.60/chromedriver"/>
    <property name="sun.cpu.isalist" value=""/>
    <property name="sun.jnu.encoding" value="UTF-8"/>
    <property name="java.class.path" value="/Users/anugerahfadillah/QE-batch3-practice/target/test-classes:/Users/anugerahfadillah/QE-batch3-practice/target/webautomation-anugerah-1.0-SNAPSHOT.jar:/Users/anugerahfadillah/.m2/repository/org/seleniumhq/selenium/selenium-java/4.1.2/selenium-java-4.1.2.jar:/Users/anugerahfadillah/.m2/repository/org/seleniumhq/selenium/selenium-api/4.1.2/selenium-api-4.1.2.jar:/Users/anugerahfadillah/.m2/repository/org/seleniumhq/selenium/selenium-chrome-driver/4.1.2/selenium-chrome-driver-4.1.2.jar:/Users/anugerahfadillah/.m2/repository/com/google/auto/service/auto-service-annotations/1.0.1/auto-service-annotations-1.0.1.jar:/Users/anugerahfadillah/.m2/repository/com/google/auto/service/auto-service/1.0.1/auto-service-1.0.1.jar:/Users/anugerahfadillah/.m2/repository/com/google/auto/auto-common/1.2/auto-common-1.2.jar:/Users/anugerahfadillah/.m2/repository/com/google/guava/guava/31.0.1-jre/guava-31.0.1-jre.jar:/Users/anugerahfadillah/.m2/repository/com/google/guava/failureaccess/1.0.1/failureaccess-1.0.1.jar:/Users/anugerahfadillah/.m2/repository/com/google/guava/listenablefuture/9999.0-empty-to-avoid-conflict-with-guava/listenablefuture-9999.0-empty-to-avoid-conflict-with-guava.jar:/Users/anugerahfadillah/.m2/repository/com/google/code/findbugs/jsr305/3.0.2/jsr305-3.0.2.jar:/Users/anugerahfadillah/.m2/repository/org/checkerframework/checker-qual/3.12.0/checker-qual-3.12.0.jar:/Users/anugerahfadillah/.m2/repository/com/google/errorprone/error_prone_annotations/2.7.1/error_prone_annotations-2.7.1.jar:/Users/anugerahfadillah/.m2/repository/com/google/j2objc/j2objc-annotations/1.3/j2objc-annotations-1.3.jar:/Users/anugerahfadillah/.m2/repository/org/seleniumhq/selenium/selenium-chromium-driver/4.1.2/selenium-chromium-driver-4.1.2.jar:/Users/anugerahfadillah/.m2/repository/org/seleniumhq/selenium/selenium-json/4.1.2/selenium-json-4.1.2.jar:/Users/anugerahfadillah/.m2/repository/org/seleniumhq/selenium/selenium-devtools-v85/4.1.2/selenium-devtools-v85-4.1.2.jar:/Users/anugerahfadillah/.m2/repository/org/seleniumhq/selenium/selenium-devtools-v95/4.1.2/selenium-devtools-v95-4.1.2.jar:/Users/anugerahfadillah/.m2/repository/org/seleniumhq/selenium/selenium-devtools-v96/4.1.2/selenium-devtools-v96-4.1.2.jar:/Users/anugerahfadillah/.m2/repository/org/seleniumhq/selenium/selenium-devtools-v97/4.1.2/selenium-devtools-v97-4.1.2.jar:/Users/anugerahfadillah/.m2/repository/org/seleniumhq/selenium/selenium-edge-driver/4.1.2/selenium-edge-driver-4.1.2.jar:/Users/anugerahfadillah/.m2/repository/org/seleniumhq/selenium/selenium-firefox-driver/4.1.2/selenium-firefox-driver-4.1.2.jar:/Users/anugerahfadillah/.m2/repository/org/seleniumhq/selenium/selenium-firefox-xpi-driver/4.1.2/selenium-firefox-xpi-driver-4.1.2.jar:/Users/anugerahfadillah/.m2/repository/org/seleniumhq/selenium/selenium-ie-driver/4.1.2/selenium-ie-driver-4.1.2.jar:/Users/anugerahfadillah/.m2/repository/org/seleniumhq/selenium/selenium-opera-driver/4.1.2/selenium-opera-driver-4.1.2.jar:/Users/anugerahfadillah/.m2/repository/org/seleniumhq/selenium/selenium-remote-driver/4.1.2/selenium-remote-driver-4.1.2.jar:/Users/anugerahfadillah/.m2/repository/com/beust/jcommander/1.82/jcommander-1.82.jar:/Users/anugerahfadillah/.m2/repository/io/netty/netty-buffer/4.1.73.Final/netty-buffer-4.1.73.Final.jar:/Users/anugerahfadillah/.m2/repository/io/netty/netty-codec-http/4.1.73.Final/netty-codec-http-4.1.73.Final.jar:/Users/anugerahfadillah/.m2/repository/io/netty/netty-codec/4.1.73.Final/netty-codec-4.1.73.Final.jar:/Users/anugerahfadillah/.m2/repository/io/netty/netty-handler/4.1.73.Final/netty-handler-4.1.73.Final.jar:/Users/anugerahfadillah/.m2/repository/io/netty/netty-tcnative-classes/2.0.46.Final/netty-tcnative-classes-2.0.46.Final.jar:/Users/anugerahfadillah/.m2/repository/io/netty/netty-common/4.1.73.Final/netty-common-4.1.73.Final.jar:/Users/anugerahfadillah/.m2/repository/io/netty/netty-transport-classes-epoll/4.1.73.Final/netty-transport-classes-epoll-4.1.73.Final.jar:/Users/anugerahfadillah/.m2/repository/io/netty/netty-transport-classes-kqueue/4.1.73.Final/netty-transport-classes-kqueue-4.1.73.Final.jar:/Users/anugerahfadillah/.m2/repository/io/netty/netty-transport-native-epoll/4.1.73.Final/netty-transport-native-epoll-4.1.73.Final.jar:/Users/anugerahfadillah/.m2/repository/io/netty/netty-transport-native-kqueue/4.1.73.Final/netty-transport-native-kqueue-4.1.73.Final.jar:/Users/anugerahfadillah/.m2/repository/io/netty/netty-transport-native-unix-common/4.1.73.Final/netty-transport-native-unix-common-4.1.73.Final.jar:/Users/anugerahfadillah/.m2/repository/io/netty/netty-transport/4.1.73.Final/netty-transport-4.1.73.Final.jar:/Users/anugerahfadillah/.m2/repository/io/netty/netty-resolver/4.1.73.Final/netty-resolver-4.1.73.Final.jar:/Users/anugerahfadillah/.m2/repository/io/opentelemetry/opentelemetry-api/1.10.1/opentelemetry-api-1.10.1.jar:/Users/anugerahfadillah/.m2/repository/io/opentelemetry/opentelemetry-context/1.10.1/opentelemetry-context-1.10.1.jar:/Users/anugerahfadillah/.m2/repository/io/opentelemetry/opentelemetry-exporter-logging/1.10.1/opentelemetry-exporter-logging-1.10.1.jar:/Users/anugerahfadillah/.m2/repository/io/opentelemetry/opentelemetry-sdk-metrics/1.10.1-alpha/opentelemetry-sdk-metrics-1.10.1-alpha.jar:/Users/anugerahfadillah/.m2/repository/io/opentelemetry/opentelemetry-sdk-logs/1.10.1-alpha/opentelemetry-sdk-logs-1.10.1-alpha.jar:/Users/anugerahfadillah/.m2/repository/io/opentelemetry/opentelemetry-sdk-common/1.10.1/opentelemetry-sdk-common-1.10.1.jar:/Users/anugerahfadillah/.m2/repository/io/opentelemetry/opentelemetry-sdk-extension-autoconfigure-spi/1.10.1/opentelemetry-sdk-extension-autoconfigure-spi-1.10.1.jar:/Users/anugerahfadillah/.m2/repository/io/opentelemetry/opentelemetry-sdk-extension-autoconfigure/1.10.1-alpha/opentelemetry-sdk-extension-autoconfigure-1.10.1-alpha.jar:/Users/anugerahfadillah/.m2/repository/io/opentelemetry/opentelemetry-sdk-trace/1.10.1/opentelemetry-sdk-trace-1.10.1.jar:/Users/anugerahfadillah/.m2/repository/io/opentelemetry/opentelemetry-sdk/1.10.1/opentelemetry-sdk-1.10.1.jar:/Users/anugerahfadillah/.m2/repository/io/opentelemetry/opentelemetry-semconv/1.10.1-alpha/opentelemetry-semconv-1.10.1-alpha.jar:/Users/anugerahfadillah/.m2/repository/io/ous/jtoml/2.0.0/jtoml-2.0.0.jar:/Users/anugerahfadillah/.m2/repository/net/bytebuddy/byte-buddy/1.12.7/byte-buddy-1.12.7.jar:/Users/anugerahfadillah/.m2/repository/org/apache/commons/commons-exec/1.3/commons-exec-1.3.jar:/Users/anugerahfadillah/.m2/repository/org/asynchttpclient/async-http-client/2.12.3/async-http-client-2.12.3.jar:/Users/anugerahfadillah/.m2/repository/org/asynchttpclient/async-http-client-netty-utils/2.12.3/async-http-client-netty-utils-2.12.3.jar:/Users/anugerahfadillah/.m2/repository/io/netty/netty-codec-socks/4.1.60.Final/netty-codec-socks-4.1.60.Final.jar:/Users/anugerahfadillah/.m2/repository/io/netty/netty-handler-proxy/4.1.60.Final/netty-handler-proxy-4.1.60.Final.jar:/Users/anugerahfadillah/.m2/repository/io/netty/netty-transport-native-epoll/4.1.60.Final/netty-transport-native-epoll-4.1.60.Final-linux-x86_64.jar:/Users/anugerahfadillah/.m2/repository/io/netty/netty-transport-native-kqueue/4.1.60.Final/netty-transport-native-kqueue-4.1.60.Final-osx-x86_64.jar:/Users/anugerahfadillah/.m2/repository/org/reactivestreams/reactive-streams/1.0.3/reactive-streams-1.0.3.jar:/Users/anugerahfadillah/.m2/repository/com/typesafe/netty/netty-reactive-streams/2.0.4/netty-reactive-streams-2.0.4.jar:/Users/anugerahfadillah/.m2/repository/org/seleniumhq/selenium/selenium-http/4.1.2/selenium-http-4.1.2.jar:/Users/anugerahfadillah/.m2/repository/net/jodah/failsafe/2.4.4/failsafe-2.4.4.jar:/Users/anugerahfadillah/.m2/repository/org/seleniumhq/selenium/selenium-safari-driver/4.1.2/selenium-safari-driver-4.1.2.jar:/Users/anugerahfadillah/.m2/repository/org/seleniumhq/selenium/selenium-support/4.1.2/selenium-support-4.1.2.jar:/Users/anugerahfadillah/.m2/repository/ch/qos/logback/logback-classic/1.2.3/logback-classic-1.2.3.jar:/Users/anugerahfadillah/.m2/repository/ch/qos/logback/logback-core/1.2.3/logback-core-1.2.3.jar:/Users/anugerahfadillah/.m2/repository/org/slf4j/slf4j-api/1.7.25/slf4j-api-1.7.25.jar:/Users/anugerahfadillah/.m2/repository/net/serenity-bdd/serenity-core/3.2.1/serenity-core-3.2.1.jar:/Users/anugerahfadillah/.m2/repository/net/serenity-bdd/serenity-model/3.2.1/serenity-model-3.2.1.jar:/Users/anugerahfadillah/.m2/repository/org/apache/commons/commons-text/1.9/commons-text-1.9.jar:/Users/anugerahfadillah/.m2/repository/commons-net/commons-net/3.8.0/commons-net-3.8.0.jar:/Users/anugerahfadillah/.m2/repository/com/google/inject/guice/5.1.0/guice-5.1.0.jar:/Users/anugerahfadillah/.m2/repository/javax/inject/javax.inject/1/javax.inject-1.jar:/Users/anugerahfadillah/.m2/repository/aopalliance/aopalliance/1.0/aopalliance-1.0.jar:/Users/anugerahfadillah/.m2/repository/org/jsoup/jsoup/1.14.3/jsoup-1.14.3.jar:/Users/anugerahfadillah/.m2/repository/com/thoughtworks/xstream/xstream/1.4.19/xstream-1.4.19.jar:/Users/anugerahfadillah/.m2/repository/io/github/x-stream/mxparser/1.2.2/mxparser-1.2.2.jar:/Users/anugerahfadillah/.m2/repository/xmlpull/xmlpull/1.1.3.1/xmlpull-1.1.3.1.jar:/Users/anugerahfadillah/.m2/repository/io/cucumber/cucumber-java/7.2.3/cucumber-java-7.2.3.jar:/Users/anugerahfadillah/.m2/repository/com/typesafe/config/1.4.2/config-1.4.2.jar:/Users/anugerahfadillah/.m2/repository/org/imgscalr/imgscalr-lib/4.2/imgscalr-lib-4.2.jar:/Users/anugerahfadillah/.m2/repository/org/awaitility/awaitility/4.2.0/awaitility-4.2.0.jar:/Users/anugerahfadillah/.m2/repository/org/freemarker/freemarker/2.3.31/freemarker-2.3.31.jar:/Users/anugerahfadillah/.m2/repository/io/github/classgraph/classgraph/4.8.138/classgraph-4.8.138.jar:/Users/anugerahfadillah/.m2/repository/net/sourceforge/jexcelapi/jxl/2.6.12/jxl-2.6.12.jar:/Users/anugerahfadillah/.m2/repository/net/bytebuddy/byte-buddy-agent/1.12.8/byte-buddy-agent-1.12.8.jar:/Users/anugerahfadillah/.m2/repository/org/objenesis/objenesis/3.1/objenesis-3.1.jar:/Users/anugerahfadillah/.m2/repository/net/serenity-bdd/serenity-reports/3.2.1/serenity-reports-3.2.1.jar:/Users/anugerahfadillah/.m2/repository/net/serenity-bdd/serenity-stats/3.2.1/serenity-stats-3.2.1.jar:/Users/anugerahfadillah/.m2/repository/net/serenity-bdd/serenity-reports-configuration/3.2.1/serenity-reports-configuration-3.2.1.jar:/Users/anugerahfadillah/.m2/repository/com/vladsch/flexmark/flexmark-all/0.34.30/flexmark-all-0.34.30.jar:/Users/anugerahfadillah/.m2/repository/com/vladsch/flexmark/flexmark/0.34.30/flexmark-0.34.30.jar:/Users/anugerahfadillah/.m2/repository/com/vladsch/flexmark/flexmark-ext-abbreviation/0.34.30/flexmark-ext-abbreviation-0.34.30.jar:/Users/anugerahfadillah/.m2/repository/com/vladsch/flexmark/flexmark-ext-admonition/0.34.30/flexmark-ext-admonition-0.34.30.jar:/Users/anugerahfadillah/.m2/repository/com/vladsch/flexmark/flexmark-ext-anchorlink/0.34.30/flexmark-ext-anchorlink-0.34.30.jar:/Users/anugerahfadillah/.m2/repository/com/vladsch/flexmark/flexmark-ext-aside/0.34.30/flexmark-ext-aside-0.34.30.jar:/Users/anugerahfadillah/.m2/repository/com/vladsch/flexmark/flexmark-ext-attributes/0.34.30/flexmark-ext-attributes-0.34.30.jar:/Users/anugerahfadillah/.m2/repository/com/vladsch/flexmark/flexmark-ext-autolink/0.34.30/flexmark-ext-autolink-0.34.30.jar:/Users/anugerahfadillah/.m2/repository/org/nibor/autolink/autolink/0.6.0/autolink-0.6.0.jar:/Users/anugerahfadillah/.m2/repository/com/vladsch/flexmark/flexmark-ext-definition/0.34.30/flexmark-ext-definition-0.34.30.jar:/Users/anugerahfadillah/.m2/repository/com/vladsch/flexmark/flexmark-ext-emoji/0.34.30/flexmark-ext-emoji-0.34.30.jar:/Users/anugerahfadillah/.m2/repository/com/vladsch/flexmark/flexmark-ext-enumerated-reference/0.34.30/flexmark-ext-enumerated-reference-0.34.30.jar:/Users/anugerahfadillah/.m2/repository/com/vladsch/flexmark/flexmark-ext-escaped-character/0.34.30/flexmark-ext-escaped-character-0.34.30.jar:/Users/anugerahfadillah/.m2/repository/com/vladsch/flexmark/flexmark-ext-footnotes/0.34.30/flexmark-ext-footnotes-0.34.30.jar:/Users/anugerahfadillah/.m2/repository/com/vladsch/flexmark/flexmark-ext-gfm-issues/0.34.30/flexmark-ext-gfm-issues-0.34.30.jar:/Users/anugerahfadillah/.m2/repository/com/vladsch/flexmark/flexmark-ext-gfm-strikethrough/0.34.30/flexmark-ext-gfm-strikethrough-0.34.30.jar:/Users/anugerahfadillah/.m2/repository/com/vladsch/flexmark/flexmark-ext-gfm-tables/0.34.30/flexmark-ext-gfm-tables-0.34.30.jar:/Users/anugerahfadillah/.m2/repository/com/vladsch/flexmark/flexmark-ext-gfm-tasklist/0.34.30/flexmark-ext-gfm-tasklist-0.34.30.jar:/Users/anugerahfadillah/.m2/repository/com/vladsch/flexmark/flexmark-ext-gfm-users/0.34.30/flexmark-ext-gfm-users-0.34.30.jar:/Users/anugerahfadillah/.m2/repository/com/vladsch/flexmark/flexmark-ext-gitlab/0.34.30/flexmark-ext-gitlab-0.34.30.jar:/Users/anugerahfadillah/.m2/repository/com/vladsch/flexmark/flexmark-ext-jekyll-front-matter/0.34.30/flexmark-ext-jekyll-front-matter-0.34.30.jar:/Users/anugerahfadillah/.m2/repository/com/vladsch/flexmark/flexmark-ext-jekyll-tag/0.34.30/flexmark-ext-jekyll-tag-0.34.30.jar:/Users/anugerahfadillah/.m2/repository/com/vladsch/flexmark/flexmark-ext-media-tags/0.34.30/flexmark-ext-media-tags-0.34.30.jar:/Users/anugerahfadillah/.m2/repository/com/vladsch/flexmark/flexmark-test-util/0.34.30/flexmark-test-util-0.34.30.jar:/Users/anugerahfadillah/.m2/repository/com/vladsch/flexmark/flexmark-ext-ins/0.34.30/flexmark-ext-ins-0.34.30.jar:/Users/anugerahfadillah/.m2/repository/com/vladsch/flexmark/flexmark-ext-xwiki-macros/0.34.30/flexmark-ext-xwiki-macros-0.34.30.jar:/Users/anugerahfadillah/.m2/repository/com/vladsch/flexmark/flexmark-ext-superscript/0.34.30/flexmark-ext-superscript-0.34.30.jar:/Users/anugerahfadillah/.m2/repository/com/vladsch/flexmark/flexmark-ext-tables/0.34.30/flexmark-ext-tables-0.34.30.jar:/Users/anugerahfadillah/.m2/repository/com/vladsch/flexmark/flexmark-ext-toc/0.34.30/flexmark-ext-toc-0.34.30.jar:/Users/anugerahfadillah/.m2/repository/com/vladsch/flexmark/flexmark-ext-typographic/0.34.30/flexmark-ext-typographic-0.34.30.jar:/Users/anugerahfadillah/.m2/repository/com/vladsch/flexmark/flexmark-ext-wikilink/0.34.30/flexmark-ext-wikilink-0.34.30.jar:/Users/anugerahfadillah/.m2/repository/com/vladsch/flexmark/flexmark-ext-yaml-front-matter/0.34.30/flexmark-ext-yaml-front-matter-0.34.30.jar:/Users/anugerahfadillah/.m2/repository/com/vladsch/flexmark/flexmark-ext-youtube-embedded/0.34.30/flexmark-ext-youtube-embedded-0.34.30.jar:/Users/anugerahfadillah/.m2/repository/com/vladsch/flexmark/flexmark-formatter/0.34.30/flexmark-formatter-0.34.30.jar:/Users/anugerahfadillah/.m2/repository/com/vladsch/flexmark/flexmark-html-parser/0.34.30/flexmark-html-parser-0.34.30.jar:/Users/anugerahfadillah/.m2/repository/com/vladsch/flexmark/flexmark-jira-converter/0.34.30/flexmark-jira-converter-0.34.30.jar:/Users/anugerahfadillah/.m2/repository/com/vladsch/flexmark/flexmark-pdf-converter/0.34.30/flexmark-pdf-converter-0.34.30.jar:/Users/anugerahfadillah/.m2/repository/com/openhtmltopdf/openhtmltopdf-core/0.0.1-RC13/openhtmltopdf-core-0.0.1-RC13.jar:/Users/anugerahfadillah/.m2/repository/com/openhtmltopdf/openhtmltopdf-pdfbox/0.0.1-RC13/openhtmltopdf-pdfbox-0.0.1-RC13.jar:/Users/anugerahfadillah/.m2/repository/org/apache/pdfbox/pdfbox/2.0.8/pdfbox-2.0.8.jar:/Users/anugerahfadillah/.m2/repository/org/apache/pdfbox/fontbox/2.0.8/fontbox-2.0.8.jar:/Users/anugerahfadillah/.m2/repository/commons-logging/commons-logging/1.2/commons-logging-1.2.jar:/Users/anugerahfadillah/.m2/repository/org/apache/pdfbox/xmpbox/2.0.8/xmpbox-2.0.8.jar:/Users/anugerahfadillah/.m2/repository/de/rototor/pdfbox/graphics2d/0.12/graphics2d-0.12.jar:/Users/anugerahfadillah/.m2/repository/com/openhtmltopdf/openhtmltopdf-rtl-support/0.0.1-RC13/openhtmltopdf-rtl-support-0.0.1-RC13.jar:/Users/anugerahfadillah/.m2/repository/com/ibm/icu/icu4j/59.1/icu4j-59.1.jar:/Users/anugerahfadillah/.m2/repository/com/openhtmltopdf/openhtmltopdf-jsoup-dom-converter/0.0.1-RC13/openhtmltopdf-jsoup-dom-converter-0.0.1-RC13.jar:/Users/anugerahfadillah/.m2/repository/com/vladsch/flexmark/flexmark-profile-pegdown/0.34.30/flexmark-profile-pegdown-0.34.30.jar:/Users/anugerahfadillah/.m2/repository/com/vladsch/flexmark/flexmark-util/0.34.30/flexmark-util-0.34.30.jar:/Users/anugerahfadillah/.m2/repository/com/vladsch/flexmark/flexmark-youtrack-converter/0.34.30/flexmark-youtrack-converter-0.34.30.jar:/Users/anugerahfadillah/.m2/repository/es/nitaur/markdown/txtmark/0.16/txtmark-0.16.jar:/Users/anugerahfadillah/.m2/repository/net/serenity-bdd/serenity-report-resources/3.2.1/serenity-report-resources-3.2.1.jar:/Users/anugerahfadillah/.m2/repository/com/google/code/gson/gson/2.9.0/gson-2.9.0.jar:/Users/anugerahfadillah/.m2/repository/com/fasterxml/jackson/core/jackson-core/2.13.2/jackson-core-2.13.2.jar:/Users/anugerahfadillah/.m2/repository/com/fasterxml/jackson/core/jackson-databind/2.13.2/jackson-databind-2.13.2.jar:/Users/anugerahfadillah/.m2/repository/com/fasterxml/jackson/core/jackson-annotations/2.13.2/jackson-annotations-2.13.2.jar:/Users/anugerahfadillah/.m2/repository/commons-codec/commons-codec/1.15/commons-codec-1.15.jar:/Users/anugerahfadillah/.m2/repository/commons-io/commons-io/2.11.0/commons-io-2.11.0.jar:/Users/anugerahfadillah/.m2/repository/org/projectlombok/lombok/1.18.20/lombok-1.18.20.jar:/Users/anugerahfadillah/.m2/repository/io/appium/java-client/8.0.0/java-client-8.0.0.jar:/Users/anugerahfadillah/.m2/repository/commons-validator/commons-validator/1.7/commons-validator-1.7.jar:/Users/anugerahfadillah/.m2/repository/commons-digester/commons-digester/2.1/commons-digester-2.1.jar:/Users/anugerahfadillah/.m2/repository/org/aspectj/aspectjweaver/1.9.8/aspectjweaver-1.9.8.jar:/Users/anugerahfadillah/.m2/repository/org/codehaus/groovy/groovy/3.0.10/groovy-3.0.10.jar:/Users/anugerahfadillah/.m2/repository/net/sf/opencsv/opencsv/2.0/opencsv-2.0.jar:/Users/anugerahfadillah/.m2/repository/commons-beanutils/commons-beanutils/1.9.4/commons-beanutils-1.9.4.jar:/Users/anugerahfadillah/.m2/repository/org/apache/commons/commons-lang3/3.12.0/commons-lang3-3.12.0.jar:/Users/anugerahfadillah/.m2/repository/commons-collections/commons-collections/3.2.2/commons-collections-3.2.2.jar:/Users/anugerahfadillah/.m2/repository/org/fluentlenium/fluentlenium-core/0.10.2/fluentlenium-core-0.10.2.jar:/Users/anugerahfadillah/.m2/repository/io/github/bonigarcia/webdrivermanager/5.1.0/webdrivermanager-5.1.0.jar:/Users/anugerahfadillah/.m2/repository/com/github/docker-java/docker-java/3.2.13/docker-java-3.2.13.jar:/Users/anugerahfadillah/.m2/repository/com/github/docker-java/docker-java-core/3.2.13/docker-java-core-3.2.13.jar:/Users/anugerahfadillah/.m2/repository/com/github/docker-java/docker-java-api/3.2.13/docker-java-api-3.2.13.jar:/Users/anugerahfadillah/.m2/repository/org/apache/commons/commons-compress/1.21/commons-compress-1.21.jar:/Users/anugerahfadillah/.m2/repository/org/bouncycastle/bcpkix-jdk15on/1.64/bcpkix-jdk15on-1.64.jar:/Users/anugerahfadillah/.m2/repository/org/bouncycastle/bcprov-jdk15on/1.64/bcprov-jdk15on-1.64.jar:/Users/anugerahfadillah/.m2/repository/org/slf4j/jcl-over-slf4j/1.7.30/jcl-over-slf4j-1.7.30.jar:/Users/anugerahfadillah/.m2/repository/com/github/docker-java/docker-java-transport-httpclient5/3.2.13/docker-java-transport-httpclient5-3.2.13.jar:/Users/anugerahfadillah/.m2/repository/com/github/docker-java/docker-java-transport/3.2.13/docker-java-transport-3.2.13.jar:/Users/anugerahfadillah/.m2/repository/org/apache/httpcomponents/client5/httpclient5/5.0.3/httpclient5-5.0.3.jar:/Users/anugerahfadillah/.m2/repository/org/apache/httpcomponents/core5/httpcore5/5.0.2/httpcore5-5.0.2.jar:/Users/anugerahfadillah/.m2/repository/net/java/dev/jna/jna/5.8.0/jna-5.8.0.jar:/Users/anugerahfadillah/.m2/repository/org/brotli/dec/0.1.2/dec-0.1.2.jar:/Users/anugerahfadillah/.m2/repository/com/jhlabs/filters/2.0.235/filters-2.0.235.jar:/Users/anugerahfadillah/.m2/repository/com/paulhammant/ngwebdriver/1.1.6/ngwebdriver-1.1.6.jar:/Users/anugerahfadillah/.m2/repository/joda-time/joda-time/2.8.2/joda-time-2.8.2.jar:/Users/anugerahfadillah/.m2/repository/org/hamcrest/hamcrest/2.2/hamcrest-2.2.jar:/Users/anugerahfadillah/.m2/repository/com/google/jimfs/jimfs/1.2/jimfs-1.2.jar:/Users/anugerahfadillah/.m2/repository/org/mockito/mockito-core/3.3.3/mockito-core-3.3.3.jar:/Users/anugerahfadillah/.m2/repository/org/assertj/assertj-core/3.22.0/assertj-core-3.22.0.jar:/Users/anugerahfadillah/.m2/repository/javax/xml/bind/jaxb-api/2.3.1/jaxb-api-2.3.1.jar:/Users/anugerahfadillah/.m2/repository/javax/activation/javax.activation-api/1.2.0/javax.activation-api-1.2.0.jar:/Users/anugerahfadillah/.m2/repository/com/sun/xml/bind/jaxb-core/2.3.0.1/jaxb-core-2.3.0.1.jar:/Users/anugerahfadillah/.m2/repository/com/sun/xml/bind/jaxb-impl/2.3.3/jaxb-impl-2.3.3.jar:/Users/anugerahfadillah/.m2/repository/jakarta/xml/bind/jakarta.xml.bind-api/2.3.3/jakarta.xml.bind-api-2.3.3.jar:/Users/anugerahfadillah/.m2/repository/com/sun/activation/jakarta.activation/1.2.2/jakarta.activation-1.2.2.jar:/Users/anugerahfadillah/.m2/repository/javax/activation/activation/1.1.1/activation-1.1.1.jar:/Users/anugerahfadillah/.m2/repository/net/serenity-bdd/serenity-cucumber/3.2.1/serenity-cucumber-3.2.1.jar:/Users/anugerahfadillah/.m2/repository/io/cucumber/cucumber-core/7.2.3/cucumber-core-7.2.3.jar:/Users/anugerahfadillah/.m2/repository/io/cucumber/cucumber-gherkin/7.2.3/cucumber-gherkin-7.2.3.jar:/Users/anugerahfadillah/.m2/repository/io/cucumber/cucumber-gherkin-messages/7.2.3/cucumber-gherkin-messages-7.2.3.jar:/Users/anugerahfadillah/.m2/repository/io/cucumber/messages/17.1.1/messages-17.1.1.jar:/Users/anugerahfadillah/.m2/repository/io/cucumber/tag-expressions/4.1.0/tag-expressions-4.1.0.jar:/Users/anugerahfadillah/.m2/repository/io/cucumber/cucumber-expressions/15.0.1/cucumber-expressions-15.0.1.jar:/Users/anugerahfadillah/.m2/repository/io/cucumber/datatable/7.2.3/datatable-7.2.3.jar:/Users/anugerahfadillah/.m2/repository/io/cucumber/cucumber-plugin/7.2.3/cucumber-plugin-7.2.3.jar:/Users/anugerahfadillah/.m2/repository/io/cucumber/docstring/7.2.3/docstring-7.2.3.jar:/Users/anugerahfadillah/.m2/repository/io/cucumber/html-formatter/17.0.0/html-formatter-17.0.0.jar:/Users/anugerahfadillah/.m2/repository/io/cucumber/ci-environment/8.1.0/ci-environment-8.1.0.jar:/Users/anugerahfadillah/.m2/repository/io/cucumber/cucumber-junit/7.2.3/cucumber-junit-7.2.3.jar:/Users/anugerahfadillah/.m2/repository/org/apiguardian/apiguardian-api/1.1.2/apiguardian-api-1.1.2.jar:/Users/anugerahfadillah/.m2/repository/org/apache/commons/commons-csv/1.5/commons-csv-1.5.jar:/Users/anugerahfadillah/.m2/repository/net/serenity-bdd/serenity-screenplay/3.2.1/serenity-screenplay-3.2.1.jar:/Users/anugerahfadillah/.m2/repository/net/serenity-bdd/serenity-screenplay-webdriver/3.2.1/serenity-screenplay-webdriver-3.2.1.jar:/Users/anugerahfadillah/.m2/repository/net/serenity-bdd/serenity-ensure/3.2.1/serenity-ensure-3.2.1.jar:/Users/anugerahfadillah/.m2/repository/net/serenity-bdd/serenity-junit/3.2.1/serenity-junit-3.2.1.jar:/Users/anugerahfadillah/.m2/repository/junit/junit/4.13.2/junit-4.13.2.jar:/Users/anugerahfadillah/.m2/repository/org/jetbrains/kotlin/kotlin-stdlib/1.6.0/kotlin-stdlib-1.6.0.jar:/Users/anugerahfadillah/.m2/repository/org/jetbrains/annotations/13.0/annotations-13.0.jar:/Users/anugerahfadillah/.m2/repository/org/jetbrains/kotlin/kotlin-stdlib-common/1.6.0/kotlin-stdlib-common-1.6.0.jar:/Users/anugerahfadillah/.m2/repository/io/github/cdimascio/java-dotenv/5.2.2/java-dotenv-5.2.2.jar:"/>
    <property name="java.vm.vendor" value="Oracle Corporation"/>
    <property name="sun.arch.data.model" value="64"/>
    <property name="sun.font.fontmanager" value="sun.font.CFontManager"/>
    <property name="java.vendor.url" value="http://java.oracle.com/"/>
    <property name="user.timezone" value="Asia/Jakarta"/>
    <property name="java.vm.specification.version" value="1.8"/>
    <property name="os.name" value="Mac OS X"/>
    <property name="user.country" value="US"/>
    <property name="sun.java.launcher" value="SUN_STANDARD"/>
    <property name="sun.boot.library.path" value="/Library/Java/JavaVirtualMachines/jdk1.8.0_321.jdk/Contents/Home/jre/lib"/>
    <property name="sun.java.command" value="/Users/anugerahfadillah/QE-batch3-practice/target/surefire/surefirebooter6013083344807041919.jar /Users/anugerahfadillah/QE-batch3-practice/target/surefire 2022-04-16T07-47-22_271-jvmRun1 surefire8418760182879237865tmp surefire_09157104277299909268tmp"/>
    <property name="http.nonProxyHosts" value="local|*.local|169.254/16|*.169.254/16"/>
    <property name="surefire.test.class.path" value="/Users/anugerahfadillah/QE-batch3-practice/target/test-classes:/Users/anugerahfadillah/QE-batch3-practice/target/webautomation-anugerah-1.0-SNAPSHOT.jar:/Users/anugerahfadillah/.m2/repository/org/seleniumhq/selenium/selenium-java/4.1.2/selenium-java-4.1.2.jar:/Users/anugerahfadillah/.m2/repository/org/seleniumhq/selenium/selenium-api/4.1.2/selenium-api-4.1.2.jar:/Users/anugerahfadillah/.m2/repository/org/seleniumhq/selenium/selenium-chrome-driver/4.1.2/selenium-chrome-driver-4.1.2.jar:/Users/anugerahfadillah/.m2/repository/com/google/auto/service/auto-service-annotations/1.0.1/auto-service-annotations-1.0.1.jar:/Users/anugerahfadillah/.m2/repository/com/google/auto/service/auto-service/1.0.1/auto-service-1.0.1.jar:/Users/anugerahfadillah/.m2/repository/com/google/auto/auto-common/1.2/auto-common-1.2.jar:/Users/anugerahfadillah/.m2/repository/com/google/guava/guava/31.0.1-jre/guava-31.0.1-jre.jar:/Users/anugerahfadillah/.m2/repository/com/google/guava/failureaccess/1.0.1/failureaccess-1.0.1.jar:/Users/anugerahfadillah/.m2/repository/com/google/guava/listenablefuture/9999.0-empty-to-avoid-conflict-with-guava/listenablefuture-9999.0-empty-to-avoid-conflict-with-guava.jar:/Users/anugerahfadillah/.m2/repository/com/google/code/findbugs/jsr305/3.0.2/jsr305-3.0.2.jar:/Users/anugerahfadillah/.m2/repository/org/checkerframework/checker-qual/3.12.0/checker-qual-3.12.0.jar:/Users/anugerahfadillah/.m2/repository/com/google/errorprone/error_prone_annotations/2.7.1/error_prone_annotations-2.7.1.jar:/Users/anugerahfadillah/.m2/repository/com/google/j2objc/j2objc-annotations/1.3/j2objc-annotations-1.3.jar:/Users/anugerahfadillah/.m2/repository/org/seleniumhq/selenium/selenium-chromium-driver/4.1.2/selenium-chromium-driver-4.1.2.jar:/Users/anugerahfadillah/.m2/repository/org/seleniumhq/selenium/selenium-json/4.1.2/selenium-json-4.1.2.jar:/Users/anugerahfadillah/.m2/repository/org/seleniumhq/selenium/selenium-devtools-v85/4.1.2/selenium-devtools-v85-4.1.2.jar:/Users/anugerahfadillah/.m2/repository/org/seleniumhq/selenium/selenium-devtools-v95/4.1.2/selenium-devtools-v95-4.1.2.jar:/Users/anugerahfadillah/.m2/repository/org/seleniumhq/selenium/selenium-devtools-v96/4.1.2/selenium-devtools-v96-4.1.2.jar:/Users/anugerahfadillah/.m2/repository/org/seleniumhq/selenium/selenium-devtools-v97/4.1.2/selenium-devtools-v97-4.1.2.jar:/Users/anugerahfadillah/.m2/repository/org/seleniumhq/selenium/selenium-edge-driver/4.1.2/selenium-edge-driver-4.1.2.jar:/Users/anugerahfadillah/.m2/repository/org/seleniumhq/selenium/selenium-firefox-driver/4.1.2/selenium-firefox-driver-4.1.2.jar:/Users/anugerahfadillah/.m2/repository/org/seleniumhq/selenium/selenium-firefox-xpi-driver/4.1.2/selenium-firefox-xpi-driver-4.1.2.jar:/Users/anugerahfadillah/.m2/repository/org/seleniumhq/selenium/selenium-ie-driver/4.1.2/selenium-ie-driver-4.1.2.jar:/Users/anugerahfadillah/.m2/repository/org/seleniumhq/selenium/selenium-opera-driver/4.1.2/selenium-opera-driver-4.1.2.jar:/Users/anugerahfadillah/.m2/repository/org/seleniumhq/selenium/selenium-remote-driver/4.1.2/selenium-remote-driver-4.1.2.jar:/Users/anugerahfadillah/.m2/repository/com/beust/jcommander/1.82/jcommander-1.82.jar:/Users/anugerahfadillah/.m2/repository/io/netty/netty-buffer/4.1.73.Final/netty-buffer-4.1.73.Final.jar:/Users/anugerahfadillah/.m2/repository/io/netty/netty-codec-http/4.1.73.Final/netty-codec-http-4.1.73.Final.jar:/Users/anugerahfadillah/.m2/repository/io/netty/netty-codec/4.1.73.Final/netty-codec-4.1.73.Final.jar:/Users/anugerahfadillah/.m2/repository/io/netty/netty-handler/4.1.73.Final/netty-handler-4.1.73.Final.jar:/Users/anugerahfadillah/.m2/repository/io/netty/netty-tcnative-classes/2.0.46.Final/netty-tcnative-classes-2.0.46.Final.jar:/Users/anugerahfadillah/.m2/repository/io/netty/netty-common/4.1.73.Final/netty-common-4.1.73.Final.jar:/Users/anugerahfadillah/.m2/repository/io/netty/netty-transport-classes-epoll/4.1.73.Final/netty-transport-classes-epoll-4.1.73.Final.jar:/Users/anugerahfadillah/.m2/repository/io/netty/netty-transport-classes-kqueue/4.1.73.Final/netty-transport-classes-kqueue-4.1.73.Final.jar:/Users/anugerahfadillah/.m2/repository/io/netty/netty-transport-native-epoll/4.1.73.Final/netty-transport-native-epoll-4.1.73.Final.jar:/Users/anugerahfadillah/.m2/repository/io/netty/netty-transport-native-kqueue/4.1.73.Final/netty-transport-native-kqueue-4.1.73.Final.jar:/Users/anugerahfadillah/.m2/repository/io/netty/netty-transport-native-unix-common/4.1.73.Final/netty-transport-native-unix-common-4.1.73.Final.jar:/Users/anugerahfadillah/.m2/repository/io/netty/netty-transport/4.1.73.Final/netty-transport-4.1.73.Final.jar:/Users/anugerahfadillah/.m2/repository/io/netty/netty-resolver/4.1.73.Final/netty-resolver-4.1.73.Final.jar:/Users/anugerahfadillah/.m2/repository/io/opentelemetry/opentelemetry-api/1.10.1/opentelemetry-api-1.10.1.jar:/Users/anugerahfadillah/.m2/repository/io/opentelemetry/opentelemetry-context/1.10.1/opentelemetry-context-1.10.1.jar:/Users/anugerahfadillah/.m2/repository/io/opentelemetry/opentelemetry-exporter-logging/1.10.1/opentelemetry-exporter-logging-1.10.1.jar:/Users/anugerahfadillah/.m2/repository/io/opentelemetry/opentelemetry-sdk-metrics/1.10.1-alpha/opentelemetry-sdk-metrics-1.10.1-alpha.jar:/Users/anugerahfadillah/.m2/repository/io/opentelemetry/opentelemetry-sdk-logs/1.10.1-alpha/opentelemetry-sdk-logs-1.10.1-alpha.jar:/Users/anugerahfadillah/.m2/repository/io/opentelemetry/opentelemetry-sdk-common/1.10.1/opentelemetry-sdk-common-1.10.1.jar:/Users/anugerahfadillah/.m2/repository/io/opentelemetry/opentelemetry-sdk-extension-autoconfigure-spi/1.10.1/opentelemetry-sdk-extension-autoconfigure-spi-1.10.1.jar:/Users/anugerahfadillah/.m2/repository/io/opentelemetry/opentelemetry-sdk-extension-autoconfigure/1.10.1-alpha/opentelemetry-sdk-extension-autoconfigure-1.10.1-alpha.jar:/Users/anugerahfadillah/.m2/repository/io/opentelemetry/opentelemetry-sdk-trace/1.10.1/opentelemetry-sdk-trace-1.10.1.jar:/Users/anugerahfadillah/.m2/repository/io/opentelemetry/opentelemetry-sdk/1.10.1/opentelemetry-sdk-1.10.1.jar:/Users/anugerahfadillah/.m2/repository/io/opentelemetry/opentelemetry-semconv/1.10.1-alpha/opentelemetry-semconv-1.10.1-alpha.jar:/Users/anugerahfadillah/.m2/repository/io/ous/jtoml/2.0.0/jtoml-2.0.0.jar:/Users/anugerahfadillah/.m2/repository/net/bytebuddy/byte-buddy/1.12.7/byte-buddy-1.12.7.jar:/Users/anugerahfadillah/.m2/repository/org/apache/commons/commons-exec/1.3/commons-exec-1.3.jar:/Users/anugerahfadillah/.m2/repository/org/asynchttpclient/async-http-client/2.12.3/async-http-client-2.12.3.jar:/Users/anugerahfadillah/.m2/repository/org/asynchttpclient/async-http-client-netty-utils/2.12.3/async-http-client-netty-utils-2.12.3.jar:/Users/anugerahfadillah/.m2/repository/io/netty/netty-codec-socks/4.1.60.Final/netty-codec-socks-4.1.60.Final.jar:/Users/anugerahfadillah/.m2/repository/io/netty/netty-handler-proxy/4.1.60.Final/netty-handler-proxy-4.1.60.Final.jar:/Users/anugerahfadillah/.m2/repository/io/netty/netty-transport-native-epoll/4.1.60.Final/netty-transport-native-epoll-4.1.60.Final-linux-x86_64.jar:/Users/anugerahfadillah/.m2/repository/io/netty/netty-transport-native-kqueue/4.1.60.Final/netty-transport-native-kqueue-4.1.60.Final-osx-x86_64.jar:/Users/anugerahfadillah/.m2/repository/org/reactivestreams/reactive-streams/1.0.3/reactive-streams-1.0.3.jar:/Users/anugerahfadillah/.m2/repository/com/typesafe/netty/netty-reactive-streams/2.0.4/netty-reactive-streams-2.0.4.jar:/Users/anugerahfadillah/.m2/repository/org/seleniumhq/selenium/selenium-http/4.1.2/selenium-http-4.1.2.jar:/Users/anugerahfadillah/.m2/repository/net/jodah/failsafe/2.4.4/failsafe-2.4.4.jar:/Users/anugerahfadillah/.m2/repository/org/seleniumhq/selenium/selenium-safari-driver/4.1.2/selenium-safari-driver-4.1.2.jar:/Users/anugerahfadillah/.m2/repository/org/seleniumhq/selenium/selenium-support/4.1.2/selenium-support-4.1.2.jar:/Users/anugerahfadillah/.m2/repository/ch/qos/logback/logback-classic/1.2.3/logback-classic-1.2.3.jar:/Users/anugerahfadillah/.m2/repository/ch/qos/logback/logback-core/1.2.3/logback-core-1.2.3.jar:/Users/anugerahfadillah/.m2/repository/org/slf4j/slf4j-api/1.7.25/slf4j-api-1.7.25.jar:/Users/anugerahfadillah/.m2/repository/net/serenity-bdd/serenity-core/3.2.1/serenity-core-3.2.1.jar:/Users/anugerahfadillah/.m2/repository/net/serenity-bdd/serenity-model/3.2.1/serenity-model-3.2.1.jar:/Users/anugerahfadillah/.m2/repository/org/apache/commons/commons-text/1.9/commons-text-1.9.jar:/Users/anugerahfadillah/.m2/repository/commons-net/commons-net/3.8.0/commons-net-3.8.0.jar:/Users/anugerahfadillah/.m2/repository/com/google/inject/guice/5.1.0/guice-5.1.0.jar:/Users/anugerahfadillah/.m2/repository/javax/inject/javax.inject/1/javax.inject-1.jar:/Users/anugerahfadillah/.m2/repository/aopalliance/aopalliance/1.0/aopalliance-1.0.jar:/Users/anugerahfadillah/.m2/repository/org/jsoup/jsoup/1.14.3/jsoup-1.14.3.jar:/Users/anugerahfadillah/.m2/repository/com/thoughtworks/xstream/xstream/1.4.19/xstream-1.4.19.jar:/Users/anugerahfadillah/.m2/repository/io/github/x-stream/mxparser/1.2.2/mxparser-1.2.2.jar:/Users/anugerahfadillah/.m2/repository/xmlpull/xmlpull/1.1.3.1/xmlpull-1.1.3.1.jar:/Users/anugerahfadillah/.m2/repository/io/cucumber/cucumber-java/7.2.3/cucumber-java-7.2.3.jar:/Users/anugerahfadillah/.m2/repository/com/typesafe/config/1.4.2/config-1.4.2.jar:/Users/anugerahfadillah/.m2/repository/org/imgscalr/imgscalr-lib/4.2/imgscalr-lib-4.2.jar:/Users/anugerahfadillah/.m2/repository/org/awaitility/awaitility/4.2.0/awaitility-4.2.0.jar:/Users/anugerahfadillah/.m2/repository/org/freemarker/freemarker/2.3.31/freemarker-2.3.31.jar:/Users/anugerahfadillah/.m2/repository/io/github/classgraph/classgraph/4.8.138/classgraph-4.8.138.jar:/Users/anugerahfadillah/.m2/repository/net/sourceforge/jexcelapi/jxl/2.6.12/jxl-2.6.12.jar:/Users/anugerahfadillah/.m2/repository/net/bytebuddy/byte-buddy-agent/1.12.8/byte-buddy-agent-1.12.8.jar:/Users/anugerahfadillah/.m2/repository/org/objenesis/objenesis/3.1/objenesis-3.1.jar:/Users/anugerahfadillah/.m2/repository/net/serenity-bdd/serenity-reports/3.2.1/serenity-reports-3.2.1.jar:/Users/anugerahfadillah/.m2/repository/net/serenity-bdd/serenity-stats/3.2.1/serenity-stats-3.2.1.jar:/Users/anugerahfadillah/.m2/repository/net/serenity-bdd/serenity-reports-configuration/3.2.1/serenity-reports-configuration-3.2.1.jar:/Users/anugerahfadillah/.m2/repository/com/vladsch/flexmark/flexmark-all/0.34.30/flexmark-all-0.34.30.jar:/Users/anugerahfadillah/.m2/repository/com/vladsch/flexmark/flexmark/0.34.30/flexmark-0.34.30.jar:/Users/anugerahfadillah/.m2/repository/com/vladsch/flexmark/flexmark-ext-abbreviation/0.34.30/flexmark-ext-abbreviation-0.34.30.jar:/Users/anugerahfadillah/.m2/repository/com/vladsch/flexmark/flexmark-ext-admonition/0.34.30/flexmark-ext-admonition-0.34.30.jar:/Users/anugerahfadillah/.m2/repository/com/vladsch/flexmark/flexmark-ext-anchorlink/0.34.30/flexmark-ext-anchorlink-0.34.30.jar:/Users/anugerahfadillah/.m2/repository/com/vladsch/flexmark/flexmark-ext-aside/0.34.30/flexmark-ext-aside-0.34.30.jar:/Users/anugerahfadillah/.m2/repository/com/vladsch/flexmark/flexmark-ext-attributes/0.34.30/flexmark-ext-attributes-0.34.30.jar:/Users/anugerahfadillah/.m2/repository/com/vladsch/flexmark/flexmark-ext-autolink/0.34.30/flexmark-ext-autolink-0.34.30.jar:/Users/anugerahfadillah/.m2/repository/org/nibor/autolink/autolink/0.6.0/autolink-0.6.0.jar:/Users/anugerahfadillah/.m2/repository/com/vladsch/flexmark/flexmark-ext-definition/0.34.30/flexmark-ext-definition-0.34.30.jar:/Users/anugerahfadillah/.m2/repository/com/vladsch/flexmark/flexmark-ext-emoji/0.34.30/flexmark-ext-emoji-0.34.30.jar:/Users/anugerahfadillah/.m2/repository/com/vladsch/flexmark/flexmark-ext-enumerated-reference/0.34.30/flexmark-ext-enumerated-reference-0.34.30.jar:/Users/anugerahfadillah/.m2/repository/com/vladsch/flexmark/flexmark-ext-escaped-character/0.34.30/flexmark-ext-escaped-character-0.34.30.jar:/Users/anugerahfadillah/.m2/repository/com/vladsch/flexmark/flexmark-ext-footnotes/0.34.30/flexmark-ext-footnotes-0.34.30.jar:/Users/anugerahfadillah/.m2/repository/com/vladsch/flexmark/flexmark-ext-gfm-issues/0.34.30/flexmark-ext-gfm-issues-0.34.30.jar:/Users/anugerahfadillah/.m2/repository/com/vladsch/flexmark/flexmark-ext-gfm-strikethrough/0.34.30/flexmark-ext-gfm-strikethrough-0.34.30.jar:/Users/anugerahfadillah/.m2/repository/com/vladsch/flexmark/flexmark-ext-gfm-tables/0.34.30/flexmark-ext-gfm-tables-0.34.30.jar:/Users/anugerahfadillah/.m2/repository/com/vladsch/flexmark/flexmark-ext-gfm-tasklist/0.34.30/flexmark-ext-gfm-tasklist-0.34.30.jar:/Users/anugerahfadillah/.m2/repository/com/vladsch/flexmark/flexmark-ext-gfm-users/0.34.30/flexmark-ext-gfm-users-0.34.30.jar:/Users/anugerahfadillah/.m2/repository/com/vladsch/flexmark/flexmark-ext-gitlab/0.34.30/flexmark-ext-gitlab-0.34.30.jar:/Users/anugerahfadillah/.m2/repository/com/vladsch/flexmark/flexmark-ext-jekyll-front-matter/0.34.30/flexmark-ext-jekyll-front-matter-0.34.30.jar:/Users/anugerahfadillah/.m2/repository/com/vladsch/flexmark/flexmark-ext-jekyll-tag/0.34.30/flexmark-ext-jekyll-tag-0.34.30.jar:/Users/anugerahfadillah/.m2/repository/com/vladsch/flexmark/flexmark-ext-media-tags/0.34.30/flexmark-ext-media-tags-0.34.30.jar:/Users/anugerahfadillah/.m2/repository/com/vladsch/flexmark/flexmark-test-util/0.34.30/flexmark-test-util-0.34.30.jar:/Users/anugerahfadillah/.m2/repository/com/vladsch/flexmark/flexmark-ext-ins/0.34.30/flexmark-ext-ins-0.34.30.jar:/Users/anugerahfadillah/.m2/repository/com/vladsch/flexmark/flexmark-ext-xwiki-macros/0.34.30/flexmark-ext-xwiki-macros-0.34.30.jar:/Users/anugerahfadillah/.m2/repository/com/vladsch/flexmark/flexmark-ext-superscript/0.34.30/flexmark-ext-superscript-0.34.30.jar:/Users/anugerahfadillah/.m2/repository/com/vladsch/flexmark/flexmark-ext-tables/0.34.30/flexmark-ext-tables-0.34.30.jar:/Users/anugerahfadillah/.m2/repository/com/vladsch/flexmark/flexmark-ext-toc/0.34.30/flexmark-ext-toc-0.34.30.jar:/Users/anugerahfadillah/.m2/repository/com/vladsch/flexmark/flexmark-ext-typographic/0.34.30/flexmark-ext-typographic-0.34.30.jar:/Users/anugerahfadillah/.m2/repository/com/vladsch/flexmark/flexmark-ext-wikilink/0.34.30/flexmark-ext-wikilink-0.34.30.jar:/Users/anugerahfadillah/.m2/repository/com/vladsch/flexmark/flexmark-ext-yaml-front-matter/0.34.30/flexmark-ext-yaml-front-matter-0.34.30.jar:/Users/anugerahfadillah/.m2/repository/com/vladsch/flexmark/flexmark-ext-youtube-embedded/0.34.30/flexmark-ext-youtube-embedded-0.34.30.jar:/Users/anugerahfadillah/.m2/repository/com/vladsch/flexmark/flexmark-formatter/0.34.30/flexmark-formatter-0.34.30.jar:/Users/anugerahfadillah/.m2/repository/com/vladsch/flexmark/flexmark-html-parser/0.34.30/flexmark-html-parser-0.34.30.jar:/Users/anugerahfadillah/.m2/repository/com/vladsch/flexmark/flexmark-jira-converter/0.34.30/flexmark-jira-converter-0.34.30.jar:/Users/anugerahfadillah/.m2/repository/com/vladsch/flexmark/flexmark-pdf-converter/0.34.30/flexmark-pdf-converter-0.34.30.jar:/Users/anugerahfadillah/.m2/repository/com/openhtmltopdf/openhtmltopdf-core/0.0.1-RC13/openhtmltopdf-core-0.0.1-RC13.jar:/Users/anugerahfadillah/.m2/repository/com/openhtmltopdf/openhtmltopdf-pdfbox/0.0.1-RC13/openhtmltopdf-pdfbox-0.0.1-RC13.jar:/Users/anugerahfadillah/.m2/repository/org/apache/pdfbox/pdfbox/2.0.8/pdfbox-2.0.8.jar:/Users/anugerahfadillah/.m2/repository/org/apache/pdfbox/fontbox/2.0.8/fontbox-2.0.8.jar:/Users/anugerahfadillah/.m2/repository/commons-logging/commons-logging/1.2/commons-logging-1.2.jar:/Users/anugerahfadillah/.m2/repository/org/apache/pdfbox/xmpbox/2.0.8/xmpbox-2.0.8.jar:/Users/anugerahfadillah/.m2/repository/de/rototor/pdfbox/graphics2d/0.12/graphics2d-0.12.jar:/Users/anugerahfadillah/.m2/repository/com/openhtmltopdf/openhtmltopdf-rtl-support/0.0.1-RC13/openhtmltopdf-rtl-support-0.0.1-RC13.jar:/Users/anugerahfadillah/.m2/repository/com/ibm/icu/icu4j/59.1/icu4j-59.1.jar:/Users/anugerahfadillah/.m2/repository/com/openhtmltopdf/openhtmltopdf-jsoup-dom-converter/0.0.1-RC13/openhtmltopdf-jsoup-dom-converter-0.0.1-RC13.jar:/Users/anugerahfadillah/.m2/repository/com/vladsch/flexmark/flexmark-profile-pegdown/0.34.30/flexmark-profile-pegdown-0.34.30.jar:/Users/anugerahfadillah/.m2/repository/com/vladsch/flexmark/flexmark-util/0.34.30/flexmark-util-0.34.30.jar:/Users/anugerahfadillah/.m2/repository/com/vladsch/flexmark/flexmark-youtrack-converter/0.34.30/flexmark-youtrack-converter-0.34.30.jar:/Users/anugerahfadillah/.m2/repository/es/nitaur/markdown/txtmark/0.16/txtmark-0.16.jar:/Users/anugerahfadillah/.m2/repository/net/serenity-bdd/serenity-report-resources/3.2.1/serenity-report-resources-3.2.1.jar:/Users/anugerahfadillah/.m2/repository/com/google/code/gson/gson/2.9.0/gson-2.9.0.jar:/Users/anugerahfadillah/.m2/repository/com/fasterxml/jackson/core/jackson-core/2.13.2/jackson-core-2.13.2.jar:/Users/anugerahfadillah/.m2/repository/com/fasterxml/jackson/core/jackson-databind/2.13.2/jackson-databind-2.13.2.jar:/Users/anugerahfadillah/.m2/repository/com/fasterxml/jackson/core/jackson-annotations/2.13.2/jackson-annotations-2.13.2.jar:/Users/anugerahfadillah/.m2/repository/commons-codec/commons-codec/1.15/commons-codec-1.15.jar:/Users/anugerahfadillah/.m2/repository/commons-io/commons-io/2.11.0/commons-io-2.11.0.jar:/Users/anugerahfadillah/.m2/repository/org/projectlombok/lombok/1.18.20/lombok-1.18.20.jar:/Users/anugerahfadillah/.m2/repository/io/appium/java-client/8.0.0/java-client-8.0.0.jar:/Users/anugerahfadillah/.m2/repository/commons-validator/commons-validator/1.7/commons-validator-1.7.jar:/Users/anugerahfadillah/.m2/repository/commons-digester/commons-digester/2.1/commons-digester-2.1.jar:/Users/anugerahfadillah/.m2/repository/org/aspectj/aspectjweaver/1.9.8/aspectjweaver-1.9.8.jar:/Users/anugerahfadillah/.m2/repository/org/codehaus/groovy/groovy/3.0.10/groovy-3.0.10.jar:/Users/anugerahfadillah/.m2/repository/net/sf/opencsv/opencsv/2.0/opencsv-2.0.jar:/Users/anugerahfadillah/.m2/repository/commons-beanutils/commons-beanutils/1.9.4/commons-beanutils-1.9.4.jar:/Users/anugerahfadillah/.m2/repository/org/apache/commons/commons-lang3/3.12.0/commons-lang3-3.12.0.jar:/Users/anugerahfadillah/.m2/repository/commons-collections/commons-collections/3.2.2/commons-collections-3.2.2.jar:/Users/anugerahfadillah/.m2/repository/org/fluentlenium/fluentlenium-core/0.10.2/fluentlenium-core-0.10.2.jar:/Users/anugerahfadillah/.m2/repository/io/github/bonigarcia/webdrivermanager/5.1.0/webdrivermanager-5.1.0.jar:/Users/anugerahfadillah/.m2/repository/com/github/docker-java/docker-java/3.2.13/docker-java-3.2.13.jar:/Users/anugerahfadillah/.m2/repository/com/github/docker-java/docker-java-core/3.2.13/docker-java-core-3.2.13.jar:/Users/anugerahfadillah/.m2/repository/com/github/docker-java/docker-java-api/3.2.13/docker-java-api-3.2.13.jar:/Users/anugerahfadillah/.m2/repository/org/apache/commons/commons-compress/1.21/commons-compress-1.21.jar:/Users/anugerahfadillah/.m2/repository/org/bouncycastle/bcpkix-jdk15on/1.64/bcpkix-jdk15on-1.64.jar:/Users/anugerahfadillah/.m2/repository/org/bouncycastle/bcprov-jdk15on/1.64/bcprov-jdk15on-1.64.jar:/Users/anugerahfadillah/.m2/repository/org/slf4j/jcl-over-slf4j/1.7.30/jcl-over-slf4j-1.7.30.jar:/Users/anugerahfadillah/.m2/repository/com/github/docker-java/docker-java-transport-httpclient5/3.2.13/docker-java-transport-httpclient5-3.2.13.jar:/Users/anugerahfadillah/.m2/repository/com/github/docker-java/docker-java-transport/3.2.13/docker-java-transport-3.2.13.jar:/Users/anugerahfadillah/.m2/repository/org/apache/httpcomponents/client5/httpclient5/5.0.3/httpclient5-5.0.3.jar:/Users/anugerahfadillah/.m2/repository/org/apache/httpcomponents/core5/httpcore5/5.0.2/httpcore5-5.0.2.jar:/Users/anugerahfadillah/.m2/repository/net/java/dev/jna/jna/5.8.0/jna-5.8.0.jar:/Users/anugerahfadillah/.m2/repository/org/brotli/dec/0.1.2/dec-0.1.2.jar:/Users/anugerahfadillah/.m2/repository/com/jhlabs/filters/2.0.235/filters-2.0.235.jar:/Users/anugerahfadillah/.m2/repository/com/paulhammant/ngwebdriver/1.1.6/ngwebdriver-1.1.6.jar:/Users/anugerahfadillah/.m2/repository/joda-time/joda-time/2.8.2/joda-time-2.8.2.jar:/Users/anugerahfadillah/.m2/repository/org/hamcrest/hamcrest/2.2/hamcrest-2.2.jar:/Users/anugerahfadillah/.m2/repository/com/google/jimfs/jimfs/1.2/jimfs-1.2.jar:/Users/anugerahfadillah/.m2/repository/org/mockito/mockito-core/3.3.3/mockito-core-3.3.3.jar:/Users/anugerahfadillah/.m2/repository/org/assertj/assertj-core/3.22.0/assertj-core-3.22.0.jar:/Users/anugerahfadillah/.m2/repository/javax/xml/bind/jaxb-api/2.3.1/jaxb-api-2.3.1.jar:/Users/anugerahfadillah/.m2/repository/javax/activation/javax.activation-api/1.2.0/javax.activation-api-1.2.0.jar:/Users/anugerahfadillah/.m2/repository/com/sun/xml/bind/jaxb-core/2.3.0.1/jaxb-core-2.3.0.1.jar:/Users/anugerahfadillah/.m2/repository/com/sun/xml/bind/jaxb-impl/2.3.3/jaxb-impl-2.3.3.jar:/Users/anugerahfadillah/.m2/repository/jakarta/xml/bind/jakarta.xml.bind-api/2.3.3/jakarta.xml.bind-api-2.3.3.jar:/Users/anugerahfadillah/.m2/repository/com/sun/activation/jakarta.activation/1.2.2/jakarta.activation-1.2.2.jar:/Users/anugerahfadillah/.m2/repository/javax/activation/activation/1.1.1/activation-1.1.1.jar:/Users/anugerahfadillah/.m2/repository/net/serenity-bdd/serenity-cucumber/3.2.1/serenity-cucumber-3.2.1.jar:/Users/anugerahfadillah/.m2/repository/io/cucumber/cucumber-core/7.2.3/cucumber-core-7.2.3.jar:/Users/anugerahfadillah/.m2/repository/io/cucumber/cucumber-gherkin/7.2.3/cucumber-gherkin-7.2.3.jar:/Users/anugerahfadillah/.m2/repository/io/cucumber/cucumber-gherkin-messages/7.2.3/cucumber-gherkin-messages-7.2.3.jar:/Users/anugerahfadillah/.m2/repository/io/cucumber/messages/17.1.1/messages-17.1.1.jar:/Users/anugerahfadillah/.m2/repository/io/cucumber/tag-expressions/4.1.0/tag-expressions-4.1.0.jar:/Users/anugerahfadillah/.m2/repository/io/cucumber/cucumber-expressions/15.0.1/cucumber-expressions-15.0.1.jar:/Users/anugerahfadillah/.m2/repository/io/cucumber/datatable/7.2.3/datatable-7.2.3.jar:/Users/anugerahfadillah/.m2/repository/io/cucumber/cucumber-plugin/7.2.3/cucumber-plugin-7.2.3.jar:/Users/anugerahfadillah/.m2/repository/io/cucumber/docstring/7.2.3/docstring-7.2.3.jar:/Users/anugerahfadillah/.m2/repository/io/cucumber/html-formatter/17.0.0/html-formatter-17.0.0.jar:/Users/anugerahfadillah/.m2/repository/io/cucumber/ci-environment/8.1.0/ci-environment-8.1.0.jar:/Users/anugerahfadillah/.m2/repository/io/cucumber/cucumber-junit/7.2.3/cucumber-junit-7.2.3.jar:/Users/anugerahfadillah/.m2/repository/org/apiguardian/apiguardian-api/1.1.2/apiguardian-api-1.1.2.jar:/Users/anugerahfadillah/.m2/repository/org/apache/commons/commons-csv/1.5/commons-csv-1.5.jar:/Users/anugerahfadillah/.m2/repository/net/serenity-bdd/serenity-screenplay/3.2.1/serenity-screenplay-3.2.1.jar:/Users/anugerahfadillah/.m2/repository/net/serenity-bdd/serenity-screenplay-webdriver/3.2.1/serenity-screenplay-webdriver-3.2.1.jar:/Users/anugerahfadillah/.m2/repository/net/serenity-bdd/serenity-ensure/3.2.1/serenity-ensure-3.2.1.jar:/Users/anugerahfadillah/.m2/repository/net/serenity-bdd/serenity-junit/3.2.1/serenity-junit-3.2.1.jar:/Users/anugerahfadillah/.m2/repository/junit/junit/4.13.2/junit-4.13.2.jar:/Users/anugerahfadillah/.m2/repository/org/jetbrains/kotlin/kotlin-stdlib/1.6.0/kotlin-stdlib-1.6.0.jar:/Users/anugerahfadillah/.m2/repository/org/jetbrains/annotations/13.0/annotations-13.0.jar:/Users/anugerahfadillah/.m2/repository/org/jetbrains/kotlin/kotlin-stdlib-common/1.6.0/kotlin-stdlib-common-1.6.0.jar:/Users/anugerahfadillah/.m2/repository/io/github/cdimascio/java-dotenv/5.2.2/java-dotenv-5.2.2.jar:"/>
    <property name="sun.cpu.endian" value="little"/>
    <property name="user.home" value="/Users/anugerahfadillah"/>
    <property name="user.language" value="en"/>
    <property name="java.specification.vendor" value="Oracle Corporation"/>
    <property name="java.home" value="/Library/Java/JavaVirtualMachines/jdk1.8.0_321.jdk/Contents/Home/jre"/>
    <property name="basedir" value="/Users/anugerahfadillah/QE-batch3-practice"/>
    <property name="file.separator" value="/"/>
    <property name="line.separator" value="&#10;"/>
    <property name="java.vm.specification.vendor" value="Oracle Corporation"/>
    <property name="java.specification.name" value="Java Platform API Specification"/>
    <property name="java.awt.graphicsenv" value="sun.awt.CGraphicsEnvironment"/>
    <property name="surefire.real.class.path" value="/Users/anugerahfadillah/QE-batch3-practice/target/surefire/surefirebooter6013083344807041919.jar"/>
    <property name="sun.boot.class.path" value="/Library/Java/JavaVirtualMachines/jdk1.8.0_321.jdk/Contents/Home/jre/lib/resources.jar:/Library/Java/JavaVirtualMachines/jdk1.8.0_321.jdk/Contents/Home/jre/lib/rt.jar:/Library/Java/JavaVirtualMachines/jdk1.8.0_321.jdk/Contents/Home/jre/lib/sunrsasign.jar:/Library/Java/JavaVirtualMachines/jdk1.8.0_321.jdk/Contents/Home/jre/lib/jsse.jar:/Library/Java/JavaVirtualMachines/jdk1.8.0_321.jdk/Contents/Home/jre/lib/jce.jar:/Library/Java/JavaVirtualMachines/jdk1.8.0_321.jdk/Contents/Home/jre/lib/charsets.jar:/Library/Java/JavaVirtualMachines/jdk1.8.0_321.jdk/Contents/Home/jre/lib/jfr.jar:/Library/Java/JavaVirtualMachines/jdk1.8.0_321.jdk/Contents/Home/jre/classes"/>
    <property name="java.protocol.handler.pkgs" value="com.google.common"/>
    <property name="sun.management.compiler" value="HotSpot 64-Bit Tiered Compilers"/>
    <property name="ftp.nonProxyHosts" value="local|*.local|169.254/16|*.169.254/16"/>
    <property name="java.runtime.version" value="1.8.0_321-b07"/>
    <property name="user.name" value="anugerahfadillah"/>
    <property name="path.separator" value=":"/>
    <property name="os.version" value="12.3"/>
    <property name="java.endorsed.dirs" value="/Library/Java/JavaVirtualMachines/jdk1.8.0_321.jdk/Contents/Home/jre/lib/endorsed"/>
    <property name="java.runtime.name" value="Java(TM) SE Runtime Environment"/>
    <property name="file.encoding" value="UTF-8"/>
    <property name="webdriver.base.url" value=""/>
    <property name="java.vm.name" value="Java HotSpot(TM) 64-Bit Server VM"/>
    <property name="localRepository" value="/Users/anugerahfadillah/.m2/repository"/>
    <property name="java.vendor.url.bug" value="http://bugreport.sun.com/bugreport/"/>
    <property name="java.io.tmpdir" value="/var/folders/kt/clpkfqyx64ddk1nk4xm530ch0000gn/T/"/>
    <property name="java.version" value="1.8.0_321"/>
    <property name="user.dir" value="/Users/anugerahfadillah/QE-batch3-practice"/>
    <property name="os.arch" value="x86_64"/>
    <property name="java.vm.specification.name" value="Java Virtual Machine Specification"/>
    <property name="java.awt.printerjob" value="sun.lwawt.macosx.CPrinterJob"/>
    <property name="sun.os.patch.level" value="unknown"/>
    <property name="java.library.path" value="/Users/anugerahfadillah/Library/Java/Extensions:/Library/Java/Extensions:/Network/Library/Java/Extensions:/System/Library/Java/Extensions:/usr/lib/java:."/>
    <property name="java.vm.info" value="mixed mode"/>
    <property name="java.vendor" value="Oracle Corporation"/>
    <property name="java.vm.version" value="25.321-b07"/>
    <property name="java.ext.dirs" value="/Users/anugerahfadillah/Library/Java/Extensions:/Library/Java/JavaVirtualMachines/jdk1.8.0_321.jdk/Contents/Home/jre/lib/ext:/Library/Java/Extensions:/Network/Library/Java/Extensions:/System/Library/Java/Extensions:/usr/lib/java"/>
    <property name="sun.io.unicode.encoding" value="UnicodeBig"/>
    <property name="java.class.version" value="52.0"/>
    <property name="socksNonProxyHosts" value="local|*.local|169.254/16|*.169.254/16"/>
  </properties>
  <testcase name="User add Orange HRM employee successfully" classname="Orange HRM - CRUD Employee Data" time="24.016">
    <system-out><![CDATA[07:48:23.692 [main] INFO io.cucumber.core.plugin.SerenityReporter - Running feature from file:///Users/anugerahfadillah/QE-batch3-practice/src/test/resources/features/orangehrm/crud.feature
07:48:23.714 [main] DEBUG net.thucydides.core.steps.StepEventBus - Test suite started for story net.thucydides.core.model.Story@97ed65d
07:48:23.715 [main] INFO  - Test Suite Started: Orange HRM - CRUD Employee Data
07:48:23.715 [main] INFO io.cucumber.core.plugin.SerenityReporter - Running feature from file:///Users/anugerahfadillah/QE-batch3-practice/src/test/resources/features/orangehrm/login.feature
07:48:23.723 [main] DEBUG net.thucydides.core.steps.StepEventBus - Test suite started for story net.thucydides.core.model.Story@75c3717
07:48:23.723 [main] INFO  - Test Suite Started: Orange HRM - Login
07:48:23.723 [main] INFO io.cucumber.core.plugin.SerenityReporter - Running feature from file:///Users/anugerahfadillah/QE-batch3-practice/src/test/resources/features/orangehrm/crud.feature
07:48:23.727 [main] DEBUG net.thucydides.core.steps.StepEventBus - Test suite started for story net.thucydides.core.model.Story@97ed65d
07:48:23.727 [main] INFO  - Test Suite Started: Orange HRM - CRUD Employee Data

@All @allorangehrm @hrmcrud @hrmcreate
Scenario: User add Orange HRM employee successfully &amp#27;[90m# src/test/resources/features/orangehrm/crud.feature:11&amp#27;[0m
07:48:23.793 [main] INFO io.cucumber.core.plugin.SerenityReporter - Running feature from file:///Users/anugerahfadillah/QE-batch3-practice/src/test/resources/features/orangehrm/crud.feature
07:48:23.796 [main] INFO  - 
  _____   ___   ___   _____     ___   _____     _     ___   _____   ___   ___  
 |_   _| | __| / __| |_   _|   / __| |_   _|   /_\   | _ \ |_   _| | __| |   \ 
   | |   | _|  \__ \   | |     \__ \   | |    / _ \  |   /   | |   | _|  | |) |
   |_|   |___| |___/   |_|     |___/   |_|   /_/ \_\ |_|_\   |_|   |___| |___/ 

User add Orange HRM employee successfully(orange-hrm---crud-employee-data;user-add-orange-hrm-employee-successfully)
--------------------------------------------------------------------------------
07:48:23.834 [main] DEBUG net.thucydides.core.steps.StepInterceptor - STARTING STEP: loginStepDef.loadHRMLoginPage - !#title
07:48:23.839 [main] DEBUG net.thucydides.core.steps.StepInterceptor - STARTING STEP: loginStepDef.loadHRMLoginPage - {0} opens the #targetPageName
07:48:23.845 [main] INFO net.serenitybdd.core.webdriver.driverproviders.ChromeDriverProvider - Using automatically driver download
07:48:24.146 [main] DEBUG io.github.bonigarcia.wdm.cache.ResolutionCache - Resolution chrome=100 in cache (valid until 08:47:48 16/04/2022 WIB)
07:48:24.152 [main] DEBUG io.github.bonigarcia.wdm.cache.ResolutionCache - Resolution chrome100=100.0.4896.60 in cache (valid until 21:00:52 16/04/2022 WIB)
07:48:24.155 [main] INFO io.github.bonigarcia.wdm.WebDriverManager - Using chromedriver 100.0.4896.60 (resolved driver for Chrome 100)
07:48:24.169 [main] DEBUG io.github.bonigarcia.wdm.WebDriverManager - Driver chromedriver 100.0.4896.60 found in cache
07:48:24.170 [main] INFO io.github.bonigarcia.wdm.WebDriverManager - Exporting webdriver.chrome.driver as /Users/anugerahfadillah/.cache/selenium/chromedriver/mac64/100.0.4896.60/chromedriver
07:48:24.320 [main] DEBUG net.serenitybdd.core.webdriver.driverproviders.ProvideNewDriver - Instantiating driver
07:48:24.320 [main] DEBUG net.serenitybdd.core.webdriver.driverproviders.ProvideNewDriver - Driver capabilities: Capabilities {acceptInsecureCerts: false, base.url: , browserName: chrome, goog:chromeOptions: {args: [], extensions: []}}
07:48:24.434 [AsyncHttpClient-1-5] DEBUG org.asynchttpclient.netty.channel.NettyConnectListener - Using new Channel '[id: 0x08208dcc, L:/127.0.0.1:49908 - R:localhost/127.0.0.1:51971]' for 'POST' to '/session'
07:48:26.913 [AsyncHttpClient-1-5] DEBUG org.asynchttpclient.netty.handler.HttpHandler - 

Request DefaultHttpRequest(decodeResult: success, version: HTTP/1.1)
POST /session HTTP/1.1
User-Agent: selenium/4.1.2 (java mac)
Content-Length: 457
Content-Type: application/json; charset=utf-8
host: localhost:51971
accept: */*

Response DefaultHttpResponse(decodeResult: success, version: HTTP/1.1)
HTTP/1.1 200 OK
Content-Type: application/json; charset=utf-8
cache-control: no-cache
content-length: 799

07:48:26.914 [AsyncHttpClient-1-5] DEBUG org.asynchttpclient.netty.channel.ChannelManager - Adding key: http://localhost:51971 for channel [id: 0x08208dcc, L:/127.0.0.1:49908 - R:localhost/127.0.0.1:51971]
07:48:26.937 [AsyncHttpClient-1-6] DEBUG org.asynchttpclient.netty.channel.NettyConnectListener - Using new Channel '[id: 0x1465d749, L:/127.0.0.1:49914 - R:localhost/127.0.0.1:49910]' for 'GET' to '/json/version'
07:48:26.939 [AsyncHttpClient-1-6] DEBUG org.asynchttpclient.netty.handler.HttpHandler - 

Request DefaultFullHttpRequest(decodeResult: success, version: HTTP/1.1, content: EmptyByteBufBE)
GET /json/version HTTP/1.1
User-Agent: selenium/4.1.2 (java mac)
host: localhost:49910
accept: */*

Response DefaultHttpResponse(decodeResult: success, version: HTTP/1.1)
HTTP/1.1 200 OK
Content-Type: application/json; charset=UTF-8
content-length: 425

07:48:26.940 [AsyncHttpClient-1-6] DEBUG org.asynchttpclient.netty.channel.ChannelManager - Adding key: http://localhost:49910 for channel [id: 0x1465d749, L:/127.0.0.1:49914 - R:localhost/127.0.0.1:49910]
07:48:26.944 [AsyncHttpClient-1-7] DEBUG org.asynchttpclient.netty.channel.NettyConnectListener - Using new Channel '[id: 0xa3665aa2, L:/127.0.0.1:49915 - R:localhost/127.0.0.1:49910]' for 'GET' to '/devtools/browser/f439e371-c7d4-43af-a1b5-67743c429269'
07:48:26.947 [AsyncHttpClient-1-7] DEBUG org.asynchttpclient.netty.handler.WebSocketHandler - 

Request DefaultFullHttpRequest(decodeResult: success, version: HTTP/1.1, content: EmptyByteBufBE)
GET /devtools/browser/f439e371-c7d4-43af-a1b5-67743c429269 HTTP/1.1
upgrade: websocket
connection: upgrade
sec-websocket-key: UFErCmalUimfYQQWg8Fz7w==
sec-websocket-version: 13
origin: http://localhost:49910
host: localhost:49910
accept: */*
user-agent: AHC/2.1

Response DefaultHttpResponse(decodeResult: success, version: HTTP/1.1)
HTTP/1.1 101 WebSocket Protocol Handshake
Upgrade: WebSocket
Connection: Upgrade
Sec-WebSocket-Accept: U5b5a1ATLrvbm+JF3FchU0qgsJM=

07:48:26.956 [Forwarding get on session 97c7dd19e921f0e5576175a61c51b123 to remote] DEBUG org.asynchttpclient.netty.request.NettyRequestSender - Using pooled Channel '[id: 0x08208dcc, L:/127.0.0.1:49908 - R:localhost/127.0.0.1:51971]' for 'POST' to 'http://localhost:51971/session/97c7dd19e921f0e5576175a61c51b123/url'
07:48:26.956 [Forwarding get on session 97c7dd19e921f0e5576175a61c51b123 to remote] DEBUG org.asynchttpclient.netty.request.NettyRequestSender - Using open Channel [id: 0x08208dcc, L:/127.0.0.1:49908 - R:localhost/127.0.0.1:51971] for POST '/session/97c7dd19e921f0e5576175a61c51b123/url'
07:48:27.305 [AsyncHttpClient-1-1] DEBUG org.asynchttpclient.netty.channel.DefaultChannelPool - Entry count for : http://localhost:49910 : 1
07:48:28.410 [AsyncHttpClient-1-1] DEBUG org.asynchttpclient.netty.channel.DefaultChannelPool - Entry count for : http://localhost:49910 : 1
07:48:29.509 [AsyncHttpClient-1-1] DEBUG org.asynchttpclient.netty.channel.DefaultChannelPool - Entry count for : http://localhost:49910 : 1
07:48:30.608 [AsyncHttpClient-1-1] DEBUG org.asynchttpclient.netty.channel.DefaultChannelPool - Entry count for : http://localhost:49910 : 1
07:48:31.704 [AsyncHttpClient-1-1] DEBUG org.asynchttpclient.netty.channel.DefaultChannelPool - Entry count for : http://localhost:49910 : 1
07:48:32.619 [AsyncHttpClient-1-5] DEBUG org.asynchttpclient.netty.handler.HttpHandler - 

Request DefaultHttpRequest(decodeResult: success, version: HTTP/1.1)
POST /session/97c7dd19e921f0e5576175a61c51b123/url HTTP/1.1
User-Agent: selenium/4.1.2 (java mac)
Content-Length: 72
Content-Type: application/json; charset=utf-8
host: localhost:51971
accept: */*

Response DefaultHttpResponse(decodeResult: success, version: HTTP/1.1)
HTTP/1.1 200 OK
Content-Type: application/json; charset=utf-8
cache-control: no-cache
content-length: 14

07:48:32.619 [AsyncHttpClient-1-5] DEBUG org.asynchttpclient.netty.channel.ChannelManager - Adding key: http://localhost:51971 for channel [id: 0x08208dcc, L:/127.0.0.1:49908 - R:localhost/127.0.0.1:51971]
07:48:32.622 [Forwarding setTimeout on session 97c7dd19e921f0e5576175a61c51b123 to remote] DEBUG org.asynchttpclient.netty.request.NettyRequestSender - Using pooled Channel '[id: 0x08208dcc, L:/127.0.0.1:49908 - R:localhost/127.0.0.1:51971]' for 'POST' to 'http://localhost:51971/session/97c7dd19e921f0e5576175a61c51b123/timeouts'
07:48:32.622 [Forwarding setTimeout on session 97c7dd19e921f0e5576175a61c51b123 to remote] DEBUG org.asynchttpclient.netty.request.NettyRequestSender - Using open Channel [id: 0x08208dcc, L:/127.0.0.1:49908 - R:localhost/127.0.0.1:51971] for POST '/session/97c7dd19e921f0e5576175a61c51b123/timeouts'
07:48:32.624 [AsyncHttpClient-1-5] DEBUG org.asynchttpclient.netty.handler.HttpHandler - 

Request DefaultHttpRequest(decodeResult: success, version: HTTP/1.1)
POST /session/97c7dd19e921f0e5576175a61c51b123/timeouts HTTP/1.1
User-Agent: selenium/4.1.2 (java mac)
Content-Length: 22
Content-Type: application/json; charset=utf-8
host: localhost:51971
accept: */*

Response DefaultHttpResponse(decodeResult: success, version: HTTP/1.1)
HTTP/1.1 200 OK
Content-Type: application/json; charset=utf-8
cache-control: no-cache
content-length: 14

07:48:32.624 [AsyncHttpClient-1-5] DEBUG org.asynchttpclient.netty.channel.ChannelManager - Adding key: http://localhost:51971 for channel [id: 0x08208dcc, L:/127.0.0.1:49908 - R:localhost/127.0.0.1:51971]
07:48:32.630 [Forwarding getCurrentUrl on session 97c7dd19e921f0e5576175a61c51b123 to remote] DEBUG org.asynchttpclient.netty.request.NettyRequestSender - Using pooled Channel '[id: 0x08208dcc, L:/127.0.0.1:49908 - R:localhost/127.0.0.1:51971]' for 'GET' to 'http://localhost:51971/session/97c7dd19e921f0e5576175a61c51b123/url'
07:48:32.630 [Forwarding getCurrentUrl on session 97c7dd19e921f0e5576175a61c51b123 to remote] DEBUG org.asynchttpclient.netty.request.NettyRequestSender - Using open Channel [id: 0x08208dcc, L:/127.0.0.1:49908 - R:localhost/127.0.0.1:51971] for GET '/session/97c7dd19e921f0e5576175a61c51b123/url'
07:48:32.645 [AsyncHttpClient-1-5] DEBUG org.asynchttpclient.netty.handler.HttpHandler - 

Request DefaultFullHttpRequest(decodeResult: success, version: HTTP/1.1, content: EmptyByteBufBE)
GET /session/97c7dd19e921f0e5576175a61c51b123/url HTTP/1.1
User-Agent: selenium/4.1.2 (java mac)
Cache-Control: no-cache
Content-Type: application/json; charset=utf-8
host: localhost:51971
accept: */*

Response DefaultHttpResponse(decodeResult: success, version: HTTP/1.1)
HTTP/1.1 200 OK
Content-Type: application/json; charset=utf-8
cache-control: no-cache
content-length: 54

07:48:32.646 [AsyncHttpClient-1-5] DEBUG org.asynchttpclient.netty.channel.ChannelManager - Adding key: http://localhost:51971 for channel [id: 0x08208dcc, L:/127.0.0.1:49908 - R:localhost/127.0.0.1:51971]
07:48:32.649 [Forwarding getCurrentUrl on session 97c7dd19e921f0e5576175a61c51b123 to remote] DEBUG org.asynchttpclient.netty.request.NettyRequestSender - Using pooled Channel '[id: 0x08208dcc, L:/127.0.0.1:49908 - R:localhost/127.0.0.1:51971]' for 'GET' to 'http://localhost:51971/session/97c7dd19e921f0e5576175a61c51b123/url'
07:48:32.649 [Forwarding getCurrentUrl on session 97c7dd19e921f0e5576175a61c51b123 to remote] DEBUG org.asynchttpclient.netty.request.NettyRequestSender - Using open Channel [id: 0x08208dcc, L:/127.0.0.1:49908 - R:localhost/127.0.0.1:51971] for GET '/session/97c7dd19e921f0e5576175a61c51b123/url'
07:48:32.654 [AsyncHttpClient-1-5] DEBUG org.asynchttpclient.netty.handler.HttpHandler - 

Request DefaultFullHttpRequest(decodeResult: success, version: HTTP/1.1, content: EmptyByteBufBE)
GET /session/97c7dd19e921f0e5576175a61c51b123/url HTTP/1.1
User-Agent: selenium/4.1.2 (java mac)
Cache-Control: no-cache
Content-Type: application/json; charset=utf-8
host: localhost:51971
accept: */*

Response DefaultHttpResponse(decodeResult: success, version: HTTP/1.1)
HTTP/1.1 200 OK
Content-Type: application/json; charset=utf-8
cache-control: no-cache
content-length: 54

07:48:32.654 [AsyncHttpClient-1-5] DEBUG org.asynchttpclient.netty.channel.ChannelManager - Adding key: http://localhost:51971 for channel [id: 0x08208dcc, L:/127.0.0.1:49908 - R:localhost/127.0.0.1:51971]
07:48:32.665 [main] DEBUG net.serenitybdd.core.photography.Darkroom - Opening darkroom
07:48:32.665 [Darkroom Processing Line] DEBUG net.serenitybdd.core.photography.DarkroomProcessingLine - Darkroom processing line starting up
07:48:32.666 [Forwarding screenshot on session 97c7dd19e921f0e5576175a61c51b123 to remote] DEBUG org.asynchttpclient.netty.request.NettyRequestSender - Using pooled Channel '[id: 0x08208dcc, L:/127.0.0.1:49908 - R:localhost/127.0.0.1:51971]' for 'GET' to 'http://localhost:51971/session/97c7dd19e921f0e5576175a61c51b123/screenshot'
07:48:32.666 [Forwarding screenshot on session 97c7dd19e921f0e5576175a61c51b123 to remote] DEBUG org.asynchttpclient.netty.request.NettyRequestSender - Using open Channel [id: 0x08208dcc, L:/127.0.0.1:49908 - R:localhost/127.0.0.1:51971] for GET '/session/97c7dd19e921f0e5576175a61c51b123/screenshot'
07:48:32.808 [AsyncHttpClient-1-1] DEBUG org.asynchttpclient.netty.channel.DefaultChannelPool - Entry count for : http://localhost:49910 : 1
07:48:32.922 [AsyncHttpClient-1-5] DEBUG org.asynchttpclient.netty.handler.HttpHandler - 

Request DefaultFullHttpRequest(decodeResult: success, version: HTTP/1.1, content: EmptyByteBufBE)
GET /session/97c7dd19e921f0e5576175a61c51b123/screenshot HTTP/1.1
User-Agent: selenium/4.1.2 (java mac)
Cache-Control: no-cache
Content-Type: application/json; charset=utf-8
host: localhost:51971
accept: */*

Response DefaultHttpResponse(decodeResult: success, version: HTTP/1.1)
HTTP/1.1 200 OK
Content-Type: application/json; charset=utf-8
cache-control: no-cache
content-length: 143140

07:48:32.923 [AsyncHttpClient-1-5] DEBUG org.asynchttpclient.netty.channel.ChannelManager - Adding key: http://localhost:51971 for channel [id: 0x08208dcc, L:/127.0.0.1:49908 - R:localhost/127.0.0.1:51971]
07:48:32.932 [main] DEBUG net.serenitybdd.core.photography.Darkroom - Send negative for processing for target/site/serenity/76785b2408e6a627f821a689391526f77de9b66ea7150de038c15a6f1cdb7b4d.png
07:48:32.932 [main] DEBUG net.thucydides.core.steps.StepInterceptor - STEP DONE: {0} opens the #targetPageName
07:48:32.932 [Darkroom Processing Line] DEBUG net.serenitybdd.core.photography.DarkroomProcessingLine - Processing screenshot image in /var/screenshots/screenshot-626538507819504146
07:48:32.932 [Darkroom Processing Line] DEBUG net.serenitybdd.core.photography.DarkroomProcessingLine - Saving screenshot to target/site/serenity/76785b2408e6a627f821a689391526f77de9b66ea7150de038c15a6f1cdb7b4d.png
07:48:32.938 [main] DEBUG net.thucydides.core.steps.StepInterceptor - STEP DONE: !#title
  &amp#27;[32mGiven &amp#27;[0m&amp#27;[32m&amp#27;[0m&amp#27;[32m&amp#27;[1mI&amp#27;[0m&amp#27;[32m open Orange HRM login page&amp#27;[0m                &amp#27;[90m# orangehrm.stepdefinitions.loginStepDef.loadHRMLoginPage(net.serenitybdd.screenplay.Actor)&amp#27;[0m
07:48:32.962 [main] DEBUG net.thucydides.core.steps.StepInterceptor - STARTING STEP: loginStepDef.inputCredential - !#title
07:48:32.969 [main] DEBUG net.thucydides.core.steps.StepInterceptor - STARTING STEP: loginStepDef.inputCredential - {0} enters #theTextAsAString into #target
07:48:32.970 [main] DEBUG net.serenitybdd.screenplay.targets.IFrameSwitcher - default content already selected for username field
07:48:32.975 [Forwarding findElement on session 97c7dd19e921f0e5576175a61c51b123 to remote] DEBUG org.asynchttpclient.netty.request.NettyRequestSender - Using pooled Channel '[id: 0x08208dcc, L:/127.0.0.1:49908 - R:localhost/127.0.0.1:51971]' for 'POST' to 'http://localhost:51971/session/97c7dd19e921f0e5576175a61c51b123/element'
07:48:32.975 [Forwarding findElement on session 97c7dd19e921f0e5576175a61c51b123 to remote] DEBUG org.asynchttpclient.netty.request.NettyRequestSender - Using open Channel [id: 0x08208dcc, L:/127.0.0.1:49908 - R:localhost/127.0.0.1:51971] for POST '/session/97c7dd19e921f0e5576175a61c51b123/element'
07:48:32.991 [AsyncHttpClient-1-5] DEBUG org.asynchttpclient.netty.handler.HttpHandler - 

Request DefaultHttpRequest(decodeResult: success, version: HTTP/1.1)
POST /session/97c7dd19e921f0e5576175a61c51b123/element HTTP/1.1
User-Agent: selenium/4.1.2 (java mac)
Content-Length: 56
Content-Type: application/json; charset=utf-8
host: localhost:51971
accept: */*

Response DefaultHttpResponse(decodeResult: success, version: HTTP/1.1)
HTTP/1.1 200 OK
Content-Type: application/json; charset=utf-8
cache-control: no-cache
content-length: 88

07:48:32.992 [AsyncHttpClient-1-5] DEBUG org.asynchttpclient.netty.channel.ChannelManager - Adding key: http://localhost:51971 for channel [id: 0x08208dcc, L:/127.0.0.1:49908 - R:localhost/127.0.0.1:51971]
07:48:32.994 [Forwarding clearElement on session 97c7dd19e921f0e5576175a61c51b123 to remote] DEBUG org.asynchttpclient.netty.request.NettyRequestSender - Using pooled Channel '[id: 0x08208dcc, L:/127.0.0.1:49908 - R:localhost/127.0.0.1:51971]' for 'POST' to 'http://localhost:51971/session/97c7dd19e921f0e5576175a61c51b123/element/2eb72854-9ada-4880-9f8d-b005816a6f95/clear'
07:48:32.994 [Forwarding clearElement on session 97c7dd19e921f0e5576175a61c51b123 to remote] DEBUG org.asynchttpclient.netty.request.NettyRequestSender - Using open Channel [id: 0x08208dcc, L:/127.0.0.1:49908 - R:localhost/127.0.0.1:51971] for POST '/session/97c7dd19e921f0e5576175a61c51b123/element/2eb72854-9ada-4880-9f8d-b005816a6f95/clear'
07:48:33.026 [AsyncHttpClient-1-5] DEBUG org.asynchttpclient.netty.handler.HttpHandler - 

Request DefaultHttpRequest(decodeResult: success, version: HTTP/1.1)
POST /session/97c7dd19e921f0e5576175a61c51b123/element/2eb72854-9ada-4880-9f8d-b005816a6f95/clear HTTP/1.1
User-Agent: selenium/4.1.2 (java mac)
Content-Length: 50
Content-Type: application/json; charset=utf-8
host: localhost:51971
accept: */*

Response DefaultHttpResponse(decodeResult: success, version: HTTP/1.1)
HTTP/1.1 200 OK
Content-Type: application/json; charset=utf-8
cache-control: no-cache
content-length: 14

07:48:33.026 [AsyncHttpClient-1-5] DEBUG org.asynchttpclient.netty.channel.ChannelManager - Adding key: http://localhost:51971 for channel [id: 0x08208dcc, L:/127.0.0.1:49908 - R:localhost/127.0.0.1:51971]
07:48:33.029 [Forwarding sendKeysToElement on session 97c7dd19e921f0e5576175a61c51b123 to remote] DEBUG org.asynchttpclient.netty.request.NettyRequestSender - Using pooled Channel '[id: 0x08208dcc, L:/127.0.0.1:49908 - R:localhost/127.0.0.1:51971]' for 'POST' to 'http://localhost:51971/session/97c7dd19e921f0e5576175a61c51b123/element/2eb72854-9ada-4880-9f8d-b005816a6f95/value'
07:48:33.030 [Forwarding sendKeysToElement on session 97c7dd19e921f0e5576175a61c51b123 to remote] DEBUG org.asynchttpclient.netty.request.NettyRequestSender - Using open Channel [id: 0x08208dcc, L:/127.0.0.1:49908 - R:localhost/127.0.0.1:51971] for POST '/session/97c7dd19e921f0e5576175a61c51b123/element/2eb72854-9ada-4880-9f8d-b005816a6f95/value'
07:48:33.140 [AsyncHttpClient-1-5] DEBUG org.asynchttpclient.netty.handler.HttpHandler - 

Request DefaultHttpRequest(decodeResult: success, version: HTTP/1.1)
POST /session/97c7dd19e921f0e5576175a61c51b123/element/2eb72854-9ada-4880-9f8d-b005816a6f95/value HTTP/1.1
User-Agent: selenium/4.1.2 (java mac)
Content-Length: 131
Content-Type: application/json; charset=utf-8
host: localhost:51971
accept: */*

Response DefaultHttpResponse(decodeResult: success, version: HTTP/1.1)
HTTP/1.1 200 OK
Content-Type: application/json; charset=utf-8
cache-control: no-cache
content-length: 14

07:48:33.141 [AsyncHttpClient-1-5] DEBUG org.asynchttpclient.netty.channel.ChannelManager - Adding key: http://localhost:51971 for channel [id: 0x08208dcc, L:/127.0.0.1:49908 - R:localhost/127.0.0.1:51971]
07:48:33.151 [Forwarding screenshot on session 97c7dd19e921f0e5576175a61c51b123 to remote] DEBUG org.asynchttpclient.netty.request.NettyRequestSender - Using pooled Channel '[id: 0x08208dcc, L:/127.0.0.1:49908 - R:localhost/127.0.0.1:51971]' for 'GET' to 'http://localhost:51971/session/97c7dd19e921f0e5576175a61c51b123/screenshot'
07:48:33.151 [Forwarding screenshot on session 97c7dd19e921f0e5576175a61c51b123 to remote] DEBUG org.asynchttpclient.netty.request.NettyRequestSender - Using open Channel [id: 0x08208dcc, L:/127.0.0.1:49908 - R:localhost/127.0.0.1:51971] for GET '/session/97c7dd19e921f0e5576175a61c51b123/screenshot'
07:48:33.334 [AsyncHttpClient-1-5] DEBUG org.asynchttpclient.netty.handler.HttpHandler - 

Request DefaultFullHttpRequest(decodeResult: success, version: HTTP/1.1, content: EmptyByteBufBE)
GET /session/97c7dd19e921f0e5576175a61c51b123/screenshot HTTP/1.1
User-Agent: selenium/4.1.2 (java mac)
Cache-Control: no-cache
Content-Type: application/json; charset=utf-8
host: localhost:51971
accept: */*

Response DefaultHttpResponse(decodeResult: success, version: HTTP/1.1)
HTTP/1.1 200 OK
Content-Type: application/json; charset=utf-8
cache-control: no-cache
content-length: 141220

07:48:33.336 [AsyncHttpClient-1-5] DEBUG org.asynchttpclient.netty.channel.ChannelManager - Adding key: http://localhost:51971 for channel [id: 0x08208dcc, L:/127.0.0.1:49908 - R:localhost/127.0.0.1:51971]
07:48:33.348 [main] DEBUG net.serenitybdd.core.photography.Darkroom - Send negative for processing for target/site/serenity/0810a9e55a1b550b8992e89d8afb2e9d2522bc4d1bb30fd994f707fffbc02c86.png
07:48:33.349 [main] DEBUG net.thucydides.core.steps.StepInterceptor - STEP DONE: {0} enters #theTextAsAString into #target
07:48:33.349 [Darkroom Processing Line] DEBUG net.serenitybdd.core.photography.DarkroomProcessingLine - Processing screenshot image in /var/screenshots/screenshot-7151183601115378639
07:48:33.349 [Darkroom Processing Line] DEBUG net.serenitybdd.core.photography.DarkroomProcessingLine - Saving screenshot to target/site/serenity/0810a9e55a1b550b8992e89d8afb2e9d2522bc4d1bb30fd994f707fffbc02c86.png
07:48:33.360 [main] DEBUG net.thucydides.core.steps.StepInterceptor - STEP DONE: !#title
07:48:33.370 [main] DEBUG net.thucydides.core.steps.StepInterceptor - STARTING STEP: loginStepDef.inputCredential - !#title
07:48:33.381 [main] DEBUG net.thucydides.core.steps.StepInterceptor - STARTING STEP: loginStepDef.inputCredential - {0} enters #theTextAsAString into #target
07:48:33.383 [main] DEBUG net.serenitybdd.screenplay.targets.IFrameSwitcher - default content already selected for password field
07:48:33.388 [Forwarding findElement on session 97c7dd19e921f0e5576175a61c51b123 to remote] DEBUG org.asynchttpclient.netty.request.NettyRequestSender - Using pooled Channel '[id: 0x08208dcc, L:/127.0.0.1:49908 - R:localhost/127.0.0.1:51971]' for 'POST' to 'http://localhost:51971/session/97c7dd19e921f0e5576175a61c51b123/element'
07:48:33.388 [Forwarding findElement on session 97c7dd19e921f0e5576175a61c51b123 to remote] DEBUG org.asynchttpclient.netty.request.NettyRequestSender - Using open Channel [id: 0x08208dcc, L:/127.0.0.1:49908 - R:localhost/127.0.0.1:51971] for POST '/session/97c7dd19e921f0e5576175a61c51b123/element'
07:48:33.403 [AsyncHttpClient-1-5] DEBUG org.asynchttpclient.netty.handler.HttpHandler - 

Request DefaultHttpRequest(decodeResult: success, version: HTTP/1.1)
POST /session/97c7dd19e921f0e5576175a61c51b123/element HTTP/1.1
User-Agent: selenium/4.1.2 (java mac)
Content-Length: 56
Content-Type: application/json; charset=utf-8
host: localhost:51971
accept: */*

Response DefaultHttpResponse(decodeResult: success, version: HTTP/1.1)
HTTP/1.1 200 OK
Content-Type: application/json; charset=utf-8
cache-control: no-cache
content-length: 88

07:48:33.403 [AsyncHttpClient-1-5] DEBUG org.asynchttpclient.netty.channel.ChannelManager - Adding key: http://localhost:51971 for channel [id: 0x08208dcc, L:/127.0.0.1:49908 - R:localhost/127.0.0.1:51971]
07:48:33.406 [Forwarding clearElement on session 97c7dd19e921f0e5576175a61c51b123 to remote] DEBUG org.asynchttpclient.netty.request.NettyRequestSender - Using pooled Channel '[id: 0x08208dcc, L:/127.0.0.1:49908 - R:localhost/127.0.0.1:51971]' for 'POST' to 'http://localhost:51971/session/97c7dd19e921f0e5576175a61c51b123/element/50eae5c7-d315-4ea0-8492-93df5d98d376/clear'
07:48:33.406 [Forwarding clearElement on session 97c7dd19e921f0e5576175a61c51b123 to remote] DEBUG org.asynchttpclient.netty.request.NettyRequestSender - Using open Channel [id: 0x08208dcc, L:/127.0.0.1:49908 - R:localhost/127.0.0.1:51971] for POST '/session/97c7dd19e921f0e5576175a61c51b123/element/50eae5c7-d315-4ea0-8492-93df5d98d376/clear'
07:48:33.444 [AsyncHttpClient-1-5] DEBUG org.asynchttpclient.netty.handler.HttpHandler - 

Request DefaultHttpRequest(decodeResult: success, version: HTTP/1.1)
POST /session/97c7dd19e921f0e5576175a61c51b123/element/50eae5c7-d315-4ea0-8492-93df5d98d376/clear HTTP/1.1
User-Agent: selenium/4.1.2 (java mac)
Content-Length: 50
Content-Type: application/json; charset=utf-8
host: localhost:51971
accept: */*

Response DefaultHttpResponse(decodeResult: success, version: HTTP/1.1)
HTTP/1.1 200 OK
Content-Type: application/json; charset=utf-8
cache-control: no-cache
content-length: 14

07:48:33.445 [AsyncHttpClient-1-5] DEBUG org.asynchttpclient.netty.channel.ChannelManager - Adding key: http://localhost:51971 for channel [id: 0x08208dcc, L:/127.0.0.1:49908 - R:localhost/127.0.0.1:51971]
07:48:33.448 [Forwarding sendKeysToElement on session 97c7dd19e921f0e5576175a61c51b123 to remote] DEBUG org.asynchttpclient.netty.request.NettyRequestSender - Using pooled Channel '[id: 0x08208dcc, L:/127.0.0.1:49908 - R:localhost/127.0.0.1:51971]' for 'POST' to 'http://localhost:51971/session/97c7dd19e921f0e5576175a61c51b123/element/50eae5c7-d315-4ea0-8492-93df5d98d376/value'
07:48:33.449 [Forwarding sendKeysToElement on session 97c7dd19e921f0e5576175a61c51b123 to remote] DEBUG org.asynchttpclient.netty.request.NettyRequestSender - Using open Channel [id: 0x08208dcc, L:/127.0.0.1:49908 - R:localhost/127.0.0.1:51971] for POST '/session/97c7dd19e921f0e5576175a61c51b123/element/50eae5c7-d315-4ea0-8492-93df5d98d376/value'
07:48:33.511 [AsyncHttpClient-1-5] DEBUG org.asynchttpclient.netty.handler.HttpHandler - 

Request DefaultHttpRequest(decodeResult: success, version: HTTP/1.1)
POST /session/97c7dd19e921f0e5576175a61c51b123/element/50eae5c7-d315-4ea0-8492-93df5d98d376/value HTTP/1.1
User-Agent: selenium/4.1.2 (java mac)
Content-Length: 161
Content-Type: application/json; charset=utf-8
host: localhost:51971
accept: */*

Response DefaultHttpResponse(decodeResult: success, version: HTTP/1.1)
HTTP/1.1 200 OK
Content-Type: application/json; charset=utf-8
cache-control: no-cache
content-length: 14

07:48:33.511 [AsyncHttpClient-1-5] DEBUG org.asynchttpclient.netty.channel.ChannelManager - Adding key: http://localhost:51971 for channel [id: 0x08208dcc, L:/127.0.0.1:49908 - R:localhost/127.0.0.1:51971]
07:48:33.519 [Forwarding screenshot on session 97c7dd19e921f0e5576175a61c51b123 to remote] DEBUG org.asynchttpclient.netty.request.NettyRequestSender - Using pooled Channel '[id: 0x08208dcc, L:/127.0.0.1:49908 - R:localhost/127.0.0.1:51971]' for 'GET' to 'http://localhost:51971/session/97c7dd19e921f0e5576175a61c51b123/screenshot'
07:48:33.519 [Forwarding screenshot on session 97c7dd19e921f0e5576175a61c51b123 to remote] DEBUG org.asynchttpclient.netty.request.NettyRequestSender - Using open Channel [id: 0x08208dcc, L:/127.0.0.1:49908 - R:localhost/127.0.0.1:51971] for GET '/session/97c7dd19e921f0e5576175a61c51b123/screenshot'
07:48:33.644 [AsyncHttpClient-1-5] DEBUG org.asynchttpclient.netty.handler.HttpHandler - 

Request DefaultFullHttpRequest(decodeResult: success, version: HTTP/1.1, content: EmptyByteBufBE)
GET /session/97c7dd19e921f0e5576175a61c51b123/screenshot HTTP/1.1
User-Agent: selenium/4.1.2 (java mac)
Cache-Control: no-cache
Content-Type: application/json; charset=utf-8
host: localhost:51971
accept: */*

Response DefaultHttpResponse(decodeResult: success, version: HTTP/1.1)
HTTP/1.1 200 OK
Content-Type: application/json; charset=utf-8
cache-control: no-cache
content-length: 141600

07:48:33.645 [AsyncHttpClient-1-5] DEBUG org.asynchttpclient.netty.channel.ChannelManager - Adding key: http://localhost:51971 for channel [id: 0x08208dcc, L:/127.0.0.1:49908 - R:localhost/127.0.0.1:51971]
07:48:33.652 [main] DEBUG net.serenitybdd.core.photography.Darkroom - Send negative for processing for target/site/serenity/219d309bbfb6fe6b7906ecd6e6b802acbae0ce43501848433db883de3959bc89.png
07:48:33.652 [Darkroom Processing Line] DEBUG net.serenitybdd.core.photography.DarkroomProcessingLine - Processing screenshot image in /var/screenshots/screenshot-6414873568347803399
07:48:33.652 [main] DEBUG net.thucydides.core.steps.StepInterceptor - STEP DONE: {0} enters #theTextAsAString into #target
07:48:33.652 [Darkroom Processing Line] DEBUG net.serenitybdd.core.photography.DarkroomProcessingLine - Saving screenshot to target/site/serenity/219d309bbfb6fe6b7906ecd6e6b802acbae0ce43501848433db883de3959bc89.png
07:48:33.657 [main] DEBUG net.thucydides.core.steps.StepInterceptor - STEP DONE: !#title
  &amp#27;[32mAnd &amp#27;[0m&amp#27;[32m&amp#27;[0m&amp#27;[32m&amp#27;[1mI&amp#27;[0m&amp#27;[32m input username and password&amp#27;[0m                 &amp#27;[90m# orangehrm.stepdefinitions.loginStepDef.inputCredential(net.serenitybdd.screenplay.Actor)&amp#27;[0m
07:48:33.676 [main] DEBUG net.thucydides.core.steps.StepInterceptor - STARTING STEP: loginStepDef.clickLoginButton - !#title
07:48:33.682 [main] DEBUG net.thucydides.core.steps.StepInterceptor - STARTING STEP: loginStepDef.clickLoginButton - {0} clicks on #target
07:48:33.682 [main] DEBUG net.serenitybdd.screenplay.targets.IFrameSwitcher - default content already selected for login button
07:48:33.686 [Forwarding findElement on session 97c7dd19e921f0e5576175a61c51b123 to remote] DEBUG org.asynchttpclient.netty.request.NettyRequestSender - Using pooled Channel '[id: 0x08208dcc, L:/127.0.0.1:49908 - R:localhost/127.0.0.1:51971]' for 'POST' to 'http://localhost:51971/session/97c7dd19e921f0e5576175a61c51b123/element'
07:48:33.686 [Forwarding findElement on session 97c7dd19e921f0e5576175a61c51b123 to remote] DEBUG org.asynchttpclient.netty.request.NettyRequestSender - Using open Channel [id: 0x08208dcc, L:/127.0.0.1:49908 - R:localhost/127.0.0.1:51971] for POST '/session/97c7dd19e921f0e5576175a61c51b123/element'
07:48:33.697 [AsyncHttpClient-1-5] DEBUG org.asynchttpclient.netty.handler.HttpHandler - 

Request DefaultHttpRequest(decodeResult: success, version: HTTP/1.1)
POST /session/97c7dd19e921f0e5576175a61c51b123/element HTTP/1.1
User-Agent: selenium/4.1.2 (java mac)
Content-Length: 53
Content-Type: application/json; charset=utf-8
host: localhost:51971
accept: */*

Response DefaultHttpResponse(decodeResult: success, version: HTTP/1.1)
HTTP/1.1 200 OK
Content-Type: application/json; charset=utf-8
cache-control: no-cache
content-length: 88

07:48:33.697 [AsyncHttpClient-1-5] DEBUG org.asynchttpclient.netty.channel.ChannelManager - Adding key: http://localhost:51971 for channel [id: 0x08208dcc, L:/127.0.0.1:49908 - R:localhost/127.0.0.1:51971]
07:48:33.704 [Forwarding isElementDisplayed on session 97c7dd19e921f0e5576175a61c51b123 to remote] DEBUG org.asynchttpclient.netty.request.NettyRequestSender - Using pooled Channel '[id: 0x08208dcc, L:/127.0.0.1:49908 - R:localhost/127.0.0.1:51971]' for 'POST' to 'http://localhost:51971/session/97c7dd19e921f0e5576175a61c51b123/execute/sync'
07:48:33.704 [Forwarding isElementDisplayed on session 97c7dd19e921f0e5576175a61c51b123 to remote] DEBUG org.asynchttpclient.netty.request.NettyRequestSender - Using open Channel [id: 0x08208dcc, L:/127.0.0.1:49908 - R:localhost/127.0.0.1:51971] for POST '/session/97c7dd19e921f0e5576175a61c51b123/execute/sync'
07:48:33.772 [AsyncHttpClient-1-5] DEBUG org.asynchttpclient.netty.handler.HttpHandler - 

Request DefaultHttpRequest(decodeResult: success, version: HTTP/1.1)
POST /session/97c7dd19e921f0e5576175a61c51b123/execute/sync HTTP/1.1
User-Agent: selenium/4.1.2 (java mac)
Content-Length: 48780
Content-Type: application/json; charset=utf-8
host: localhost:51971
accept: */*

Response DefaultHttpResponse(decodeResult: success, version: HTTP/1.1)
HTTP/1.1 200 OK
Content-Type: application/json; charset=utf-8
cache-control: no-cache
content-length: 14

07:48:33.772 [AsyncHttpClient-1-5] DEBUG org.asynchttpclient.netty.channel.ChannelManager - Adding key: http://localhost:51971 for channel [id: 0x08208dcc, L:/127.0.0.1:49908 - R:localhost/127.0.0.1:51971]
07:48:33.779 [Forwarding findElement on session 97c7dd19e921f0e5576175a61c51b123 to remote] DEBUG org.asynchttpclient.netty.request.NettyRequestSender - Using pooled Channel '[id: 0x08208dcc, L:/127.0.0.1:49908 - R:localhost/127.0.0.1:51971]' for 'POST' to 'http://localhost:51971/session/97c7dd19e921f0e5576175a61c51b123/element'
07:48:33.780 [Forwarding findElement on session 97c7dd19e921f0e5576175a61c51b123 to remote] DEBUG org.asynchttpclient.netty.request.NettyRequestSender - Using open Channel [id: 0x08208dcc, L:/127.0.0.1:49908 - R:localhost/127.0.0.1:51971] for POST '/session/97c7dd19e921f0e5576175a61c51b123/element'
07:48:33.804 [AsyncHttpClient-1-5] DEBUG org.asynchttpclient.netty.handler.HttpHandler - 

Request DefaultHttpRequest(decodeResult: success, version: HTTP/1.1)
POST /session/97c7dd19e921f0e5576175a61c51b123/element HTTP/1.1
User-Agent: selenium/4.1.2 (java mac)
Content-Length: 53
Content-Type: application/json; charset=utf-8
host: localhost:51971
accept: */*

Response DefaultHttpResponse(decodeResult: success, version: HTTP/1.1)
HTTP/1.1 200 OK
Content-Type: application/json; charset=utf-8
cache-control: no-cache
content-length: 88

07:48:33.805 [AsyncHttpClient-1-5] DEBUG org.asynchttpclient.netty.channel.ChannelManager - Adding key: http://localhost:51971 for channel [id: 0x08208dcc, L:/127.0.0.1:49908 - R:localhost/127.0.0.1:51971]
07:48:33.810 [Forwarding clickElement on session 97c7dd19e921f0e5576175a61c51b123 to remote] DEBUG org.asynchttpclient.netty.request.NettyRequestSender - Using pooled Channel '[id: 0x08208dcc, L:/127.0.0.1:49908 - R:localhost/127.0.0.1:51971]' for 'POST' to 'http://localhost:51971/session/97c7dd19e921f0e5576175a61c51b123/element/61111ccc-ff75-4bcf-8661-f34e2eee0753/click'
07:48:33.810 [Forwarding clickElement on session 97c7dd19e921f0e5576175a61c51b123 to remote] DEBUG org.asynchttpclient.netty.request.NettyRequestSender - Using open Channel [id: 0x08208dcc, L:/127.0.0.1:49908 - R:localhost/127.0.0.1:51971] for POST '/session/97c7dd19e921f0e5576175a61c51b123/element/61111ccc-ff75-4bcf-8661-f34e2eee0753/click'
07:48:33.906 [AsyncHttpClient-1-1] DEBUG org.asynchttpclient.netty.channel.DefaultChannelPool - Entry count for : http://localhost:49910 : 1
07:48:35.005 [AsyncHttpClient-1-1] DEBUG org.asynchttpclient.netty.channel.DefaultChannelPool - Entry count for : http://localhost:49910 : 1
07:48:36.108 [AsyncHttpClient-1-1] DEBUG org.asynchttpclient.netty.channel.DefaultChannelPool - Entry count for : http://localhost:49910 : 1
07:48:37.205 [AsyncHttpClient-1-1] DEBUG org.asynchttpclient.netty.channel.DefaultChannelPool - Entry count for : http://localhost:49910 : 1
07:48:38.306 [AsyncHttpClient-1-1] DEBUG org.asynchttpclient.netty.channel.DefaultChannelPool - Entry count for : http://localhost:49910 : 1
07:48:39.405 [AsyncHttpClient-1-1] DEBUG org.asynchttpclient.netty.channel.DefaultChannelPool - Entry count for : http://localhost:49910 : 1
07:48:39.843 [AsyncHttpClient-1-5] DEBUG org.asynchttpclient.netty.handler.HttpHandler - 

Request DefaultHttpRequest(decodeResult: success, version: HTTP/1.1)
POST /session/97c7dd19e921f0e5576175a61c51b123/element/61111ccc-ff75-4bcf-8661-f34e2eee0753/click HTTP/1.1
User-Agent: selenium/4.1.2 (java mac)
Content-Length: 50
Content-Type: application/json; charset=utf-8
host: localhost:51971
accept: */*

Response DefaultHttpResponse(decodeResult: success, version: HTTP/1.1)
HTTP/1.1 200 OK
Content-Type: application/json; charset=utf-8
cache-control: no-cache
content-length: 14

07:48:39.843 [AsyncHttpClient-1-5] DEBUG org.asynchttpclient.netty.channel.ChannelManager - Adding key: http://localhost:51971 for channel [id: 0x08208dcc, L:/127.0.0.1:49908 - R:localhost/127.0.0.1:51971]
07:48:39.855 [Forwarding screenshot on session 97c7dd19e921f0e5576175a61c51b123 to remote] DEBUG org.asynchttpclient.netty.request.NettyRequestSender - Using pooled Channel '[id: 0x08208dcc, L:/127.0.0.1:49908 - R:localhost/127.0.0.1:51971]' for 'GET' to 'http://localhost:51971/session/97c7dd19e921f0e5576175a61c51b123/screenshot'
07:48:39.855 [Forwarding screenshot on session 97c7dd19e921f0e5576175a61c51b123 to remote] DEBUG org.asynchttpclient.netty.request.NettyRequestSender - Using open Channel [id: 0x08208dcc, L:/127.0.0.1:49908 - R:localhost/127.0.0.1:51971] for GET '/session/97c7dd19e921f0e5576175a61c51b123/screenshot'
07:48:40.025 [AsyncHttpClient-1-5] DEBUG org.asynchttpclient.netty.handler.HttpHandler - 

Request DefaultFullHttpRequest(decodeResult: success, version: HTTP/1.1, content: EmptyByteBufBE)
GET /session/97c7dd19e921f0e5576175a61c51b123/screenshot HTTP/1.1
User-Agent: selenium/4.1.2 (java mac)
Cache-Control: no-cache
Content-Type: application/json; charset=utf-8
host: localhost:51971
accept: */*

Response DefaultHttpResponse(decodeResult: success, version: HTTP/1.1)
HTTP/1.1 200 OK
Content-Type: application/json; charset=utf-8
cache-control: no-cache
content-length: 129760

07:48:40.027 [AsyncHttpClient-1-5] DEBUG org.asynchttpclient.netty.channel.ChannelManager - Adding key: http://localhost:51971 for channel [id: 0x08208dcc, L:/127.0.0.1:49908 - R:localhost/127.0.0.1:51971]
07:48:40.036 [main] DEBUG net.serenitybdd.core.photography.Darkroom - Send negative for processing for target/site/serenity/da2edfcb912466bbee41c248af4ec1a89e1f4ed0de38ecdb4a7391f768deaa84.png
07:48:40.036 [main] DEBUG net.thucydides.core.steps.StepInterceptor - STEP DONE: {0} clicks on #target
07:48:40.038 [Darkroom Processing Line] DEBUG net.serenitybdd.core.photography.DarkroomProcessingLine - Processing screenshot image in /var/screenshots/screenshot-7364174726165178138
07:48:40.038 [Darkroom Processing Line] DEBUG net.serenitybdd.core.photography.DarkroomProcessingLine - Saving screenshot to target/site/serenity/da2edfcb912466bbee41c248af4ec1a89e1f4ed0de38ecdb4a7391f768deaa84.png
07:48:40.047 [main] DEBUG net.thucydides.core.steps.StepInterceptor - STEP DONE: !#title
  &amp#27;[32mAnd &amp#27;[0m&amp#27;[32m&amp#27;[0m&amp#27;[32m&amp#27;[1mI&amp#27;[0m&amp#27;[32m click login button&amp#27;[0m                          &amp#27;[90m# orangehrm.stepdefinitions.loginStepDef.clickLoginButton(net.serenitybdd.screenplay.Actor)&amp#27;[0m
07:48:40.069 [main] DEBUG net.thucydides.core.steps.StepInterceptor - STARTING STEP: PIMStepDef.accessEmployee - !#title
07:48:40.078 [main] DEBUG net.thucydides.core.steps.StepInterceptor - STARTING STEP: PIMStepDef.accessEmployee - {0} opens the #targetPageName
07:48:40.081 [Forwarding get on session 97c7dd19e921f0e5576175a61c51b123 to remote] DEBUG org.asynchttpclient.netty.request.NettyRequestSender - Using pooled Channel '[id: 0x08208dcc, L:/127.0.0.1:49908 - R:localhost/127.0.0.1:51971]' for 'POST' to 'http://localhost:51971/session/97c7dd19e921f0e5576175a61c51b123/url'
07:48:40.081 [Forwarding get on session 97c7dd19e921f0e5576175a61c51b123 to remote] DEBUG org.asynchttpclient.netty.request.NettyRequestSender - Using open Channel [id: 0x08208dcc, L:/127.0.0.1:49908 - R:localhost/127.0.0.1:51971] for POST '/session/97c7dd19e921f0e5576175a61c51b123/url'
07:48:40.505 [AsyncHttpClient-1-1] DEBUG org.asynchttpclient.netty.channel.DefaultChannelPool - Entry count for : http://localhost:49910 : 1
07:48:41.605 [AsyncHttpClient-1-1] DEBUG org.asynchttpclient.netty.channel.DefaultChannelPool - Entry count for : http://localhost:49910 : 1
07:48:41.826 [AsyncHttpClient-1-5] DEBUG org.asynchttpclient.netty.handler.HttpHandler - 

Request DefaultHttpRequest(decodeResult: success, version: HTTP/1.1)
POST /session/97c7dd19e921f0e5576175a61c51b123/url HTTP/1.1
User-Agent: selenium/4.1.2 (java mac)
Content-Length: 112
Content-Type: application/json; charset=utf-8
host: localhost:51971
accept: */*

Response DefaultHttpResponse(decodeResult: success, version: HTTP/1.1)
HTTP/1.1 200 OK
Content-Type: application/json; charset=utf-8
cache-control: no-cache
content-length: 14

07:48:41.826 [AsyncHttpClient-1-5] DEBUG org.asynchttpclient.netty.channel.ChannelManager - Adding key: http://localhost:51971 for channel [id: 0x08208dcc, L:/127.0.0.1:49908 - R:localhost/127.0.0.1:51971]
07:48:41.830 [Forwarding getCurrentUrl on session 97c7dd19e921f0e5576175a61c51b123 to remote] DEBUG org.asynchttpclient.netty.request.NettyRequestSender - Using pooled Channel '[id: 0x08208dcc, L:/127.0.0.1:49908 - R:localhost/127.0.0.1:51971]' for 'GET' to 'http://localhost:51971/session/97c7dd19e921f0e5576175a61c51b123/url'
07:48:41.830 [Forwarding getCurrentUrl on session 97c7dd19e921f0e5576175a61c51b123 to remote] DEBUG org.asynchttpclient.netty.request.NettyRequestSender - Using open Channel [id: 0x08208dcc, L:/127.0.0.1:49908 - R:localhost/127.0.0.1:51971] for GET '/session/97c7dd19e921f0e5576175a61c51b123/url'
07:48:41.835 [AsyncHttpClient-1-5] DEBUG org.asynchttpclient.netty.handler.HttpHandler - 

Request DefaultFullHttpRequest(decodeResult: success, version: HTTP/1.1, content: EmptyByteBufBE)
GET /session/97c7dd19e921f0e5576175a61c51b123/url HTTP/1.1
User-Agent: selenium/4.1.2 (java mac)
Cache-Control: no-cache
Content-Type: application/json; charset=utf-8
host: localhost:51971
accept: */*

Response DefaultHttpResponse(decodeResult: success, version: HTTP/1.1)
HTTP/1.1 200 OK
Content-Type: application/json; charset=utf-8
cache-control: no-cache
content-length: 84

07:48:41.835 [AsyncHttpClient-1-5] DEBUG org.asynchttpclient.netty.channel.ChannelManager - Adding key: http://localhost:51971 for channel [id: 0x08208dcc, L:/127.0.0.1:49908 - R:localhost/127.0.0.1:51971]
07:48:41.842 [Forwarding getCurrentUrl on session 97c7dd19e921f0e5576175a61c51b123 to remote] DEBUG org.asynchttpclient.netty.request.NettyRequestSender - Using pooled Channel '[id: 0x08208dcc, L:/127.0.0.1:49908 - R:localhost/127.0.0.1:51971]' for 'GET' to 'http://localhost:51971/session/97c7dd19e921f0e5576175a61c51b123/url'
07:48:41.843 [Forwarding getCurrentUrl on session 97c7dd19e921f0e5576175a61c51b123 to remote] DEBUG org.asynchttpclient.netty.request.NettyRequestSender - Using open Channel [id: 0x08208dcc, L:/127.0.0.1:49908 - R:localhost/127.0.0.1:51971] for GET '/session/97c7dd19e921f0e5576175a61c51b123/url'
07:48:41.847 [AsyncHttpClient-1-5] DEBUG org.asynchttpclient.netty.handler.HttpHandler - 

Request DefaultFullHttpRequest(decodeResult: success, version: HTTP/1.1, content: EmptyByteBufBE)
GET /session/97c7dd19e921f0e5576175a61c51b123/url HTTP/1.1
User-Agent: selenium/4.1.2 (java mac)
Cache-Control: no-cache
Content-Type: application/json; charset=utf-8
host: localhost:51971
accept: */*

Response DefaultHttpResponse(decodeResult: success, version: HTTP/1.1)
HTTP/1.1 200 OK
Content-Type: application/json; charset=utf-8
cache-control: no-cache
content-length: 84

07:48:41.848 [AsyncHttpClient-1-5] DEBUG org.asynchttpclient.netty.channel.ChannelManager - Adding key: http://localhost:51971 for channel [id: 0x08208dcc, L:/127.0.0.1:49908 - R:localhost/127.0.0.1:51971]
07:48:41.861 [Forwarding screenshot on session 97c7dd19e921f0e5576175a61c51b123 to remote] DEBUG org.asynchttpclient.netty.request.NettyRequestSender - Using pooled Channel '[id: 0x08208dcc, L:/127.0.0.1:49908 - R:localhost/127.0.0.1:51971]' for 'GET' to 'http://localhost:51971/session/97c7dd19e921f0e5576175a61c51b123/screenshot'
07:48:41.862 [Forwarding screenshot on session 97c7dd19e921f0e5576175a61c51b123 to remote] DEBUG org.asynchttpclient.netty.request.NettyRequestSender - Using open Channel [id: 0x08208dcc, L:/127.0.0.1:49908 - R:localhost/127.0.0.1:51971] for GET '/session/97c7dd19e921f0e5576175a61c51b123/screenshot'
07:48:42.010 [AsyncHttpClient-1-5] DEBUG org.asynchttpclient.netty.handler.HttpHandler - 

Request DefaultFullHttpRequest(decodeResult: success, version: HTTP/1.1, content: EmptyByteBufBE)
GET /session/97c7dd19e921f0e5576175a61c51b123/screenshot HTTP/1.1
User-Agent: selenium/4.1.2 (java mac)
Cache-Control: no-cache
Content-Type: application/json; charset=utf-8
host: localhost:51971
accept: */*

Response DefaultHttpResponse(decodeResult: success, version: HTTP/1.1)
HTTP/1.1 200 OK
Content-Type: application/json; charset=utf-8
cache-control: no-cache
content-length: 128280

07:48:42.012 [AsyncHttpClient-1-5] DEBUG org.asynchttpclient.netty.channel.ChannelManager - Adding key: http://localhost:51971 for channel [id: 0x08208dcc, L:/127.0.0.1:49908 - R:localhost/127.0.0.1:51971]
07:48:42.022 [main] DEBUG net.serenitybdd.core.photography.Darkroom - Send negative for processing for target/site/serenity/923ac945a97785214b7e08e007257cba214695698af8952b065e07ceb3e20877.png
07:48:42.023 [Darkroom Processing Line] DEBUG net.serenitybdd.core.photography.DarkroomProcessingLine - Processing screenshot image in /var/screenshots/screenshot-6782259263860764061
07:48:42.023 [main] DEBUG net.thucydides.core.steps.StepInterceptor - STEP DONE: {0} opens the #targetPageName
07:48:42.023 [Darkroom Processing Line] DEBUG net.serenitybdd.core.photography.DarkroomProcessingLine - Saving screenshot to target/site/serenity/923ac945a97785214b7e08e007257cba214695698af8952b065e07ceb3e20877.png
07:48:42.031 [main] DEBUG net.thucydides.core.steps.StepInterceptor - STEP DONE: !#title
  &amp#27;[32mAnd &amp#27;[0m&amp#27;[32m&amp#27;[0m&amp#27;[32m&amp#27;[1mI&amp#27;[0m&amp#27;[32m access employee list&amp#27;[0m                        &amp#27;[90m# orangehrm.stepdefinitions.PIMStepDef.accessEmployee(net.serenitybdd.screenplay.Actor)&amp#27;[0m
07:48:42.071 [main] DEBUG net.thucydides.core.steps.StepInterceptor - STARTING STEP: PIMStepDef.addEmployee - !#title
07:48:42.080 [Forwarding screenshot on session 97c7dd19e921f0e5576175a61c51b123 to remote] DEBUG org.asynchttpclient.netty.request.NettyRequestSender - Using pooled Channel '[id: 0x08208dcc, L:/127.0.0.1:49908 - R:localhost/127.0.0.1:51971]' for 'GET' to 'http://localhost:51971/session/97c7dd19e921f0e5576175a61c51b123/screenshot'
07:48:42.080 [Forwarding screenshot on session 97c7dd19e921f0e5576175a61c51b123 to remote] DEBUG org.asynchttpclient.netty.request.NettyRequestSender - Using open Channel [id: 0x08208dcc, L:/127.0.0.1:49908 - R:localhost/127.0.0.1:51971] for GET '/session/97c7dd19e921f0e5576175a61c51b123/screenshot'
07:48:42.197 [AsyncHttpClient-1-5] DEBUG org.asynchttpclient.netty.handler.HttpHandler - 

Request DefaultFullHttpRequest(decodeResult: success, version: HTTP/1.1, content: EmptyByteBufBE)
GET /session/97c7dd19e921f0e5576175a61c51b123/screenshot HTTP/1.1
User-Agent: selenium/4.1.2 (java mac)
Cache-Control: no-cache
Content-Type: application/json; charset=utf-8
host: localhost:51971
accept: */*

Response DefaultHttpResponse(decodeResult: success, version: HTTP/1.1)
HTTP/1.1 200 OK
Content-Type: application/json; charset=utf-8
cache-control: no-cache
content-length: 128280

07:48:42.199 [AsyncHttpClient-1-5] DEBUG org.asynchttpclient.netty.channel.ChannelManager - Adding key: http://localhost:51971 for channel [id: 0x08208dcc, L:/127.0.0.1:49908 - R:localhost/127.0.0.1:51971]
07:48:42.213 [main] DEBUG net.serenitybdd.core.photography.Darkroom - Send negative for processing for target/site/serenity/923ac945a97785214b7e08e007257cba214695698af8952b065e07ceb3e20877.png
07:48:42.214 [main] DEBUG net.thucydides.core.steps.StepInterceptor - STARTING STEP: PIMStepDef.addEmployee - {0} clicks on #target
07:48:42.215 [main] DEBUG net.serenitybdd.screenplay.targets.IFrameSwitcher - default content already selected for add button
07:48:42.352 [Forwarding findElement on session 97c7dd19e921f0e5576175a61c51b123 to remote] DEBUG org.asynchttpclient.netty.request.NettyRequestSender - Using pooled Channel '[id: 0x08208dcc, L:/127.0.0.1:49908 - R:localhost/127.0.0.1:51971]' for 'POST' to 'http://localhost:51971/session/97c7dd19e921f0e5576175a61c51b123/element'
07:48:42.352 [Forwarding findElement on session 97c7dd19e921f0e5576175a61c51b123 to remote] DEBUG org.asynchttpclient.netty.request.NettyRequestSender - Using open Channel [id: 0x08208dcc, L:/127.0.0.1:49908 - R:localhost/127.0.0.1:51971] for POST '/session/97c7dd19e921f0e5576175a61c51b123/element'
07:48:42.367 [AsyncHttpClient-1-5] DEBUG org.asynchttpclient.netty.handler.HttpHandler - 

Request DefaultHttpRequest(decodeResult: success, version: HTTP/1.1)
POST /session/97c7dd19e921f0e5576175a61c51b123/element HTTP/1.1
User-Agent: selenium/4.1.2 (java mac)
Content-Length: 51
Content-Type: application/json; charset=utf-8
host: localhost:51971
accept: */*

Response DefaultHttpResponse(decodeResult: success, version: HTTP/1.1)
HTTP/1.1 200 OK
Content-Type: application/json; charset=utf-8
cache-control: no-cache
content-length: 88

07:48:42.368 [AsyncHttpClient-1-5] DEBUG org.asynchttpclient.netty.channel.ChannelManager - Adding key: http://localhost:51971 for channel [id: 0x08208dcc, L:/127.0.0.1:49908 - R:localhost/127.0.0.1:51971]
07:48:42.376 [Forwarding isElementDisplayed on session 97c7dd19e921f0e5576175a61c51b123 to remote] DEBUG org.asynchttpclient.netty.request.NettyRequestSender - Using pooled Channel '[id: 0x08208dcc, L:/127.0.0.1:49908 - R:localhost/127.0.0.1:51971]' for 'POST' to 'http://localhost:51971/session/97c7dd19e921f0e5576175a61c51b123/execute/sync'
07:48:42.376 [Forwarding isElementDisplayed on session 97c7dd19e921f0e5576175a61c51b123 to remote] DEBUG org.asynchttpclient.netty.request.NettyRequestSender - Using open Channel [id: 0x08208dcc, L:/127.0.0.1:49908 - R:localhost/127.0.0.1:51971] for POST '/session/97c7dd19e921f0e5576175a61c51b123/execute/sync'
07:48:42.394 [AsyncHttpClient-1-5] DEBUG org.asynchttpclient.netty.handler.HttpHandler - 

Request DefaultHttpRequest(decodeResult: success, version: HTTP/1.1)
POST /session/97c7dd19e921f0e5576175a61c51b123/execute/sync HTTP/1.1
User-Agent: selenium/4.1.2 (java mac)
Content-Length: 48780
Content-Type: application/json; charset=utf-8
host: localhost:51971
accept: */*

Response DefaultHttpResponse(decodeResult: success, version: HTTP/1.1)
HTTP/1.1 200 OK
Content-Type: application/json; charset=utf-8
cache-control: no-cache
content-length: 14

07:48:42.394 [AsyncHttpClient-1-5] DEBUG org.asynchttpclient.netty.channel.ChannelManager - Adding key: http://localhost:51971 for channel [id: 0x08208dcc, L:/127.0.0.1:49908 - R:localhost/127.0.0.1:51971]
07:48:42.397 [Forwarding findElement on session 97c7dd19e921f0e5576175a61c51b123 to remote] DEBUG org.asynchttpclient.netty.request.NettyRequestSender - Using pooled Channel '[id: 0x08208dcc, L:/127.0.0.1:49908 - R:localhost/127.0.0.1:51971]' for 'POST' to 'http://localhost:51971/session/97c7dd19e921f0e5576175a61c51b123/element'
07:48:42.398 [Forwarding findElement on session 97c7dd19e921f0e5576175a61c51b123 to remote] DEBUG org.asynchttpclient.netty.request.NettyRequestSender - Using open Channel [id: 0x08208dcc, L:/127.0.0.1:49908 - R:localhost/127.0.0.1:51971] for POST '/session/97c7dd19e921f0e5576175a61c51b123/element'
07:48:42.405 [AsyncHttpClient-1-5] DEBUG org.asynchttpclient.netty.handler.HttpHandler - 

Request DefaultHttpRequest(decodeResult: success, version: HTTP/1.1)
POST /session/97c7dd19e921f0e5576175a61c51b123/element HTTP/1.1
User-Agent: selenium/4.1.2 (java mac)
Content-Length: 51
Content-Type: application/json; charset=utf-8
host: localhost:51971
accept: */*

Response DefaultHttpResponse(decodeResult: success, version: HTTP/1.1)
HTTP/1.1 200 OK
Content-Type: application/json; charset=utf-8
cache-control: no-cache
content-length: 88

07:48:42.406 [AsyncHttpClient-1-5] DEBUG org.asynchttpclient.netty.channel.ChannelManager - Adding key: http://localhost:51971 for channel [id: 0x08208dcc, L:/127.0.0.1:49908 - R:localhost/127.0.0.1:51971]
07:48:42.408 [Forwarding clickElement on session 97c7dd19e921f0e5576175a61c51b123 to remote] DEBUG org.asynchttpclient.netty.request.NettyRequestSender - Using pooled Channel '[id: 0x08208dcc, L:/127.0.0.1:49908 - R:localhost/127.0.0.1:51971]' for 'POST' to 'http://localhost:51971/session/97c7dd19e921f0e5576175a61c51b123/element/f910fb8b-6eab-4c2f-91b8-ff5f01a2facd/click'
07:48:42.408 [Forwarding clickElement on session 97c7dd19e921f0e5576175a61c51b123 to remote] DEBUG org.asynchttpclient.netty.request.NettyRequestSender - Using open Channel [id: 0x08208dcc, L:/127.0.0.1:49908 - R:localhost/127.0.0.1:51971] for POST '/session/97c7dd19e921f0e5576175a61c51b123/element/f910fb8b-6eab-4c2f-91b8-ff5f01a2facd/click'
07:48:42.705 [AsyncHttpClient-1-1] DEBUG org.asynchttpclient.netty.channel.DefaultChannelPool - Entry count for : http://localhost:49910 : 1
07:48:43.297 [AsyncHttpClient-1-5] DEBUG org.asynchttpclient.netty.handler.HttpHandler - 

Request DefaultHttpRequest(decodeResult: success, version: HTTP/1.1)
POST /session/97c7dd19e921f0e5576175a61c51b123/element/f910fb8b-6eab-4c2f-91b8-ff5f01a2facd/click HTTP/1.1
User-Agent: selenium/4.1.2 (java mac)
Content-Length: 50
Content-Type: application/json; charset=utf-8
host: localhost:51971
accept: */*

Response DefaultHttpResponse(decodeResult: success, version: HTTP/1.1)
HTTP/1.1 200 OK
Content-Type: application/json; charset=utf-8
cache-control: no-cache
content-length: 14

07:48:43.297 [AsyncHttpClient-1-5] DEBUG org.asynchttpclient.netty.channel.ChannelManager - Adding key: http://localhost:51971 for channel [id: 0x08208dcc, L:/127.0.0.1:49908 - R:localhost/127.0.0.1:51971]
07:48:43.306 [Forwarding screenshot on session 97c7dd19e921f0e5576175a61c51b123 to remote] DEBUG org.asynchttpclient.netty.request.NettyRequestSender - Using pooled Channel '[id: 0x08208dcc, L:/127.0.0.1:49908 - R:localhost/127.0.0.1:51971]' for 'GET' to 'http://localhost:51971/session/97c7dd19e921f0e5576175a61c51b123/screenshot'
07:48:43.306 [Forwarding screenshot on session 97c7dd19e921f0e5576175a61c51b123 to remote] DEBUG org.asynchttpclient.netty.request.NettyRequestSender - Using open Channel [id: 0x08208dcc, L:/127.0.0.1:49908 - R:localhost/127.0.0.1:51971] for GET '/session/97c7dd19e921f0e5576175a61c51b123/screenshot'
07:48:43.428 [AsyncHttpClient-1-5] DEBUG org.asynchttpclient.netty.handler.HttpHandler - 

Request DefaultFullHttpRequest(decodeResult: success, version: HTTP/1.1, content: EmptyByteBufBE)
GET /session/97c7dd19e921f0e5576175a61c51b123/screenshot HTTP/1.1
User-Agent: selenium/4.1.2 (java mac)
Cache-Control: no-cache
Content-Type: application/json; charset=utf-8
host: localhost:51971
accept: */*

Response DefaultHttpResponse(decodeResult: success, version: HTTP/1.1)
HTTP/1.1 200 OK
Content-Type: application/json; charset=utf-8
cache-control: no-cache
content-length: 98332

07:48:43.429 [AsyncHttpClient-1-5] DEBUG org.asynchttpclient.netty.channel.ChannelManager - Adding key: http://localhost:51971 for channel [id: 0x08208dcc, L:/127.0.0.1:49908 - R:localhost/127.0.0.1:51971]
07:48:43.434 [main] DEBUG net.serenitybdd.core.photography.Darkroom - Send negative for processing for target/site/serenity/fa77ffb2b2742f51d79f85f51077e1c0a96ea99bb6c9daa6cff684ceea4393d0.png
07:48:43.435 [main] DEBUG net.thucydides.core.steps.StepInterceptor - STEP DONE: {0} clicks on #target
07:48:43.435 [Darkroom Processing Line] DEBUG net.serenitybdd.core.photography.DarkroomProcessingLine - Processing screenshot image in /var/screenshots/screenshot-4655141795138772893
07:48:43.435 [Darkroom Processing Line] DEBUG net.serenitybdd.core.photography.DarkroomProcessingLine - Saving screenshot to target/site/serenity/fa77ffb2b2742f51d79f85f51077e1c0a96ea99bb6c9daa6cff684ceea4393d0.png
07:48:43.440 [main] DEBUG net.thucydides.core.steps.StepInterceptor - STEP DONE: !#title
07:48:43.444 [main] DEBUG net.thucydides.core.steps.StepInterceptor - STARTING STEP: PIMStepDef.addEmployee - !#title
07:48:43.450 [main] DEBUG net.thucydides.core.steps.StepInterceptor - STARTING STEP: PIMStepDef.addEmployee - {0} enters #theTextAsAString into #target
07:48:43.451 [main] DEBUG net.serenitybdd.screenplay.targets.IFrameSwitcher - default content already selected for first name field
07:48:43.454 [Forwarding findElement on session 97c7dd19e921f0e5576175a61c51b123 to remote] DEBUG org.asynchttpclient.netty.request.NettyRequestSender - Using pooled Channel '[id: 0x08208dcc, L:/127.0.0.1:49908 - R:localhost/127.0.0.1:51971]' for 'POST' to 'http://localhost:51971/session/97c7dd19e921f0e5576175a61c51b123/element'
07:48:43.454 [Forwarding findElement on session 97c7dd19e921f0e5576175a61c51b123 to remote] DEBUG org.asynchttpclient.netty.request.NettyRequestSender - Using open Channel [id: 0x08208dcc, L:/127.0.0.1:49908 - R:localhost/127.0.0.1:51971] for POST '/session/97c7dd19e921f0e5576175a61c51b123/element'
07:48:43.466 [AsyncHttpClient-1-5] DEBUG org.asynchttpclient.netty.handler.HttpHandler - 

Request DefaultHttpRequest(decodeResult: success, version: HTTP/1.1)
POST /session/97c7dd19e921f0e5576175a61c51b123/element HTTP/1.1
User-Agent: selenium/4.1.2 (java mac)
Content-Length: 54
Content-Type: application/json; charset=utf-8
host: localhost:51971
accept: */*

Response DefaultHttpResponse(decodeResult: success, version: HTTP/1.1)
HTTP/1.1 200 OK
Content-Type: application/json; charset=utf-8
cache-control: no-cache
content-length: 88

07:48:43.466 [AsyncHttpClient-1-5] DEBUG org.asynchttpclient.netty.channel.ChannelManager - Adding key: http://localhost:51971 for channel [id: 0x08208dcc, L:/127.0.0.1:49908 - R:localhost/127.0.0.1:51971]
07:48:43.469 [Forwarding clearElement on session 97c7dd19e921f0e5576175a61c51b123 to remote] DEBUG org.asynchttpclient.netty.request.NettyRequestSender - Using pooled Channel '[id: 0x08208dcc, L:/127.0.0.1:49908 - R:localhost/127.0.0.1:51971]' for 'POST' to 'http://localhost:51971/session/97c7dd19e921f0e5576175a61c51b123/element/a3ec9988-6aa7-4bd3-abd7-1e648c72a3ed/clear'
07:48:43.469 [Forwarding clearElement on session 97c7dd19e921f0e5576175a61c51b123 to remote] DEBUG org.asynchttpclient.netty.request.NettyRequestSender - Using open Channel [id: 0x08208dcc, L:/127.0.0.1:49908 - R:localhost/127.0.0.1:51971] for POST '/session/97c7dd19e921f0e5576175a61c51b123/element/a3ec9988-6aa7-4bd3-abd7-1e648c72a3ed/clear'
07:48:43.504 [AsyncHttpClient-1-5] DEBUG org.asynchttpclient.netty.handler.HttpHandler - 

Request DefaultHttpRequest(decodeResult: success, version: HTTP/1.1)
POST /session/97c7dd19e921f0e5576175a61c51b123/element/a3ec9988-6aa7-4bd3-abd7-1e648c72a3ed/clear HTTP/1.1
User-Agent: selenium/4.1.2 (java mac)
Content-Length: 50
Content-Type: application/json; charset=utf-8
host: localhost:51971
accept: */*

Response DefaultHttpResponse(decodeResult: success, version: HTTP/1.1)
HTTP/1.1 200 OK
Content-Type: application/json; charset=utf-8
cache-control: no-cache
content-length: 14

07:48:43.504 [AsyncHttpClient-1-5] DEBUG org.asynchttpclient.netty.channel.ChannelManager - Adding key: http://localhost:51971 for channel [id: 0x08208dcc, L:/127.0.0.1:49908 - R:localhost/127.0.0.1:51971]
07:48:43.507 [Forwarding sendKeysToElement on session 97c7dd19e921f0e5576175a61c51b123 to remote] DEBUG org.asynchttpclient.netty.request.NettyRequestSender - Using pooled Channel '[id: 0x08208dcc, L:/127.0.0.1:49908 - R:localhost/127.0.0.1:51971]' for 'POST' to 'http://localhost:51971/session/97c7dd19e921f0e5576175a61c51b123/element/a3ec9988-6aa7-4bd3-abd7-1e648c72a3ed/value'
07:48:43.507 [Forwarding sendKeysToElement on session 97c7dd19e921f0e5576175a61c51b123 to remote] DEBUG org.asynchttpclient.netty.request.NettyRequestSender - Using open Channel [id: 0x08208dcc, L:/127.0.0.1:49908 - R:localhost/127.0.0.1:51971] for POST '/session/97c7dd19e921f0e5576175a61c51b123/element/a3ec9988-6aa7-4bd3-abd7-1e648c72a3ed/value'
07:48:43.610 [AsyncHttpClient-1-5] DEBUG org.asynchttpclient.netty.handler.HttpHandler - 

Request DefaultHttpRequest(decodeResult: success, version: HTTP/1.1)
POST /session/97c7dd19e921f0e5576175a61c51b123/element/a3ec9988-6aa7-4bd3-abd7-1e648c72a3ed/value HTTP/1.1
User-Agent: selenium/4.1.2 (java mac)
Content-Length: 161
Content-Type: application/json; charset=utf-8
host: localhost:51971
accept: */*

Response DefaultHttpResponse(decodeResult: success, version: HTTP/1.1)
HTTP/1.1 200 OK
Content-Type: application/json; charset=utf-8
cache-control: no-cache
content-length: 14

07:48:43.611 [AsyncHttpClient-1-5] DEBUG org.asynchttpclient.netty.channel.ChannelManager - Adding key: http://localhost:51971 for channel [id: 0x08208dcc, L:/127.0.0.1:49908 - R:localhost/127.0.0.1:51971]
07:48:43.618 [Forwarding screenshot on session 97c7dd19e921f0e5576175a61c51b123 to remote] DEBUG org.asynchttpclient.netty.request.NettyRequestSender - Using pooled Channel '[id: 0x08208dcc, L:/127.0.0.1:49908 - R:localhost/127.0.0.1:51971]' for 'GET' to 'http://localhost:51971/session/97c7dd19e921f0e5576175a61c51b123/screenshot'
07:48:43.618 [Forwarding screenshot on session 97c7dd19e921f0e5576175a61c51b123 to remote] DEBUG org.asynchttpclient.netty.request.NettyRequestSender - Using open Channel [id: 0x08208dcc, L:/127.0.0.1:49908 - R:localhost/127.0.0.1:51971] for GET '/session/97c7dd19e921f0e5576175a61c51b123/screenshot'
07:48:43.775 [AsyncHttpClient-1-5] DEBUG org.asynchttpclient.netty.handler.HttpHandler - 

Request DefaultFullHttpRequest(decodeResult: success, version: HTTP/1.1, content: EmptyByteBufBE)
GET /session/97c7dd19e921f0e5576175a61c51b123/screenshot HTTP/1.1
User-Agent: selenium/4.1.2 (java mac)
Cache-Control: no-cache
Content-Type: application/json; charset=utf-8
host: localhost:51971
accept: */*

Response DefaultHttpResponse(decodeResult: success, version: HTTP/1.1)
HTTP/1.1 200 OK
Content-Type: application/json; charset=utf-8
cache-control: no-cache
content-length: 99964

07:48:43.777 [AsyncHttpClient-1-5] DEBUG org.asynchttpclient.netty.channel.ChannelManager - Adding key: http://localhost:51971 for channel [id: 0x08208dcc, L:/127.0.0.1:49908 - R:localhost/127.0.0.1:51971]
07:48:43.783 [main] DEBUG net.serenitybdd.core.photography.Darkroom - Send negative for processing for target/site/serenity/92b48f7c34fc63c2f57184ad1af07d7583171c24171af73851eedbfc9bfa0ceb.png
07:48:43.783 [Darkroom Processing Line] DEBUG net.serenitybdd.core.photography.DarkroomProcessingLine - Processing screenshot image in /var/screenshots/screenshot-7755428113544658429
07:48:43.783 [main] DEBUG net.thucydides.core.steps.StepInterceptor - STEP DONE: {0} enters #theTextAsAString into #target
07:48:43.783 [Darkroom Processing Line] DEBUG net.serenitybdd.core.photography.DarkroomProcessingLine - Saving screenshot to target/site/serenity/92b48f7c34fc63c2f57184ad1af07d7583171c24171af73851eedbfc9bfa0ceb.png
07:48:43.788 [main] DEBUG net.thucydides.core.steps.StepInterceptor - STEP DONE: !#title
07:48:43.793 [main] DEBUG net.thucydides.core.steps.StepInterceptor - STARTING STEP: PIMStepDef.addEmployee - !#title
07:48:43.802 [main] DEBUG net.thucydides.core.steps.StepInterceptor - STARTING STEP: PIMStepDef.addEmployee - {0} enters #theTextAsAString into #target
07:48:43.804 [main] DEBUG net.serenitybdd.screenplay.targets.IFrameSwitcher - default content already selected for last name field
07:48:43.808 [Forwarding findElement on session 97c7dd19e921f0e5576175a61c51b123 to remote] DEBUG org.asynchttpclient.netty.request.NettyRequestSender - Using pooled Channel '[id: 0x08208dcc, L:/127.0.0.1:49908 - R:localhost/127.0.0.1:51971]' for 'POST' to 'http://localhost:51971/session/97c7dd19e921f0e5576175a61c51b123/element'
07:48:43.809 [Forwarding findElement on session 97c7dd19e921f0e5576175a61c51b123 to remote] DEBUG org.asynchttpclient.netty.request.NettyRequestSender - Using open Channel [id: 0x08208dcc, L:/127.0.0.1:49908 - R:localhost/127.0.0.1:51971] for POST '/session/97c7dd19e921f0e5576175a61c51b123/element'
07:48:43.809 [AsyncHttpClient-1-1] DEBUG org.asynchttpclient.netty.channel.DefaultChannelPool - Entry count for : http://localhost:49910 : 1
07:48:43.829 [AsyncHttpClient-1-5] DEBUG org.asynchttpclient.netty.handler.HttpHandler - 

Request DefaultHttpRequest(decodeResult: success, version: HTTP/1.1)
POST /session/97c7dd19e921f0e5576175a61c51b123/element HTTP/1.1
User-Agent: selenium/4.1.2 (java mac)
Content-Length: 53
Content-Type: application/json; charset=utf-8
host: localhost:51971
accept: */*

Response DefaultHttpResponse(decodeResult: success, version: HTTP/1.1)
HTTP/1.1 200 OK
Content-Type: application/json; charset=utf-8
cache-control: no-cache
content-length: 88

07:48:43.830 [AsyncHttpClient-1-5] DEBUG org.asynchttpclient.netty.channel.ChannelManager - Adding key: http://localhost:51971 for channel [id: 0x08208dcc, L:/127.0.0.1:49908 - R:localhost/127.0.0.1:51971]
07:48:43.832 [Forwarding clearElement on session 97c7dd19e921f0e5576175a61c51b123 to remote] DEBUG org.asynchttpclient.netty.request.NettyRequestSender - Using pooled Channel '[id: 0x08208dcc, L:/127.0.0.1:49908 - R:localhost/127.0.0.1:51971]' for 'POST' to 'http://localhost:51971/session/97c7dd19e921f0e5576175a61c51b123/element/357a4606-7c20-4892-b8de-aeb40b520381/clear'
07:48:43.832 [Forwarding clearElement on session 97c7dd19e921f0e5576175a61c51b123 to remote] DEBUG org.asynchttpclient.netty.request.NettyRequestSender - Using open Channel [id: 0x08208dcc, L:/127.0.0.1:49908 - R:localhost/127.0.0.1:51971] for POST '/session/97c7dd19e921f0e5576175a61c51b123/element/357a4606-7c20-4892-b8de-aeb40b520381/clear'
07:48:43.868 [AsyncHttpClient-1-5] DEBUG org.asynchttpclient.netty.handler.HttpHandler - 

Request DefaultHttpRequest(decodeResult: success, version: HTTP/1.1)
POST /session/97c7dd19e921f0e5576175a61c51b123/element/357a4606-7c20-4892-b8de-aeb40b520381/clear HTTP/1.1
User-Agent: selenium/4.1.2 (java mac)
Content-Length: 50
Content-Type: application/json; charset=utf-8
host: localhost:51971
accept: */*

Response DefaultHttpResponse(decodeResult: success, version: HTTP/1.1)
HTTP/1.1 200 OK
Content-Type: application/json; charset=utf-8
cache-control: no-cache
content-length: 14

07:48:43.868 [AsyncHttpClient-1-5] DEBUG org.asynchttpclient.netty.channel.ChannelManager - Adding key: http://localhost:51971 for channel [id: 0x08208dcc, L:/127.0.0.1:49908 - R:localhost/127.0.0.1:51971]
07:48:43.871 [Forwarding sendKeysToElement on session 97c7dd19e921f0e5576175a61c51b123 to remote] DEBUG org.asynchttpclient.netty.request.NettyRequestSender - Using pooled Channel '[id: 0x08208dcc, L:/127.0.0.1:49908 - R:localhost/127.0.0.1:51971]' for 'POST' to 'http://localhost:51971/session/97c7dd19e921f0e5576175a61c51b123/element/357a4606-7c20-4892-b8de-aeb40b520381/value'
07:48:43.871 [Forwarding sendKeysToElement on session 97c7dd19e921f0e5576175a61c51b123 to remote] DEBUG org.asynchttpclient.netty.request.NettyRequestSender - Using open Channel [id: 0x08208dcc, L:/127.0.0.1:49908 - R:localhost/127.0.0.1:51971] for POST '/session/97c7dd19e921f0e5576175a61c51b123/element/357a4606-7c20-4892-b8de-aeb40b520381/value'
07:48:43.941 [AsyncHttpClient-1-5] DEBUG org.asynchttpclient.netty.handler.HttpHandler - 

Request DefaultHttpRequest(decodeResult: success, version: HTTP/1.1)
POST /session/97c7dd19e921f0e5576175a61c51b123/element/357a4606-7c20-4892-b8de-aeb40b520381/value HTTP/1.1
User-Agent: selenium/4.1.2 (java mac)
Content-Length: 161
Content-Type: application/json; charset=utf-8
host: localhost:51971
accept: */*

Response DefaultHttpResponse(decodeResult: success, version: HTTP/1.1)
HTTP/1.1 200 OK
Content-Type: application/json; charset=utf-8
cache-control: no-cache
content-length: 14

07:48:43.941 [AsyncHttpClient-1-5] DEBUG org.asynchttpclient.netty.channel.ChannelManager - Adding key: http://localhost:51971 for channel [id: 0x08208dcc, L:/127.0.0.1:49908 - R:localhost/127.0.0.1:51971]
07:48:43.958 [Forwarding screenshot on session 97c7dd19e921f0e5576175a61c51b123 to remote] DEBUG org.asynchttpclient.netty.request.NettyRequestSender - Using pooled Channel '[id: 0x08208dcc, L:/127.0.0.1:49908 - R:localhost/127.0.0.1:51971]' for 'GET' to 'http://localhost:51971/session/97c7dd19e921f0e5576175a61c51b123/screenshot'
07:48:43.958 [Forwarding screenshot on session 97c7dd19e921f0e5576175a61c51b123 to remote] DEBUG org.asynchttpclient.netty.request.NettyRequestSender - Using open Channel [id: 0x08208dcc, L:/127.0.0.1:49908 - R:localhost/127.0.0.1:51971] for GET '/session/97c7dd19e921f0e5576175a61c51b123/screenshot'
07:48:44.105 [AsyncHttpClient-1-5] DEBUG org.asynchttpclient.netty.handler.HttpHandler - 

Request DefaultFullHttpRequest(decodeResult: success, version: HTTP/1.1, content: EmptyByteBufBE)
GET /session/97c7dd19e921f0e5576175a61c51b123/screenshot HTTP/1.1
User-Agent: selenium/4.1.2 (java mac)
Cache-Control: no-cache
Content-Type: application/json; charset=utf-8
host: localhost:51971
accept: */*

Response DefaultHttpResponse(decodeResult: success, version: HTTP/1.1)
HTTP/1.1 200 OK
Content-Type: application/json; charset=utf-8
cache-control: no-cache
content-length: 100460

07:48:44.106 [AsyncHttpClient-1-5] DEBUG org.asynchttpclient.netty.channel.ChannelManager - Adding key: http://localhost:51971 for channel [id: 0x08208dcc, L:/127.0.0.1:49908 - R:localhost/127.0.0.1:51971]
07:48:44.114 [main] DEBUG net.serenitybdd.core.photography.Darkroom - Send negative for processing for target/site/serenity/e54ce678daf49afa3132c7f217056e79fbc42392113ac3a38a0aee1ae983b1ce.png
07:48:44.114 [Darkroom Processing Line] DEBUG net.serenitybdd.core.photography.DarkroomProcessingLine - Processing screenshot image in /var/screenshots/screenshot-4839111355372376942
07:48:44.114 [main] DEBUG net.thucydides.core.steps.StepInterceptor - STEP DONE: {0} enters #theTextAsAString into #target
07:48:44.114 [Darkroom Processing Line] DEBUG net.serenitybdd.core.photography.DarkroomProcessingLine - Saving screenshot to target/site/serenity/e54ce678daf49afa3132c7f217056e79fbc42392113ac3a38a0aee1ae983b1ce.png
07:48:44.123 [main] DEBUG net.thucydides.core.steps.StepInterceptor - STEP DONE: !#title
07:48:44.129 [main] DEBUG net.thucydides.core.steps.StepInterceptor - STARTING STEP: PIMStepDef.addEmployee - !#title
07:48:44.136 [main] DEBUG net.thucydides.core.steps.StepInterceptor - STARTING STEP: PIMStepDef.addEmployee - {0} clicks on #target
07:48:44.136 [main] DEBUG net.serenitybdd.screenplay.targets.IFrameSwitcher - default content already selected for save button
07:48:44.144 [Forwarding findElement on session 97c7dd19e921f0e5576175a61c51b123 to remote] DEBUG org.asynchttpclient.netty.request.NettyRequestSender - Using pooled Channel '[id: 0x08208dcc, L:/127.0.0.1:49908 - R:localhost/127.0.0.1:51971]' for 'POST' to 'http://localhost:51971/session/97c7dd19e921f0e5576175a61c51b123/element'
07:48:44.145 [Forwarding findElement on session 97c7dd19e921f0e5576175a61c51b123 to remote] DEBUG org.asynchttpclient.netty.request.NettyRequestSender - Using open Channel [id: 0x08208dcc, L:/127.0.0.1:49908 - R:localhost/127.0.0.1:51971] for POST '/session/97c7dd19e921f0e5576175a61c51b123/element'
07:48:44.158 [AsyncHttpClient-1-5] DEBUG org.asynchttpclient.netty.handler.HttpHandler - 

Request DefaultHttpRequest(decodeResult: success, version: HTTP/1.1)
POST /session/97c7dd19e921f0e5576175a61c51b123/element HTTP/1.1
User-Agent: selenium/4.1.2 (java mac)
Content-Length: 52
Content-Type: application/json; charset=utf-8
host: localhost:51971
accept: */*

Response DefaultHttpResponse(decodeResult: success, version: HTTP/1.1)
HTTP/1.1 200 OK
Content-Type: application/json; charset=utf-8
cache-control: no-cache
content-length: 88

07:48:44.158 [AsyncHttpClient-1-5] DEBUG org.asynchttpclient.netty.channel.ChannelManager - Adding key: http://localhost:51971 for channel [id: 0x08208dcc, L:/127.0.0.1:49908 - R:localhost/127.0.0.1:51971]
07:48:44.169 [Forwarding isElementDisplayed on session 97c7dd19e921f0e5576175a61c51b123 to remote] DEBUG org.asynchttpclient.netty.request.NettyRequestSender - Using pooled Channel '[id: 0x08208dcc, L:/127.0.0.1:49908 - R:localhost/127.0.0.1:51971]' for 'POST' to 'http://localhost:51971/session/97c7dd19e921f0e5576175a61c51b123/execute/sync'
07:48:44.169 [Forwarding isElementDisplayed on session 97c7dd19e921f0e5576175a61c51b123 to remote] DEBUG org.asynchttpclient.netty.request.NettyRequestSender - Using open Channel [id: 0x08208dcc, L:/127.0.0.1:49908 - R:localhost/127.0.0.1:51971] for POST '/session/97c7dd19e921f0e5576175a61c51b123/execute/sync'
07:48:44.186 [AsyncHttpClient-1-5] DEBUG org.asynchttpclient.netty.handler.HttpHandler - 

Request DefaultHttpRequest(decodeResult: success, version: HTTP/1.1)
POST /session/97c7dd19e921f0e5576175a61c51b123/execute/sync HTTP/1.1
User-Agent: selenium/4.1.2 (java mac)
Content-Length: 48780
Content-Type: application/json; charset=utf-8
host: localhost:51971
accept: */*

Response DefaultHttpResponse(decodeResult: success, version: HTTP/1.1)
HTTP/1.1 200 OK
Content-Type: application/json; charset=utf-8
cache-control: no-cache
content-length: 14

07:48:44.187 [AsyncHttpClient-1-5] DEBUG org.asynchttpclient.netty.channel.ChannelManager - Adding key: http://localhost:51971 for channel [id: 0x08208dcc, L:/127.0.0.1:49908 - R:localhost/127.0.0.1:51971]
07:48:44.192 [Forwarding findElement on session 97c7dd19e921f0e5576175a61c51b123 to remote] DEBUG org.asynchttpclient.netty.request.NettyRequestSender - Using pooled Channel '[id: 0x08208dcc, L:/127.0.0.1:49908 - R:localhost/127.0.0.1:51971]' for 'POST' to 'http://localhost:51971/session/97c7dd19e921f0e5576175a61c51b123/element'
07:48:44.192 [Forwarding findElement on session 97c7dd19e921f0e5576175a61c51b123 to remote] DEBUG org.asynchttpclient.netty.request.NettyRequestSender - Using open Channel [id: 0x08208dcc, L:/127.0.0.1:49908 - R:localhost/127.0.0.1:51971] for POST '/session/97c7dd19e921f0e5576175a61c51b123/element'
07:48:44.324 [AsyncHttpClient-1-5] DEBUG org.asynchttpclient.netty.handler.HttpHandler - 

Request DefaultHttpRequest(decodeResult: success, version: HTTP/1.1)
POST /session/97c7dd19e921f0e5576175a61c51b123/element HTTP/1.1
User-Agent: selenium/4.1.2 (java mac)
Content-Length: 52
Content-Type: application/json; charset=utf-8
host: localhost:51971
accept: */*

Response DefaultHttpResponse(decodeResult: success, version: HTTP/1.1)
HTTP/1.1 200 OK
Content-Type: application/json; charset=utf-8
cache-control: no-cache
content-length: 88

07:48:44.324 [AsyncHttpClient-1-5] DEBUG org.asynchttpclient.netty.channel.ChannelManager - Adding key: http://localhost:51971 for channel [id: 0x08208dcc, L:/127.0.0.1:49908 - R:localhost/127.0.0.1:51971]
07:48:44.327 [Forwarding clickElement on session 97c7dd19e921f0e5576175a61c51b123 to remote] DEBUG org.asynchttpclient.netty.request.NettyRequestSender - Using pooled Channel '[id: 0x08208dcc, L:/127.0.0.1:49908 - R:localhost/127.0.0.1:51971]' for 'POST' to 'http://localhost:51971/session/97c7dd19e921f0e5576175a61c51b123/element/9b3274c3-34a7-4a4a-9b80-441c9594bd2e/click'
07:48:44.327 [Forwarding clickElement on session 97c7dd19e921f0e5576175a61c51b123 to remote] DEBUG org.asynchttpclient.netty.request.NettyRequestSender - Using open Channel [id: 0x08208dcc, L:/127.0.0.1:49908 - R:localhost/127.0.0.1:51971] for POST '/session/97c7dd19e921f0e5576175a61c51b123/element/9b3274c3-34a7-4a4a-9b80-441c9594bd2e/click'
07:48:44.905 [AsyncHttpClient-1-1] DEBUG org.asynchttpclient.netty.channel.DefaultChannelPool - Entry count for : http://localhost:49910 : 1
07:48:46.005 [AsyncHttpClient-1-1] DEBUG org.asynchttpclient.netty.channel.DefaultChannelPool - Entry count for : http://localhost:49910 : 1
07:48:47.105 [AsyncHttpClient-1-1] DEBUG org.asynchttpclient.netty.channel.DefaultChannelPool - Entry count for : http://localhost:49910 : 1
07:48:47.124 [AsyncHttpClient-1-5] DEBUG org.asynchttpclient.netty.handler.HttpHandler - 

Request DefaultHttpRequest(decodeResult: success, version: HTTP/1.1)
POST /session/97c7dd19e921f0e5576175a61c51b123/element/9b3274c3-34a7-4a4a-9b80-441c9594bd2e/click HTTP/1.1
User-Agent: selenium/4.1.2 (java mac)
Content-Length: 50
Content-Type: application/json; charset=utf-8
host: localhost:51971
accept: */*

Response DefaultHttpResponse(decodeResult: success, version: HTTP/1.1)
HTTP/1.1 200 OK
Content-Type: application/json; charset=utf-8
cache-control: no-cache
content-length: 14

07:48:47.124 [AsyncHttpClient-1-5] DEBUG org.asynchttpclient.netty.channel.ChannelManager - Adding key: http://localhost:51971 for channel [id: 0x08208dcc, L:/127.0.0.1:49908 - R:localhost/127.0.0.1:51971]
07:48:47.135 [Forwarding screenshot on session 97c7dd19e921f0e5576175a61c51b123 to remote] DEBUG org.asynchttpclient.netty.request.NettyRequestSender - Using pooled Channel '[id: 0x08208dcc, L:/127.0.0.1:49908 - R:localhost/127.0.0.1:51971]' for 'GET' to 'http://localhost:51971/session/97c7dd19e921f0e5576175a61c51b123/screenshot'
07:48:47.135 [Forwarding screenshot on session 97c7dd19e921f0e5576175a61c51b123 to remote] DEBUG org.asynchttpclient.netty.request.NettyRequestSender - Using open Channel [id: 0x08208dcc, L:/127.0.0.1:49908 - R:localhost/127.0.0.1:51971] for GET '/session/97c7dd19e921f0e5576175a61c51b123/screenshot'
07:48:47.263 [AsyncHttpClient-1-5] DEBUG org.asynchttpclient.netty.handler.HttpHandler - 

Request DefaultFullHttpRequest(decodeResult: success, version: HTTP/1.1, content: EmptyByteBufBE)
GET /session/97c7dd19e921f0e5576175a61c51b123/screenshot HTTP/1.1
User-Agent: selenium/4.1.2 (java mac)
Cache-Control: no-cache
Content-Type: application/json; charset=utf-8
host: localhost:51971
accept: */*

Response DefaultHttpResponse(decodeResult: success, version: HTTP/1.1)
HTTP/1.1 200 OK
Content-Type: application/json; charset=utf-8
cache-control: no-cache
content-length: 128820

07:48:47.264 [AsyncHttpClient-1-5] DEBUG org.asynchttpclient.netty.channel.ChannelManager - Adding key: http://localhost:51971 for channel [id: 0x08208dcc, L:/127.0.0.1:49908 - R:localhost/127.0.0.1:51971]
07:48:47.273 [main] DEBUG net.serenitybdd.core.photography.Darkroom - Send negative for processing for target/site/serenity/092615312a02c7eb24642e51fac43856df29ebf3702fb0986bf33f20b2a9d7b9.png
07:48:47.273 [main] DEBUG net.thucydides.core.steps.StepInterceptor - STEP DONE: {0} clicks on #target
07:48:47.273 [Darkroom Processing Line] DEBUG net.serenitybdd.core.photography.DarkroomProcessingLine - Processing screenshot image in /var/screenshots/screenshot-7574856905319347598
07:48:47.274 [Darkroom Processing Line] DEBUG net.serenitybdd.core.photography.DarkroomProcessingLine - Saving screenshot to target/site/serenity/092615312a02c7eb24642e51fac43856df29ebf3702fb0986bf33f20b2a9d7b9.png
07:48:47.278 [main] DEBUG net.thucydides.core.steps.StepInterceptor - STEP DONE: !#title
  &amp#27;[32mWhen &amp#27;[0m&amp#27;[32m&amp#27;[0m&amp#27;[32m&amp#27;[1mI&amp#27;[0m&amp#27;[32m add new employee with required field only&amp#27;[0m  &amp#27;[90m# orangehrm.stepdefinitions.PIMStepDef.addEmployee(net.serenitybdd.screenplay.Actor)&amp#27;[0m
07:48:47.298 [main] DEBUG net.thucydides.core.steps.StepInterceptor - STARTING STEP: PIMStepDef.personalDetails - !#title
07:48:47.325 [Forwarding screenshot on session 97c7dd19e921f0e5576175a61c51b123 to remote] DEBUG org.asynchttpclient.netty.request.NettyRequestSender - Using pooled Channel '[id: 0x08208dcc, L:/127.0.0.1:49908 - R:localhost/127.0.0.1:51971]' for 'GET' to 'http://localhost:51971/session/97c7dd19e921f0e5576175a61c51b123/screenshot'
07:48:47.325 [Forwarding screenshot on session 97c7dd19e921f0e5576175a61c51b123 to remote] DEBUG org.asynchttpclient.netty.request.NettyRequestSender - Using open Channel [id: 0x08208dcc, L:/127.0.0.1:49908 - R:localhost/127.0.0.1:51971] for GET '/session/97c7dd19e921f0e5576175a61c51b123/screenshot'
07:48:47.445 [AsyncHttpClient-1-5] DEBUG org.asynchttpclient.netty.handler.HttpHandler - 

Request DefaultFullHttpRequest(decodeResult: success, version: HTTP/1.1, content: EmptyByteBufBE)
GET /session/97c7dd19e921f0e5576175a61c51b123/screenshot HTTP/1.1
User-Agent: selenium/4.1.2 (java mac)
Cache-Control: no-cache
Content-Type: application/json; charset=utf-8
host: localhost:51971
accept: */*

Response DefaultHttpResponse(decodeResult: success, version: HTTP/1.1)
HTTP/1.1 200 OK
Content-Type: application/json; charset=utf-8
cache-control: no-cache
content-length: 128820

07:48:47.445 [AsyncHttpClient-1-5] DEBUG org.asynchttpclient.netty.channel.ChannelManager - Adding key: http://localhost:51971 for channel [id: 0x08208dcc, L:/127.0.0.1:49908 - R:localhost/127.0.0.1:51971]
07:48:47.454 [main] DEBUG net.serenitybdd.core.photography.Darkroom - Send negative for processing for target/site/serenity/092615312a02c7eb24642e51fac43856df29ebf3702fb0986bf33f20b2a9d7b9.png
07:48:47.455 [main] DEBUG net.thucydides.core.steps.StepInterceptor - STARTING STEP: PIMStepDef.personalDetails - {0} should see #description
07:48:47.456 [main] DEBUG net.serenitybdd.screenplay.targets.IFrameSwitcher - default content already selected for personal details
07:48:47.466 [Forwarding findElements on session 97c7dd19e921f0e5576175a61c51b123 to remote] DEBUG org.asynchttpclient.netty.request.NettyRequestSender - Using pooled Channel '[id: 0x08208dcc, L:/127.0.0.1:49908 - R:localhost/127.0.0.1:51971]' for 'POST' to 'http://localhost:51971/session/97c7dd19e921f0e5576175a61c51b123/elements'
07:48:47.466 [Forwarding findElements on session 97c7dd19e921f0e5576175a61c51b123 to remote] DEBUG org.asynchttpclient.netty.request.NettyRequestSender - Using open Channel [id: 0x08208dcc, L:/127.0.0.1:49908 - R:localhost/127.0.0.1:51971] for POST '/session/97c7dd19e921f0e5576175a61c51b123/elements'
07:48:47.493 [AsyncHttpClient-1-5] DEBUG org.asynchttpclient.netty.handler.HttpHandler - 

Request DefaultHttpRequest(decodeResult: success, version: HTTP/1.1)
POST /session/97c7dd19e921f0e5576175a61c51b123/elements HTTP/1.1
User-Agent: selenium/4.1.2 (java mac)
Content-Length: 78
Content-Type: application/json; charset=utf-8
host: localhost:51971
accept: */*

Response DefaultHttpResponse(decodeResult: success, version: HTTP/1.1)
HTTP/1.1 200 OK
Content-Type: application/json; charset=utf-8
cache-control: no-cache
content-length: 90

07:48:47.493 [AsyncHttpClient-1-5] DEBUG org.asynchttpclient.netty.channel.ChannelManager - Adding key: http://localhost:51971 for channel [id: 0x08208dcc, L:/127.0.0.1:49908 - R:localhost/127.0.0.1:51971]
07:48:47.507 [Forwarding isElementDisplayed on session 97c7dd19e921f0e5576175a61c51b123 to remote] DEBUG org.asynchttpclient.netty.request.NettyRequestSender - Using pooled Channel '[id: 0x08208dcc, L:/127.0.0.1:49908 - R:localhost/127.0.0.1:51971]' for 'POST' to 'http://localhost:51971/session/97c7dd19e921f0e5576175a61c51b123/execute/sync'
07:48:47.507 [Forwarding isElementDisplayed on session 97c7dd19e921f0e5576175a61c51b123 to remote] DEBUG org.asynchttpclient.netty.request.NettyRequestSender - Using open Channel [id: 0x08208dcc, L:/127.0.0.1:49908 - R:localhost/127.0.0.1:51971] for POST '/session/97c7dd19e921f0e5576175a61c51b123/execute/sync'
07:48:47.517 [AsyncHttpClient-1-5] DEBUG org.asynchttpclient.netty.handler.HttpHandler - 

Request DefaultHttpRequest(decodeResult: success, version: HTTP/1.1)
POST /session/97c7dd19e921f0e5576175a61c51b123/execute/sync HTTP/1.1
User-Agent: selenium/4.1.2 (java mac)
Content-Length: 48780
Content-Type: application/json; charset=utf-8
host: localhost:51971
accept: */*

Response DefaultHttpResponse(decodeResult: success, version: HTTP/1.1)
HTTP/1.1 200 OK
Content-Type: application/json; charset=utf-8
cache-control: no-cache
content-length: 14

07:48:47.517 [AsyncHttpClient-1-5] DEBUG org.asynchttpclient.netty.channel.ChannelManager - Adding key: http://localhost:51971 for channel [id: 0x08208dcc, L:/127.0.0.1:49908 - R:localhost/127.0.0.1:51971]
07:48:47.522 [Forwarding screenshot on session 97c7dd19e921f0e5576175a61c51b123 to remote] DEBUG org.asynchttpclient.netty.request.NettyRequestSender - Using pooled Channel '[id: 0x08208dcc, L:/127.0.0.1:49908 - R:localhost/127.0.0.1:51971]' for 'GET' to 'http://localhost:51971/session/97c7dd19e921f0e5576175a61c51b123/screenshot'
07:48:47.523 [Forwarding screenshot on session 97c7dd19e921f0e5576175a61c51b123 to remote] DEBUG org.asynchttpclient.netty.request.NettyRequestSender - Using open Channel [id: 0x08208dcc, L:/127.0.0.1:49908 - R:localhost/127.0.0.1:51971] for GET '/session/97c7dd19e921f0e5576175a61c51b123/screenshot'
07:48:47.647 [AsyncHttpClient-1-5] DEBUG org.asynchttpclient.netty.handler.HttpHandler - 

Request DefaultFullHttpRequest(decodeResult: success, version: HTTP/1.1, content: EmptyByteBufBE)
GET /session/97c7dd19e921f0e5576175a61c51b123/screenshot HTTP/1.1
User-Agent: selenium/4.1.2 (java mac)
Cache-Control: no-cache
Content-Type: application/json; charset=utf-8
host: localhost:51971
accept: */*

Response DefaultHttpResponse(decodeResult: success, version: HTTP/1.1)
HTTP/1.1 200 OK
Content-Type: application/json; charset=utf-8
cache-control: no-cache
content-length: 128820

07:48:47.647 [AsyncHttpClient-1-5] DEBUG org.asynchttpclient.netty.channel.ChannelManager - Adding key: http://localhost:51971 for channel [id: 0x08208dcc, L:/127.0.0.1:49908 - R:localhost/127.0.0.1:51971]
07:48:47.654 [main] DEBUG net.serenitybdd.core.photography.Darkroom - Send negative for processing for target/site/serenity/092615312a02c7eb24642e51fac43856df29ebf3702fb0986bf33f20b2a9d7b9.png
07:48:47.654 [main] DEBUG net.thucydides.core.steps.StepInterceptor - STEP DONE: {0} should see #description
07:48:47.659 [main] DEBUG net.thucydides.core.steps.StepInterceptor - STEP DONE: !#title
  &amp#27;[32mThen &amp#27;[0m&amp#27;[32m&amp#27;[0m&amp#27;[32m&amp#27;[1mI&amp#27;[0m&amp#27;[32m can see my Personal Details&amp#27;[0m                &amp#27;[90m# orangehrm.stepdefinitions.PIMStepDef.personalDetails(net.serenitybdd.screenplay.Actor)&amp#27;[0m
07:48:47.665 [main] INFO  - 
  _____   ___   ___   _____     ___     _     ___   ___   ___   ___  
 |_   _| | __| / __| |_   _|   | _ \   /_\   / __| / __| | __| |   \ 
   | |   | _|  \__ \   | |     |  _/  / _ \  \__ \ \__ \ | _|  | |) |
   |_|   |___| |___/   |_|     |_|   /_/ \_\ |___/ |___/ |___| |___/ 

User add Orange HRM employee successfully
----------------------------------------------------------------------
07:48:47.668 [Driver Command Executor] DEBUG org.asynchttpclient.netty.request.NettyRequestSender - Using pooled Channel '[id: 0x08208dcc, L:/127.0.0.1:49908 - R:localhost/127.0.0.1:51971]' for 'DELETE' to 'http://localhost:51971/session/97c7dd19e921f0e5576175a61c51b123'
07:48:47.668 [Driver Command Executor] DEBUG org.asynchttpclient.netty.request.NettyRequestSender - Using open Channel [id: 0x08208dcc, L:/127.0.0.1:49908 - R:localhost/127.0.0.1:51971] for DELETE '/session/97c7dd19e921f0e5576175a61c51b123'
07:48:47.668 [AsyncHttpClient-1-7] DEBUG org.asynchttpclient.netty.handler.WebSocketHandler - Channel Closed: [id: 0xa3665aa2, L:/127.0.0.1:49915 ! R:localhost/127.0.0.1:49910] with attribute NettyResponseFuture{currentRetry=5,
	isDone=1,
	isCancelled=0,
	asyncHandler=org.asynchttpclient.ws.WebSocketUpgradeHandler@4909da63,
	nettyRequest=org.asynchttpclient.netty.request.NettyRequest@c0b5d26,
	future=java.util.concurrent.CompletableFuture@423c0c9d[Completed normally],
	uri=ws://localhost:49910/devtools/browser/f439e371-c7d4-43af-a1b5-67743c429269,
	keepAlive=true,
	redirectCount=0,
	timeoutsHolder=null,
	inAuth=0,
	touch=1650070106948}
07:48:47.668 [AsyncHttpClient-1-7] DEBUG org.asynchttpclient.netty.channel.ChannelManager - Closing Channel [id: 0xa3665aa2, L:/127.0.0.1:49915 ! R:localhost/127.0.0.1:49910] 
07:48:47.713 [AsyncHttpClient-1-6] DEBUG org.asynchttpclient.netty.handler.HttpHandler - Channel Closed: [id: 0x1465d749, L:/127.0.0.1:49914 ! R:localhost/127.0.0.1:49910] with attribute DISCARD
07:48:47.735 [AsyncHttpClient-1-5] DEBUG org.asynchttpclient.netty.handler.HttpHandler - 

Request DefaultFullHttpRequest(decodeResult: success, version: HTTP/1.1, content: EmptyByteBufBE)
DELETE /session/97c7dd19e921f0e5576175a61c51b123 HTTP/1.1
User-Agent: selenium/4.1.2 (java mac)
Content-Type: application/json; charset=utf-8
host: localhost:51971
accept: */*

Response DefaultHttpResponse(decodeResult: success, version: HTTP/1.1)
HTTP/1.1 200 OK
Content-Type: application/json; charset=utf-8
cache-control: no-cache
content-length: 14

07:48:47.736 [AsyncHttpClient-1-5] DEBUG org.asynchttpclient.netty.channel.ChannelManager - Adding key: http://localhost:51971 for channel [id: 0x08208dcc, L:/127.0.0.1:49908 - R:localhost/127.0.0.1:51971]
07:48:47.820 [AsyncHttpClient-1-5] DEBUG org.asynchttpclient.netty.handler.HttpHandler - Channel Closed: [id: 0x08208dcc, L:/127.0.0.1:49908 ! R:localhost/127.0.0.1:51971] with attribute DISCARD
]]></system-out>
    <system-err><![CDATA[Starting ChromeDriver 100.0.4896.60 (6a5d10861ce8de5fce22564658033b43cb7de047-refs/branch-heads/4896@{#875}) on port 51971
Only local connections are allowed.
Please see https://chromedriver.chromium.org/security-considerations for suggestions on keeping ChromeDriver safe.
ChromeDriver was started successfully.
Apr 16, 2022 7:48:26 AM org.openqa.selenium.remote.ProtocolHandshake createSession
INFO: Detected dialect: W3C
Apr 16, 2022 7:48:26 AM org.openqa.selenium.devtools.CdpVersionFinder findNearestMatch
WARNING: Unable to find an exact match for CDP version 100, so returning the closest version found: 97
Apr 16, 2022 7:48:26 AM org.openqa.selenium.devtools.CdpVersionFinder findNearestMatch
INFO: Found CDP implementation for version 100 of 97
]]></system-err>
  </testcase>
  <testcase name="User read Orange HRM employee list successfully" classname="Orange HRM - CRUD Employee Data" time="18.229">
    <system-out><![CDATA[
@All @allorangehrm @hrmcrud @hrmread
Scenario: User read Orange HRM employee list successfully &amp#27;[90m# src/test/resources/features/orangehrm/crud.feature:16&amp#27;[0m
07:48:47.858 [main] INFO io.cucumber.core.plugin.SerenityReporter - Running feature from file:///Users/anugerahfadillah/QE-batch3-practice/src/test/resources/features/orangehrm/crud.feature
07:48:47.861 [main] INFO  - 
  _____   ___   ___   _____     ___   _____     _     ___   _____   ___   ___  
 |_   _| | __| / __| |_   _|   / __| |_   _|   /_\   | _ \ |_   _| | __| |   \ 
   | |   | _|  \__ \   | |     \__ \   | |    / _ \  |   /   | |   | _|  | |) |
   |_|   |___| |___/   |_|     |___/   |_|   /_/ \_\ |_|_\   |_|   |___| |___/ 

User read Orange HRM employee list successfully(orange-hrm---crud-employee-data;user-read-orange-hrm-employee-list-successfully)
--------------------------------------------------------------------------------
07:48:47.906 [main] DEBUG net.thucydides.core.steps.StepInterceptor - STARTING STEP: loginStepDef.loadHRMLoginPage - !#title
07:48:47.913 [main] DEBUG net.thucydides.core.steps.StepInterceptor - STARTING STEP: loginStepDef.loadHRMLoginPage - {0} opens the #targetPageName
07:48:47.918 [main] INFO net.serenitybdd.core.webdriver.driverproviders.ChromeDriverProvider - Using automatically driver download
07:48:48.067 [main] DEBUG io.github.bonigarcia.wdm.cache.ResolutionCache - Resolution chrome=100 in cache (valid until 08:47:48 16/04/2022 WIB)
07:48:48.074 [main] DEBUG io.github.bonigarcia.wdm.cache.ResolutionCache - Resolution chrome100=100.0.4896.60 in cache (valid until 21:00:52 16/04/2022 WIB)
07:48:48.077 [main] INFO io.github.bonigarcia.wdm.WebDriverManager - Using chromedriver 100.0.4896.60 (resolved driver for Chrome 100)
07:48:48.088 [main] DEBUG io.github.bonigarcia.wdm.WebDriverManager - Driver chromedriver 100.0.4896.60 found in cache
07:48:48.089 [main] INFO io.github.bonigarcia.wdm.WebDriverManager - Exporting webdriver.chrome.driver as /Users/anugerahfadillah/.cache/selenium/chromedriver/mac64/100.0.4896.60/chromedriver
07:48:48.205 [AsyncHttpClient-1-1] DEBUG org.asynchttpclient.netty.channel.DefaultChannelPool - Entry count for : http://localhost:49910 : 1
07:48:48.205 [AsyncHttpClient-1-1] DEBUG org.asynchttpclient.netty.channel.DefaultChannelPool - Entry count for : http://localhost:51971 : 1
07:48:48.206 [AsyncHttpClient-1-1] DEBUG org.asynchttpclient.netty.channel.DefaultChannelPool - Adding Candidate expired Channel [id: 0x1465d749, L:/127.0.0.1:49914 ! R:localhost/127.0.0.1:49910] isIdleTimeoutExpired=false isRemotelyClosed=true isTtlExpired=false
07:48:48.206 [AsyncHttpClient-1-1] DEBUG org.asynchttpclient.netty.channel.DefaultChannelPool - Closing Idle Channel [id: 0x1465d749, L:/127.0.0.1:49914 ! R:localhost/127.0.0.1:49910]
07:48:48.206 [AsyncHttpClient-1-1] DEBUG org.asynchttpclient.netty.channel.DefaultChannelPool - Adding Candidate expired Channel [id: 0x08208dcc, L:/127.0.0.1:49908 ! R:localhost/127.0.0.1:51971] isIdleTimeoutExpired=false isRemotelyClosed=true isTtlExpired=false
07:48:48.206 [AsyncHttpClient-1-1] DEBUG org.asynchttpclient.netty.channel.DefaultChannelPool - Closing Idle Channel [id: 0x08208dcc, L:/127.0.0.1:49908 ! R:localhost/127.0.0.1:51971]
07:48:48.206 [AsyncHttpClient-1-1] DEBUG org.asynchttpclient.netty.channel.DefaultChannelPool - Closed 2 connections out of 2 in 0 ms
07:48:48.230 [main] DEBUG net.serenitybdd.core.webdriver.driverproviders.ProvideNewDriver - Instantiating driver
07:48:48.230 [main] DEBUG net.serenitybdd.core.webdriver.driverproviders.ProvideNewDriver - Driver capabilities: Capabilities {acceptInsecureCerts: false, base.url: , browserName: chrome, goog:chromeOptions: {args: [], extensions: []}}
07:48:48.348 [AsyncHttpClient-1-8] DEBUG org.asynchttpclient.netty.channel.NettyConnectListener - Using new Channel '[id: 0x7fc4a3c0, L:/127.0.0.1:49930 - R:localhost/127.0.0.1:58814]' for 'POST' to '/session'
07:48:50.827 [AsyncHttpClient-1-8] DEBUG org.asynchttpclient.netty.handler.HttpHandler - 

Request DefaultHttpRequest(decodeResult: success, version: HTTP/1.1)
POST /session HTTP/1.1
User-Agent: selenium/4.1.2 (java mac)
Content-Length: 457
Content-Type: application/json; charset=utf-8
host: localhost:58814
accept: */*

Response DefaultHttpResponse(decodeResult: success, version: HTTP/1.1)
HTTP/1.1 200 OK
Content-Type: application/json; charset=utf-8
cache-control: no-cache
content-length: 799

07:48:50.827 [AsyncHttpClient-1-8] DEBUG org.asynchttpclient.netty.channel.ChannelManager - Adding key: http://localhost:58814 for channel [id: 0x7fc4a3c0, L:/127.0.0.1:49930 - R:localhost/127.0.0.1:58814]
07:48:50.839 [AsyncHttpClient-1-9] DEBUG org.asynchttpclient.netty.channel.NettyConnectListener - Using new Channel '[id: 0x2e51e8b9, L:/127.0.0.1:49935 - R:localhost/127.0.0.1:49931]' for 'GET' to '/json/version'
07:48:50.841 [AsyncHttpClient-1-9] DEBUG org.asynchttpclient.netty.handler.HttpHandler - 

Request DefaultFullHttpRequest(decodeResult: success, version: HTTP/1.1, content: EmptyByteBufBE)
GET /json/version HTTP/1.1
User-Agent: selenium/4.1.2 (java mac)
host: localhost:49931
accept: */*

Response DefaultHttpResponse(decodeResult: success, version: HTTP/1.1)
HTTP/1.1 200 OK
Content-Type: application/json; charset=UTF-8
content-length: 425

07:48:50.842 [AsyncHttpClient-1-9] DEBUG org.asynchttpclient.netty.channel.ChannelManager - Adding key: http://localhost:49931 for channel [id: 0x2e51e8b9, L:/127.0.0.1:49935 - R:localhost/127.0.0.1:49931]
07:48:50.846 [AsyncHttpClient-1-2] DEBUG org.asynchttpclient.netty.channel.NettyConnectListener - Using new Channel '[id: 0xd1bfa8b9, L:/127.0.0.1:49936 - R:localhost/127.0.0.1:49931]' for 'GET' to '/devtools/browser/b8d70142-9a6b-4739-838e-28a005fb7f7a'
07:48:50.848 [AsyncHttpClient-1-2] DEBUG org.asynchttpclient.netty.handler.WebSocketHandler - 

Request DefaultFullHttpRequest(decodeResult: success, version: HTTP/1.1, content: EmptyByteBufBE)
GET /devtools/browser/b8d70142-9a6b-4739-838e-28a005fb7f7a HTTP/1.1
upgrade: websocket
connection: upgrade
sec-websocket-key: UsuYg1dXr87qpd3I4HHM7A==
sec-websocket-version: 13
origin: http://localhost:49931
host: localhost:49931
accept: */*
user-agent: AHC/2.1

Response DefaultHttpResponse(decodeResult: success, version: HTTP/1.1)
HTTP/1.1 101 WebSocket Protocol Handshake
Upgrade: WebSocket
Connection: Upgrade
Sec-WebSocket-Accept: PNbzndPF6B8Bu9q322oVZ1jrLoc=

07:48:50.858 [Forwarding get on session 8b385b81cf141039dcfb6c4664edf9c7 to remote] DEBUG org.asynchttpclient.netty.request.NettyRequestSender - Using pooled Channel '[id: 0x7fc4a3c0, L:/127.0.0.1:49930 - R:localhost/127.0.0.1:58814]' for 'POST' to 'http://localhost:58814/session/8b385b81cf141039dcfb6c4664edf9c7/url'
07:48:50.858 [Forwarding get on session 8b385b81cf141039dcfb6c4664edf9c7 to remote] DEBUG org.asynchttpclient.netty.request.NettyRequestSender - Using open Channel [id: 0x7fc4a3c0, L:/127.0.0.1:49930 - R:localhost/127.0.0.1:58814] for POST '/session/8b385b81cf141039dcfb6c4664edf9c7/url'
07:48:51.508 [AsyncHttpClient-1-1] DEBUG org.asynchttpclient.netty.channel.DefaultChannelPool - Entry count for : http://localhost:49931 : 1
07:48:52.609 [AsyncHttpClient-1-1] DEBUG org.asynchttpclient.netty.channel.DefaultChannelPool - Entry count for : http://localhost:49931 : 1
07:48:53.705 [AsyncHttpClient-1-1] DEBUG org.asynchttpclient.netty.channel.DefaultChannelPool - Entry count for : http://localhost:49931 : 1
07:48:54.809 [AsyncHttpClient-1-1] DEBUG org.asynchttpclient.netty.channel.DefaultChannelPool - Entry count for : http://localhost:49931 : 1
07:48:55.530 [AsyncHttpClient-1-8] DEBUG org.asynchttpclient.netty.handler.HttpHandler - 

Request DefaultHttpRequest(decodeResult: success, version: HTTP/1.1)
POST /session/8b385b81cf141039dcfb6c4664edf9c7/url HTTP/1.1
User-Agent: selenium/4.1.2 (java mac)
Content-Length: 72
Content-Type: application/json; charset=utf-8
host: localhost:58814
accept: */*

Response DefaultHttpResponse(decodeResult: success, version: HTTP/1.1)
HTTP/1.1 200 OK
Content-Type: application/json; charset=utf-8
cache-control: no-cache
content-length: 14

07:48:55.530 [AsyncHttpClient-1-8] DEBUG org.asynchttpclient.netty.channel.ChannelManager - Adding key: http://localhost:58814 for channel [id: 0x7fc4a3c0, L:/127.0.0.1:49930 - R:localhost/127.0.0.1:58814]
07:48:55.532 [Forwarding setTimeout on session 8b385b81cf141039dcfb6c4664edf9c7 to remote] DEBUG org.asynchttpclient.netty.request.NettyRequestSender - Using pooled Channel '[id: 0x7fc4a3c0, L:/127.0.0.1:49930 - R:localhost/127.0.0.1:58814]' for 'POST' to 'http://localhost:58814/session/8b385b81cf141039dcfb6c4664edf9c7/timeouts'
07:48:55.532 [Forwarding setTimeout on session 8b385b81cf141039dcfb6c4664edf9c7 to remote] DEBUG org.asynchttpclient.netty.request.NettyRequestSender - Using open Channel [id: 0x7fc4a3c0, L:/127.0.0.1:49930 - R:localhost/127.0.0.1:58814] for POST '/session/8b385b81cf141039dcfb6c4664edf9c7/timeouts'
07:48:55.533 [AsyncHttpClient-1-8] DEBUG org.asynchttpclient.netty.handler.HttpHandler - 

Request DefaultHttpRequest(decodeResult: success, version: HTTP/1.1)
POST /session/8b385b81cf141039dcfb6c4664edf9c7/timeouts HTTP/1.1
User-Agent: selenium/4.1.2 (java mac)
Content-Length: 22
Content-Type: application/json; charset=utf-8
host: localhost:58814
accept: */*

Response DefaultHttpResponse(decodeResult: success, version: HTTP/1.1)
HTTP/1.1 200 OK
Content-Type: application/json; charset=utf-8
cache-control: no-cache
content-length: 14

07:48:55.534 [AsyncHttpClient-1-8] DEBUG org.asynchttpclient.netty.channel.ChannelManager - Adding key: http://localhost:58814 for channel [id: 0x7fc4a3c0, L:/127.0.0.1:49930 - R:localhost/127.0.0.1:58814]
07:48:55.536 [Forwarding getCurrentUrl on session 8b385b81cf141039dcfb6c4664edf9c7 to remote] DEBUG org.asynchttpclient.netty.request.NettyRequestSender - Using pooled Channel '[id: 0x7fc4a3c0, L:/127.0.0.1:49930 - R:localhost/127.0.0.1:58814]' for 'GET' to 'http://localhost:58814/session/8b385b81cf141039dcfb6c4664edf9c7/url'
07:48:55.537 [Forwarding getCurrentUrl on session 8b385b81cf141039dcfb6c4664edf9c7 to remote] DEBUG org.asynchttpclient.netty.request.NettyRequestSender - Using open Channel [id: 0x7fc4a3c0, L:/127.0.0.1:49930 - R:localhost/127.0.0.1:58814] for GET '/session/8b385b81cf141039dcfb6c4664edf9c7/url'
07:48:55.543 [AsyncHttpClient-1-8] DEBUG org.asynchttpclient.netty.handler.HttpHandler - 

Request DefaultFullHttpRequest(decodeResult: success, version: HTTP/1.1, content: EmptyByteBufBE)
GET /session/8b385b81cf141039dcfb6c4664edf9c7/url HTTP/1.1
User-Agent: selenium/4.1.2 (java mac)
Cache-Control: no-cache
Content-Type: application/json; charset=utf-8
host: localhost:58814
accept: */*

Response DefaultHttpResponse(decodeResult: success, version: HTTP/1.1)
HTTP/1.1 200 OK
Content-Type: application/json; charset=utf-8
cache-control: no-cache
content-length: 54

07:48:55.544 [AsyncHttpClient-1-8] DEBUG org.asynchttpclient.netty.channel.ChannelManager - Adding key: http://localhost:58814 for channel [id: 0x7fc4a3c0, L:/127.0.0.1:49930 - R:localhost/127.0.0.1:58814]
07:48:55.546 [Forwarding getCurrentUrl on session 8b385b81cf141039dcfb6c4664edf9c7 to remote] DEBUG org.asynchttpclient.netty.request.NettyRequestSender - Using pooled Channel '[id: 0x7fc4a3c0, L:/127.0.0.1:49930 - R:localhost/127.0.0.1:58814]' for 'GET' to 'http://localhost:58814/session/8b385b81cf141039dcfb6c4664edf9c7/url'
07:48:55.546 [Forwarding getCurrentUrl on session 8b385b81cf141039dcfb6c4664edf9c7 to remote] DEBUG org.asynchttpclient.netty.request.NettyRequestSender - Using open Channel [id: 0x7fc4a3c0, L:/127.0.0.1:49930 - R:localhost/127.0.0.1:58814] for GET '/session/8b385b81cf141039dcfb6c4664edf9c7/url'
07:48:55.549 [AsyncHttpClient-1-8] DEBUG org.asynchttpclient.netty.handler.HttpHandler - 

Request DefaultFullHttpRequest(decodeResult: success, version: HTTP/1.1, content: EmptyByteBufBE)
GET /session/8b385b81cf141039dcfb6c4664edf9c7/url HTTP/1.1
User-Agent: selenium/4.1.2 (java mac)
Cache-Control: no-cache
Content-Type: application/json; charset=utf-8
host: localhost:58814
accept: */*

Response DefaultHttpResponse(decodeResult: success, version: HTTP/1.1)
HTTP/1.1 200 OK
Content-Type: application/json; charset=utf-8
cache-control: no-cache
content-length: 54

07:48:55.550 [AsyncHttpClient-1-8] DEBUG org.asynchttpclient.netty.channel.ChannelManager - Adding key: http://localhost:58814 for channel [id: 0x7fc4a3c0, L:/127.0.0.1:49930 - R:localhost/127.0.0.1:58814]
07:48:55.556 [Forwarding screenshot on session 8b385b81cf141039dcfb6c4664edf9c7 to remote] DEBUG org.asynchttpclient.netty.request.NettyRequestSender - Using pooled Channel '[id: 0x7fc4a3c0, L:/127.0.0.1:49930 - R:localhost/127.0.0.1:58814]' for 'GET' to 'http://localhost:58814/session/8b385b81cf141039dcfb6c4664edf9c7/screenshot'
07:48:55.556 [Forwarding screenshot on session 8b385b81cf141039dcfb6c4664edf9c7 to remote] DEBUG org.asynchttpclient.netty.request.NettyRequestSender - Using open Channel [id: 0x7fc4a3c0, L:/127.0.0.1:49930 - R:localhost/127.0.0.1:58814] for GET '/session/8b385b81cf141039dcfb6c4664edf9c7/screenshot'
07:48:55.708 [AsyncHttpClient-1-8] DEBUG org.asynchttpclient.netty.handler.HttpHandler - 

Request DefaultFullHttpRequest(decodeResult: success, version: HTTP/1.1, content: EmptyByteBufBE)
GET /session/8b385b81cf141039dcfb6c4664edf9c7/screenshot HTTP/1.1
User-Agent: selenium/4.1.2 (java mac)
Cache-Control: no-cache
Content-Type: application/json; charset=utf-8
host: localhost:58814
accept: */*

Response DefaultHttpResponse(decodeResult: success, version: HTTP/1.1)
HTTP/1.1 200 OK
Content-Type: application/json; charset=utf-8
cache-control: no-cache
content-length: 143140

07:48:55.709 [AsyncHttpClient-1-8] DEBUG org.asynchttpclient.netty.channel.ChannelManager - Adding key: http://localhost:58814 for channel [id: 0x7fc4a3c0, L:/127.0.0.1:49930 - R:localhost/127.0.0.1:58814]
07:48:55.715 [main] DEBUG net.serenitybdd.core.photography.Darkroom - Send negative for processing for target/site/serenity/76785b2408e6a627f821a689391526f77de9b66ea7150de038c15a6f1cdb7b4d.png
07:48:55.716 [main] DEBUG net.thucydides.core.steps.StepInterceptor - STEP DONE: {0} opens the #targetPageName
07:48:55.720 [main] DEBUG net.thucydides.core.steps.StepInterceptor - STEP DONE: !#title
  &amp#27;[32mGiven &amp#27;[0m&amp#27;[32m&amp#27;[0m&amp#27;[32m&amp#27;[1mI&amp#27;[0m&amp#27;[32m open Orange HRM login page&amp#27;[0m                      &amp#27;[90m# orangehrm.stepdefinitions.loginStepDef.loadHRMLoginPage(net.serenitybdd.screenplay.Actor)&amp#27;[0m
07:48:55.742 [main] DEBUG net.thucydides.core.steps.StepInterceptor - STARTING STEP: loginStepDef.inputCredential - !#title
07:48:55.749 [main] DEBUG net.thucydides.core.steps.StepInterceptor - STARTING STEP: loginStepDef.inputCredential - {0} enters #theTextAsAString into #target
07:48:55.750 [main] DEBUG net.serenitybdd.screenplay.targets.IFrameSwitcher - default content already selected for username field
07:48:55.753 [Forwarding findElement on session 8b385b81cf141039dcfb6c4664edf9c7 to remote] DEBUG org.asynchttpclient.netty.request.NettyRequestSender - Using pooled Channel '[id: 0x7fc4a3c0, L:/127.0.0.1:49930 - R:localhost/127.0.0.1:58814]' for 'POST' to 'http://localhost:58814/session/8b385b81cf141039dcfb6c4664edf9c7/element'
07:48:55.754 [Forwarding findElement on session 8b385b81cf141039dcfb6c4664edf9c7 to remote] DEBUG org.asynchttpclient.netty.request.NettyRequestSender - Using open Channel [id: 0x7fc4a3c0, L:/127.0.0.1:49930 - R:localhost/127.0.0.1:58814] for POST '/session/8b385b81cf141039dcfb6c4664edf9c7/element'
07:48:55.765 [AsyncHttpClient-1-8] DEBUG org.asynchttpclient.netty.handler.HttpHandler - 

Request DefaultHttpRequest(decodeResult: success, version: HTTP/1.1)
POST /session/8b385b81cf141039dcfb6c4664edf9c7/element HTTP/1.1
User-Agent: selenium/4.1.2 (java mac)
Content-Length: 56
Content-Type: application/json; charset=utf-8
host: localhost:58814
accept: */*

Response DefaultHttpResponse(decodeResult: success, version: HTTP/1.1)
HTTP/1.1 200 OK
Content-Type: application/json; charset=utf-8
cache-control: no-cache
content-length: 88

07:48:55.765 [AsyncHttpClient-1-8] DEBUG org.asynchttpclient.netty.channel.ChannelManager - Adding key: http://localhost:58814 for channel [id: 0x7fc4a3c0, L:/127.0.0.1:49930 - R:localhost/127.0.0.1:58814]
07:48:55.767 [Forwarding clearElement on session 8b385b81cf141039dcfb6c4664edf9c7 to remote] DEBUG org.asynchttpclient.netty.request.NettyRequestSender - Using pooled Channel '[id: 0x7fc4a3c0, L:/127.0.0.1:49930 - R:localhost/127.0.0.1:58814]' for 'POST' to 'http://localhost:58814/session/8b385b81cf141039dcfb6c4664edf9c7/element/223669bb-1f7a-46fa-96b4-4831da8c195e/clear'
07:48:55.767 [Forwarding clearElement on session 8b385b81cf141039dcfb6c4664edf9c7 to remote] DEBUG org.asynchttpclient.netty.request.NettyRequestSender - Using open Channel [id: 0x7fc4a3c0, L:/127.0.0.1:49930 - R:localhost/127.0.0.1:58814] for POST '/session/8b385b81cf141039dcfb6c4664edf9c7/element/223669bb-1f7a-46fa-96b4-4831da8c195e/clear'
07:48:55.801 [AsyncHttpClient-1-8] DEBUG org.asynchttpclient.netty.handler.HttpHandler - 

Request DefaultHttpRequest(decodeResult: success, version: HTTP/1.1)
POST /session/8b385b81cf141039dcfb6c4664edf9c7/element/223669bb-1f7a-46fa-96b4-4831da8c195e/clear HTTP/1.1
User-Agent: selenium/4.1.2 (java mac)
Content-Length: 50
Content-Type: application/json; charset=utf-8
host: localhost:58814
accept: */*

Response DefaultHttpResponse(decodeResult: success, version: HTTP/1.1)
HTTP/1.1 200 OK
Content-Type: application/json; charset=utf-8
cache-control: no-cache
content-length: 14

07:48:55.801 [AsyncHttpClient-1-8] DEBUG org.asynchttpclient.netty.channel.ChannelManager - Adding key: http://localhost:58814 for channel [id: 0x7fc4a3c0, L:/127.0.0.1:49930 - R:localhost/127.0.0.1:58814]
07:48:55.804 [Forwarding sendKeysToElement on session 8b385b81cf141039dcfb6c4664edf9c7 to remote] DEBUG org.asynchttpclient.netty.request.NettyRequestSender - Using pooled Channel '[id: 0x7fc4a3c0, L:/127.0.0.1:49930 - R:localhost/127.0.0.1:58814]' for 'POST' to 'http://localhost:58814/session/8b385b81cf141039dcfb6c4664edf9c7/element/223669bb-1f7a-46fa-96b4-4831da8c195e/value'
07:48:55.804 [Forwarding sendKeysToElement on session 8b385b81cf141039dcfb6c4664edf9c7 to remote] DEBUG org.asynchttpclient.netty.request.NettyRequestSender - Using open Channel [id: 0x7fc4a3c0, L:/127.0.0.1:49930 - R:localhost/127.0.0.1:58814] for POST '/session/8b385b81cf141039dcfb6c4664edf9c7/element/223669bb-1f7a-46fa-96b4-4831da8c195e/value'
07:48:55.901 [AsyncHttpClient-1-8] DEBUG org.asynchttpclient.netty.handler.HttpHandler - 

Request DefaultHttpRequest(decodeResult: success, version: HTTP/1.1)
POST /session/8b385b81cf141039dcfb6c4664edf9c7/element/223669bb-1f7a-46fa-96b4-4831da8c195e/value HTTP/1.1
User-Agent: selenium/4.1.2 (java mac)
Content-Length: 131
Content-Type: application/json; charset=utf-8
host: localhost:58814
accept: */*

Response DefaultHttpResponse(decodeResult: success, version: HTTP/1.1)
HTTP/1.1 200 OK
Content-Type: application/json; charset=utf-8
cache-control: no-cache
content-length: 14

07:48:55.901 [AsyncHttpClient-1-8] DEBUG org.asynchttpclient.netty.channel.ChannelManager - Adding key: http://localhost:58814 for channel [id: 0x7fc4a3c0, L:/127.0.0.1:49930 - R:localhost/127.0.0.1:58814]
07:48:55.905 [AsyncHttpClient-1-1] DEBUG org.asynchttpclient.netty.channel.DefaultChannelPool - Entry count for : http://localhost:58814 : 1
07:48:55.905 [AsyncHttpClient-1-1] DEBUG org.asynchttpclient.netty.channel.DefaultChannelPool - Entry count for : http://localhost:49931 : 1
07:48:55.914 [Forwarding screenshot on session 8b385b81cf141039dcfb6c4664edf9c7 to remote] DEBUG org.asynchttpclient.netty.request.NettyRequestSender - Using pooled Channel '[id: 0x7fc4a3c0, L:/127.0.0.1:49930 - R:localhost/127.0.0.1:58814]' for 'GET' to 'http://localhost:58814/session/8b385b81cf141039dcfb6c4664edf9c7/screenshot'
07:48:55.914 [Forwarding screenshot on session 8b385b81cf141039dcfb6c4664edf9c7 to remote] DEBUG org.asynchttpclient.netty.request.NettyRequestSender - Using open Channel [id: 0x7fc4a3c0, L:/127.0.0.1:49930 - R:localhost/127.0.0.1:58814] for GET '/session/8b385b81cf141039dcfb6c4664edf9c7/screenshot'
07:48:56.043 [AsyncHttpClient-1-8] DEBUG org.asynchttpclient.netty.handler.HttpHandler - 

Request DefaultFullHttpRequest(decodeResult: success, version: HTTP/1.1, content: EmptyByteBufBE)
GET /session/8b385b81cf141039dcfb6c4664edf9c7/screenshot HTTP/1.1
User-Agent: selenium/4.1.2 (java mac)
Cache-Control: no-cache
Content-Type: application/json; charset=utf-8
host: localhost:58814
accept: */*

Response DefaultHttpResponse(decodeResult: success, version: HTTP/1.1)
HTTP/1.1 200 OK
Content-Type: application/json; charset=utf-8
cache-control: no-cache
content-length: 141220

07:48:56.044 [AsyncHttpClient-1-8] DEBUG org.asynchttpclient.netty.channel.ChannelManager - Adding key: http://localhost:58814 for channel [id: 0x7fc4a3c0, L:/127.0.0.1:49930 - R:localhost/127.0.0.1:58814]
07:48:56.052 [main] DEBUG net.serenitybdd.core.photography.Darkroom - Send negative for processing for target/site/serenity/0810a9e55a1b550b8992e89d8afb2e9d2522bc4d1bb30fd994f707fffbc02c86.png
07:48:56.053 [main] DEBUG net.thucydides.core.steps.StepInterceptor - STEP DONE: {0} enters #theTextAsAString into #target
07:48:56.057 [main] DEBUG net.thucydides.core.steps.StepInterceptor - STEP DONE: !#title
07:48:56.061 [main] DEBUG net.thucydides.core.steps.StepInterceptor - STARTING STEP: loginStepDef.inputCredential - !#title
07:48:56.066 [main] DEBUG net.thucydides.core.steps.StepInterceptor - STARTING STEP: loginStepDef.inputCredential - {0} enters #theTextAsAString into #target
07:48:56.068 [main] DEBUG net.serenitybdd.screenplay.targets.IFrameSwitcher - default content already selected for password field
07:48:56.072 [Forwarding findElement on session 8b385b81cf141039dcfb6c4664edf9c7 to remote] DEBUG org.asynchttpclient.netty.request.NettyRequestSender - Using pooled Channel '[id: 0x7fc4a3c0, L:/127.0.0.1:49930 - R:localhost/127.0.0.1:58814]' for 'POST' to 'http://localhost:58814/session/8b385b81cf141039dcfb6c4664edf9c7/element'
07:48:56.072 [Forwarding findElement on session 8b385b81cf141039dcfb6c4664edf9c7 to remote] DEBUG org.asynchttpclient.netty.request.NettyRequestSender - Using open Channel [id: 0x7fc4a3c0, L:/127.0.0.1:49930 - R:localhost/127.0.0.1:58814] for POST '/session/8b385b81cf141039dcfb6c4664edf9c7/element'
07:48:56.082 [AsyncHttpClient-1-8] DEBUG org.asynchttpclient.netty.handler.HttpHandler - 

Request DefaultHttpRequest(decodeResult: success, version: HTTP/1.1)
POST /session/8b385b81cf141039dcfb6c4664edf9c7/element HTTP/1.1
User-Agent: selenium/4.1.2 (java mac)
Content-Length: 56
Content-Type: application/json; charset=utf-8
host: localhost:58814
accept: */*

Response DefaultHttpResponse(decodeResult: success, version: HTTP/1.1)
HTTP/1.1 200 OK
Content-Type: application/json; charset=utf-8
cache-control: no-cache
content-length: 88

07:48:56.082 [AsyncHttpClient-1-8] DEBUG org.asynchttpclient.netty.channel.ChannelManager - Adding key: http://localhost:58814 for channel [id: 0x7fc4a3c0, L:/127.0.0.1:49930 - R:localhost/127.0.0.1:58814]
07:48:56.084 [Forwarding clearElement on session 8b385b81cf141039dcfb6c4664edf9c7 to remote] DEBUG org.asynchttpclient.netty.request.NettyRequestSender - Using pooled Channel '[id: 0x7fc4a3c0, L:/127.0.0.1:49930 - R:localhost/127.0.0.1:58814]' for 'POST' to 'http://localhost:58814/session/8b385b81cf141039dcfb6c4664edf9c7/element/b3734a80-09f2-4235-b7cc-ef193ce95074/clear'
07:48:56.084 [Forwarding clearElement on session 8b385b81cf141039dcfb6c4664edf9c7 to remote] DEBUG org.asynchttpclient.netty.request.NettyRequestSender - Using open Channel [id: 0x7fc4a3c0, L:/127.0.0.1:49930 - R:localhost/127.0.0.1:58814] for POST '/session/8b385b81cf141039dcfb6c4664edf9c7/element/b3734a80-09f2-4235-b7cc-ef193ce95074/clear'
07:48:56.114 [AsyncHttpClient-1-8] DEBUG org.asynchttpclient.netty.handler.HttpHandler - 

Request DefaultHttpRequest(decodeResult: success, version: HTTP/1.1)
POST /session/8b385b81cf141039dcfb6c4664edf9c7/element/b3734a80-09f2-4235-b7cc-ef193ce95074/clear HTTP/1.1
User-Agent: selenium/4.1.2 (java mac)
Content-Length: 50
Content-Type: application/json; charset=utf-8
host: localhost:58814
accept: */*

Response DefaultHttpResponse(decodeResult: success, version: HTTP/1.1)
HTTP/1.1 200 OK
Content-Type: application/json; charset=utf-8
cache-control: no-cache
content-length: 14

07:48:56.114 [AsyncHttpClient-1-8] DEBUG org.asynchttpclient.netty.channel.ChannelManager - Adding key: http://localhost:58814 for channel [id: 0x7fc4a3c0, L:/127.0.0.1:49930 - R:localhost/127.0.0.1:58814]
07:48:56.117 [Forwarding sendKeysToElement on session 8b385b81cf141039dcfb6c4664edf9c7 to remote] DEBUG org.asynchttpclient.netty.request.NettyRequestSender - Using pooled Channel '[id: 0x7fc4a3c0, L:/127.0.0.1:49930 - R:localhost/127.0.0.1:58814]' for 'POST' to 'http://localhost:58814/session/8b385b81cf141039dcfb6c4664edf9c7/element/b3734a80-09f2-4235-b7cc-ef193ce95074/value'
07:48:56.117 [Forwarding sendKeysToElement on session 8b385b81cf141039dcfb6c4664edf9c7 to remote] DEBUG org.asynchttpclient.netty.request.NettyRequestSender - Using open Channel [id: 0x7fc4a3c0, L:/127.0.0.1:49930 - R:localhost/127.0.0.1:58814] for POST '/session/8b385b81cf141039dcfb6c4664edf9c7/element/b3734a80-09f2-4235-b7cc-ef193ce95074/value'
07:48:56.185 [AsyncHttpClient-1-8] DEBUG org.asynchttpclient.netty.handler.HttpHandler - 

Request DefaultHttpRequest(decodeResult: success, version: HTTP/1.1)
POST /session/8b385b81cf141039dcfb6c4664edf9c7/element/b3734a80-09f2-4235-b7cc-ef193ce95074/value HTTP/1.1
User-Agent: selenium/4.1.2 (java mac)
Content-Length: 161
Content-Type: application/json; charset=utf-8
host: localhost:58814
accept: */*

Response DefaultHttpResponse(decodeResult: success, version: HTTP/1.1)
HTTP/1.1 200 OK
Content-Type: application/json; charset=utf-8
cache-control: no-cache
content-length: 14

07:48:56.185 [AsyncHttpClient-1-8] DEBUG org.asynchttpclient.netty.channel.ChannelManager - Adding key: http://localhost:58814 for channel [id: 0x7fc4a3c0, L:/127.0.0.1:49930 - R:localhost/127.0.0.1:58814]
07:48:56.203 [Forwarding screenshot on session 8b385b81cf141039dcfb6c4664edf9c7 to remote] DEBUG org.asynchttpclient.netty.request.NettyRequestSender - Using pooled Channel '[id: 0x7fc4a3c0, L:/127.0.0.1:49930 - R:localhost/127.0.0.1:58814]' for 'GET' to 'http://localhost:58814/session/8b385b81cf141039dcfb6c4664edf9c7/screenshot'
07:48:56.204 [Forwarding screenshot on session 8b385b81cf141039dcfb6c4664edf9c7 to remote] DEBUG org.asynchttpclient.netty.request.NettyRequestSender - Using open Channel [id: 0x7fc4a3c0, L:/127.0.0.1:49930 - R:localhost/127.0.0.1:58814] for GET '/session/8b385b81cf141039dcfb6c4664edf9c7/screenshot'
07:48:56.327 [AsyncHttpClient-1-8] DEBUG org.asynchttpclient.netty.handler.HttpHandler - 

Request DefaultFullHttpRequest(decodeResult: success, version: HTTP/1.1, content: EmptyByteBufBE)
GET /session/8b385b81cf141039dcfb6c4664edf9c7/screenshot HTTP/1.1
User-Agent: selenium/4.1.2 (java mac)
Cache-Control: no-cache
Content-Type: application/json; charset=utf-8
host: localhost:58814
accept: */*

Response DefaultHttpResponse(decodeResult: success, version: HTTP/1.1)
HTTP/1.1 200 OK
Content-Type: application/json; charset=utf-8
cache-control: no-cache
content-length: 141600

07:48:56.328 [AsyncHttpClient-1-8] DEBUG org.asynchttpclient.netty.channel.ChannelManager - Adding key: http://localhost:58814 for channel [id: 0x7fc4a3c0, L:/127.0.0.1:49930 - R:localhost/127.0.0.1:58814]
07:48:56.658 [main] DEBUG net.serenitybdd.core.photography.Darkroom - Send negative for processing for target/site/serenity/219d309bbfb6fe6b7906ecd6e6b802acbae0ce43501848433db883de3959bc89.png
07:48:56.658 [main] DEBUG net.thucydides.core.steps.StepInterceptor - STEP DONE: {0} enters #theTextAsAString into #target
07:48:56.664 [main] DEBUG net.thucydides.core.steps.StepInterceptor - STEP DONE: !#title
  &amp#27;[32mAnd &amp#27;[0m&amp#27;[32m&amp#27;[0m&amp#27;[32m&amp#27;[1mI&amp#27;[0m&amp#27;[32m input username and password&amp#27;[0m                       &amp#27;[90m# orangehrm.stepdefinitions.loginStepDef.inputCredential(net.serenitybdd.screenplay.Actor)&amp#27;[0m
07:48:56.683 [main] DEBUG net.thucydides.core.steps.StepInterceptor - STARTING STEP: loginStepDef.clickLoginButton - !#title
07:48:56.691 [main] DEBUG net.thucydides.core.steps.StepInterceptor - STARTING STEP: loginStepDef.clickLoginButton - {0} clicks on #target
07:48:56.691 [main] DEBUG net.serenitybdd.screenplay.targets.IFrameSwitcher - default content already selected for login button
07:48:56.699 [Forwarding findElement on session 8b385b81cf141039dcfb6c4664edf9c7 to remote] DEBUG org.asynchttpclient.netty.request.NettyRequestSender - Using pooled Channel '[id: 0x7fc4a3c0, L:/127.0.0.1:49930 - R:localhost/127.0.0.1:58814]' for 'POST' to 'http://localhost:58814/session/8b385b81cf141039dcfb6c4664edf9c7/element'
07:48:56.699 [Forwarding findElement on session 8b385b81cf141039dcfb6c4664edf9c7 to remote] DEBUG org.asynchttpclient.netty.request.NettyRequestSender - Using open Channel [id: 0x7fc4a3c0, L:/127.0.0.1:49930 - R:localhost/127.0.0.1:58814] for POST '/session/8b385b81cf141039dcfb6c4664edf9c7/element'
07:48:56.710 [AsyncHttpClient-1-8] DEBUG org.asynchttpclient.netty.handler.HttpHandler - 

Request DefaultHttpRequest(decodeResult: success, version: HTTP/1.1)
POST /session/8b385b81cf141039dcfb6c4664edf9c7/element HTTP/1.1
User-Agent: selenium/4.1.2 (java mac)
Content-Length: 53
Content-Type: application/json; charset=utf-8
host: localhost:58814
accept: */*

Response DefaultHttpResponse(decodeResult: success, version: HTTP/1.1)
HTTP/1.1 200 OK
Content-Type: application/json; charset=utf-8
cache-control: no-cache
content-length: 88

07:48:56.710 [AsyncHttpClient-1-8] DEBUG org.asynchttpclient.netty.channel.ChannelManager - Adding key: http://localhost:58814 for channel [id: 0x7fc4a3c0, L:/127.0.0.1:49930 - R:localhost/127.0.0.1:58814]
07:48:56.719 [Forwarding isElementDisplayed on session 8b385b81cf141039dcfb6c4664edf9c7 to remote] DEBUG org.asynchttpclient.netty.request.NettyRequestSender - Using pooled Channel '[id: 0x7fc4a3c0, L:/127.0.0.1:49930 - R:localhost/127.0.0.1:58814]' for 'POST' to 'http://localhost:58814/session/8b385b81cf141039dcfb6c4664edf9c7/execute/sync'
07:48:56.719 [Forwarding isElementDisplayed on session 8b385b81cf141039dcfb6c4664edf9c7 to remote] DEBUG org.asynchttpclient.netty.request.NettyRequestSender - Using open Channel [id: 0x7fc4a3c0, L:/127.0.0.1:49930 - R:localhost/127.0.0.1:58814] for POST '/session/8b385b81cf141039dcfb6c4664edf9c7/execute/sync'
07:48:56.765 [AsyncHttpClient-1-8] DEBUG org.asynchttpclient.netty.handler.HttpHandler - 

Request DefaultHttpRequest(decodeResult: success, version: HTTP/1.1)
POST /session/8b385b81cf141039dcfb6c4664edf9c7/execute/sync HTTP/1.1
User-Agent: selenium/4.1.2 (java mac)
Content-Length: 48780
Content-Type: application/json; charset=utf-8
host: localhost:58814
accept: */*

Response DefaultHttpResponse(decodeResult: success, version: HTTP/1.1)
HTTP/1.1 200 OK
Content-Type: application/json; charset=utf-8
cache-control: no-cache
content-length: 14

07:48:56.766 [AsyncHttpClient-1-8] DEBUG org.asynchttpclient.netty.channel.ChannelManager - Adding key: http://localhost:58814 for channel [id: 0x7fc4a3c0, L:/127.0.0.1:49930 - R:localhost/127.0.0.1:58814]
07:48:56.776 [Forwarding findElement on session 8b385b81cf141039dcfb6c4664edf9c7 to remote] DEBUG org.asynchttpclient.netty.request.NettyRequestSender - Using pooled Channel '[id: 0x7fc4a3c0, L:/127.0.0.1:49930 - R:localhost/127.0.0.1:58814]' for 'POST' to 'http://localhost:58814/session/8b385b81cf141039dcfb6c4664edf9c7/element'
07:48:56.776 [Forwarding findElement on session 8b385b81cf141039dcfb6c4664edf9c7 to remote] DEBUG org.asynchttpclient.netty.request.NettyRequestSender - Using open Channel [id: 0x7fc4a3c0, L:/127.0.0.1:49930 - R:localhost/127.0.0.1:58814] for POST '/session/8b385b81cf141039dcfb6c4664edf9c7/element'
07:48:56.807 [AsyncHttpClient-1-8] DEBUG org.asynchttpclient.netty.handler.HttpHandler - 

Request DefaultHttpRequest(decodeResult: success, version: HTTP/1.1)
POST /session/8b385b81cf141039dcfb6c4664edf9c7/element HTTP/1.1
User-Agent: selenium/4.1.2 (java mac)
Content-Length: 53
Content-Type: application/json; charset=utf-8
host: localhost:58814
accept: */*

Response DefaultHttpResponse(decodeResult: success, version: HTTP/1.1)
HTTP/1.1 200 OK
Content-Type: application/json; charset=utf-8
cache-control: no-cache
content-length: 88

07:48:56.807 [AsyncHttpClient-1-8] DEBUG org.asynchttpclient.netty.channel.ChannelManager - Adding key: http://localhost:58814 for channel [id: 0x7fc4a3c0, L:/127.0.0.1:49930 - R:localhost/127.0.0.1:58814]
07:48:56.811 [Forwarding clickElement on session 8b385b81cf141039dcfb6c4664edf9c7 to remote] DEBUG org.asynchttpclient.netty.request.NettyRequestSender - Using pooled Channel '[id: 0x7fc4a3c0, L:/127.0.0.1:49930 - R:localhost/127.0.0.1:58814]' for 'POST' to 'http://localhost:58814/session/8b385b81cf141039dcfb6c4664edf9c7/element/1297a576-e662-408b-8ec5-74e9bd4e3dcd/click'
07:48:56.811 [Forwarding clickElement on session 8b385b81cf141039dcfb6c4664edf9c7 to remote] DEBUG org.asynchttpclient.netty.request.NettyRequestSender - Using open Channel [id: 0x7fc4a3c0, L:/127.0.0.1:49930 - R:localhost/127.0.0.1:58814] for POST '/session/8b385b81cf141039dcfb6c4664edf9c7/element/1297a576-e662-408b-8ec5-74e9bd4e3dcd/click'
07:48:57.009 [AsyncHttpClient-1-1] DEBUG org.asynchttpclient.netty.channel.DefaultChannelPool - Entry count for : http://localhost:49931 : 1
07:48:58.106 [AsyncHttpClient-1-1] DEBUG org.asynchttpclient.netty.channel.DefaultChannelPool - Entry count for : http://localhost:49931 : 1
07:48:59.209 [AsyncHttpClient-1-1] DEBUG org.asynchttpclient.netty.channel.DefaultChannelPool - Entry count for : http://localhost:49931 : 1
07:49:00.306 [AsyncHttpClient-1-1] DEBUG org.asynchttpclient.netty.channel.DefaultChannelPool - Entry count for : http://localhost:49931 : 1
07:49:01.406 [AsyncHttpClient-1-1] DEBUG org.asynchttpclient.netty.channel.DefaultChannelPool - Entry count for : http://localhost:49931 : 1
07:49:02.506 [AsyncHttpClient-1-1] DEBUG org.asynchttpclient.netty.channel.DefaultChannelPool - Entry count for : http://localhost:49931 : 1
07:49:03.347 [AsyncHttpClient-1-8] DEBUG org.asynchttpclient.netty.handler.HttpHandler - 

Request DefaultHttpRequest(decodeResult: success, version: HTTP/1.1)
POST /session/8b385b81cf141039dcfb6c4664edf9c7/element/1297a576-e662-408b-8ec5-74e9bd4e3dcd/click HTTP/1.1
User-Agent: selenium/4.1.2 (java mac)
Content-Length: 50
Content-Type: application/json; charset=utf-8
host: localhost:58814
accept: */*

Response DefaultHttpResponse(decodeResult: success, version: HTTP/1.1)
HTTP/1.1 200 OK
Content-Type: application/json; charset=utf-8
cache-control: no-cache
content-length: 14

07:49:03.347 [AsyncHttpClient-1-8] DEBUG org.asynchttpclient.netty.channel.ChannelManager - Adding key: http://localhost:58814 for channel [id: 0x7fc4a3c0, L:/127.0.0.1:49930 - R:localhost/127.0.0.1:58814]
07:49:03.357 [Forwarding screenshot on session 8b385b81cf141039dcfb6c4664edf9c7 to remote] DEBUG org.asynchttpclient.netty.request.NettyRequestSender - Using pooled Channel '[id: 0x7fc4a3c0, L:/127.0.0.1:49930 - R:localhost/127.0.0.1:58814]' for 'GET' to 'http://localhost:58814/session/8b385b81cf141039dcfb6c4664edf9c7/screenshot'
07:49:03.357 [Forwarding screenshot on session 8b385b81cf141039dcfb6c4664edf9c7 to remote] DEBUG org.asynchttpclient.netty.request.NettyRequestSender - Using open Channel [id: 0x7fc4a3c0, L:/127.0.0.1:49930 - R:localhost/127.0.0.1:58814] for GET '/session/8b385b81cf141039dcfb6c4664edf9c7/screenshot'
07:49:03.527 [AsyncHttpClient-1-8] DEBUG org.asynchttpclient.netty.handler.HttpHandler - 

Request DefaultFullHttpRequest(decodeResult: success, version: HTTP/1.1, content: EmptyByteBufBE)
GET /session/8b385b81cf141039dcfb6c4664edf9c7/screenshot HTTP/1.1
User-Agent: selenium/4.1.2 (java mac)
Cache-Control: no-cache
Content-Type: application/json; charset=utf-8
host: localhost:58814
accept: */*

Response DefaultHttpResponse(decodeResult: success, version: HTTP/1.1)
HTTP/1.1 200 OK
Content-Type: application/json; charset=utf-8
cache-control: no-cache
content-length: 129148

07:49:03.528 [AsyncHttpClient-1-8] DEBUG org.asynchttpclient.netty.channel.ChannelManager - Adding key: http://localhost:58814 for channel [id: 0x7fc4a3c0, L:/127.0.0.1:49930 - R:localhost/127.0.0.1:58814]
07:49:03.534 [main] DEBUG net.serenitybdd.core.photography.Darkroom - Send negative for processing for target/site/serenity/ea12848e6b8e14384e8c2977cb53fc3284fbbca528c5b224e286980b341ead89.png
07:49:03.534 [main] DEBUG net.thucydides.core.steps.StepInterceptor - STEP DONE: {0} clicks on #target
07:49:03.534 [Darkroom Processing Line] DEBUG net.serenitybdd.core.photography.DarkroomProcessingLine - Processing screenshot image in /var/screenshots/screenshot-8754670682940082837
07:49:03.534 [Darkroom Processing Line] DEBUG net.serenitybdd.core.photography.DarkroomProcessingLine - Saving screenshot to target/site/serenity/ea12848e6b8e14384e8c2977cb53fc3284fbbca528c5b224e286980b341ead89.png
07:49:03.543 [main] DEBUG net.thucydides.core.steps.StepInterceptor - STEP DONE: !#title
  &amp#27;[32mAnd &amp#27;[0m&amp#27;[32m&amp#27;[0m&amp#27;[32m&amp#27;[1mI&amp#27;[0m&amp#27;[32m click login button&amp#27;[0m                                &amp#27;[90m# orangehrm.stepdefinitions.loginStepDef.clickLoginButton(net.serenitybdd.screenplay.Actor)&amp#27;[0m
07:49:03.556 [main] DEBUG net.thucydides.core.steps.StepInterceptor - STARTING STEP: PIMStepDef.accessEmployee - !#title
07:49:03.563 [main] DEBUG net.thucydides.core.steps.StepInterceptor - STARTING STEP: PIMStepDef.accessEmployee - {0} opens the #targetPageName
07:49:03.565 [Forwarding get on session 8b385b81cf141039dcfb6c4664edf9c7 to remote] DEBUG org.asynchttpclient.netty.request.NettyRequestSender - Using pooled Channel '[id: 0x7fc4a3c0, L:/127.0.0.1:49930 - R:localhost/127.0.0.1:58814]' for 'POST' to 'http://localhost:58814/session/8b385b81cf141039dcfb6c4664edf9c7/url'
07:49:03.565 [Forwarding get on session 8b385b81cf141039dcfb6c4664edf9c7 to remote] DEBUG org.asynchttpclient.netty.request.NettyRequestSender - Using open Channel [id: 0x7fc4a3c0, L:/127.0.0.1:49930 - R:localhost/127.0.0.1:58814] for POST '/session/8b385b81cf141039dcfb6c4664edf9c7/url'
07:49:03.605 [AsyncHttpClient-1-1] DEBUG org.asynchttpclient.netty.channel.DefaultChannelPool - Entry count for : http://localhost:49931 : 1
07:49:04.705 [AsyncHttpClient-1-1] DEBUG org.asynchttpclient.netty.channel.DefaultChannelPool - Entry count for : http://localhost:49931 : 1
07:49:05.459 [AsyncHttpClient-1-8] DEBUG org.asynchttpclient.netty.handler.HttpHandler - 

Request DefaultHttpRequest(decodeResult: success, version: HTTP/1.1)
POST /session/8b385b81cf141039dcfb6c4664edf9c7/url HTTP/1.1
User-Agent: selenium/4.1.2 (java mac)
Content-Length: 112
Content-Type: application/json; charset=utf-8
host: localhost:58814
accept: */*

Response DefaultHttpResponse(decodeResult: success, version: HTTP/1.1)
HTTP/1.1 200 OK
Content-Type: application/json; charset=utf-8
cache-control: no-cache
content-length: 14

07:49:05.459 [AsyncHttpClient-1-8] DEBUG org.asynchttpclient.netty.channel.ChannelManager - Adding key: http://localhost:58814 for channel [id: 0x7fc4a3c0, L:/127.0.0.1:49930 - R:localhost/127.0.0.1:58814]
07:49:05.464 [Forwarding getCurrentUrl on session 8b385b81cf141039dcfb6c4664edf9c7 to remote] DEBUG org.asynchttpclient.netty.request.NettyRequestSender - Using pooled Channel '[id: 0x7fc4a3c0, L:/127.0.0.1:49930 - R:localhost/127.0.0.1:58814]' for 'GET' to 'http://localhost:58814/session/8b385b81cf141039dcfb6c4664edf9c7/url'
07:49:05.464 [Forwarding getCurrentUrl on session 8b385b81cf141039dcfb6c4664edf9c7 to remote] DEBUG org.asynchttpclient.netty.request.NettyRequestSender - Using open Channel [id: 0x7fc4a3c0, L:/127.0.0.1:49930 - R:localhost/127.0.0.1:58814] for GET '/session/8b385b81cf141039dcfb6c4664edf9c7/url'
07:49:05.469 [AsyncHttpClient-1-8] DEBUG org.asynchttpclient.netty.handler.HttpHandler - 

Request DefaultFullHttpRequest(decodeResult: success, version: HTTP/1.1, content: EmptyByteBufBE)
GET /session/8b385b81cf141039dcfb6c4664edf9c7/url HTTP/1.1
User-Agent: selenium/4.1.2 (java mac)
Cache-Control: no-cache
Content-Type: application/json; charset=utf-8
host: localhost:58814
accept: */*

Response DefaultHttpResponse(decodeResult: success, version: HTTP/1.1)
HTTP/1.1 200 OK
Content-Type: application/json; charset=utf-8
cache-control: no-cache
content-length: 84

07:49:05.469 [AsyncHttpClient-1-8] DEBUG org.asynchttpclient.netty.channel.ChannelManager - Adding key: http://localhost:58814 for channel [id: 0x7fc4a3c0, L:/127.0.0.1:49930 - R:localhost/127.0.0.1:58814]
07:49:05.475 [Forwarding getCurrentUrl on session 8b385b81cf141039dcfb6c4664edf9c7 to remote] DEBUG org.asynchttpclient.netty.request.NettyRequestSender - Using pooled Channel '[id: 0x7fc4a3c0, L:/127.0.0.1:49930 - R:localhost/127.0.0.1:58814]' for 'GET' to 'http://localhost:58814/session/8b385b81cf141039dcfb6c4664edf9c7/url'
07:49:05.475 [Forwarding getCurrentUrl on session 8b385b81cf141039dcfb6c4664edf9c7 to remote] DEBUG org.asynchttpclient.netty.request.NettyRequestSender - Using open Channel [id: 0x7fc4a3c0, L:/127.0.0.1:49930 - R:localhost/127.0.0.1:58814] for GET '/session/8b385b81cf141039dcfb6c4664edf9c7/url'
07:49:05.479 [AsyncHttpClient-1-8] DEBUG org.asynchttpclient.netty.handler.HttpHandler - 

Request DefaultFullHttpRequest(decodeResult: success, version: HTTP/1.1, content: EmptyByteBufBE)
GET /session/8b385b81cf141039dcfb6c4664edf9c7/url HTTP/1.1
User-Agent: selenium/4.1.2 (java mac)
Cache-Control: no-cache
Content-Type: application/json; charset=utf-8
host: localhost:58814
accept: */*

Response DefaultHttpResponse(decodeResult: success, version: HTTP/1.1)
HTTP/1.1 200 OK
Content-Type: application/json; charset=utf-8
cache-control: no-cache
content-length: 84

07:49:05.479 [AsyncHttpClient-1-8] DEBUG org.asynchttpclient.netty.channel.ChannelManager - Adding key: http://localhost:58814 for channel [id: 0x7fc4a3c0, L:/127.0.0.1:49930 - R:localhost/127.0.0.1:58814]
07:49:05.484 [Forwarding screenshot on session 8b385b81cf141039dcfb6c4664edf9c7 to remote] DEBUG org.asynchttpclient.netty.request.NettyRequestSender - Using pooled Channel '[id: 0x7fc4a3c0, L:/127.0.0.1:49930 - R:localhost/127.0.0.1:58814]' for 'GET' to 'http://localhost:58814/session/8b385b81cf141039dcfb6c4664edf9c7/screenshot'
07:49:05.484 [Forwarding screenshot on session 8b385b81cf141039dcfb6c4664edf9c7 to remote] DEBUG org.asynchttpclient.netty.request.NettyRequestSender - Using open Channel [id: 0x7fc4a3c0, L:/127.0.0.1:49930 - R:localhost/127.0.0.1:58814] for GET '/session/8b385b81cf141039dcfb6c4664edf9c7/screenshot'
07:49:05.618 [AsyncHttpClient-1-8] DEBUG org.asynchttpclient.netty.handler.HttpHandler - 

Request DefaultFullHttpRequest(decodeResult: success, version: HTTP/1.1, content: EmptyByteBufBE)
GET /session/8b385b81cf141039dcfb6c4664edf9c7/screenshot HTTP/1.1
User-Agent: selenium/4.1.2 (java mac)
Cache-Control: no-cache
Content-Type: application/json; charset=utf-8
host: localhost:58814
accept: */*

Response DefaultHttpResponse(decodeResult: success, version: HTTP/1.1)
HTTP/1.1 200 OK
Content-Type: application/json; charset=utf-8
cache-control: no-cache
content-length: 128236

07:49:05.619 [AsyncHttpClient-1-8] DEBUG org.asynchttpclient.netty.channel.ChannelManager - Adding key: http://localhost:58814 for channel [id: 0x7fc4a3c0, L:/127.0.0.1:49930 - R:localhost/127.0.0.1:58814]
07:49:05.625 [main] DEBUG net.serenitybdd.core.photography.Darkroom - Send negative for processing for target/site/serenity/333b256ff839291483f9dab987df855108677d94a0616277de645edbb6c6a45f.png
07:49:05.625 [main] DEBUG net.thucydides.core.steps.StepInterceptor - STEP DONE: {0} opens the #targetPageName
07:49:05.625 [Darkroom Processing Line] DEBUG net.serenitybdd.core.photography.DarkroomProcessingLine - Processing screenshot image in /var/screenshots/screenshot-2635617975473658928
07:49:05.625 [Darkroom Processing Line] DEBUG net.serenitybdd.core.photography.DarkroomProcessingLine - Saving screenshot to target/site/serenity/333b256ff839291483f9dab987df855108677d94a0616277de645edbb6c6a45f.png
07:49:05.629 [main] DEBUG net.thucydides.core.steps.StepInterceptor - STEP DONE: !#title
  &amp#27;[32mAnd &amp#27;[0m&amp#27;[32m&amp#27;[0m&amp#27;[32m&amp#27;[1mI&amp#27;[0m&amp#27;[32m access employee list&amp#27;[0m                              &amp#27;[90m# orangehrm.stepdefinitions.PIMStepDef.accessEmployee(net.serenitybdd.screenplay.Actor)&amp#27;[0m
07:49:05.644 [main] DEBUG net.thucydides.core.steps.StepInterceptor - STARTING STEP: PIMStepDef.listResult - !#title
07:49:05.650 [main] DEBUG net.thucydides.core.steps.StepInterceptor - STARTING STEP: PIMStepDef.listResult - {0} should see #description
07:49:05.650 [main] DEBUG net.serenitybdd.screenplay.targets.IFrameSwitcher - default content already selected for employee result table
07:49:05.652 [Forwarding findElements on session 8b385b81cf141039dcfb6c4664edf9c7 to remote] DEBUG org.asynchttpclient.netty.request.NettyRequestSender - Using pooled Channel '[id: 0x7fc4a3c0, L:/127.0.0.1:49930 - R:localhost/127.0.0.1:58814]' for 'POST' to 'http://localhost:58814/session/8b385b81cf141039dcfb6c4664edf9c7/elements'
07:49:05.652 [Forwarding findElements on session 8b385b81cf141039dcfb6c4664edf9c7 to remote] DEBUG org.asynchttpclient.netty.request.NettyRequestSender - Using open Channel [id: 0x7fc4a3c0, L:/127.0.0.1:49930 - R:localhost/127.0.0.1:58814] for POST '/session/8b385b81cf141039dcfb6c4664edf9c7/elements'
07:49:05.666 [AsyncHttpClient-1-8] DEBUG org.asynchttpclient.netty.handler.HttpHandler - 

Request DefaultHttpRequest(decodeResult: success, version: HTTP/1.1)
POST /session/8b385b81cf141039dcfb6c4664edf9c7/elements HTTP/1.1
User-Agent: selenium/4.1.2 (java mac)
Content-Length: 56
Content-Type: application/json; charset=utf-8
host: localhost:58814
accept: */*

Response DefaultHttpResponse(decodeResult: success, version: HTTP/1.1)
HTTP/1.1 200 OK
Content-Type: application/json; charset=utf-8
cache-control: no-cache
content-length: 90

07:49:05.666 [AsyncHttpClient-1-8] DEBUG org.asynchttpclient.netty.channel.ChannelManager - Adding key: http://localhost:58814 for channel [id: 0x7fc4a3c0, L:/127.0.0.1:49930 - R:localhost/127.0.0.1:58814]
07:49:05.674 [Forwarding isElementDisplayed on session 8b385b81cf141039dcfb6c4664edf9c7 to remote] DEBUG org.asynchttpclient.netty.request.NettyRequestSender - Using pooled Channel '[id: 0x7fc4a3c0, L:/127.0.0.1:49930 - R:localhost/127.0.0.1:58814]' for 'POST' to 'http://localhost:58814/session/8b385b81cf141039dcfb6c4664edf9c7/execute/sync'
07:49:05.674 [Forwarding isElementDisplayed on session 8b385b81cf141039dcfb6c4664edf9c7 to remote] DEBUG org.asynchttpclient.netty.request.NettyRequestSender - Using open Channel [id: 0x7fc4a3c0, L:/127.0.0.1:49930 - R:localhost/127.0.0.1:58814] for POST '/session/8b385b81cf141039dcfb6c4664edf9c7/execute/sync'
07:49:05.688 [AsyncHttpClient-1-8] DEBUG org.asynchttpclient.netty.handler.HttpHandler - 

Request DefaultHttpRequest(decodeResult: success, version: HTTP/1.1)
POST /session/8b385b81cf141039dcfb6c4664edf9c7/execute/sync HTTP/1.1
User-Agent: selenium/4.1.2 (java mac)
Content-Length: 48780
Content-Type: application/json; charset=utf-8
host: localhost:58814
accept: */*

Response DefaultHttpResponse(decodeResult: success, version: HTTP/1.1)
HTTP/1.1 200 OK
Content-Type: application/json; charset=utf-8
cache-control: no-cache
content-length: 14

07:49:05.688 [AsyncHttpClient-1-8] DEBUG org.asynchttpclient.netty.channel.ChannelManager - Adding key: http://localhost:58814 for channel [id: 0x7fc4a3c0, L:/127.0.0.1:49930 - R:localhost/127.0.0.1:58814]
07:49:05.693 [Forwarding screenshot on session 8b385b81cf141039dcfb6c4664edf9c7 to remote] DEBUG org.asynchttpclient.netty.request.NettyRequestSender - Using pooled Channel '[id: 0x7fc4a3c0, L:/127.0.0.1:49930 - R:localhost/127.0.0.1:58814]' for 'GET' to 'http://localhost:58814/session/8b385b81cf141039dcfb6c4664edf9c7/screenshot'
07:49:05.693 [Forwarding screenshot on session 8b385b81cf141039dcfb6c4664edf9c7 to remote] DEBUG org.asynchttpclient.netty.request.NettyRequestSender - Using open Channel [id: 0x7fc4a3c0, L:/127.0.0.1:49930 - R:localhost/127.0.0.1:58814] for GET '/session/8b385b81cf141039dcfb6c4664edf9c7/screenshot'
07:49:05.808 [AsyncHttpClient-1-1] DEBUG org.asynchttpclient.netty.channel.DefaultChannelPool - Entry count for : http://localhost:49931 : 1
07:49:05.818 [AsyncHttpClient-1-8] DEBUG org.asynchttpclient.netty.handler.HttpHandler - 

Request DefaultFullHttpRequest(decodeResult: success, version: HTTP/1.1, content: EmptyByteBufBE)
GET /session/8b385b81cf141039dcfb6c4664edf9c7/screenshot HTTP/1.1
User-Agent: selenium/4.1.2 (java mac)
Cache-Control: no-cache
Content-Type: application/json; charset=utf-8
host: localhost:58814
accept: */*

Response DefaultHttpResponse(decodeResult: success, version: HTTP/1.1)
HTTP/1.1 200 OK
Content-Type: application/json; charset=utf-8
cache-control: no-cache
content-length: 128172

07:49:05.818 [AsyncHttpClient-1-8] DEBUG org.asynchttpclient.netty.channel.ChannelManager - Adding key: http://localhost:58814 for channel [id: 0x7fc4a3c0, L:/127.0.0.1:49930 - R:localhost/127.0.0.1:58814]
07:49:05.825 [main] DEBUG net.serenitybdd.core.photography.Darkroom - Send negative for processing for target/site/serenity/6f8859586b5b50e1b833080fe195deff033026d39fb3e40c4fcf6d0ad5b6d3e8.png
07:49:05.825 [main] DEBUG net.thucydides.core.steps.StepInterceptor - STEP DONE: {0} should see #description
07:49:05.825 [Darkroom Processing Line] DEBUG net.serenitybdd.core.photography.DarkroomProcessingLine - Processing screenshot image in /var/screenshots/screenshot-8872141842150185244
07:49:05.825 [Darkroom Processing Line] DEBUG net.serenitybdd.core.photography.DarkroomProcessingLine - Saving screenshot to target/site/serenity/6f8859586b5b50e1b833080fe195deff033026d39fb3e40c4fcf6d0ad5b6d3e8.png
07:49:05.830 [main] DEBUG net.thucydides.core.steps.StepInterceptor - STEP DONE: !#title
  &amp#27;[32mThen &amp#27;[0m&amp#27;[32m&amp#27;[0m&amp#27;[32m&amp#27;[1mI&amp#27;[0m&amp#27;[32m can see new employee list result&amp#27;[0m                 &amp#27;[90m# orangehrm.stepdefinitions.PIMStepDef.listResult(net.serenitybdd.screenplay.Actor)&amp#27;[0m
07:49:05.834 [main] INFO  - 
  _____   ___   ___   _____     ___     _     ___   ___   ___   ___  
 |_   _| | __| / __| |_   _|   | _ \   /_\   / __| / __| | __| |   \ 
   | |   | _|  \__ \   | |     |  _/  / _ \  \__ \ \__ \ | _|  | |) |
   |_|   |___| |___/   |_|     |_|   /_/ \_\ |___/ |___/ |___| |___/ 

User read Orange HRM employee list successfully
----------------------------------------------------------------------
07:49:05.835 [AsyncHttpClient-1-2] DEBUG org.asynchttpclient.netty.handler.WebSocketHandler - Channel Closed: [id: 0xd1bfa8b9, L:/127.0.0.1:49936 ! R:localhost/127.0.0.1:49931] with attribute NettyResponseFuture{currentRetry=5,
	isDone=1,
	isCancelled=0,
	asyncHandler=org.asynchttpclient.ws.WebSocketUpgradeHandler@4321075a,
	nettyRequest=org.asynchttpclient.netty.request.NettyRequest@21098d52,
	future=java.util.concurrent.CompletableFuture@4ad9c93b[Completed normally],
	uri=ws://localhost:49931/devtools/browser/b8d70142-9a6b-4739-838e-28a005fb7f7a,
	keepAlive=true,
	redirectCount=0,
	timeoutsHolder=null,
	inAuth=0,
	touch=1650070130849}
07:49:05.835 [AsyncHttpClient-1-2] DEBUG org.asynchttpclient.netty.channel.ChannelManager - Closing Channel [id: 0xd1bfa8b9, L:/127.0.0.1:49936 ! R:localhost/127.0.0.1:49931] 
07:49:05.835 [Driver Command Executor] DEBUG org.asynchttpclient.netty.request.NettyRequestSender - Using pooled Channel '[id: 0x7fc4a3c0, L:/127.0.0.1:49930 - R:localhost/127.0.0.1:58814]' for 'DELETE' to 'http://localhost:58814/session/8b385b81cf141039dcfb6c4664edf9c7'
07:49:05.836 [Driver Command Executor] DEBUG org.asynchttpclient.netty.request.NettyRequestSender - Using open Channel [id: 0x7fc4a3c0, L:/127.0.0.1:49930 - R:localhost/127.0.0.1:58814] for DELETE '/session/8b385b81cf141039dcfb6c4664edf9c7'
07:49:05.884 [AsyncHttpClient-1-9] DEBUG org.asynchttpclient.netty.handler.HttpHandler - Channel Closed: [id: 0x2e51e8b9, L:/127.0.0.1:49935 ! R:localhost/127.0.0.1:49931] with attribute DISCARD
07:49:05.911 [AsyncHttpClient-1-8] DEBUG org.asynchttpclient.netty.handler.HttpHandler - 

Request DefaultFullHttpRequest(decodeResult: success, version: HTTP/1.1, content: EmptyByteBufBE)
DELETE /session/8b385b81cf141039dcfb6c4664edf9c7 HTTP/1.1
User-Agent: selenium/4.1.2 (java mac)
Content-Type: application/json; charset=utf-8
host: localhost:58814
accept: */*

Response DefaultHttpResponse(decodeResult: success, version: HTTP/1.1)
HTTP/1.1 200 OK
Content-Type: application/json; charset=utf-8
cache-control: no-cache
content-length: 14

07:49:05.912 [AsyncHttpClient-1-8] DEBUG org.asynchttpclient.netty.channel.ChannelManager - Adding key: http://localhost:58814 for channel [id: 0x7fc4a3c0, L:/127.0.0.1:49930 - R:localhost/127.0.0.1:58814]
07:49:05.977 [AsyncHttpClient-1-8] DEBUG org.asynchttpclient.netty.handler.HttpHandler - Channel Closed: [id: 0x7fc4a3c0, L:/127.0.0.1:49930 ! R:localhost/127.0.0.1:58814] with attribute DISCARD
]]></system-out>
    <system-err><![CDATA[Starting ChromeDriver 100.0.4896.60 (6a5d10861ce8de5fce22564658033b43cb7de047-refs/branch-heads/4896@{#875}) on port 58814
Only local connections are allowed.
Please see https://chromedriver.chromium.org/security-considerations for suggestions on keeping ChromeDriver safe.
ChromeDriver was started successfully.
Apr 16, 2022 7:48:50 AM org.openqa.selenium.remote.ProtocolHandshake createSession
INFO: Detected dialect: W3C
Apr 16, 2022 7:48:50 AM org.openqa.selenium.devtools.CdpVersionFinder findNearestMatch
WARNING: Unable to find an exact match for CDP version 100, so returning the closest version found: 97
Apr 16, 2022 7:48:50 AM org.openqa.selenium.devtools.CdpVersionFinder findNearestMatch
INFO: Found CDP implementation for version 100 of 97
]]></system-err>
  </testcase>
  <testcase name="User update Orange HRM employee successfully" classname="Orange HRM - CRUD Employee Data" time="23.282">
    <system-out><![CDATA[
@All @allorangehrm @hrmcrud @hrmupdate
Scenario: User update Orange HRM employee successfully &amp#27;[90m# src/test/resources/features/orangehrm/crud.feature:20&amp#27;[0m
07:49:06.051 [main] INFO io.cucumber.core.plugin.SerenityReporter - Running feature from file:///Users/anugerahfadillah/QE-batch3-practice/src/test/resources/features/orangehrm/crud.feature
07:49:06.054 [main] INFO  - 
  _____   ___   ___   _____     ___   _____     _     ___   _____   ___   ___  
 |_   _| | __| / __| |_   _|   / __| |_   _|   /_\   | _ \ |_   _| | __| |   \ 
   | |   | _|  \__ \   | |     \__ \   | |    / _ \  |   /   | |   | _|  | |) |
   |_|   |___| |___/   |_|     |___/   |_|   /_/ \_\ |_|_\   |_|   |___| |___/ 

User update Orange HRM employee successfully(orange-hrm---crud-employee-data;user-update-orange-hrm-employee-successfully)
--------------------------------------------------------------------------------
07:49:06.090 [main] DEBUG net.thucydides.core.steps.StepInterceptor - STARTING STEP: loginStepDef.loadHRMLoginPage - !#title
07:49:06.095 [main] DEBUG net.thucydides.core.steps.StepInterceptor - STARTING STEP: loginStepDef.loadHRMLoginPage - {0} opens the #targetPageName
07:49:06.105 [main] INFO net.serenitybdd.core.webdriver.driverproviders.ChromeDriverProvider - Using automatically driver download
07:49:06.306 [main] DEBUG io.github.bonigarcia.wdm.cache.ResolutionCache - Resolution chrome=100 in cache (valid until 08:47:48 16/04/2022 WIB)
07:49:06.309 [main] DEBUG io.github.bonigarcia.wdm.cache.ResolutionCache - Resolution chrome100=100.0.4896.60 in cache (valid until 21:00:52 16/04/2022 WIB)
07:49:06.311 [main] INFO io.github.bonigarcia.wdm.WebDriverManager - Using chromedriver 100.0.4896.60 (resolved driver for Chrome 100)
07:49:06.322 [main] DEBUG io.github.bonigarcia.wdm.WebDriverManager - Driver chromedriver 100.0.4896.60 found in cache
07:49:06.323 [main] INFO io.github.bonigarcia.wdm.WebDriverManager - Exporting webdriver.chrome.driver as /Users/anugerahfadillah/.cache/selenium/chromedriver/mac64/100.0.4896.60/chromedriver
07:49:06.462 [main] DEBUG net.serenitybdd.core.webdriver.driverproviders.ProvideNewDriver - Instantiating driver
07:49:06.462 [main] DEBUG net.serenitybdd.core.webdriver.driverproviders.ProvideNewDriver - Driver capabilities: Capabilities {acceptInsecureCerts: false, base.url: , browserName: chrome, goog:chromeOptions: {args: [], extensions: []}}
07:49:06.590 [AsyncHttpClient-1-3] DEBUG org.asynchttpclient.netty.channel.NettyConnectListener - Using new Channel '[id: 0x96154a55, L:/127.0.0.1:49950 - R:localhost/127.0.0.1:58912]' for 'POST' to '/session'
07:49:06.904 [AsyncHttpClient-1-1] DEBUG org.asynchttpclient.netty.channel.DefaultChannelPool - Entry count for : http://localhost:58814 : 1
07:49:06.905 [AsyncHttpClient-1-1] DEBUG org.asynchttpclient.netty.channel.DefaultChannelPool - Entry count for : http://localhost:49931 : 1
07:49:06.905 [AsyncHttpClient-1-1] DEBUG org.asynchttpclient.netty.channel.DefaultChannelPool - Adding Candidate expired Channel [id: 0x7fc4a3c0, L:/127.0.0.1:49930 ! R:localhost/127.0.0.1:58814] isIdleTimeoutExpired=false isRemotelyClosed=true isTtlExpired=false
07:49:06.905 [AsyncHttpClient-1-1] DEBUG org.asynchttpclient.netty.channel.DefaultChannelPool - Closing Idle Channel [id: 0x7fc4a3c0, L:/127.0.0.1:49930 ! R:localhost/127.0.0.1:58814]
07:49:06.905 [AsyncHttpClient-1-1] DEBUG org.asynchttpclient.netty.channel.DefaultChannelPool - Adding Candidate expired Channel [id: 0x2e51e8b9, L:/127.0.0.1:49935 ! R:localhost/127.0.0.1:49931] isIdleTimeoutExpired=false isRemotelyClosed=true isTtlExpired=false
07:49:06.905 [AsyncHttpClient-1-1] DEBUG org.asynchttpclient.netty.channel.DefaultChannelPool - Closing Idle Channel [id: 0x2e51e8b9, L:/127.0.0.1:49935 ! R:localhost/127.0.0.1:49931]
07:49:06.905 [AsyncHttpClient-1-1] DEBUG org.asynchttpclient.netty.channel.DefaultChannelPool - Closed 2 connections out of 2 in 0 ms
07:49:08.898 [AsyncHttpClient-1-3] DEBUG org.asynchttpclient.netty.handler.HttpHandler - 

Request DefaultHttpRequest(decodeResult: success, version: HTTP/1.1)
POST /session HTTP/1.1
User-Agent: selenium/4.1.2 (java mac)
Content-Length: 457
Content-Type: application/json; charset=utf-8
host: localhost:58912
accept: */*

Response DefaultHttpResponse(decodeResult: success, version: HTTP/1.1)
HTTP/1.1 200 OK
Content-Type: application/json; charset=utf-8
cache-control: no-cache
content-length: 799

07:49:08.898 [AsyncHttpClient-1-3] DEBUG org.asynchttpclient.netty.channel.ChannelManager - Adding key: http://localhost:58912 for channel [id: 0x96154a55, L:/127.0.0.1:49950 - R:localhost/127.0.0.1:58912]
07:49:08.920 [AsyncHttpClient-1-4] DEBUG org.asynchttpclient.netty.channel.NettyConnectListener - Using new Channel '[id: 0xab24ec35, L:/127.0.0.1:49955 - R:localhost/127.0.0.1:49951]' for 'GET' to '/json/version'
07:49:08.927 [AsyncHttpClient-1-4] DEBUG org.asynchttpclient.netty.handler.HttpHandler - 

Request DefaultFullHttpRequest(decodeResult: success, version: HTTP/1.1, content: EmptyByteBufBE)
GET /json/version HTTP/1.1
User-Agent: selenium/4.1.2 (java mac)
host: localhost:49951
accept: */*

Response DefaultHttpResponse(decodeResult: success, version: HTTP/1.1)
HTTP/1.1 200 OK
Content-Type: application/json; charset=UTF-8
content-length: 425

07:49:08.927 [AsyncHttpClient-1-4] DEBUG org.asynchttpclient.netty.channel.ChannelManager - Adding key: http://localhost:49951 for channel [id: 0xab24ec35, L:/127.0.0.1:49955 - R:localhost/127.0.0.1:49951]
07:49:08.931 [AsyncHttpClient-1-5] DEBUG org.asynchttpclient.netty.channel.NettyConnectListener - Using new Channel '[id: 0xda51cec6, L:/127.0.0.1:49956 - R:localhost/127.0.0.1:49951]' for 'GET' to '/devtools/browser/2fa25727-35b5-4b41-930d-6aa87792f916'
07:49:08.932 [AsyncHttpClient-1-5] DEBUG org.asynchttpclient.netty.handler.WebSocketHandler - 

Request DefaultFullHttpRequest(decodeResult: success, version: HTTP/1.1, content: EmptyByteBufBE)
GET /devtools/browser/2fa25727-35b5-4b41-930d-6aa87792f916 HTTP/1.1
upgrade: websocket
connection: upgrade
sec-websocket-key: JojZGlBnYQ1jxciwBTQ+og==
sec-websocket-version: 13
origin: http://localhost:49951
host: localhost:49951
accept: */*
user-agent: AHC/2.1

Response DefaultHttpResponse(decodeResult: success, version: HTTP/1.1)
HTTP/1.1 101 WebSocket Protocol Handshake
Upgrade: WebSocket
Connection: Upgrade
Sec-WebSocket-Accept: 6XHPZ4+p5HohvtnrE+p10NpAN5E=

07:49:08.937 [Forwarding get on session 0db3ffb8ff2d3e24505d7e753232d5cf to remote] DEBUG org.asynchttpclient.netty.request.NettyRequestSender - Using pooled Channel '[id: 0x96154a55, L:/127.0.0.1:49950 - R:localhost/127.0.0.1:58912]' for 'POST' to 'http://localhost:58912/session/0db3ffb8ff2d3e24505d7e753232d5cf/url'
07:49:08.938 [Forwarding get on session 0db3ffb8ff2d3e24505d7e753232d5cf to remote] DEBUG org.asynchttpclient.netty.request.NettyRequestSender - Using open Channel [id: 0x96154a55, L:/127.0.0.1:49950 - R:localhost/127.0.0.1:58912] for POST '/session/0db3ffb8ff2d3e24505d7e753232d5cf/url'
07:49:09.105 [AsyncHttpClient-1-1] DEBUG org.asynchttpclient.netty.channel.DefaultChannelPool - Entry count for : http://localhost:49951 : 1
07:49:10.207 [AsyncHttpClient-1-1] DEBUG org.asynchttpclient.netty.channel.DefaultChannelPool - Entry count for : http://localhost:49951 : 1
07:49:11.304 [AsyncHttpClient-1-1] DEBUG org.asynchttpclient.netty.channel.DefaultChannelPool - Entry count for : http://localhost:49951 : 1
07:49:12.409 [AsyncHttpClient-1-1] DEBUG org.asynchttpclient.netty.channel.DefaultChannelPool - Entry count for : http://localhost:49951 : 1
07:49:12.780 [AsyncHttpClient-1-3] DEBUG org.asynchttpclient.netty.handler.HttpHandler - 

Request DefaultHttpRequest(decodeResult: success, version: HTTP/1.1)
POST /session/0db3ffb8ff2d3e24505d7e753232d5cf/url HTTP/1.1
User-Agent: selenium/4.1.2 (java mac)
Content-Length: 72
Content-Type: application/json; charset=utf-8
host: localhost:58912
accept: */*

Response DefaultHttpResponse(decodeResult: success, version: HTTP/1.1)
HTTP/1.1 200 OK
Content-Type: application/json; charset=utf-8
cache-control: no-cache
content-length: 14

07:49:12.781 [AsyncHttpClient-1-3] DEBUG org.asynchttpclient.netty.channel.ChannelManager - Adding key: http://localhost:58912 for channel [id: 0x96154a55, L:/127.0.0.1:49950 - R:localhost/127.0.0.1:58912]
07:49:12.783 [Forwarding setTimeout on session 0db3ffb8ff2d3e24505d7e753232d5cf to remote] DEBUG org.asynchttpclient.netty.request.NettyRequestSender - Using pooled Channel '[id: 0x96154a55, L:/127.0.0.1:49950 - R:localhost/127.0.0.1:58912]' for 'POST' to 'http://localhost:58912/session/0db3ffb8ff2d3e24505d7e753232d5cf/timeouts'
07:49:12.783 [Forwarding setTimeout on session 0db3ffb8ff2d3e24505d7e753232d5cf to remote] DEBUG org.asynchttpclient.netty.request.NettyRequestSender - Using open Channel [id: 0x96154a55, L:/127.0.0.1:49950 - R:localhost/127.0.0.1:58912] for POST '/session/0db3ffb8ff2d3e24505d7e753232d5cf/timeouts'
07:49:12.784 [AsyncHttpClient-1-3] DEBUG org.asynchttpclient.netty.handler.HttpHandler - 

Request DefaultHttpRequest(decodeResult: success, version: HTTP/1.1)
POST /session/0db3ffb8ff2d3e24505d7e753232d5cf/timeouts HTTP/1.1
User-Agent: selenium/4.1.2 (java mac)
Content-Length: 22
Content-Type: application/json; charset=utf-8
host: localhost:58912
accept: */*

Response DefaultHttpResponse(decodeResult: success, version: HTTP/1.1)
HTTP/1.1 200 OK
Content-Type: application/json; charset=utf-8
cache-control: no-cache
content-length: 14

07:49:12.784 [AsyncHttpClient-1-3] DEBUG org.asynchttpclient.netty.channel.ChannelManager - Adding key: http://localhost:58912 for channel [id: 0x96154a55, L:/127.0.0.1:49950 - R:localhost/127.0.0.1:58912]
07:49:12.791 [Forwarding getCurrentUrl on session 0db3ffb8ff2d3e24505d7e753232d5cf to remote] DEBUG org.asynchttpclient.netty.request.NettyRequestSender - Using pooled Channel '[id: 0x96154a55, L:/127.0.0.1:49950 - R:localhost/127.0.0.1:58912]' for 'GET' to 'http://localhost:58912/session/0db3ffb8ff2d3e24505d7e753232d5cf/url'
07:49:12.791 [Forwarding getCurrentUrl on session 0db3ffb8ff2d3e24505d7e753232d5cf to remote] DEBUG org.asynchttpclient.netty.request.NettyRequestSender - Using open Channel [id: 0x96154a55, L:/127.0.0.1:49950 - R:localhost/127.0.0.1:58912] for GET '/session/0db3ffb8ff2d3e24505d7e753232d5cf/url'
07:49:12.796 [AsyncHttpClient-1-3] DEBUG org.asynchttpclient.netty.handler.HttpHandler - 

Request DefaultFullHttpRequest(decodeResult: success, version: HTTP/1.1, content: EmptyByteBufBE)
GET /session/0db3ffb8ff2d3e24505d7e753232d5cf/url HTTP/1.1
User-Agent: selenium/4.1.2 (java mac)
Cache-Control: no-cache
Content-Type: application/json; charset=utf-8
host: localhost:58912
accept: */*

Response DefaultHttpResponse(decodeResult: success, version: HTTP/1.1)
HTTP/1.1 200 OK
Content-Type: application/json; charset=utf-8
cache-control: no-cache
content-length: 54

07:49:12.796 [AsyncHttpClient-1-3] DEBUG org.asynchttpclient.netty.channel.ChannelManager - Adding key: http://localhost:58912 for channel [id: 0x96154a55, L:/127.0.0.1:49950 - R:localhost/127.0.0.1:58912]
07:49:12.800 [Forwarding getCurrentUrl on session 0db3ffb8ff2d3e24505d7e753232d5cf to remote] DEBUG org.asynchttpclient.netty.request.NettyRequestSender - Using pooled Channel '[id: 0x96154a55, L:/127.0.0.1:49950 - R:localhost/127.0.0.1:58912]' for 'GET' to 'http://localhost:58912/session/0db3ffb8ff2d3e24505d7e753232d5cf/url'
07:49:12.800 [Forwarding getCurrentUrl on session 0db3ffb8ff2d3e24505d7e753232d5cf to remote] DEBUG org.asynchttpclient.netty.request.NettyRequestSender - Using open Channel [id: 0x96154a55, L:/127.0.0.1:49950 - R:localhost/127.0.0.1:58912] for GET '/session/0db3ffb8ff2d3e24505d7e753232d5cf/url'
07:49:12.804 [AsyncHttpClient-1-3] DEBUG org.asynchttpclient.netty.handler.HttpHandler - 

Request DefaultFullHttpRequest(decodeResult: success, version: HTTP/1.1, content: EmptyByteBufBE)
GET /session/0db3ffb8ff2d3e24505d7e753232d5cf/url HTTP/1.1
User-Agent: selenium/4.1.2 (java mac)
Cache-Control: no-cache
Content-Type: application/json; charset=utf-8
host: localhost:58912
accept: */*

Response DefaultHttpResponse(decodeResult: success, version: HTTP/1.1)
HTTP/1.1 200 OK
Content-Type: application/json; charset=utf-8
cache-control: no-cache
content-length: 54

07:49:12.805 [AsyncHttpClient-1-3] DEBUG org.asynchttpclient.netty.channel.ChannelManager - Adding key: http://localhost:58912 for channel [id: 0x96154a55, L:/127.0.0.1:49950 - R:localhost/127.0.0.1:58912]
07:49:12.811 [Forwarding screenshot on session 0db3ffb8ff2d3e24505d7e753232d5cf to remote] DEBUG org.asynchttpclient.netty.request.NettyRequestSender - Using pooled Channel '[id: 0x96154a55, L:/127.0.0.1:49950 - R:localhost/127.0.0.1:58912]' for 'GET' to 'http://localhost:58912/session/0db3ffb8ff2d3e24505d7e753232d5cf/screenshot'
07:49:12.811 [Forwarding screenshot on session 0db3ffb8ff2d3e24505d7e753232d5cf to remote] DEBUG org.asynchttpclient.netty.request.NettyRequestSender - Using open Channel [id: 0x96154a55, L:/127.0.0.1:49950 - R:localhost/127.0.0.1:58912] for GET '/session/0db3ffb8ff2d3e24505d7e753232d5cf/screenshot'
07:49:12.946 [AsyncHttpClient-1-3] DEBUG org.asynchttpclient.netty.handler.HttpHandler - 

Request DefaultFullHttpRequest(decodeResult: success, version: HTTP/1.1, content: EmptyByteBufBE)
GET /session/0db3ffb8ff2d3e24505d7e753232d5cf/screenshot HTTP/1.1
User-Agent: selenium/4.1.2 (java mac)
Cache-Control: no-cache
Content-Type: application/json; charset=utf-8
host: localhost:58912
accept: */*

Response DefaultHttpResponse(decodeResult: success, version: HTTP/1.1)
HTTP/1.1 200 OK
Content-Type: application/json; charset=utf-8
cache-control: no-cache
content-length: 143140

07:49:12.948 [AsyncHttpClient-1-3] DEBUG org.asynchttpclient.netty.channel.ChannelManager - Adding key: http://localhost:58912 for channel [id: 0x96154a55, L:/127.0.0.1:49950 - R:localhost/127.0.0.1:58912]
07:49:12.957 [main] DEBUG net.serenitybdd.core.photography.Darkroom - Send negative for processing for target/site/serenity/76785b2408e6a627f821a689391526f77de9b66ea7150de038c15a6f1cdb7b4d.png
07:49:12.958 [main] DEBUG net.thucydides.core.steps.StepInterceptor - STEP DONE: {0} opens the #targetPageName
07:49:12.962 [main] DEBUG net.thucydides.core.steps.StepInterceptor - STEP DONE: !#title
  &amp#27;[32mGiven &amp#27;[0m&amp#27;[32m&amp#27;[0m&amp#27;[32m&amp#27;[1mI&amp#27;[0m&amp#27;[32m open Orange HRM login page&amp#27;[0m                   &amp#27;[90m# orangehrm.stepdefinitions.loginStepDef.loadHRMLoginPage(net.serenitybdd.screenplay.Actor)&amp#27;[0m
07:49:12.988 [main] DEBUG net.thucydides.core.steps.StepInterceptor - STARTING STEP: loginStepDef.inputCredential - !#title
07:49:12.994 [main] DEBUG net.thucydides.core.steps.StepInterceptor - STARTING STEP: loginStepDef.inputCredential - {0} enters #theTextAsAString into #target
07:49:12.996 [main] DEBUG net.serenitybdd.screenplay.targets.IFrameSwitcher - default content already selected for username field
07:49:13.001 [Forwarding findElement on session 0db3ffb8ff2d3e24505d7e753232d5cf to remote] DEBUG org.asynchttpclient.netty.request.NettyRequestSender - Using pooled Channel '[id: 0x96154a55, L:/127.0.0.1:49950 - R:localhost/127.0.0.1:58912]' for 'POST' to 'http://localhost:58912/session/0db3ffb8ff2d3e24505d7e753232d5cf/element'
07:49:13.001 [Forwarding findElement on session 0db3ffb8ff2d3e24505d7e753232d5cf to remote] DEBUG org.asynchttpclient.netty.request.NettyRequestSender - Using open Channel [id: 0x96154a55, L:/127.0.0.1:49950 - R:localhost/127.0.0.1:58912] for POST '/session/0db3ffb8ff2d3e24505d7e753232d5cf/element'
07:49:13.014 [AsyncHttpClient-1-3] DEBUG org.asynchttpclient.netty.handler.HttpHandler - 

Request DefaultHttpRequest(decodeResult: success, version: HTTP/1.1)
POST /session/0db3ffb8ff2d3e24505d7e753232d5cf/element HTTP/1.1
User-Agent: selenium/4.1.2 (java mac)
Content-Length: 56
Content-Type: application/json; charset=utf-8
host: localhost:58912
accept: */*

Response DefaultHttpResponse(decodeResult: success, version: HTTP/1.1)
HTTP/1.1 200 OK
Content-Type: application/json; charset=utf-8
cache-control: no-cache
content-length: 88

07:49:13.014 [AsyncHttpClient-1-3] DEBUG org.asynchttpclient.netty.channel.ChannelManager - Adding key: http://localhost:58912 for channel [id: 0x96154a55, L:/127.0.0.1:49950 - R:localhost/127.0.0.1:58912]
07:49:13.016 [Forwarding clearElement on session 0db3ffb8ff2d3e24505d7e753232d5cf to remote] DEBUG org.asynchttpclient.netty.request.NettyRequestSender - Using pooled Channel '[id: 0x96154a55, L:/127.0.0.1:49950 - R:localhost/127.0.0.1:58912]' for 'POST' to 'http://localhost:58912/session/0db3ffb8ff2d3e24505d7e753232d5cf/element/2ab6ff6d-6ab7-47c1-af57-5f6d1cf666bb/clear'
07:49:13.016 [Forwarding clearElement on session 0db3ffb8ff2d3e24505d7e753232d5cf to remote] DEBUG org.asynchttpclient.netty.request.NettyRequestSender - Using open Channel [id: 0x96154a55, L:/127.0.0.1:49950 - R:localhost/127.0.0.1:58912] for POST '/session/0db3ffb8ff2d3e24505d7e753232d5cf/element/2ab6ff6d-6ab7-47c1-af57-5f6d1cf666bb/clear'
07:49:13.048 [AsyncHttpClient-1-3] DEBUG org.asynchttpclient.netty.handler.HttpHandler - 

Request DefaultHttpRequest(decodeResult: success, version: HTTP/1.1)
POST /session/0db3ffb8ff2d3e24505d7e753232d5cf/element/2ab6ff6d-6ab7-47c1-af57-5f6d1cf666bb/clear HTTP/1.1
User-Agent: selenium/4.1.2 (java mac)
Content-Length: 50
Content-Type: application/json; charset=utf-8
host: localhost:58912
accept: */*

Response DefaultHttpResponse(decodeResult: success, version: HTTP/1.1)
HTTP/1.1 200 OK
Content-Type: application/json; charset=utf-8
cache-control: no-cache
content-length: 14

07:49:13.048 [AsyncHttpClient-1-3] DEBUG org.asynchttpclient.netty.channel.ChannelManager - Adding key: http://localhost:58912 for channel [id: 0x96154a55, L:/127.0.0.1:49950 - R:localhost/127.0.0.1:58912]
07:49:13.051 [Forwarding sendKeysToElement on session 0db3ffb8ff2d3e24505d7e753232d5cf to remote] DEBUG org.asynchttpclient.netty.request.NettyRequestSender - Using pooled Channel '[id: 0x96154a55, L:/127.0.0.1:49950 - R:localhost/127.0.0.1:58912]' for 'POST' to 'http://localhost:58912/session/0db3ffb8ff2d3e24505d7e753232d5cf/element/2ab6ff6d-6ab7-47c1-af57-5f6d1cf666bb/value'
07:49:13.051 [Forwarding sendKeysToElement on session 0db3ffb8ff2d3e24505d7e753232d5cf to remote] DEBUG org.asynchttpclient.netty.request.NettyRequestSender - Using open Channel [id: 0x96154a55, L:/127.0.0.1:49950 - R:localhost/127.0.0.1:58912] for POST '/session/0db3ffb8ff2d3e24505d7e753232d5cf/element/2ab6ff6d-6ab7-47c1-af57-5f6d1cf666bb/value'
07:49:13.145 [AsyncHttpClient-1-3] DEBUG org.asynchttpclient.netty.handler.HttpHandler - 

Request DefaultHttpRequest(decodeResult: success, version: HTTP/1.1)
POST /session/0db3ffb8ff2d3e24505d7e753232d5cf/element/2ab6ff6d-6ab7-47c1-af57-5f6d1cf666bb/value HTTP/1.1
User-Agent: selenium/4.1.2 (java mac)
Content-Length: 131
Content-Type: application/json; charset=utf-8
host: localhost:58912
accept: */*

Response DefaultHttpResponse(decodeResult: success, version: HTTP/1.1)
HTTP/1.1 200 OK
Content-Type: application/json; charset=utf-8
cache-control: no-cache
content-length: 14

07:49:13.145 [AsyncHttpClient-1-3] DEBUG org.asynchttpclient.netty.channel.ChannelManager - Adding key: http://localhost:58912 for channel [id: 0x96154a55, L:/127.0.0.1:49950 - R:localhost/127.0.0.1:58912]
07:49:13.157 [Forwarding screenshot on session 0db3ffb8ff2d3e24505d7e753232d5cf to remote] DEBUG org.asynchttpclient.netty.request.NettyRequestSender - Using pooled Channel '[id: 0x96154a55, L:/127.0.0.1:49950 - R:localhost/127.0.0.1:58912]' for 'GET' to 'http://localhost:58912/session/0db3ffb8ff2d3e24505d7e753232d5cf/screenshot'
07:49:13.158 [Forwarding screenshot on session 0db3ffb8ff2d3e24505d7e753232d5cf to remote] DEBUG org.asynchttpclient.netty.request.NettyRequestSender - Using open Channel [id: 0x96154a55, L:/127.0.0.1:49950 - R:localhost/127.0.0.1:58912] for GET '/session/0db3ffb8ff2d3e24505d7e753232d5cf/screenshot'
07:49:13.310 [AsyncHttpClient-1-3] DEBUG org.asynchttpclient.netty.handler.HttpHandler - 

Request DefaultFullHttpRequest(decodeResult: success, version: HTTP/1.1, content: EmptyByteBufBE)
GET /session/0db3ffb8ff2d3e24505d7e753232d5cf/screenshot HTTP/1.1
User-Agent: selenium/4.1.2 (java mac)
Cache-Control: no-cache
Content-Type: application/json; charset=utf-8
host: localhost:58912
accept: */*

Response DefaultHttpResponse(decodeResult: success, version: HTTP/1.1)
HTTP/1.1 200 OK
Content-Type: application/json; charset=utf-8
cache-control: no-cache
content-length: 141220

07:49:13.311 [AsyncHttpClient-1-3] DEBUG org.asynchttpclient.netty.channel.ChannelManager - Adding key: http://localhost:58912 for channel [id: 0x96154a55, L:/127.0.0.1:49950 - R:localhost/127.0.0.1:58912]
07:49:13.318 [main] DEBUG net.serenitybdd.core.photography.Darkroom - Send negative for processing for target/site/serenity/0810a9e55a1b550b8992e89d8afb2e9d2522bc4d1bb30fd994f707fffbc02c86.png
07:49:13.319 [main] DEBUG net.thucydides.core.steps.StepInterceptor - STEP DONE: {0} enters #theTextAsAString into #target
07:49:13.323 [main] DEBUG net.thucydides.core.steps.StepInterceptor - STEP DONE: !#title
07:49:13.330 [main] DEBUG net.thucydides.core.steps.StepInterceptor - STARTING STEP: loginStepDef.inputCredential - !#title
07:49:13.336 [main] DEBUG net.thucydides.core.steps.StepInterceptor - STARTING STEP: loginStepDef.inputCredential - {0} enters #theTextAsAString into #target
07:49:13.338 [main] DEBUG net.serenitybdd.screenplay.targets.IFrameSwitcher - default content already selected for password field
07:49:13.346 [Forwarding findElement on session 0db3ffb8ff2d3e24505d7e753232d5cf to remote] DEBUG org.asynchttpclient.netty.request.NettyRequestSender - Using pooled Channel '[id: 0x96154a55, L:/127.0.0.1:49950 - R:localhost/127.0.0.1:58912]' for 'POST' to 'http://localhost:58912/session/0db3ffb8ff2d3e24505d7e753232d5cf/element'
07:49:13.346 [Forwarding findElement on session 0db3ffb8ff2d3e24505d7e753232d5cf to remote] DEBUG org.asynchttpclient.netty.request.NettyRequestSender - Using open Channel [id: 0x96154a55, L:/127.0.0.1:49950 - R:localhost/127.0.0.1:58912] for POST '/session/0db3ffb8ff2d3e24505d7e753232d5cf/element'
07:49:13.357 [AsyncHttpClient-1-3] DEBUG org.asynchttpclient.netty.handler.HttpHandler - 

Request DefaultHttpRequest(decodeResult: success, version: HTTP/1.1)
POST /session/0db3ffb8ff2d3e24505d7e753232d5cf/element HTTP/1.1
User-Agent: selenium/4.1.2 (java mac)
Content-Length: 56
Content-Type: application/json; charset=utf-8
host: localhost:58912
accept: */*

Response DefaultHttpResponse(decodeResult: success, version: HTTP/1.1)
HTTP/1.1 200 OK
Content-Type: application/json; charset=utf-8
cache-control: no-cache
content-length: 88

07:49:13.357 [AsyncHttpClient-1-3] DEBUG org.asynchttpclient.netty.channel.ChannelManager - Adding key: http://localhost:58912 for channel [id: 0x96154a55, L:/127.0.0.1:49950 - R:localhost/127.0.0.1:58912]
07:49:13.358 [Forwarding clearElement on session 0db3ffb8ff2d3e24505d7e753232d5cf to remote] DEBUG org.asynchttpclient.netty.request.NettyRequestSender - Using pooled Channel '[id: 0x96154a55, L:/127.0.0.1:49950 - R:localhost/127.0.0.1:58912]' for 'POST' to 'http://localhost:58912/session/0db3ffb8ff2d3e24505d7e753232d5cf/element/fa70e2ad-08d4-4d3a-8523-1184a3a127b4/clear'
07:49:13.358 [Forwarding clearElement on session 0db3ffb8ff2d3e24505d7e753232d5cf to remote] DEBUG org.asynchttpclient.netty.request.NettyRequestSender - Using open Channel [id: 0x96154a55, L:/127.0.0.1:49950 - R:localhost/127.0.0.1:58912] for POST '/session/0db3ffb8ff2d3e24505d7e753232d5cf/element/fa70e2ad-08d4-4d3a-8523-1184a3a127b4/clear'
07:49:13.389 [AsyncHttpClient-1-3] DEBUG org.asynchttpclient.netty.handler.HttpHandler - 

Request DefaultHttpRequest(decodeResult: success, version: HTTP/1.1)
POST /session/0db3ffb8ff2d3e24505d7e753232d5cf/element/fa70e2ad-08d4-4d3a-8523-1184a3a127b4/clear HTTP/1.1
User-Agent: selenium/4.1.2 (java mac)
Content-Length: 50
Content-Type: application/json; charset=utf-8
host: localhost:58912
accept: */*

Response DefaultHttpResponse(decodeResult: success, version: HTTP/1.1)
HTTP/1.1 200 OK
Content-Type: application/json; charset=utf-8
cache-control: no-cache
content-length: 14

07:49:13.389 [AsyncHttpClient-1-3] DEBUG org.asynchttpclient.netty.channel.ChannelManager - Adding key: http://localhost:58912 for channel [id: 0x96154a55, L:/127.0.0.1:49950 - R:localhost/127.0.0.1:58912]
07:49:13.392 [Forwarding sendKeysToElement on session 0db3ffb8ff2d3e24505d7e753232d5cf to remote] DEBUG org.asynchttpclient.netty.request.NettyRequestSender - Using pooled Channel '[id: 0x96154a55, L:/127.0.0.1:49950 - R:localhost/127.0.0.1:58912]' for 'POST' to 'http://localhost:58912/session/0db3ffb8ff2d3e24505d7e753232d5cf/element/fa70e2ad-08d4-4d3a-8523-1184a3a127b4/value'
07:49:13.392 [Forwarding sendKeysToElement on session 0db3ffb8ff2d3e24505d7e753232d5cf to remote] DEBUG org.asynchttpclient.netty.request.NettyRequestSender - Using open Channel [id: 0x96154a55, L:/127.0.0.1:49950 - R:localhost/127.0.0.1:58912] for POST '/session/0db3ffb8ff2d3e24505d7e753232d5cf/element/fa70e2ad-08d4-4d3a-8523-1184a3a127b4/value'
07:49:13.444 [AsyncHttpClient-1-3] DEBUG org.asynchttpclient.netty.handler.HttpHandler - 

Request DefaultHttpRequest(decodeResult: success, version: HTTP/1.1)
POST /session/0db3ffb8ff2d3e24505d7e753232d5cf/element/fa70e2ad-08d4-4d3a-8523-1184a3a127b4/value HTTP/1.1
User-Agent: selenium/4.1.2 (java mac)
Content-Length: 161
Content-Type: application/json; charset=utf-8
host: localhost:58912
accept: */*

Response DefaultHttpResponse(decodeResult: success, version: HTTP/1.1)
HTTP/1.1 200 OK
Content-Type: application/json; charset=utf-8
cache-control: no-cache
content-length: 14

07:49:13.444 [AsyncHttpClient-1-3] DEBUG org.asynchttpclient.netty.channel.ChannelManager - Adding key: http://localhost:58912 for channel [id: 0x96154a55, L:/127.0.0.1:49950 - R:localhost/127.0.0.1:58912]
07:49:13.452 [Forwarding screenshot on session 0db3ffb8ff2d3e24505d7e753232d5cf to remote] DEBUG org.asynchttpclient.netty.request.NettyRequestSender - Using pooled Channel '[id: 0x96154a55, L:/127.0.0.1:49950 - R:localhost/127.0.0.1:58912]' for 'GET' to 'http://localhost:58912/session/0db3ffb8ff2d3e24505d7e753232d5cf/screenshot'
07:49:13.452 [Forwarding screenshot on session 0db3ffb8ff2d3e24505d7e753232d5cf to remote] DEBUG org.asynchttpclient.netty.request.NettyRequestSender - Using open Channel [id: 0x96154a55, L:/127.0.0.1:49950 - R:localhost/127.0.0.1:58912] for GET '/session/0db3ffb8ff2d3e24505d7e753232d5cf/screenshot'
07:49:13.505 [AsyncHttpClient-1-1] DEBUG org.asynchttpclient.netty.channel.DefaultChannelPool - Entry count for : http://localhost:49951 : 1
07:49:13.592 [AsyncHttpClient-1-3] DEBUG org.asynchttpclient.netty.handler.HttpHandler - 

Request DefaultFullHttpRequest(decodeResult: success, version: HTTP/1.1, content: EmptyByteBufBE)
GET /session/0db3ffb8ff2d3e24505d7e753232d5cf/screenshot HTTP/1.1
User-Agent: selenium/4.1.2 (java mac)
Cache-Control: no-cache
Content-Type: application/json; charset=utf-8
host: localhost:58912
accept: */*

Response DefaultHttpResponse(decodeResult: success, version: HTTP/1.1)
HTTP/1.1 200 OK
Content-Type: application/json; charset=utf-8
cache-control: no-cache
content-length: 141600

07:49:13.593 [AsyncHttpClient-1-3] DEBUG org.asynchttpclient.netty.channel.ChannelManager - Adding key: http://localhost:58912 for channel [id: 0x96154a55, L:/127.0.0.1:49950 - R:localhost/127.0.0.1:58912]
07:49:13.600 [main] DEBUG net.serenitybdd.core.photography.Darkroom - Send negative for processing for target/site/serenity/219d309bbfb6fe6b7906ecd6e6b802acbae0ce43501848433db883de3959bc89.png
07:49:13.601 [main] DEBUG net.thucydides.core.steps.StepInterceptor - STEP DONE: {0} enters #theTextAsAString into #target
07:49:13.605 [main] DEBUG net.thucydides.core.steps.StepInterceptor - STEP DONE: !#title
  &amp#27;[32mAnd &amp#27;[0m&amp#27;[32m&amp#27;[0m&amp#27;[32m&amp#27;[1mI&amp#27;[0m&amp#27;[32m input username and password&amp#27;[0m                    &amp#27;[90m# orangehrm.stepdefinitions.loginStepDef.inputCredential(net.serenitybdd.screenplay.Actor)&amp#27;[0m
07:49:13.620 [main] DEBUG net.thucydides.core.steps.StepInterceptor - STARTING STEP: loginStepDef.clickLoginButton - !#title
07:49:13.625 [main] DEBUG net.thucydides.core.steps.StepInterceptor - STARTING STEP: loginStepDef.clickLoginButton - {0} clicks on #target
07:49:13.626 [main] DEBUG net.serenitybdd.screenplay.targets.IFrameSwitcher - default content already selected for login button
07:49:13.635 [Forwarding findElement on session 0db3ffb8ff2d3e24505d7e753232d5cf to remote] DEBUG org.asynchttpclient.netty.request.NettyRequestSender - Using pooled Channel '[id: 0x96154a55, L:/127.0.0.1:49950 - R:localhost/127.0.0.1:58912]' for 'POST' to 'http://localhost:58912/session/0db3ffb8ff2d3e24505d7e753232d5cf/element'
07:49:13.635 [Forwarding findElement on session 0db3ffb8ff2d3e24505d7e753232d5cf to remote] DEBUG org.asynchttpclient.netty.request.NettyRequestSender - Using open Channel [id: 0x96154a55, L:/127.0.0.1:49950 - R:localhost/127.0.0.1:58912] for POST '/session/0db3ffb8ff2d3e24505d7e753232d5cf/element'
07:49:13.645 [AsyncHttpClient-1-3] DEBUG org.asynchttpclient.netty.handler.HttpHandler - 

Request DefaultHttpRequest(decodeResult: success, version: HTTP/1.1)
POST /session/0db3ffb8ff2d3e24505d7e753232d5cf/element HTTP/1.1
User-Agent: selenium/4.1.2 (java mac)
Content-Length: 53
Content-Type: application/json; charset=utf-8
host: localhost:58912
accept: */*

Response DefaultHttpResponse(decodeResult: success, version: HTTP/1.1)
HTTP/1.1 200 OK
Content-Type: application/json; charset=utf-8
cache-control: no-cache
content-length: 88

07:49:13.646 [AsyncHttpClient-1-3] DEBUG org.asynchttpclient.netty.channel.ChannelManager - Adding key: http://localhost:58912 for channel [id: 0x96154a55, L:/127.0.0.1:49950 - R:localhost/127.0.0.1:58912]
07:49:13.658 [Forwarding isElementDisplayed on session 0db3ffb8ff2d3e24505d7e753232d5cf to remote] DEBUG org.asynchttpclient.netty.request.NettyRequestSender - Using pooled Channel '[id: 0x96154a55, L:/127.0.0.1:49950 - R:localhost/127.0.0.1:58912]' for 'POST' to 'http://localhost:58912/session/0db3ffb8ff2d3e24505d7e753232d5cf/execute/sync'
07:49:13.658 [Forwarding isElementDisplayed on session 0db3ffb8ff2d3e24505d7e753232d5cf to remote] DEBUG org.asynchttpclient.netty.request.NettyRequestSender - Using open Channel [id: 0x96154a55, L:/127.0.0.1:49950 - R:localhost/127.0.0.1:58912] for POST '/session/0db3ffb8ff2d3e24505d7e753232d5cf/execute/sync'
07:49:13.699 [AsyncHttpClient-1-3] DEBUG org.asynchttpclient.netty.handler.HttpHandler - 

Request DefaultHttpRequest(decodeResult: success, version: HTTP/1.1)
POST /session/0db3ffb8ff2d3e24505d7e753232d5cf/execute/sync HTTP/1.1
User-Agent: selenium/4.1.2 (java mac)
Content-Length: 48780
Content-Type: application/json; charset=utf-8
host: localhost:58912
accept: */*

Response DefaultHttpResponse(decodeResult: success, version: HTTP/1.1)
HTTP/1.1 200 OK
Content-Type: application/json; charset=utf-8
cache-control: no-cache
content-length: 14

07:49:13.699 [AsyncHttpClient-1-3] DEBUG org.asynchttpclient.netty.channel.ChannelManager - Adding key: http://localhost:58912 for channel [id: 0x96154a55, L:/127.0.0.1:49950 - R:localhost/127.0.0.1:58912]
07:49:13.708 [Forwarding findElement on session 0db3ffb8ff2d3e24505d7e753232d5cf to remote] DEBUG org.asynchttpclient.netty.request.NettyRequestSender - Using pooled Channel '[id: 0x96154a55, L:/127.0.0.1:49950 - R:localhost/127.0.0.1:58912]' for 'POST' to 'http://localhost:58912/session/0db3ffb8ff2d3e24505d7e753232d5cf/element'
07:49:13.709 [Forwarding findElement on session 0db3ffb8ff2d3e24505d7e753232d5cf to remote] DEBUG org.asynchttpclient.netty.request.NettyRequestSender - Using open Channel [id: 0x96154a55, L:/127.0.0.1:49950 - R:localhost/127.0.0.1:58912] for POST '/session/0db3ffb8ff2d3e24505d7e753232d5cf/element'
07:49:13.741 [AsyncHttpClient-1-3] DEBUG org.asynchttpclient.netty.handler.HttpHandler - 

Request DefaultHttpRequest(decodeResult: success, version: HTTP/1.1)
POST /session/0db3ffb8ff2d3e24505d7e753232d5cf/element HTTP/1.1
User-Agent: selenium/4.1.2 (java mac)
Content-Length: 53
Content-Type: application/json; charset=utf-8
host: localhost:58912
accept: */*

Response DefaultHttpResponse(decodeResult: success, version: HTTP/1.1)
HTTP/1.1 200 OK
Content-Type: application/json; charset=utf-8
cache-control: no-cache
content-length: 88

07:49:13.741 [AsyncHttpClient-1-3] DEBUG org.asynchttpclient.netty.channel.ChannelManager - Adding key: http://localhost:58912 for channel [id: 0x96154a55, L:/127.0.0.1:49950 - R:localhost/127.0.0.1:58912]
07:49:13.744 [Forwarding clickElement on session 0db3ffb8ff2d3e24505d7e753232d5cf to remote] DEBUG org.asynchttpclient.netty.request.NettyRequestSender - Using pooled Channel '[id: 0x96154a55, L:/127.0.0.1:49950 - R:localhost/127.0.0.1:58912]' for 'POST' to 'http://localhost:58912/session/0db3ffb8ff2d3e24505d7e753232d5cf/element/b5b65e11-9d97-4be4-9326-42eb19f61c64/click'
07:49:13.744 [Forwarding clickElement on session 0db3ffb8ff2d3e24505d7e753232d5cf to remote] DEBUG org.asynchttpclient.netty.request.NettyRequestSender - Using open Channel [id: 0x96154a55, L:/127.0.0.1:49950 - R:localhost/127.0.0.1:58912] for POST '/session/0db3ffb8ff2d3e24505d7e753232d5cf/element/b5b65e11-9d97-4be4-9326-42eb19f61c64/click'
07:49:14.605 [AsyncHttpClient-1-1] DEBUG org.asynchttpclient.netty.channel.DefaultChannelPool - Entry count for : http://localhost:49951 : 1
07:49:15.707 [AsyncHttpClient-1-1] DEBUG org.asynchttpclient.netty.channel.DefaultChannelPool - Entry count for : http://localhost:49951 : 1
07:49:16.805 [AsyncHttpClient-1-1] DEBUG org.asynchttpclient.netty.channel.DefaultChannelPool - Entry count for : http://localhost:49951 : 1
07:49:17.905 [AsyncHttpClient-1-1] DEBUG org.asynchttpclient.netty.channel.DefaultChannelPool - Entry count for : http://localhost:49951 : 1
07:49:19.005 [AsyncHttpClient-1-1] DEBUG org.asynchttpclient.netty.channel.DefaultChannelPool - Entry count for : http://localhost:49951 : 1
07:49:19.757 [AsyncHttpClient-1-3] DEBUG org.asynchttpclient.netty.handler.HttpHandler - 

Request DefaultHttpRequest(decodeResult: success, version: HTTP/1.1)
POST /session/0db3ffb8ff2d3e24505d7e753232d5cf/element/b5b65e11-9d97-4be4-9326-42eb19f61c64/click HTTP/1.1
User-Agent: selenium/4.1.2 (java mac)
Content-Length: 50
Content-Type: application/json; charset=utf-8
host: localhost:58912
accept: */*

Response DefaultHttpResponse(decodeResult: success, version: HTTP/1.1)
HTTP/1.1 200 OK
Content-Type: application/json; charset=utf-8
cache-control: no-cache
content-length: 14

07:49:19.757 [AsyncHttpClient-1-3] DEBUG org.asynchttpclient.netty.channel.ChannelManager - Adding key: http://localhost:58912 for channel [id: 0x96154a55, L:/127.0.0.1:49950 - R:localhost/127.0.0.1:58912]
07:49:19.768 [Forwarding screenshot on session 0db3ffb8ff2d3e24505d7e753232d5cf to remote] DEBUG org.asynchttpclient.netty.request.NettyRequestSender - Using pooled Channel '[id: 0x96154a55, L:/127.0.0.1:49950 - R:localhost/127.0.0.1:58912]' for 'GET' to 'http://localhost:58912/session/0db3ffb8ff2d3e24505d7e753232d5cf/screenshot'
07:49:19.768 [Forwarding screenshot on session 0db3ffb8ff2d3e24505d7e753232d5cf to remote] DEBUG org.asynchttpclient.netty.request.NettyRequestSender - Using open Channel [id: 0x96154a55, L:/127.0.0.1:49950 - R:localhost/127.0.0.1:58912] for GET '/session/0db3ffb8ff2d3e24505d7e753232d5cf/screenshot'
07:49:19.936 [AsyncHttpClient-1-3] DEBUG org.asynchttpclient.netty.handler.HttpHandler - 

Request DefaultFullHttpRequest(decodeResult: success, version: HTTP/1.1, content: EmptyByteBufBE)
GET /session/0db3ffb8ff2d3e24505d7e753232d5cf/screenshot HTTP/1.1
User-Agent: selenium/4.1.2 (java mac)
Cache-Control: no-cache
Content-Type: application/json; charset=utf-8
host: localhost:58912
accept: */*

Response DefaultHttpResponse(decodeResult: success, version: HTTP/1.1)
HTTP/1.1 200 OK
Content-Type: application/json; charset=utf-8
cache-control: no-cache
content-length: 129156

07:49:19.937 [AsyncHttpClient-1-3] DEBUG org.asynchttpclient.netty.channel.ChannelManager - Adding key: http://localhost:58912 for channel [id: 0x96154a55, L:/127.0.0.1:49950 - R:localhost/127.0.0.1:58912]
07:49:19.948 [main] DEBUG net.serenitybdd.core.photography.Darkroom - Send negative for processing for target/site/serenity/76a976f5385317fa916ce71bff6969181a6872f0cc87f7fbd7d3d9998d57abd8.png
07:49:19.949 [main] DEBUG net.thucydides.core.steps.StepInterceptor - STEP DONE: {0} clicks on #target
07:49:19.949 [Darkroom Processing Line] DEBUG net.serenitybdd.core.photography.DarkroomProcessingLine - Processing screenshot image in /var/screenshots/screenshot-3541628382954649883
07:49:19.950 [Darkroom Processing Line] DEBUG net.serenitybdd.core.photography.DarkroomProcessingLine - Saving screenshot to target/site/serenity/76a976f5385317fa916ce71bff6969181a6872f0cc87f7fbd7d3d9998d57abd8.png
07:49:19.960 [main] DEBUG net.thucydides.core.steps.StepInterceptor - STEP DONE: !#title
  &amp#27;[32mAnd &amp#27;[0m&amp#27;[32m&amp#27;[0m&amp#27;[32m&amp#27;[1mI&amp#27;[0m&amp#27;[32m click login button&amp#27;[0m                             &amp#27;[90m# orangehrm.stepdefinitions.loginStepDef.clickLoginButton(net.serenitybdd.screenplay.Actor)&amp#27;[0m
07:49:19.980 [main] DEBUG net.thucydides.core.steps.StepInterceptor - STARTING STEP: PIMStepDef.accessEmployee - !#title
07:49:19.989 [main] DEBUG net.thucydides.core.steps.StepInterceptor - STARTING STEP: PIMStepDef.accessEmployee - {0} opens the #targetPageName
07:49:19.992 [Forwarding get on session 0db3ffb8ff2d3e24505d7e753232d5cf to remote] DEBUG org.asynchttpclient.netty.request.NettyRequestSender - Using pooled Channel '[id: 0x96154a55, L:/127.0.0.1:49950 - R:localhost/127.0.0.1:58912]' for 'POST' to 'http://localhost:58912/session/0db3ffb8ff2d3e24505d7e753232d5cf/url'
07:49:19.992 [Forwarding get on session 0db3ffb8ff2d3e24505d7e753232d5cf to remote] DEBUG org.asynchttpclient.netty.request.NettyRequestSender - Using open Channel [id: 0x96154a55, L:/127.0.0.1:49950 - R:localhost/127.0.0.1:58912] for POST '/session/0db3ffb8ff2d3e24505d7e753232d5cf/url'
07:49:20.107 [AsyncHttpClient-1-1] DEBUG org.asynchttpclient.netty.channel.DefaultChannelPool - Entry count for : http://localhost:49951 : 1
07:49:21.209 [AsyncHttpClient-1-1] DEBUG org.asynchttpclient.netty.channel.DefaultChannelPool - Entry count for : http://localhost:49951 : 1
07:49:21.745 [AsyncHttpClient-1-3] DEBUG org.asynchttpclient.netty.handler.HttpHandler - 

Request DefaultHttpRequest(decodeResult: success, version: HTTP/1.1)
POST /session/0db3ffb8ff2d3e24505d7e753232d5cf/url HTTP/1.1
User-Agent: selenium/4.1.2 (java mac)
Content-Length: 112
Content-Type: application/json; charset=utf-8
host: localhost:58912
accept: */*

Response DefaultHttpResponse(decodeResult: success, version: HTTP/1.1)
HTTP/1.1 200 OK
Content-Type: application/json; charset=utf-8
cache-control: no-cache
content-length: 14

07:49:21.745 [AsyncHttpClient-1-3] DEBUG org.asynchttpclient.netty.channel.ChannelManager - Adding key: http://localhost:58912 for channel [id: 0x96154a55, L:/127.0.0.1:49950 - R:localhost/127.0.0.1:58912]
07:49:21.749 [Forwarding getCurrentUrl on session 0db3ffb8ff2d3e24505d7e753232d5cf to remote] DEBUG org.asynchttpclient.netty.request.NettyRequestSender - Using pooled Channel '[id: 0x96154a55, L:/127.0.0.1:49950 - R:localhost/127.0.0.1:58912]' for 'GET' to 'http://localhost:58912/session/0db3ffb8ff2d3e24505d7e753232d5cf/url'
07:49:21.749 [Forwarding getCurrentUrl on session 0db3ffb8ff2d3e24505d7e753232d5cf to remote] DEBUG org.asynchttpclient.netty.request.NettyRequestSender - Using open Channel [id: 0x96154a55, L:/127.0.0.1:49950 - R:localhost/127.0.0.1:58912] for GET '/session/0db3ffb8ff2d3e24505d7e753232d5cf/url'
07:49:21.753 [AsyncHttpClient-1-3] DEBUG org.asynchttpclient.netty.handler.HttpHandler - 

Request DefaultFullHttpRequest(decodeResult: success, version: HTTP/1.1, content: EmptyByteBufBE)
GET /session/0db3ffb8ff2d3e24505d7e753232d5cf/url HTTP/1.1
User-Agent: selenium/4.1.2 (java mac)
Cache-Control: no-cache
Content-Type: application/json; charset=utf-8
host: localhost:58912
accept: */*

Response DefaultHttpResponse(decodeResult: success, version: HTTP/1.1)
HTTP/1.1 200 OK
Content-Type: application/json; charset=utf-8
cache-control: no-cache
content-length: 84

07:49:21.754 [AsyncHttpClient-1-3] DEBUG org.asynchttpclient.netty.channel.ChannelManager - Adding key: http://localhost:58912 for channel [id: 0x96154a55, L:/127.0.0.1:49950 - R:localhost/127.0.0.1:58912]
07:49:21.760 [Forwarding getCurrentUrl on session 0db3ffb8ff2d3e24505d7e753232d5cf to remote] DEBUG org.asynchttpclient.netty.request.NettyRequestSender - Using pooled Channel '[id: 0x96154a55, L:/127.0.0.1:49950 - R:localhost/127.0.0.1:58912]' for 'GET' to 'http://localhost:58912/session/0db3ffb8ff2d3e24505d7e753232d5cf/url'
07:49:21.760 [Forwarding getCurrentUrl on session 0db3ffb8ff2d3e24505d7e753232d5cf to remote] DEBUG org.asynchttpclient.netty.request.NettyRequestSender - Using open Channel [id: 0x96154a55, L:/127.0.0.1:49950 - R:localhost/127.0.0.1:58912] for GET '/session/0db3ffb8ff2d3e24505d7e753232d5cf/url'
07:49:21.775 [AsyncHttpClient-1-3] DEBUG org.asynchttpclient.netty.handler.HttpHandler - 

Request DefaultFullHttpRequest(decodeResult: success, version: HTTP/1.1, content: EmptyByteBufBE)
GET /session/0db3ffb8ff2d3e24505d7e753232d5cf/url HTTP/1.1
User-Agent: selenium/4.1.2 (java mac)
Cache-Control: no-cache
Content-Type: application/json; charset=utf-8
host: localhost:58912
accept: */*

Response DefaultHttpResponse(decodeResult: success, version: HTTP/1.1)
HTTP/1.1 200 OK
Content-Type: application/json; charset=utf-8
cache-control: no-cache
content-length: 84

07:49:21.775 [AsyncHttpClient-1-3] DEBUG org.asynchttpclient.netty.channel.ChannelManager - Adding key: http://localhost:58912 for channel [id: 0x96154a55, L:/127.0.0.1:49950 - R:localhost/127.0.0.1:58912]
07:49:21.830 [Forwarding screenshot on session 0db3ffb8ff2d3e24505d7e753232d5cf to remote] DEBUG org.asynchttpclient.netty.request.NettyRequestSender - Using pooled Channel '[id: 0x96154a55, L:/127.0.0.1:49950 - R:localhost/127.0.0.1:58912]' for 'GET' to 'http://localhost:58912/session/0db3ffb8ff2d3e24505d7e753232d5cf/screenshot'
07:49:21.830 [Forwarding screenshot on session 0db3ffb8ff2d3e24505d7e753232d5cf to remote] DEBUG org.asynchttpclient.netty.request.NettyRequestSender - Using open Channel [id: 0x96154a55, L:/127.0.0.1:49950 - R:localhost/127.0.0.1:58912] for GET '/session/0db3ffb8ff2d3e24505d7e753232d5cf/screenshot'
07:49:21.949 [AsyncHttpClient-1-3] DEBUG org.asynchttpclient.netty.handler.HttpHandler - 

Request DefaultFullHttpRequest(decodeResult: success, version: HTTP/1.1, content: EmptyByteBufBE)
GET /session/0db3ffb8ff2d3e24505d7e753232d5cf/screenshot HTTP/1.1
User-Agent: selenium/4.1.2 (java mac)
Cache-Control: no-cache
Content-Type: application/json; charset=utf-8
host: localhost:58912
accept: */*

Response DefaultHttpResponse(decodeResult: success, version: HTTP/1.1)
HTTP/1.1 200 OK
Content-Type: application/json; charset=utf-8
cache-control: no-cache
content-length: 128172

07:49:21.950 [AsyncHttpClient-1-3] DEBUG org.asynchttpclient.netty.channel.ChannelManager - Adding key: http://localhost:58912 for channel [id: 0x96154a55, L:/127.0.0.1:49950 - R:localhost/127.0.0.1:58912]
07:49:21.959 [main] DEBUG net.serenitybdd.core.photography.Darkroom - Send negative for processing for target/site/serenity/6f8859586b5b50e1b833080fe195deff033026d39fb3e40c4fcf6d0ad5b6d3e8.png
07:49:21.959 [main] DEBUG net.thucydides.core.steps.StepInterceptor - STEP DONE: {0} opens the #targetPageName
07:49:21.963 [main] DEBUG net.thucydides.core.steps.StepInterceptor - STEP DONE: !#title
  &amp#27;[32mAnd &amp#27;[0m&amp#27;[32m&amp#27;[0m&amp#27;[32m&amp#27;[1mI&amp#27;[0m&amp#27;[32m access employee list&amp#27;[0m                           &amp#27;[90m# orangehrm.stepdefinitions.PIMStepDef.accessEmployee(net.serenitybdd.screenplay.Actor)&amp#27;[0m
07:49:21.982 [main] DEBUG net.thucydides.core.steps.StepInterceptor - STARTING STEP: PIMStepDef.filterEmployee - !#title
07:49:21.988 [main] DEBUG net.thucydides.core.steps.StepInterceptor - STARTING STEP: PIMStepDef.filterEmployee - {0} enters #theTextAsAString into #target
07:49:21.990 [main] DEBUG net.serenitybdd.screenplay.targets.IFrameSwitcher - default content already selected for employee name
07:49:21.997 [Forwarding findElement on session 0db3ffb8ff2d3e24505d7e753232d5cf to remote] DEBUG org.asynchttpclient.netty.request.NettyRequestSender - Using pooled Channel '[id: 0x96154a55, L:/127.0.0.1:49950 - R:localhost/127.0.0.1:58912]' for 'POST' to 'http://localhost:58912/session/0db3ffb8ff2d3e24505d7e753232d5cf/element'
07:49:21.997 [Forwarding findElement on session 0db3ffb8ff2d3e24505d7e753232d5cf to remote] DEBUG org.asynchttpclient.netty.request.NettyRequestSender - Using open Channel [id: 0x96154a55, L:/127.0.0.1:49950 - R:localhost/127.0.0.1:58912] for POST '/session/0db3ffb8ff2d3e24505d7e753232d5cf/element'
07:49:22.008 [AsyncHttpClient-1-3] DEBUG org.asynchttpclient.netty.handler.HttpHandler - 

Request DefaultHttpRequest(decodeResult: success, version: HTTP/1.1)
POST /session/0db3ffb8ff2d3e24505d7e753232d5cf/element HTTP/1.1
User-Agent: selenium/4.1.2 (java mac)
Content-Length: 76
Content-Type: application/json; charset=utf-8
host: localhost:58912
accept: */*

Response DefaultHttpResponse(decodeResult: success, version: HTTP/1.1)
HTTP/1.1 200 OK
Content-Type: application/json; charset=utf-8
cache-control: no-cache
content-length: 88

07:49:22.008 [AsyncHttpClient-1-3] DEBUG org.asynchttpclient.netty.channel.ChannelManager - Adding key: http://localhost:58912 for channel [id: 0x96154a55, L:/127.0.0.1:49950 - R:localhost/127.0.0.1:58912]
07:49:22.010 [Forwarding clearElement on session 0db3ffb8ff2d3e24505d7e753232d5cf to remote] DEBUG org.asynchttpclient.netty.request.NettyRequestSender - Using pooled Channel '[id: 0x96154a55, L:/127.0.0.1:49950 - R:localhost/127.0.0.1:58912]' for 'POST' to 'http://localhost:58912/session/0db3ffb8ff2d3e24505d7e753232d5cf/element/92befc2c-4d80-4c19-a9d5-111773ce7d82/clear'
07:49:22.010 [Forwarding clearElement on session 0db3ffb8ff2d3e24505d7e753232d5cf to remote] DEBUG org.asynchttpclient.netty.request.NettyRequestSender - Using open Channel [id: 0x96154a55, L:/127.0.0.1:49950 - R:localhost/127.0.0.1:58912] for POST '/session/0db3ffb8ff2d3e24505d7e753232d5cf/element/92befc2c-4d80-4c19-a9d5-111773ce7d82/clear'
07:49:22.047 [AsyncHttpClient-1-3] DEBUG org.asynchttpclient.netty.handler.HttpHandler - 

Request DefaultHttpRequest(decodeResult: success, version: HTTP/1.1)
POST /session/0db3ffb8ff2d3e24505d7e753232d5cf/element/92befc2c-4d80-4c19-a9d5-111773ce7d82/clear HTTP/1.1
User-Agent: selenium/4.1.2 (java mac)
Content-Length: 50
Content-Type: application/json; charset=utf-8
host: localhost:58912
accept: */*

Response DefaultHttpResponse(decodeResult: success, version: HTTP/1.1)
HTTP/1.1 200 OK
Content-Type: application/json; charset=utf-8
cache-control: no-cache
content-length: 14

07:49:22.047 [AsyncHttpClient-1-3] DEBUG org.asynchttpclient.netty.channel.ChannelManager - Adding key: http://localhost:58912 for channel [id: 0x96154a55, L:/127.0.0.1:49950 - R:localhost/127.0.0.1:58912]
07:49:22.051 [Forwarding sendKeysToElement on session 0db3ffb8ff2d3e24505d7e753232d5cf to remote] DEBUG org.asynchttpclient.netty.request.NettyRequestSender - Using pooled Channel '[id: 0x96154a55, L:/127.0.0.1:49950 - R:localhost/127.0.0.1:58912]' for 'POST' to 'http://localhost:58912/session/0db3ffb8ff2d3e24505d7e753232d5cf/element/92befc2c-4d80-4c19-a9d5-111773ce7d82/value'
07:49:22.051 [Forwarding sendKeysToElement on session 0db3ffb8ff2d3e24505d7e753232d5cf to remote] DEBUG org.asynchttpclient.netty.request.NettyRequestSender - Using open Channel [id: 0x96154a55, L:/127.0.0.1:49950 - R:localhost/127.0.0.1:58912] for POST '/session/0db3ffb8ff2d3e24505d7e753232d5cf/element/92befc2c-4d80-4c19-a9d5-111773ce7d82/value'
07:49:22.115 [AsyncHttpClient-1-3] DEBUG org.asynchttpclient.netty.handler.HttpHandler - 

Request DefaultHttpRequest(decodeResult: success, version: HTTP/1.1)
POST /session/0db3ffb8ff2d3e24505d7e753232d5cf/element/92befc2c-4d80-4c19-a9d5-111773ce7d82/value HTTP/1.1
User-Agent: selenium/4.1.2 (java mac)
Content-Length: 161
Content-Type: application/json; charset=utf-8
host: localhost:58912
accept: */*

Response DefaultHttpResponse(decodeResult: success, version: HTTP/1.1)
HTTP/1.1 200 OK
Content-Type: application/json; charset=utf-8
cache-control: no-cache
content-length: 14

07:49:22.115 [AsyncHttpClient-1-3] DEBUG org.asynchttpclient.netty.channel.ChannelManager - Adding key: http://localhost:58912 for channel [id: 0x96154a55, L:/127.0.0.1:49950 - R:localhost/127.0.0.1:58912]
07:49:22.131 [Forwarding screenshot on session 0db3ffb8ff2d3e24505d7e753232d5cf to remote] DEBUG org.asynchttpclient.netty.request.NettyRequestSender - Using pooled Channel '[id: 0x96154a55, L:/127.0.0.1:49950 - R:localhost/127.0.0.1:58912]' for 'GET' to 'http://localhost:58912/session/0db3ffb8ff2d3e24505d7e753232d5cf/screenshot'
07:49:22.131 [Forwarding screenshot on session 0db3ffb8ff2d3e24505d7e753232d5cf to remote] DEBUG org.asynchttpclient.netty.request.NettyRequestSender - Using open Channel [id: 0x96154a55, L:/127.0.0.1:49950 - R:localhost/127.0.0.1:58912] for GET '/session/0db3ffb8ff2d3e24505d7e753232d5cf/screenshot'
07:49:22.253 [AsyncHttpClient-1-3] DEBUG org.asynchttpclient.netty.handler.HttpHandler - 

Request DefaultFullHttpRequest(decodeResult: success, version: HTTP/1.1, content: EmptyByteBufBE)
GET /session/0db3ffb8ff2d3e24505d7e753232d5cf/screenshot HTTP/1.1
User-Agent: selenium/4.1.2 (java mac)
Cache-Control: no-cache
Content-Type: application/json; charset=utf-8
host: localhost:58912
accept: */*

Response DefaultHttpResponse(decodeResult: success, version: HTTP/1.1)
HTTP/1.1 200 OK
Content-Type: application/json; charset=utf-8
cache-control: no-cache
content-length: 128792

07:49:22.254 [AsyncHttpClient-1-3] DEBUG org.asynchttpclient.netty.channel.ChannelManager - Adding key: http://localhost:58912 for channel [id: 0x96154a55, L:/127.0.0.1:49950 - R:localhost/127.0.0.1:58912]
07:49:22.261 [main] DEBUG net.serenitybdd.core.photography.Darkroom - Send negative for processing for target/site/serenity/f4eeb0eec8ed0be564e2a1f575901690175e9c47626d361e9b096b9eca67f01d.png
07:49:22.261 [Darkroom Processing Line] DEBUG net.serenitybdd.core.photography.DarkroomProcessingLine - Processing screenshot image in /var/screenshots/screenshot-4472512677514543950
07:49:22.261 [main] DEBUG net.thucydides.core.steps.StepInterceptor - STEP DONE: {0} enters #theTextAsAString into #target
07:49:22.262 [Darkroom Processing Line] DEBUG net.serenitybdd.core.photography.DarkroomProcessingLine - Saving screenshot to target/site/serenity/f4eeb0eec8ed0be564e2a1f575901690175e9c47626d361e9b096b9eca67f01d.png
07:49:22.269 [main] DEBUG net.thucydides.core.steps.StepInterceptor - STEP DONE: !#title
07:49:22.277 [main] DEBUG net.thucydides.core.steps.StepInterceptor - STARTING STEP: PIMStepDef.filterEmployee - !#title
07:49:22.285 [main] DEBUG net.thucydides.core.steps.StepInterceptor - STARTING STEP: PIMStepDef.filterEmployee - {0} clicks on #target
07:49:22.285 [main] DEBUG net.serenitybdd.screenplay.targets.IFrameSwitcher - default content already selected for search button
07:49:22.295 [Forwarding findElement on session 0db3ffb8ff2d3e24505d7e753232d5cf to remote] DEBUG org.asynchttpclient.netty.request.NettyRequestSender - Using pooled Channel '[id: 0x96154a55, L:/127.0.0.1:49950 - R:localhost/127.0.0.1:58912]' for 'POST' to 'http://localhost:58912/session/0db3ffb8ff2d3e24505d7e753232d5cf/element'
07:49:22.295 [Forwarding findElement on session 0db3ffb8ff2d3e24505d7e753232d5cf to remote] DEBUG org.asynchttpclient.netty.request.NettyRequestSender - Using open Channel [id: 0x96154a55, L:/127.0.0.1:49950 - R:localhost/127.0.0.1:58912] for POST '/session/0db3ffb8ff2d3e24505d7e753232d5cf/element'
07:49:22.305 [AsyncHttpClient-1-1] DEBUG org.asynchttpclient.netty.channel.DefaultChannelPool - Entry count for : http://localhost:49951 : 1
07:49:22.306 [AsyncHttpClient-1-3] DEBUG org.asynchttpclient.netty.handler.HttpHandler - 

Request DefaultHttpRequest(decodeResult: success, version: HTTP/1.1)
POST /session/0db3ffb8ff2d3e24505d7e753232d5cf/element HTTP/1.1
User-Agent: selenium/4.1.2 (java mac)
Content-Length: 54
Content-Type: application/json; charset=utf-8
host: localhost:58912
accept: */*

Response DefaultHttpResponse(decodeResult: success, version: HTTP/1.1)
HTTP/1.1 200 OK
Content-Type: application/json; charset=utf-8
cache-control: no-cache
content-length: 88

07:49:22.306 [AsyncHttpClient-1-3] DEBUG org.asynchttpclient.netty.channel.ChannelManager - Adding key: http://localhost:58912 for channel [id: 0x96154a55, L:/127.0.0.1:49950 - R:localhost/127.0.0.1:58912]
07:49:22.311 [Forwarding isElementDisplayed on session 0db3ffb8ff2d3e24505d7e753232d5cf to remote] DEBUG org.asynchttpclient.netty.request.NettyRequestSender - Using pooled Channel '[id: 0x96154a55, L:/127.0.0.1:49950 - R:localhost/127.0.0.1:58912]' for 'POST' to 'http://localhost:58912/session/0db3ffb8ff2d3e24505d7e753232d5cf/execute/sync'
07:49:22.311 [Forwarding isElementDisplayed on session 0db3ffb8ff2d3e24505d7e753232d5cf to remote] DEBUG org.asynchttpclient.netty.request.NettyRequestSender - Using open Channel [id: 0x96154a55, L:/127.0.0.1:49950 - R:localhost/127.0.0.1:58912] for POST '/session/0db3ffb8ff2d3e24505d7e753232d5cf/execute/sync'
07:49:22.326 [AsyncHttpClient-1-3] DEBUG org.asynchttpclient.netty.handler.HttpHandler - 

Request DefaultHttpRequest(decodeResult: success, version: HTTP/1.1)
POST /session/0db3ffb8ff2d3e24505d7e753232d5cf/execute/sync HTTP/1.1
User-Agent: selenium/4.1.2 (java mac)
Content-Length: 48780
Content-Type: application/json; charset=utf-8
host: localhost:58912
accept: */*

Response DefaultHttpResponse(decodeResult: success, version: HTTP/1.1)
HTTP/1.1 200 OK
Content-Type: application/json; charset=utf-8
cache-control: no-cache
content-length: 14

07:49:22.326 [AsyncHttpClient-1-3] DEBUG org.asynchttpclient.netty.channel.ChannelManager - Adding key: http://localhost:58912 for channel [id: 0x96154a55, L:/127.0.0.1:49950 - R:localhost/127.0.0.1:58912]
07:49:22.329 [Forwarding findElement on session 0db3ffb8ff2d3e24505d7e753232d5cf to remote] DEBUG org.asynchttpclient.netty.request.NettyRequestSender - Using pooled Channel '[id: 0x96154a55, L:/127.0.0.1:49950 - R:localhost/127.0.0.1:58912]' for 'POST' to 'http://localhost:58912/session/0db3ffb8ff2d3e24505d7e753232d5cf/element'
07:49:22.329 [Forwarding findElement on session 0db3ffb8ff2d3e24505d7e753232d5cf to remote] DEBUG org.asynchttpclient.netty.request.NettyRequestSender - Using open Channel [id: 0x96154a55, L:/127.0.0.1:49950 - R:localhost/127.0.0.1:58912] for POST '/session/0db3ffb8ff2d3e24505d7e753232d5cf/element'
07:49:22.336 [AsyncHttpClient-1-3] DEBUG org.asynchttpclient.netty.handler.HttpHandler - 

Request DefaultHttpRequest(decodeResult: success, version: HTTP/1.1)
POST /session/0db3ffb8ff2d3e24505d7e753232d5cf/element HTTP/1.1
User-Agent: selenium/4.1.2 (java mac)
Content-Length: 54
Content-Type: application/json; charset=utf-8
host: localhost:58912
accept: */*

Response DefaultHttpResponse(decodeResult: success, version: HTTP/1.1)
HTTP/1.1 200 OK
Content-Type: application/json; charset=utf-8
cache-control: no-cache
content-length: 88

07:49:22.336 [AsyncHttpClient-1-3] DEBUG org.asynchttpclient.netty.channel.ChannelManager - Adding key: http://localhost:58912 for channel [id: 0x96154a55, L:/127.0.0.1:49950 - R:localhost/127.0.0.1:58912]
07:49:22.337 [Forwarding clickElement on session 0db3ffb8ff2d3e24505d7e753232d5cf to remote] DEBUG org.asynchttpclient.netty.request.NettyRequestSender - Using pooled Channel '[id: 0x96154a55, L:/127.0.0.1:49950 - R:localhost/127.0.0.1:58912]' for 'POST' to 'http://localhost:58912/session/0db3ffb8ff2d3e24505d7e753232d5cf/element/509b2733-7746-4174-8805-0c5aef35221c/click'
07:49:22.337 [Forwarding clickElement on session 0db3ffb8ff2d3e24505d7e753232d5cf to remote] DEBUG org.asynchttpclient.netty.request.NettyRequestSender - Using open Channel [id: 0x96154a55, L:/127.0.0.1:49950 - R:localhost/127.0.0.1:58912] for POST '/session/0db3ffb8ff2d3e24505d7e753232d5cf/element/509b2733-7746-4174-8805-0c5aef35221c/click'
07:49:23.114 [AsyncHttpClient-1-3] DEBUG org.asynchttpclient.netty.handler.HttpHandler - 

Request DefaultHttpRequest(decodeResult: success, version: HTTP/1.1)
POST /session/0db3ffb8ff2d3e24505d7e753232d5cf/element/509b2733-7746-4174-8805-0c5aef35221c/click HTTP/1.1
User-Agent: selenium/4.1.2 (java mac)
Content-Length: 50
Content-Type: application/json; charset=utf-8
host: localhost:58912
accept: */*

Response DefaultHttpResponse(decodeResult: success, version: HTTP/1.1)
HTTP/1.1 200 OK
Content-Type: application/json; charset=utf-8
cache-control: no-cache
content-length: 14

07:49:23.114 [AsyncHttpClient-1-3] DEBUG org.asynchttpclient.netty.channel.ChannelManager - Adding key: http://localhost:58912 for channel [id: 0x96154a55, L:/127.0.0.1:49950 - R:localhost/127.0.0.1:58912]
07:49:23.123 [Forwarding screenshot on session 0db3ffb8ff2d3e24505d7e753232d5cf to remote] DEBUG org.asynchttpclient.netty.request.NettyRequestSender - Using pooled Channel '[id: 0x96154a55, L:/127.0.0.1:49950 - R:localhost/127.0.0.1:58912]' for 'GET' to 'http://localhost:58912/session/0db3ffb8ff2d3e24505d7e753232d5cf/screenshot'
07:49:23.123 [Forwarding screenshot on session 0db3ffb8ff2d3e24505d7e753232d5cf to remote] DEBUG org.asynchttpclient.netty.request.NettyRequestSender - Using open Channel [id: 0x96154a55, L:/127.0.0.1:49950 - R:localhost/127.0.0.1:58912] for GET '/session/0db3ffb8ff2d3e24505d7e753232d5cf/screenshot'
07:49:23.256 [AsyncHttpClient-1-3] DEBUG org.asynchttpclient.netty.handler.HttpHandler - 

Request DefaultFullHttpRequest(decodeResult: success, version: HTTP/1.1, content: EmptyByteBufBE)
GET /session/0db3ffb8ff2d3e24505d7e753232d5cf/screenshot HTTP/1.1
User-Agent: selenium/4.1.2 (java mac)
Cache-Control: no-cache
Content-Type: application/json; charset=utf-8
host: localhost:58912
accept: */*

Response DefaultHttpResponse(decodeResult: success, version: HTTP/1.1)
HTTP/1.1 200 OK
Content-Type: application/json; charset=utf-8
cache-control: no-cache
content-length: 108972

07:49:23.257 [AsyncHttpClient-1-3] DEBUG org.asynchttpclient.netty.channel.ChannelManager - Adding key: http://localhost:58912 for channel [id: 0x96154a55, L:/127.0.0.1:49950 - R:localhost/127.0.0.1:58912]
07:49:23.263 [main] DEBUG net.serenitybdd.core.photography.Darkroom - Send negative for processing for target/site/serenity/136a716688f7ff8c66fe23270eb8dfe35cc5d0f56cc25a8f657a3ba9081eecd0.png
07:49:23.263 [Darkroom Processing Line] DEBUG net.serenitybdd.core.photography.DarkroomProcessingLine - Processing screenshot image in /var/screenshots/screenshot-7151660513153601968
07:49:23.263 [main] DEBUG net.thucydides.core.steps.StepInterceptor - STEP DONE: {0} clicks on #target
07:49:23.263 [Darkroom Processing Line] DEBUG net.serenitybdd.core.photography.DarkroomProcessingLine - Saving screenshot to target/site/serenity/136a716688f7ff8c66fe23270eb8dfe35cc5d0f56cc25a8f657a3ba9081eecd0.png
07:49:23.268 [main] DEBUG net.thucydides.core.steps.StepInterceptor - STEP DONE: !#title
  &amp#27;[32mWhen &amp#27;[0m&amp#27;[32m&amp#27;[0m&amp#27;[32m&amp#27;[1mI&amp#27;[0m&amp#27;[32m search for new employee&amp#27;[0m                       &amp#27;[90m# orangehrm.stepdefinitions.PIMStepDef.filterEmployee(net.serenitybdd.screenplay.Actor)&amp#27;[0m
07:49:23.293 [main] DEBUG net.thucydides.core.steps.StepInterceptor - STARTING STEP: PIMStepDef.updateEmployee - !#title
07:49:23.298 [main] DEBUG net.thucydides.core.steps.StepInterceptor - STARTING STEP: PIMStepDef.updateEmployee - {0} clicks on #target
07:49:23.298 [main] DEBUG net.serenitybdd.screenplay.targets.IFrameSwitcher - default content already selected for first list of employee
07:49:23.311 [Forwarding findElement on session 0db3ffb8ff2d3e24505d7e753232d5cf to remote] DEBUG org.asynchttpclient.netty.request.NettyRequestSender - Using pooled Channel '[id: 0x96154a55, L:/127.0.0.1:49950 - R:localhost/127.0.0.1:58912]' for 'POST' to 'http://localhost:58912/session/0db3ffb8ff2d3e24505d7e753232d5cf/element'
07:49:23.311 [Forwarding findElement on session 0db3ffb8ff2d3e24505d7e753232d5cf to remote] DEBUG org.asynchttpclient.netty.request.NettyRequestSender - Using open Channel [id: 0x96154a55, L:/127.0.0.1:49950 - R:localhost/127.0.0.1:58912] for POST '/session/0db3ffb8ff2d3e24505d7e753232d5cf/element'
07:49:23.328 [AsyncHttpClient-1-3] DEBUG org.asynchttpclient.netty.handler.HttpHandler - 

Request DefaultHttpRequest(decodeResult: success, version: HTTP/1.1)
POST /session/0db3ffb8ff2d3e24505d7e753232d5cf/element HTTP/1.1
User-Agent: selenium/4.1.2 (java mac)
Content-Length: 133
Content-Type: application/json; charset=utf-8
host: localhost:58912
accept: */*

Response DefaultHttpResponse(decodeResult: success, version: HTTP/1.1)
HTTP/1.1 200 OK
Content-Type: application/json; charset=utf-8
cache-control: no-cache
content-length: 88

07:49:23.329 [AsyncHttpClient-1-3] DEBUG org.asynchttpclient.netty.channel.ChannelManager - Adding key: http://localhost:58912 for channel [id: 0x96154a55, L:/127.0.0.1:49950 - R:localhost/127.0.0.1:58912]
07:49:23.333 [Forwarding isElementDisplayed on session 0db3ffb8ff2d3e24505d7e753232d5cf to remote] DEBUG org.asynchttpclient.netty.request.NettyRequestSender - Using pooled Channel '[id: 0x96154a55, L:/127.0.0.1:49950 - R:localhost/127.0.0.1:58912]' for 'POST' to 'http://localhost:58912/session/0db3ffb8ff2d3e24505d7e753232d5cf/execute/sync'
07:49:23.334 [Forwarding isElementDisplayed on session 0db3ffb8ff2d3e24505d7e753232d5cf to remote] DEBUG org.asynchttpclient.netty.request.NettyRequestSender - Using open Channel [id: 0x96154a55, L:/127.0.0.1:49950 - R:localhost/127.0.0.1:58912] for POST '/session/0db3ffb8ff2d3e24505d7e753232d5cf/execute/sync'
07:49:23.346 [AsyncHttpClient-1-3] DEBUG org.asynchttpclient.netty.handler.HttpHandler - 

Request DefaultHttpRequest(decodeResult: success, version: HTTP/1.1)
POST /session/0db3ffb8ff2d3e24505d7e753232d5cf/execute/sync HTTP/1.1
User-Agent: selenium/4.1.2 (java mac)
Content-Length: 48780
Content-Type: application/json; charset=utf-8
host: localhost:58912
accept: */*

Response DefaultHttpResponse(decodeResult: success, version: HTTP/1.1)
HTTP/1.1 200 OK
Content-Type: application/json; charset=utf-8
cache-control: no-cache
content-length: 14

07:49:23.346 [AsyncHttpClient-1-3] DEBUG org.asynchttpclient.netty.channel.ChannelManager - Adding key: http://localhost:58912 for channel [id: 0x96154a55, L:/127.0.0.1:49950 - R:localhost/127.0.0.1:58912]
07:49:23.349 [Forwarding findElement on session 0db3ffb8ff2d3e24505d7e753232d5cf to remote] DEBUG org.asynchttpclient.netty.request.NettyRequestSender - Using pooled Channel '[id: 0x96154a55, L:/127.0.0.1:49950 - R:localhost/127.0.0.1:58912]' for 'POST' to 'http://localhost:58912/session/0db3ffb8ff2d3e24505d7e753232d5cf/element'
07:49:23.349 [Forwarding findElement on session 0db3ffb8ff2d3e24505d7e753232d5cf to remote] DEBUG org.asynchttpclient.netty.request.NettyRequestSender - Using open Channel [id: 0x96154a55, L:/127.0.0.1:49950 - R:localhost/127.0.0.1:58912] for POST '/session/0db3ffb8ff2d3e24505d7e753232d5cf/element'
07:49:23.358 [AsyncHttpClient-1-3] DEBUG org.asynchttpclient.netty.handler.HttpHandler - 

Request DefaultHttpRequest(decodeResult: success, version: HTTP/1.1)
POST /session/0db3ffb8ff2d3e24505d7e753232d5cf/element HTTP/1.1
User-Agent: selenium/4.1.2 (java mac)
Content-Length: 133
Content-Type: application/json; charset=utf-8
host: localhost:58912
accept: */*

Response DefaultHttpResponse(decodeResult: success, version: HTTP/1.1)
HTTP/1.1 200 OK
Content-Type: application/json; charset=utf-8
cache-control: no-cache
content-length: 88

07:49:23.358 [AsyncHttpClient-1-3] DEBUG org.asynchttpclient.netty.channel.ChannelManager - Adding key: http://localhost:58912 for channel [id: 0x96154a55, L:/127.0.0.1:49950 - R:localhost/127.0.0.1:58912]
07:49:23.360 [Forwarding clickElement on session 0db3ffb8ff2d3e24505d7e753232d5cf to remote] DEBUG org.asynchttpclient.netty.request.NettyRequestSender - Using pooled Channel '[id: 0x96154a55, L:/127.0.0.1:49950 - R:localhost/127.0.0.1:58912]' for 'POST' to 'http://localhost:58912/session/0db3ffb8ff2d3e24505d7e753232d5cf/element/2cc2ebde-c8c4-4628-860d-a6f13560d6ba/click'
07:49:23.360 [Forwarding clickElement on session 0db3ffb8ff2d3e24505d7e753232d5cf to remote] DEBUG org.asynchttpclient.netty.request.NettyRequestSender - Using open Channel [id: 0x96154a55, L:/127.0.0.1:49950 - R:localhost/127.0.0.1:58912] for POST '/session/0db3ffb8ff2d3e24505d7e753232d5cf/element/2cc2ebde-c8c4-4628-860d-a6f13560d6ba/click'
07:49:23.407 [AsyncHttpClient-1-1] DEBUG org.asynchttpclient.netty.channel.DefaultChannelPool - Entry count for : http://localhost:49951 : 1
07:49:24.507 [AsyncHttpClient-1-1] DEBUG org.asynchttpclient.netty.channel.DefaultChannelPool - Entry count for : http://localhost:49951 : 1
07:49:25.604 [AsyncHttpClient-1-1] DEBUG org.asynchttpclient.netty.channel.DefaultChannelPool - Entry count for : http://localhost:49951 : 1
07:49:25.627 [AsyncHttpClient-1-3] DEBUG org.asynchttpclient.netty.handler.HttpHandler - 

Request DefaultHttpRequest(decodeResult: success, version: HTTP/1.1)
POST /session/0db3ffb8ff2d3e24505d7e753232d5cf/element/2cc2ebde-c8c4-4628-860d-a6f13560d6ba/click HTTP/1.1
User-Agent: selenium/4.1.2 (java mac)
Content-Length: 50
Content-Type: application/json; charset=utf-8
host: localhost:58912
accept: */*

Response DefaultHttpResponse(decodeResult: success, version: HTTP/1.1)
HTTP/1.1 200 OK
Content-Type: application/json; charset=utf-8
cache-control: no-cache
content-length: 14

07:49:25.627 [AsyncHttpClient-1-3] DEBUG org.asynchttpclient.netty.channel.ChannelManager - Adding key: http://localhost:58912 for channel [id: 0x96154a55, L:/127.0.0.1:49950 - R:localhost/127.0.0.1:58912]
07:49:25.634 [Forwarding screenshot on session 0db3ffb8ff2d3e24505d7e753232d5cf to remote] DEBUG org.asynchttpclient.netty.request.NettyRequestSender - Using pooled Channel '[id: 0x96154a55, L:/127.0.0.1:49950 - R:localhost/127.0.0.1:58912]' for 'GET' to 'http://localhost:58912/session/0db3ffb8ff2d3e24505d7e753232d5cf/screenshot'
07:49:25.634 [Forwarding screenshot on session 0db3ffb8ff2d3e24505d7e753232d5cf to remote] DEBUG org.asynchttpclient.netty.request.NettyRequestSender - Using open Channel [id: 0x96154a55, L:/127.0.0.1:49950 - R:localhost/127.0.0.1:58912] for GET '/session/0db3ffb8ff2d3e24505d7e753232d5cf/screenshot'
07:49:25.768 [AsyncHttpClient-1-3] DEBUG org.asynchttpclient.netty.handler.HttpHandler - 

Request DefaultFullHttpRequest(decodeResult: success, version: HTTP/1.1, content: EmptyByteBufBE)
GET /session/0db3ffb8ff2d3e24505d7e753232d5cf/screenshot HTTP/1.1
User-Agent: selenium/4.1.2 (java mac)
Cache-Control: no-cache
Content-Type: application/json; charset=utf-8
host: localhost:58912
accept: */*

Response DefaultHttpResponse(decodeResult: success, version: HTTP/1.1)
HTTP/1.1 200 OK
Content-Type: application/json; charset=utf-8
cache-control: no-cache
content-length: 128792

07:49:25.768 [AsyncHttpClient-1-3] DEBUG org.asynchttpclient.netty.channel.ChannelManager - Adding key: http://localhost:58912 for channel [id: 0x96154a55, L:/127.0.0.1:49950 - R:localhost/127.0.0.1:58912]
07:49:25.775 [main] DEBUG net.serenitybdd.core.photography.Darkroom - Send negative for processing for target/site/serenity/87bb8fb58563624b603be03cbe0cd23934f96d24d1bf11197e7cc4fbd833812a.png
07:49:25.775 [main] DEBUG net.thucydides.core.steps.StepInterceptor - STEP DONE: {0} clicks on #target
07:49:25.775 [Darkroom Processing Line] DEBUG net.serenitybdd.core.photography.DarkroomProcessingLine - Processing screenshot image in /var/screenshots/screenshot-5768486234377122985
07:49:25.775 [Darkroom Processing Line] DEBUG net.serenitybdd.core.photography.DarkroomProcessingLine - Saving screenshot to target/site/serenity/87bb8fb58563624b603be03cbe0cd23934f96d24d1bf11197e7cc4fbd833812a.png
07:49:25.779 [main] DEBUG net.thucydides.core.steps.StepInterceptor - STEP DONE: !#title
07:49:25.783 [main] DEBUG net.thucydides.core.steps.StepInterceptor - STARTING STEP: PIMStepDef.updateEmployee - !#title
07:49:25.788 [main] DEBUG net.thucydides.core.steps.StepInterceptor - STARTING STEP: PIMStepDef.updateEmployee - {0} clicks on #target
07:49:25.789 [main] DEBUG net.serenitybdd.screenplay.targets.IFrameSwitcher - default content already selected for edit button
07:49:25.795 [Forwarding findElement on session 0db3ffb8ff2d3e24505d7e753232d5cf to remote] DEBUG org.asynchttpclient.netty.request.NettyRequestSender - Using pooled Channel '[id: 0x96154a55, L:/127.0.0.1:49950 - R:localhost/127.0.0.1:58912]' for 'POST' to 'http://localhost:58912/session/0db3ffb8ff2d3e24505d7e753232d5cf/element'
07:49:25.795 [Forwarding findElement on session 0db3ffb8ff2d3e24505d7e753232d5cf to remote] DEBUG org.asynchttpclient.netty.request.NettyRequestSender - Using open Channel [id: 0x96154a55, L:/127.0.0.1:49950 - R:localhost/127.0.0.1:58912] for POST '/session/0db3ffb8ff2d3e24505d7e753232d5cf/element'
07:49:25.805 [AsyncHttpClient-1-3] DEBUG org.asynchttpclient.netty.handler.HttpHandler - 

Request DefaultHttpRequest(decodeResult: success, version: HTTP/1.1)
POST /session/0db3ffb8ff2d3e24505d7e753232d5cf/element HTTP/1.1
User-Agent: selenium/4.1.2 (java mac)
Content-Length: 52
Content-Type: application/json; charset=utf-8
host: localhost:58912
accept: */*

Response DefaultHttpResponse(decodeResult: success, version: HTTP/1.1)
HTTP/1.1 200 OK
Content-Type: application/json; charset=utf-8
cache-control: no-cache
content-length: 88

07:49:25.806 [AsyncHttpClient-1-3] DEBUG org.asynchttpclient.netty.channel.ChannelManager - Adding key: http://localhost:58912 for channel [id: 0x96154a55, L:/127.0.0.1:49950 - R:localhost/127.0.0.1:58912]
07:49:25.810 [Forwarding isElementDisplayed on session 0db3ffb8ff2d3e24505d7e753232d5cf to remote] DEBUG org.asynchttpclient.netty.request.NettyRequestSender - Using pooled Channel '[id: 0x96154a55, L:/127.0.0.1:49950 - R:localhost/127.0.0.1:58912]' for 'POST' to 'http://localhost:58912/session/0db3ffb8ff2d3e24505d7e753232d5cf/execute/sync'
07:49:25.810 [Forwarding isElementDisplayed on session 0db3ffb8ff2d3e24505d7e753232d5cf to remote] DEBUG org.asynchttpclient.netty.request.NettyRequestSender - Using open Channel [id: 0x96154a55, L:/127.0.0.1:49950 - R:localhost/127.0.0.1:58912] for POST '/session/0db3ffb8ff2d3e24505d7e753232d5cf/execute/sync'
07:49:25.820 [AsyncHttpClient-1-3] DEBUG org.asynchttpclient.netty.handler.HttpHandler - 

Request DefaultHttpRequest(decodeResult: success, version: HTTP/1.1)
POST /session/0db3ffb8ff2d3e24505d7e753232d5cf/execute/sync HTTP/1.1
User-Agent: selenium/4.1.2 (java mac)
Content-Length: 48780
Content-Type: application/json; charset=utf-8
host: localhost:58912
accept: */*

Response DefaultHttpResponse(decodeResult: success, version: HTTP/1.1)
HTTP/1.1 200 OK
Content-Type: application/json; charset=utf-8
cache-control: no-cache
content-length: 14

07:49:25.821 [AsyncHttpClient-1-3] DEBUG org.asynchttpclient.netty.channel.ChannelManager - Adding key: http://localhost:58912 for channel [id: 0x96154a55, L:/127.0.0.1:49950 - R:localhost/127.0.0.1:58912]
07:49:25.827 [Forwarding findElement on session 0db3ffb8ff2d3e24505d7e753232d5cf to remote] DEBUG org.asynchttpclient.netty.request.NettyRequestSender - Using pooled Channel '[id: 0x96154a55, L:/127.0.0.1:49950 - R:localhost/127.0.0.1:58912]' for 'POST' to 'http://localhost:58912/session/0db3ffb8ff2d3e24505d7e753232d5cf/element'
07:49:25.827 [Forwarding findElement on session 0db3ffb8ff2d3e24505d7e753232d5cf to remote] DEBUG org.asynchttpclient.netty.request.NettyRequestSender - Using open Channel [id: 0x96154a55, L:/127.0.0.1:49950 - R:localhost/127.0.0.1:58912] for POST '/session/0db3ffb8ff2d3e24505d7e753232d5cf/element'
07:49:25.835 [AsyncHttpClient-1-3] DEBUG org.asynchttpclient.netty.handler.HttpHandler - 

Request DefaultHttpRequest(decodeResult: success, version: HTTP/1.1)
POST /session/0db3ffb8ff2d3e24505d7e753232d5cf/element HTTP/1.1
User-Agent: selenium/4.1.2 (java mac)
Content-Length: 52
Content-Type: application/json; charset=utf-8
host: localhost:58912
accept: */*

Response DefaultHttpResponse(decodeResult: success, version: HTTP/1.1)
HTTP/1.1 200 OK
Content-Type: application/json; charset=utf-8
cache-control: no-cache
content-length: 88

07:49:25.835 [AsyncHttpClient-1-3] DEBUG org.asynchttpclient.netty.channel.ChannelManager - Adding key: http://localhost:58912 for channel [id: 0x96154a55, L:/127.0.0.1:49950 - R:localhost/127.0.0.1:58912]
07:49:25.837 [Forwarding clickElement on session 0db3ffb8ff2d3e24505d7e753232d5cf to remote] DEBUG org.asynchttpclient.netty.request.NettyRequestSender - Using pooled Channel '[id: 0x96154a55, L:/127.0.0.1:49950 - R:localhost/127.0.0.1:58912]' for 'POST' to 'http://localhost:58912/session/0db3ffb8ff2d3e24505d7e753232d5cf/element/3cb148aa-7550-4acc-a111-4653d7011a44/click'
07:49:25.837 [Forwarding clickElement on session 0db3ffb8ff2d3e24505d7e753232d5cf to remote] DEBUG org.asynchttpclient.netty.request.NettyRequestSender - Using open Channel [id: 0x96154a55, L:/127.0.0.1:49950 - R:localhost/127.0.0.1:58912] for POST '/session/0db3ffb8ff2d3e24505d7e753232d5cf/element/3cb148aa-7550-4acc-a111-4653d7011a44/click'
07:49:25.987 [AsyncHttpClient-1-3] DEBUG org.asynchttpclient.netty.handler.HttpHandler - 

Request DefaultHttpRequest(decodeResult: success, version: HTTP/1.1)
POST /session/0db3ffb8ff2d3e24505d7e753232d5cf/element/3cb148aa-7550-4acc-a111-4653d7011a44/click HTTP/1.1
User-Agent: selenium/4.1.2 (java mac)
Content-Length: 50
Content-Type: application/json; charset=utf-8
host: localhost:58912
accept: */*

Response DefaultHttpResponse(decodeResult: success, version: HTTP/1.1)
HTTP/1.1 200 OK
Content-Type: application/json; charset=utf-8
cache-control: no-cache
content-length: 14

07:49:25.987 [AsyncHttpClient-1-3] DEBUG org.asynchttpclient.netty.channel.ChannelManager - Adding key: http://localhost:58912 for channel [id: 0x96154a55, L:/127.0.0.1:49950 - R:localhost/127.0.0.1:58912]
07:49:26.004 [Forwarding screenshot on session 0db3ffb8ff2d3e24505d7e753232d5cf to remote] DEBUG org.asynchttpclient.netty.request.NettyRequestSender - Using pooled Channel '[id: 0x96154a55, L:/127.0.0.1:49950 - R:localhost/127.0.0.1:58912]' for 'GET' to 'http://localhost:58912/session/0db3ffb8ff2d3e24505d7e753232d5cf/screenshot'
07:49:26.004 [Forwarding screenshot on session 0db3ffb8ff2d3e24505d7e753232d5cf to remote] DEBUG org.asynchttpclient.netty.request.NettyRequestSender - Using open Channel [id: 0x96154a55, L:/127.0.0.1:49950 - R:localhost/127.0.0.1:58912] for GET '/session/0db3ffb8ff2d3e24505d7e753232d5cf/screenshot'
07:49:26.167 [AsyncHttpClient-1-3] DEBUG org.asynchttpclient.netty.handler.HttpHandler - 

Request DefaultFullHttpRequest(decodeResult: success, version: HTTP/1.1, content: EmptyByteBufBE)
GET /session/0db3ffb8ff2d3e24505d7e753232d5cf/screenshot HTTP/1.1
User-Agent: selenium/4.1.2 (java mac)
Cache-Control: no-cache
Content-Type: application/json; charset=utf-8
host: localhost:58912
accept: */*

Response DefaultHttpResponse(decodeResult: success, version: HTTP/1.1)
HTTP/1.1 200 OK
Content-Type: application/json; charset=utf-8
cache-control: no-cache
content-length: 130032

07:49:26.168 [AsyncHttpClient-1-3] DEBUG org.asynchttpclient.netty.channel.ChannelManager - Adding key: http://localhost:58912 for channel [id: 0x96154a55, L:/127.0.0.1:49950 - R:localhost/127.0.0.1:58912]
07:49:26.176 [main] DEBUG net.serenitybdd.core.photography.Darkroom - Send negative for processing for target/site/serenity/d939672a7ca86e2610b5223bc03c0e8224ae23d0247d3f72d876f7310afecdad.png
07:49:26.176 [main] DEBUG net.thucydides.core.steps.StepInterceptor - STEP DONE: {0} clicks on #target
07:49:26.176 [Darkroom Processing Line] DEBUG net.serenitybdd.core.photography.DarkroomProcessingLine - Processing screenshot image in /var/screenshots/screenshot-1141957170711997101
07:49:26.176 [Darkroom Processing Line] DEBUG net.serenitybdd.core.photography.DarkroomProcessingLine - Saving screenshot to target/site/serenity/d939672a7ca86e2610b5223bc03c0e8224ae23d0247d3f72d876f7310afecdad.png
07:49:26.183 [main] DEBUG net.thucydides.core.steps.StepInterceptor - STEP DONE: !#title
07:49:26.189 [main] DEBUG net.thucydides.core.steps.StepInterceptor - STARTING STEP: PIMStepDef.updateEmployee - !#title
07:49:26.195 [main] DEBUG net.thucydides.core.steps.StepInterceptor - STARTING STEP: PIMStepDef.updateEmployee - {0} enters #theTextAsAString into #target
07:49:26.197 [main] DEBUG net.serenitybdd.screenplay.targets.IFrameSwitcher - default content already selected for middle name field
07:49:26.201 [Forwarding findElement on session 0db3ffb8ff2d3e24505d7e753232d5cf to remote] DEBUG org.asynchttpclient.netty.request.NettyRequestSender - Using pooled Channel '[id: 0x96154a55, L:/127.0.0.1:49950 - R:localhost/127.0.0.1:58912]' for 'POST' to 'http://localhost:58912/session/0db3ffb8ff2d3e24505d7e753232d5cf/element'
07:49:26.201 [Forwarding findElement on session 0db3ffb8ff2d3e24505d7e753232d5cf to remote] DEBUG org.asynchttpclient.netty.request.NettyRequestSender - Using open Channel [id: 0x96154a55, L:/127.0.0.1:49950 - R:localhost/127.0.0.1:58912] for POST '/session/0db3ffb8ff2d3e24505d7e753232d5cf/element'
07:49:26.212 [AsyncHttpClient-1-3] DEBUG org.asynchttpclient.netty.handler.HttpHandler - 

Request DefaultHttpRequest(decodeResult: success, version: HTTP/1.1)
POST /session/0db3ffb8ff2d3e24505d7e753232d5cf/element HTTP/1.1
User-Agent: selenium/4.1.2 (java mac)
Content-Length: 70
Content-Type: application/json; charset=utf-8
host: localhost:58912
accept: */*

Response DefaultHttpResponse(decodeResult: success, version: HTTP/1.1)
HTTP/1.1 200 OK
Content-Type: application/json; charset=utf-8
cache-control: no-cache
content-length: 88

07:49:26.212 [AsyncHttpClient-1-3] DEBUG org.asynchttpclient.netty.channel.ChannelManager - Adding key: http://localhost:58912 for channel [id: 0x96154a55, L:/127.0.0.1:49950 - R:localhost/127.0.0.1:58912]
07:49:26.214 [Forwarding clearElement on session 0db3ffb8ff2d3e24505d7e753232d5cf to remote] DEBUG org.asynchttpclient.netty.request.NettyRequestSender - Using pooled Channel '[id: 0x96154a55, L:/127.0.0.1:49950 - R:localhost/127.0.0.1:58912]' for 'POST' to 'http://localhost:58912/session/0db3ffb8ff2d3e24505d7e753232d5cf/element/74e4b590-24a3-4cd0-b3f5-63ea40860c2a/clear'
07:49:26.214 [Forwarding clearElement on session 0db3ffb8ff2d3e24505d7e753232d5cf to remote] DEBUG org.asynchttpclient.netty.request.NettyRequestSender - Using open Channel [id: 0x96154a55, L:/127.0.0.1:49950 - R:localhost/127.0.0.1:58912] for POST '/session/0db3ffb8ff2d3e24505d7e753232d5cf/element/74e4b590-24a3-4cd0-b3f5-63ea40860c2a/clear'
07:49:26.248 [AsyncHttpClient-1-3] DEBUG org.asynchttpclient.netty.handler.HttpHandler - 

Request DefaultHttpRequest(decodeResult: success, version: HTTP/1.1)
POST /session/0db3ffb8ff2d3e24505d7e753232d5cf/element/74e4b590-24a3-4cd0-b3f5-63ea40860c2a/clear HTTP/1.1
User-Agent: selenium/4.1.2 (java mac)
Content-Length: 50
Content-Type: application/json; charset=utf-8
host: localhost:58912
accept: */*

Response DefaultHttpResponse(decodeResult: success, version: HTTP/1.1)
HTTP/1.1 200 OK
Content-Type: application/json; charset=utf-8
cache-control: no-cache
content-length: 14

07:49:26.248 [AsyncHttpClient-1-3] DEBUG org.asynchttpclient.netty.channel.ChannelManager - Adding key: http://localhost:58912 for channel [id: 0x96154a55, L:/127.0.0.1:49950 - R:localhost/127.0.0.1:58912]
07:49:26.251 [Forwarding sendKeysToElement on session 0db3ffb8ff2d3e24505d7e753232d5cf to remote] DEBUG org.asynchttpclient.netty.request.NettyRequestSender - Using pooled Channel '[id: 0x96154a55, L:/127.0.0.1:49950 - R:localhost/127.0.0.1:58912]' for 'POST' to 'http://localhost:58912/session/0db3ffb8ff2d3e24505d7e753232d5cf/element/74e4b590-24a3-4cd0-b3f5-63ea40860c2a/value'
07:49:26.251 [Forwarding sendKeysToElement on session 0db3ffb8ff2d3e24505d7e753232d5cf to remote] DEBUG org.asynchttpclient.netty.request.NettyRequestSender - Using open Channel [id: 0x96154a55, L:/127.0.0.1:49950 - R:localhost/127.0.0.1:58912] for POST '/session/0db3ffb8ff2d3e24505d7e753232d5cf/element/74e4b590-24a3-4cd0-b3f5-63ea40860c2a/value'
07:49:26.389 [AsyncHttpClient-1-3] DEBUG org.asynchttpclient.netty.handler.HttpHandler - 

Request DefaultHttpRequest(decodeResult: success, version: HTTP/1.1)
POST /session/0db3ffb8ff2d3e24505d7e753232d5cf/element/74e4b590-24a3-4cd0-b3f5-63ea40860c2a/value HTTP/1.1
User-Agent: selenium/4.1.2 (java mac)
Content-Length: 131
Content-Type: application/json; charset=utf-8
host: localhost:58912
accept: */*

Response DefaultHttpResponse(decodeResult: success, version: HTTP/1.1)
HTTP/1.1 200 OK
Content-Type: application/json; charset=utf-8
cache-control: no-cache
content-length: 14

07:49:26.389 [AsyncHttpClient-1-3] DEBUG org.asynchttpclient.netty.channel.ChannelManager - Adding key: http://localhost:58912 for channel [id: 0x96154a55, L:/127.0.0.1:49950 - R:localhost/127.0.0.1:58912]
07:49:26.398 [Forwarding screenshot on session 0db3ffb8ff2d3e24505d7e753232d5cf to remote] DEBUG org.asynchttpclient.netty.request.NettyRequestSender - Using pooled Channel '[id: 0x96154a55, L:/127.0.0.1:49950 - R:localhost/127.0.0.1:58912]' for 'GET' to 'http://localhost:58912/session/0db3ffb8ff2d3e24505d7e753232d5cf/screenshot'
07:49:26.398 [Forwarding screenshot on session 0db3ffb8ff2d3e24505d7e753232d5cf to remote] DEBUG org.asynchttpclient.netty.request.NettyRequestSender - Using open Channel [id: 0x96154a55, L:/127.0.0.1:49950 - R:localhost/127.0.0.1:58912] for GET '/session/0db3ffb8ff2d3e24505d7e753232d5cf/screenshot'
07:49:26.542 [AsyncHttpClient-1-3] DEBUG org.asynchttpclient.netty.handler.HttpHandler - 

Request DefaultFullHttpRequest(decodeResult: success, version: HTTP/1.1, content: EmptyByteBufBE)
GET /session/0db3ffb8ff2d3e24505d7e753232d5cf/screenshot HTTP/1.1
User-Agent: selenium/4.1.2 (java mac)
Cache-Control: no-cache
Content-Type: application/json; charset=utf-8
host: localhost:58912
accept: */*

Response DefaultHttpResponse(decodeResult: success, version: HTTP/1.1)
HTTP/1.1 200 OK
Content-Type: application/json; charset=utf-8
cache-control: no-cache
content-length: 130572

07:49:26.543 [AsyncHttpClient-1-3] DEBUG org.asynchttpclient.netty.channel.ChannelManager - Adding key: http://localhost:58912 for channel [id: 0x96154a55, L:/127.0.0.1:49950 - R:localhost/127.0.0.1:58912]
07:49:26.551 [main] DEBUG net.serenitybdd.core.photography.Darkroom - Send negative for processing for target/site/serenity/76b7046724d8a74a5d938601e9cc32395da26aedf90bcd7f9005efd20f09ab4c.png
07:49:26.551 [Darkroom Processing Line] DEBUG net.serenitybdd.core.photography.DarkroomProcessingLine - Processing screenshot image in /var/screenshots/screenshot-4690578914863383465
07:49:26.551 [Darkroom Processing Line] DEBUG net.serenitybdd.core.photography.DarkroomProcessingLine - Saving screenshot to target/site/serenity/76b7046724d8a74a5d938601e9cc32395da26aedf90bcd7f9005efd20f09ab4c.png
07:49:26.552 [main] DEBUG net.thucydides.core.steps.StepInterceptor - STEP DONE: {0} enters #theTextAsAString into #target
07:49:26.559 [main] DEBUG net.thucydides.core.steps.StepInterceptor - STEP DONE: !#title
07:49:26.565 [main] DEBUG net.thucydides.core.steps.StepInterceptor - STARTING STEP: PIMStepDef.updateEmployee - !#title
07:49:26.571 [main] DEBUG net.thucydides.core.steps.StepInterceptor - STARTING STEP: PIMStepDef.updateEmployee - {0} clicks on #target
07:49:26.571 [main] DEBUG net.serenitybdd.screenplay.targets.IFrameSwitcher - default content already selected for save button
07:49:26.579 [Forwarding findElement on session 0db3ffb8ff2d3e24505d7e753232d5cf to remote] DEBUG org.asynchttpclient.netty.request.NettyRequestSender - Using pooled Channel '[id: 0x96154a55, L:/127.0.0.1:49950 - R:localhost/127.0.0.1:58912]' for 'POST' to 'http://localhost:58912/session/0db3ffb8ff2d3e24505d7e753232d5cf/element'
07:49:26.579 [Forwarding findElement on session 0db3ffb8ff2d3e24505d7e753232d5cf to remote] DEBUG org.asynchttpclient.netty.request.NettyRequestSender - Using open Channel [id: 0x96154a55, L:/127.0.0.1:49950 - R:localhost/127.0.0.1:58912] for POST '/session/0db3ffb8ff2d3e24505d7e753232d5cf/element'
07:49:26.586 [AsyncHttpClient-1-3] DEBUG org.asynchttpclient.netty.handler.HttpHandler - 

Request DefaultHttpRequest(decodeResult: success, version: HTTP/1.1)
POST /session/0db3ffb8ff2d3e24505d7e753232d5cf/element HTTP/1.1
User-Agent: selenium/4.1.2 (java mac)
Content-Length: 52
Content-Type: application/json; charset=utf-8
host: localhost:58912
accept: */*

Response DefaultHttpResponse(decodeResult: success, version: HTTP/1.1)
HTTP/1.1 200 OK
Content-Type: application/json; charset=utf-8
cache-control: no-cache
content-length: 88

07:49:26.586 [AsyncHttpClient-1-3] DEBUG org.asynchttpclient.netty.channel.ChannelManager - Adding key: http://localhost:58912 for channel [id: 0x96154a55, L:/127.0.0.1:49950 - R:localhost/127.0.0.1:58912]
07:49:26.591 [Forwarding isElementDisplayed on session 0db3ffb8ff2d3e24505d7e753232d5cf to remote] DEBUG org.asynchttpclient.netty.request.NettyRequestSender - Using pooled Channel '[id: 0x96154a55, L:/127.0.0.1:49950 - R:localhost/127.0.0.1:58912]' for 'POST' to 'http://localhost:58912/session/0db3ffb8ff2d3e24505d7e753232d5cf/execute/sync'
07:49:26.591 [Forwarding isElementDisplayed on session 0db3ffb8ff2d3e24505d7e753232d5cf to remote] DEBUG org.asynchttpclient.netty.request.NettyRequestSender - Using open Channel [id: 0x96154a55, L:/127.0.0.1:49950 - R:localhost/127.0.0.1:58912] for POST '/session/0db3ffb8ff2d3e24505d7e753232d5cf/execute/sync'
07:49:26.600 [AsyncHttpClient-1-3] DEBUG org.asynchttpclient.netty.handler.HttpHandler - 

Request DefaultHttpRequest(decodeResult: success, version: HTTP/1.1)
POST /session/0db3ffb8ff2d3e24505d7e753232d5cf/execute/sync HTTP/1.1
User-Agent: selenium/4.1.2 (java mac)
Content-Length: 48780
Content-Type: application/json; charset=utf-8
host: localhost:58912
accept: */*

Response DefaultHttpResponse(decodeResult: success, version: HTTP/1.1)
HTTP/1.1 200 OK
Content-Type: application/json; charset=utf-8
cache-control: no-cache
content-length: 14

07:49:26.600 [AsyncHttpClient-1-3] DEBUG org.asynchttpclient.netty.channel.ChannelManager - Adding key: http://localhost:58912 for channel [id: 0x96154a55, L:/127.0.0.1:49950 - R:localhost/127.0.0.1:58912]
07:49:26.603 [Forwarding findElement on session 0db3ffb8ff2d3e24505d7e753232d5cf to remote] DEBUG org.asynchttpclient.netty.request.NettyRequestSender - Using pooled Channel '[id: 0x96154a55, L:/127.0.0.1:49950 - R:localhost/127.0.0.1:58912]' for 'POST' to 'http://localhost:58912/session/0db3ffb8ff2d3e24505d7e753232d5cf/element'
07:49:26.604 [Forwarding findElement on session 0db3ffb8ff2d3e24505d7e753232d5cf to remote] DEBUG org.asynchttpclient.netty.request.NettyRequestSender - Using open Channel [id: 0x96154a55, L:/127.0.0.1:49950 - R:localhost/127.0.0.1:58912] for POST '/session/0db3ffb8ff2d3e24505d7e753232d5cf/element'
07:49:26.611 [AsyncHttpClient-1-3] DEBUG org.asynchttpclient.netty.handler.HttpHandler - 

Request DefaultHttpRequest(decodeResult: success, version: HTTP/1.1)
POST /session/0db3ffb8ff2d3e24505d7e753232d5cf/element HTTP/1.1
User-Agent: selenium/4.1.2 (java mac)
Content-Length: 52
Content-Type: application/json; charset=utf-8
host: localhost:58912
accept: */*

Response DefaultHttpResponse(decodeResult: success, version: HTTP/1.1)
HTTP/1.1 200 OK
Content-Type: application/json; charset=utf-8
cache-control: no-cache
content-length: 88

07:49:26.611 [AsyncHttpClient-1-3] DEBUG org.asynchttpclient.netty.channel.ChannelManager - Adding key: http://localhost:58912 for channel [id: 0x96154a55, L:/127.0.0.1:49950 - R:localhost/127.0.0.1:58912]
07:49:26.613 [Forwarding clickElement on session 0db3ffb8ff2d3e24505d7e753232d5cf to remote] DEBUG org.asynchttpclient.netty.request.NettyRequestSender - Using pooled Channel '[id: 0x96154a55, L:/127.0.0.1:49950 - R:localhost/127.0.0.1:58912]' for 'POST' to 'http://localhost:58912/session/0db3ffb8ff2d3e24505d7e753232d5cf/element/3cb148aa-7550-4acc-a111-4653d7011a44/click'
07:49:26.613 [Forwarding clickElement on session 0db3ffb8ff2d3e24505d7e753232d5cf to remote] DEBUG org.asynchttpclient.netty.request.NettyRequestSender - Using open Channel [id: 0x96154a55, L:/127.0.0.1:49950 - R:localhost/127.0.0.1:58912] for POST '/session/0db3ffb8ff2d3e24505d7e753232d5cf/element/3cb148aa-7550-4acc-a111-4653d7011a44/click'
07:49:26.708 [AsyncHttpClient-1-1] DEBUG org.asynchttpclient.netty.channel.DefaultChannelPool - Entry count for : http://localhost:49951 : 1
07:49:27.804 [AsyncHttpClient-1-1] DEBUG org.asynchttpclient.netty.channel.DefaultChannelPool - Entry count for : http://localhost:49951 : 1
07:49:28.494 [AsyncHttpClient-1-3] DEBUG org.asynchttpclient.netty.handler.HttpHandler - 

Request DefaultHttpRequest(decodeResult: success, version: HTTP/1.1)
POST /session/0db3ffb8ff2d3e24505d7e753232d5cf/element/3cb148aa-7550-4acc-a111-4653d7011a44/click HTTP/1.1
User-Agent: selenium/4.1.2 (java mac)
Content-Length: 50
Content-Type: application/json; charset=utf-8
host: localhost:58912
accept: */*

Response DefaultHttpResponse(decodeResult: success, version: HTTP/1.1)
HTTP/1.1 200 OK
Content-Type: application/json; charset=utf-8
cache-control: no-cache
content-length: 14

07:49:28.495 [AsyncHttpClient-1-3] DEBUG org.asynchttpclient.netty.channel.ChannelManager - Adding key: http://localhost:58912 for channel [id: 0x96154a55, L:/127.0.0.1:49950 - R:localhost/127.0.0.1:58912]
07:49:28.502 [Forwarding screenshot on session 0db3ffb8ff2d3e24505d7e753232d5cf to remote] DEBUG org.asynchttpclient.netty.request.NettyRequestSender - Using pooled Channel '[id: 0x96154a55, L:/127.0.0.1:49950 - R:localhost/127.0.0.1:58912]' for 'GET' to 'http://localhost:58912/session/0db3ffb8ff2d3e24505d7e753232d5cf/screenshot'
07:49:28.502 [Forwarding screenshot on session 0db3ffb8ff2d3e24505d7e753232d5cf to remote] DEBUG org.asynchttpclient.netty.request.NettyRequestSender - Using open Channel [id: 0x96154a55, L:/127.0.0.1:49950 - R:localhost/127.0.0.1:58912] for GET '/session/0db3ffb8ff2d3e24505d7e753232d5cf/screenshot'
07:49:28.633 [AsyncHttpClient-1-3] DEBUG org.asynchttpclient.netty.handler.HttpHandler - 

Request DefaultFullHttpRequest(decodeResult: success, version: HTTP/1.1, content: EmptyByteBufBE)
GET /session/0db3ffb8ff2d3e24505d7e753232d5cf/screenshot HTTP/1.1
User-Agent: selenium/4.1.2 (java mac)
Cache-Control: no-cache
Content-Type: application/json; charset=utf-8
host: localhost:58912
accept: */*

Response DefaultHttpResponse(decodeResult: success, version: HTTP/1.1)
HTTP/1.1 200 OK
Content-Type: application/json; charset=utf-8
cache-control: no-cache
content-length: 131716

07:49:28.634 [AsyncHttpClient-1-3] DEBUG org.asynchttpclient.netty.channel.ChannelManager - Adding key: http://localhost:58912 for channel [id: 0x96154a55, L:/127.0.0.1:49950 - R:localhost/127.0.0.1:58912]
07:49:28.640 [main] DEBUG net.serenitybdd.core.photography.Darkroom - Send negative for processing for target/site/serenity/e352c95c12e8fc3b8d3db59b469e7a7a76e9f5a7156dec564ddcd81a77fd6373.png
07:49:28.640 [main] DEBUG net.thucydides.core.steps.StepInterceptor - STEP DONE: {0} clicks on #target
07:49:28.640 [Darkroom Processing Line] DEBUG net.serenitybdd.core.photography.DarkroomProcessingLine - Processing screenshot image in /var/screenshots/screenshot-747078378930723272
07:49:28.640 [Darkroom Processing Line] DEBUG net.serenitybdd.core.photography.DarkroomProcessingLine - Saving screenshot to target/site/serenity/e352c95c12e8fc3b8d3db59b469e7a7a76e9f5a7156dec564ddcd81a77fd6373.png
07:49:28.645 [main] DEBUG net.thucydides.core.steps.StepInterceptor - STEP DONE: !#title
  &amp#27;[32mAnd &amp#27;[0m&amp#27;[32m&amp#27;[0m&amp#27;[32m&amp#27;[1mI&amp#27;[0m&amp#27;[32m update new employee's middle name&amp#27;[0m              &amp#27;[90m# orangehrm.stepdefinitions.PIMStepDef.updateEmployee(net.serenitybdd.screenplay.Actor)&amp#27;[0m
07:49:28.658 [main] DEBUG net.thucydides.core.steps.StepInterceptor - STARTING STEP: PIMStepDef.updatedEmployee - {0} should see #description
07:49:28.659 [main] DEBUG net.serenitybdd.screenplay.targets.IFrameSwitcher - default content already selected for middle name field
07:49:28.665 [Forwarding findElement on session 0db3ffb8ff2d3e24505d7e753232d5cf to remote] DEBUG org.asynchttpclient.netty.request.NettyRequestSender - Using pooled Channel '[id: 0x96154a55, L:/127.0.0.1:49950 - R:localhost/127.0.0.1:58912]' for 'POST' to 'http://localhost:58912/session/0db3ffb8ff2d3e24505d7e753232d5cf/element'
07:49:28.666 [Forwarding findElement on session 0db3ffb8ff2d3e24505d7e753232d5cf to remote] DEBUG org.asynchttpclient.netty.request.NettyRequestSender - Using open Channel [id: 0x96154a55, L:/127.0.0.1:49950 - R:localhost/127.0.0.1:58912] for POST '/session/0db3ffb8ff2d3e24505d7e753232d5cf/element'
07:49:28.674 [AsyncHttpClient-1-3] DEBUG org.asynchttpclient.netty.handler.HttpHandler - 

Request DefaultHttpRequest(decodeResult: success, version: HTTP/1.1)
POST /session/0db3ffb8ff2d3e24505d7e753232d5cf/element HTTP/1.1
User-Agent: selenium/4.1.2 (java mac)
Content-Length: 70
Content-Type: application/json; charset=utf-8
host: localhost:58912
accept: */*

Response DefaultHttpResponse(decodeResult: success, version: HTTP/1.1)
HTTP/1.1 200 OK
Content-Type: application/json; charset=utf-8
cache-control: no-cache
content-length: 88

07:49:28.674 [AsyncHttpClient-1-3] DEBUG org.asynchttpclient.netty.channel.ChannelManager - Adding key: http://localhost:58912 for channel [id: 0x96154a55, L:/127.0.0.1:49950 - R:localhost/127.0.0.1:58912]
07:49:28.680 [Forwarding isElementDisplayed on session 0db3ffb8ff2d3e24505d7e753232d5cf to remote] DEBUG org.asynchttpclient.netty.request.NettyRequestSender - Using pooled Channel '[id: 0x96154a55, L:/127.0.0.1:49950 - R:localhost/127.0.0.1:58912]' for 'POST' to 'http://localhost:58912/session/0db3ffb8ff2d3e24505d7e753232d5cf/execute/sync'
07:49:28.680 [Forwarding isElementDisplayed on session 0db3ffb8ff2d3e24505d7e753232d5cf to remote] DEBUG org.asynchttpclient.netty.request.NettyRequestSender - Using open Channel [id: 0x96154a55, L:/127.0.0.1:49950 - R:localhost/127.0.0.1:58912] for POST '/session/0db3ffb8ff2d3e24505d7e753232d5cf/execute/sync'
07:49:28.693 [AsyncHttpClient-1-3] DEBUG org.asynchttpclient.netty.handler.HttpHandler - 

Request DefaultHttpRequest(decodeResult: success, version: HTTP/1.1)
POST /session/0db3ffb8ff2d3e24505d7e753232d5cf/execute/sync HTTP/1.1
User-Agent: selenium/4.1.2 (java mac)
Content-Length: 48780
Content-Type: application/json; charset=utf-8
host: localhost:58912
accept: */*

Response DefaultHttpResponse(decodeResult: success, version: HTTP/1.1)
HTTP/1.1 200 OK
Content-Type: application/json; charset=utf-8
cache-control: no-cache
content-length: 14

07:49:28.694 [AsyncHttpClient-1-3] DEBUG org.asynchttpclient.netty.channel.ChannelManager - Adding key: http://localhost:58912 for channel [id: 0x96154a55, L:/127.0.0.1:49950 - R:localhost/127.0.0.1:58912]
07:49:28.702 [Forwarding getElementAttribute on session 0db3ffb8ff2d3e24505d7e753232d5cf to remote] DEBUG org.asynchttpclient.netty.request.NettyRequestSender - Using pooled Channel '[id: 0x96154a55, L:/127.0.0.1:49950 - R:localhost/127.0.0.1:58912]' for 'POST' to 'http://localhost:58912/session/0db3ffb8ff2d3e24505d7e753232d5cf/execute/sync'
07:49:28.703 [Forwarding getElementAttribute on session 0db3ffb8ff2d3e24505d7e753232d5cf to remote] DEBUG org.asynchttpclient.netty.request.NettyRequestSender - Using open Channel [id: 0x96154a55, L:/127.0.0.1:49950 - R:localhost/127.0.0.1:58912] for POST '/session/0db3ffb8ff2d3e24505d7e753232d5cf/execute/sync'
07:49:28.717 [AsyncHttpClient-1-3] DEBUG org.asynchttpclient.netty.handler.HttpHandler - 

Request DefaultHttpRequest(decodeResult: success, version: HTTP/1.1)
POST /session/0db3ffb8ff2d3e24505d7e753232d5cf/execute/sync HTTP/1.1
User-Agent: selenium/4.1.2 (java mac)
Content-Length: 47340
Content-Type: application/json; charset=utf-8
host: localhost:58912
accept: */*

Response DefaultHttpResponse(decodeResult: success, version: HTTP/1.1)
HTTP/1.1 200 OK
Content-Type: application/json; charset=utf-8
cache-control: no-cache
content-length: 17

07:49:28.717 [AsyncHttpClient-1-3] DEBUG org.asynchttpclient.netty.channel.ChannelManager - Adding key: http://localhost:58912 for channel [id: 0x96154a55, L:/127.0.0.1:49950 - R:localhost/127.0.0.1:58912]
07:49:28.722 [Forwarding screenshot on session 0db3ffb8ff2d3e24505d7e753232d5cf to remote] DEBUG org.asynchttpclient.netty.request.NettyRequestSender - Using pooled Channel '[id: 0x96154a55, L:/127.0.0.1:49950 - R:localhost/127.0.0.1:58912]' for 'GET' to 'http://localhost:58912/session/0db3ffb8ff2d3e24505d7e753232d5cf/screenshot'
07:49:28.722 [Forwarding screenshot on session 0db3ffb8ff2d3e24505d7e753232d5cf to remote] DEBUG org.asynchttpclient.netty.request.NettyRequestSender - Using open Channel [id: 0x96154a55, L:/127.0.0.1:49950 - R:localhost/127.0.0.1:58912] for GET '/session/0db3ffb8ff2d3e24505d7e753232d5cf/screenshot'
07:49:28.848 [AsyncHttpClient-1-3] DEBUG org.asynchttpclient.netty.handler.HttpHandler - 

Request DefaultFullHttpRequest(decodeResult: success, version: HTTP/1.1, content: EmptyByteBufBE)
GET /session/0db3ffb8ff2d3e24505d7e753232d5cf/screenshot HTTP/1.1
User-Agent: selenium/4.1.2 (java mac)
Cache-Control: no-cache
Content-Type: application/json; charset=utf-8
host: localhost:58912
accept: */*

Response DefaultHttpResponse(decodeResult: success, version: HTTP/1.1)
HTTP/1.1 200 OK
Content-Type: application/json; charset=utf-8
cache-control: no-cache
content-length: 131716

07:49:28.849 [AsyncHttpClient-1-3] DEBUG org.asynchttpclient.netty.channel.ChannelManager - Adding key: http://localhost:58912 for channel [id: 0x96154a55, L:/127.0.0.1:49950 - R:localhost/127.0.0.1:58912]
07:49:28.857 [main] DEBUG net.serenitybdd.core.photography.Darkroom - Send negative for processing for target/site/serenity/e352c95c12e8fc3b8d3db59b469e7a7a76e9f5a7156dec564ddcd81a77fd6373.png
07:49:28.858 [main] DEBUG net.thucydides.core.steps.StepInterceptor - STEP DONE: {0} should see #description
  &amp#27;[32mThen &amp#27;[0m&amp#27;[32m&amp#27;[0m&amp#27;[32m&amp#27;[1mI&amp#27;[0m&amp#27;[32m can see Personal Details has changed&amp#27;[0m          &amp#27;[90m# orangehrm.stepdefinitions.PIMStepDef.updatedEmployee(net.serenitybdd.screenplay.Actor)&amp#27;[0m
07:49:28.862 [main] INFO  - 
  _____   ___   ___   _____     ___     _     ___   ___   ___   ___  
 |_   _| | __| / __| |_   _|   | _ \   /_\   / __| / __| | __| |   \ 
   | |   | _|  \__ \   | |     |  _/  / _ \  \__ \ \__ \ | _|  | |) |
   |_|   |___| |___/   |_|     |_|   /_/ \_\ |___/ |___/ |___| |___/ 

User update Orange HRM employee successfully
----------------------------------------------------------------------
07:49:28.864 [Driver Command Executor] DEBUG org.asynchttpclient.netty.request.NettyRequestSender - Using pooled Channel '[id: 0x96154a55, L:/127.0.0.1:49950 - R:localhost/127.0.0.1:58912]' for 'DELETE' to 'http://localhost:58912/session/0db3ffb8ff2d3e24505d7e753232d5cf'
07:49:28.864 [Driver Command Executor] DEBUG org.asynchttpclient.netty.request.NettyRequestSender - Using open Channel [id: 0x96154a55, L:/127.0.0.1:49950 - R:localhost/127.0.0.1:58912] for DELETE '/session/0db3ffb8ff2d3e24505d7e753232d5cf'
07:49:28.864 [AsyncHttpClient-1-5] DEBUG org.asynchttpclient.netty.handler.WebSocketHandler - Channel Closed: [id: 0xda51cec6, L:/127.0.0.1:49956 ! R:localhost/127.0.0.1:49951] with attribute NettyResponseFuture{currentRetry=5,
	isDone=1,
	isCancelled=0,
	asyncHandler=org.asynchttpclient.ws.WebSocketUpgradeHandler@6720fda3,
	nettyRequest=org.asynchttpclient.netty.request.NettyRequest@7105da62,
	future=java.util.concurrent.CompletableFuture@1f40836d[Completed normally],
	uri=ws://localhost:49951/devtools/browser/2fa25727-35b5-4b41-930d-6aa87792f916,
	keepAlive=true,
	redirectCount=0,
	timeoutsHolder=null,
	inAuth=0,
	touch=1650070148932}
07:49:28.864 [AsyncHttpClient-1-5] DEBUG org.asynchttpclient.netty.channel.ChannelManager - Closing Channel [id: 0xda51cec6, L:/127.0.0.1:49956 ! R:localhost/127.0.0.1:49951] 
07:49:28.890 [AsyncHttpClient-1-4] DEBUG org.asynchttpclient.netty.handler.HttpHandler - Channel Closed: [id: 0xab24ec35, L:/127.0.0.1:49955 ! R:localhost/127.0.0.1:49951] with attribute DISCARD
07:49:28.912 [AsyncHttpClient-1-1] DEBUG org.asynchttpclient.netty.channel.DefaultChannelPool - Entry count for : http://localhost:49951 : 1
07:49:28.912 [AsyncHttpClient-1-1] DEBUG org.asynchttpclient.netty.channel.DefaultChannelPool - Adding Candidate expired Channel [id: 0xab24ec35, L:/127.0.0.1:49955 ! R:localhost/127.0.0.1:49951] isIdleTimeoutExpired=false isRemotelyClosed=true isTtlExpired=false
07:49:28.912 [AsyncHttpClient-1-1] DEBUG org.asynchttpclient.netty.channel.DefaultChannelPool - Closing Idle Channel [id: 0xab24ec35, L:/127.0.0.1:49955 ! R:localhost/127.0.0.1:49951]
07:49:28.912 [AsyncHttpClient-1-1] DEBUG org.asynchttpclient.netty.channel.DefaultChannelPool - Closed 1 connections out of 1 in 0 ms
07:49:28.929 [AsyncHttpClient-1-3] DEBUG org.asynchttpclient.netty.handler.HttpHandler - 

Request DefaultFullHttpRequest(decodeResult: success, version: HTTP/1.1, content: EmptyByteBufBE)
DELETE /session/0db3ffb8ff2d3e24505d7e753232d5cf HTTP/1.1
User-Agent: selenium/4.1.2 (java mac)
Content-Type: application/json; charset=utf-8
host: localhost:58912
accept: */*

Response DefaultHttpResponse(decodeResult: success, version: HTTP/1.1)
HTTP/1.1 200 OK
Content-Type: application/json; charset=utf-8
cache-control: no-cache
content-length: 14

07:49:28.930 [AsyncHttpClient-1-3] DEBUG org.asynchttpclient.netty.channel.ChannelManager - Adding key: http://localhost:58912 for channel [id: 0x96154a55, L:/127.0.0.1:49950 - R:localhost/127.0.0.1:58912]
07:49:29.003 [AsyncHttpClient-1-3] DEBUG org.asynchttpclient.netty.handler.HttpHandler - Channel Closed: [id: 0x96154a55, L:/127.0.0.1:49950 ! R:localhost/127.0.0.1:58912] with attribute DISCARD
]]></system-out>
    <system-err><![CDATA[Starting ChromeDriver 100.0.4896.60 (6a5d10861ce8de5fce22564658033b43cb7de047-refs/branch-heads/4896@{#875}) on port 58912
Only local connections are allowed.
Please see https://chromedriver.chromium.org/security-considerations for suggestions on keeping ChromeDriver safe.
ChromeDriver was started successfully.
Apr 16, 2022 7:49:08 AM org.openqa.selenium.remote.ProtocolHandshake createSession
INFO: Detected dialect: W3C
Apr 16, 2022 7:49:08 AM org.openqa.selenium.devtools.CdpVersionFinder findNearestMatch
WARNING: Unable to find an exact match for CDP version 100, so returning the closest version found: 97
Apr 16, 2022 7:49:08 AM org.openqa.selenium.devtools.CdpVersionFinder findNearestMatch
INFO: Found CDP implementation for version 100 of 97
]]></system-err>
  </testcase>
  <testcase name="User delete Orange HRM employee successfully" classname="Orange HRM - CRUD Employee Data" time="22.072">
    <system-out><![CDATA[
@All @allorangehrm @hrmcrud @hrmdelete
Scenario: User delete Orange HRM employee successfully &amp#27;[90m# src/test/resources/features/orangehrm/crud.feature:26&amp#27;[0m
07:49:29.045 [main] INFO io.cucumber.core.plugin.SerenityReporter - Running feature from file:///Users/anugerahfadillah/QE-batch3-practice/src/test/resources/features/orangehrm/crud.feature
07:49:29.049 [main] INFO  - 
  _____   ___   ___   _____     ___   _____     _     ___   _____   ___   ___  
 |_   _| | __| / __| |_   _|   / __| |_   _|   /_\   | _ \ |_   _| | __| |   \ 
   | |   | _|  \__ \   | |     \__ \   | |    / _ \  |   /   | |   | _|  | |) |
   |_|   |___| |___/   |_|     |___/   |_|   /_/ \_\ |_|_\   |_|   |___| |___/ 

User delete Orange HRM employee successfully(orange-hrm---crud-employee-data;user-delete-orange-hrm-employee-successfully)
--------------------------------------------------------------------------------
07:49:29.078 [main] DEBUG net.thucydides.core.steps.StepInterceptor - STARTING STEP: loginStepDef.loadHRMLoginPage - !#title
07:49:29.082 [main] DEBUG net.thucydides.core.steps.StepInterceptor - STARTING STEP: loginStepDef.loadHRMLoginPage - {0} opens the #targetPageName
07:49:29.091 [main] INFO net.serenitybdd.core.webdriver.driverproviders.ChromeDriverProvider - Using automatically driver download
07:49:29.478 [main] DEBUG io.github.bonigarcia.wdm.cache.ResolutionCache - Resolution chrome=100 in cache (valid until 08:47:48 16/04/2022 WIB)
07:49:29.481 [main] DEBUG io.github.bonigarcia.wdm.cache.ResolutionCache - Resolution chrome100=100.0.4896.60 in cache (valid until 21:00:52 16/04/2022 WIB)
07:49:29.483 [main] INFO io.github.bonigarcia.wdm.WebDriverManager - Using chromedriver 100.0.4896.60 (resolved driver for Chrome 100)
07:49:29.492 [main] DEBUG io.github.bonigarcia.wdm.WebDriverManager - Driver chromedriver 100.0.4896.60 found in cache
07:49:29.492 [main] INFO io.github.bonigarcia.wdm.WebDriverManager - Exporting webdriver.chrome.driver as /Users/anugerahfadillah/.cache/selenium/chromedriver/mac64/100.0.4896.60/chromedriver
07:49:29.618 [main] DEBUG net.serenitybdd.core.webdriver.driverproviders.ProvideNewDriver - Instantiating driver
07:49:29.618 [main] DEBUG net.serenitybdd.core.webdriver.driverproviders.ProvideNewDriver - Driver capabilities: Capabilities {acceptInsecureCerts: false, base.url: , browserName: chrome, goog:chromeOptions: {args: [], extensions: []}}
07:49:29.724 [AsyncHttpClient-1-6] DEBUG org.asynchttpclient.netty.channel.NettyConnectListener - Using new Channel '[id: 0xd43487bd, L:/127.0.0.1:49970 - R:localhost/127.0.0.1:50418]' for 'POST' to '/session'
07:49:30.004 [AsyncHttpClient-1-1] DEBUG org.asynchttpclient.netty.channel.DefaultChannelPool - Entry count for : http://localhost:58912 : 1
07:49:30.005 [AsyncHttpClient-1-1] DEBUG org.asynchttpclient.netty.channel.DefaultChannelPool - Adding Candidate expired Channel [id: 0x96154a55, L:/127.0.0.1:49950 ! R:localhost/127.0.0.1:58912] isIdleTimeoutExpired=false isRemotelyClosed=true isTtlExpired=false
07:49:30.005 [AsyncHttpClient-1-1] DEBUG org.asynchttpclient.netty.channel.DefaultChannelPool - Closing Idle Channel [id: 0x96154a55, L:/127.0.0.1:49950 ! R:localhost/127.0.0.1:58912]
07:49:30.005 [AsyncHttpClient-1-1] DEBUG org.asynchttpclient.netty.channel.DefaultChannelPool - Closed 1 connections out of 1 in 1 ms
07:49:32.176 [AsyncHttpClient-1-6] DEBUG org.asynchttpclient.netty.handler.HttpHandler - 

Request DefaultHttpRequest(decodeResult: success, version: HTTP/1.1)
POST /session HTTP/1.1
User-Agent: selenium/4.1.2 (java mac)
Content-Length: 457
Content-Type: application/json; charset=utf-8
host: localhost:50418
accept: */*

Response DefaultHttpResponse(decodeResult: success, version: HTTP/1.1)
HTTP/1.1 200 OK
Content-Type: application/json; charset=utf-8
cache-control: no-cache
content-length: 799

07:49:32.177 [AsyncHttpClient-1-6] DEBUG org.asynchttpclient.netty.channel.ChannelManager - Adding key: http://localhost:50418 for channel [id: 0xd43487bd, L:/127.0.0.1:49970 - R:localhost/127.0.0.1:50418]
07:49:32.189 [AsyncHttpClient-1-7] DEBUG org.asynchttpclient.netty.channel.NettyConnectListener - Using new Channel '[id: 0x22a6429c, L:/127.0.0.1:49975 - R:localhost/127.0.0.1:49971]' for 'GET' to '/json/version'
07:49:32.202 [AsyncHttpClient-1-7] DEBUG org.asynchttpclient.netty.handler.HttpHandler - 

Request DefaultFullHttpRequest(decodeResult: success, version: HTTP/1.1, content: EmptyByteBufBE)
GET /json/version HTTP/1.1
User-Agent: selenium/4.1.2 (java mac)
host: localhost:49971
accept: */*

Response DefaultHttpResponse(decodeResult: success, version: HTTP/1.1)
HTTP/1.1 200 OK
Content-Type: application/json; charset=UTF-8
content-length: 425

07:49:32.203 [AsyncHttpClient-1-7] DEBUG org.asynchttpclient.netty.channel.ChannelManager - Adding key: http://localhost:49971 for channel [id: 0x22a6429c, L:/127.0.0.1:49975 - R:localhost/127.0.0.1:49971]
07:49:32.209 [AsyncHttpClient-1-1] DEBUG org.asynchttpclient.netty.channel.DefaultChannelPool - Entry count for : http://localhost:49971 : 1
07:49:32.209 [AsyncHttpClient-1-1] DEBUG org.asynchttpclient.netty.channel.DefaultChannelPool - Entry count for : http://localhost:50418 : 1
07:49:32.216 [AsyncHttpClient-1-8] DEBUG org.asynchttpclient.netty.channel.NettyConnectListener - Using new Channel '[id: 0xc95a3b97, L:/127.0.0.1:49976 - R:localhost/127.0.0.1:49971]' for 'GET' to '/devtools/browser/b52f7704-d096-4d33-9d8c-ff82001e7b40'
07:49:32.218 [AsyncHttpClient-1-8] DEBUG org.asynchttpclient.netty.handler.WebSocketHandler - 

Request DefaultFullHttpRequest(decodeResult: success, version: HTTP/1.1, content: EmptyByteBufBE)
GET /devtools/browser/b52f7704-d096-4d33-9d8c-ff82001e7b40 HTTP/1.1
upgrade: websocket
connection: upgrade
sec-websocket-key: C5WpAVNE88LV/IqgSzxTNA==
sec-websocket-version: 13
origin: http://localhost:49971
host: localhost:49971
accept: */*
user-agent: AHC/2.1

Response DefaultHttpResponse(decodeResult: success, version: HTTP/1.1)
HTTP/1.1 101 WebSocket Protocol Handshake
Upgrade: WebSocket
Connection: Upgrade
Sec-WebSocket-Accept: 7Ytebz0sz/eE0hY9Vfggkoig/EY=

07:49:32.258 [Forwarding get on session e593c6e8c633d34050dc29fbee0a02f1 to remote] DEBUG org.asynchttpclient.netty.request.NettyRequestSender - Using pooled Channel '[id: 0xd43487bd, L:/127.0.0.1:49970 - R:localhost/127.0.0.1:50418]' for 'POST' to 'http://localhost:50418/session/e593c6e8c633d34050dc29fbee0a02f1/url'
07:49:32.258 [Forwarding get on session e593c6e8c633d34050dc29fbee0a02f1 to remote] DEBUG org.asynchttpclient.netty.request.NettyRequestSender - Using open Channel [id: 0xd43487bd, L:/127.0.0.1:49970 - R:localhost/127.0.0.1:50418] for POST '/session/e593c6e8c633d34050dc29fbee0a02f1/url'
07:49:33.307 [AsyncHttpClient-1-1] DEBUG org.asynchttpclient.netty.channel.DefaultChannelPool - Entry count for : http://localhost:49971 : 1
07:49:34.406 [AsyncHttpClient-1-1] DEBUG org.asynchttpclient.netty.channel.DefaultChannelPool - Entry count for : http://localhost:49971 : 1
07:49:35.506 [AsyncHttpClient-1-1] DEBUG org.asynchttpclient.netty.channel.DefaultChannelPool - Entry count for : http://localhost:49971 : 1
07:49:36.605 [AsyncHttpClient-1-1] DEBUG org.asynchttpclient.netty.channel.DefaultChannelPool - Entry count for : http://localhost:49971 : 1
07:49:37.704 [AsyncHttpClient-1-1] DEBUG org.asynchttpclient.netty.channel.DefaultChannelPool - Entry count for : http://localhost:49971 : 1
07:49:37.713 [AsyncHttpClient-1-6] DEBUG org.asynchttpclient.netty.handler.HttpHandler - 

Request DefaultHttpRequest(decodeResult: success, version: HTTP/1.1)
POST /session/e593c6e8c633d34050dc29fbee0a02f1/url HTTP/1.1
User-Agent: selenium/4.1.2 (java mac)
Content-Length: 72
Content-Type: application/json; charset=utf-8
host: localhost:50418
accept: */*

Response DefaultHttpResponse(decodeResult: success, version: HTTP/1.1)
HTTP/1.1 200 OK
Content-Type: application/json; charset=utf-8
cache-control: no-cache
content-length: 14

07:49:37.714 [AsyncHttpClient-1-6] DEBUG org.asynchttpclient.netty.channel.ChannelManager - Adding key: http://localhost:50418 for channel [id: 0xd43487bd, L:/127.0.0.1:49970 - R:localhost/127.0.0.1:50418]
07:49:37.715 [Forwarding setTimeout on session e593c6e8c633d34050dc29fbee0a02f1 to remote] DEBUG org.asynchttpclient.netty.request.NettyRequestSender - Using pooled Channel '[id: 0xd43487bd, L:/127.0.0.1:49970 - R:localhost/127.0.0.1:50418]' for 'POST' to 'http://localhost:50418/session/e593c6e8c633d34050dc29fbee0a02f1/timeouts'
07:49:37.715 [Forwarding setTimeout on session e593c6e8c633d34050dc29fbee0a02f1 to remote] DEBUG org.asynchttpclient.netty.request.NettyRequestSender - Using open Channel [id: 0xd43487bd, L:/127.0.0.1:49970 - R:localhost/127.0.0.1:50418] for POST '/session/e593c6e8c633d34050dc29fbee0a02f1/timeouts'
07:49:37.716 [AsyncHttpClient-1-6] DEBUG org.asynchttpclient.netty.handler.HttpHandler - 

Request DefaultHttpRequest(decodeResult: success, version: HTTP/1.1)
POST /session/e593c6e8c633d34050dc29fbee0a02f1/timeouts HTTP/1.1
User-Agent: selenium/4.1.2 (java mac)
Content-Length: 22
Content-Type: application/json; charset=utf-8
host: localhost:50418
accept: */*

Response DefaultHttpResponse(decodeResult: success, version: HTTP/1.1)
HTTP/1.1 200 OK
Content-Type: application/json; charset=utf-8
cache-control: no-cache
content-length: 14

07:49:37.717 [AsyncHttpClient-1-6] DEBUG org.asynchttpclient.netty.channel.ChannelManager - Adding key: http://localhost:50418 for channel [id: 0xd43487bd, L:/127.0.0.1:49970 - R:localhost/127.0.0.1:50418]
07:49:37.719 [Forwarding getCurrentUrl on session e593c6e8c633d34050dc29fbee0a02f1 to remote] DEBUG org.asynchttpclient.netty.request.NettyRequestSender - Using pooled Channel '[id: 0xd43487bd, L:/127.0.0.1:49970 - R:localhost/127.0.0.1:50418]' for 'GET' to 'http://localhost:50418/session/e593c6e8c633d34050dc29fbee0a02f1/url'
07:49:37.719 [Forwarding getCurrentUrl on session e593c6e8c633d34050dc29fbee0a02f1 to remote] DEBUG org.asynchttpclient.netty.request.NettyRequestSender - Using open Channel [id: 0xd43487bd, L:/127.0.0.1:49970 - R:localhost/127.0.0.1:50418] for GET '/session/e593c6e8c633d34050dc29fbee0a02f1/url'
07:49:37.731 [AsyncHttpClient-1-6] DEBUG org.asynchttpclient.netty.handler.HttpHandler - 

Request DefaultFullHttpRequest(decodeResult: success, version: HTTP/1.1, content: EmptyByteBufBE)
GET /session/e593c6e8c633d34050dc29fbee0a02f1/url HTTP/1.1
User-Agent: selenium/4.1.2 (java mac)
Cache-Control: no-cache
Content-Type: application/json; charset=utf-8
host: localhost:50418
accept: */*

Response DefaultHttpResponse(decodeResult: success, version: HTTP/1.1)
HTTP/1.1 200 OK
Content-Type: application/json; charset=utf-8
cache-control: no-cache
content-length: 54

07:49:37.731 [AsyncHttpClient-1-6] DEBUG org.asynchttpclient.netty.channel.ChannelManager - Adding key: http://localhost:50418 for channel [id: 0xd43487bd, L:/127.0.0.1:49970 - R:localhost/127.0.0.1:50418]
07:49:37.734 [Forwarding getCurrentUrl on session e593c6e8c633d34050dc29fbee0a02f1 to remote] DEBUG org.asynchttpclient.netty.request.NettyRequestSender - Using pooled Channel '[id: 0xd43487bd, L:/127.0.0.1:49970 - R:localhost/127.0.0.1:50418]' for 'GET' to 'http://localhost:50418/session/e593c6e8c633d34050dc29fbee0a02f1/url'
07:49:37.734 [Forwarding getCurrentUrl on session e593c6e8c633d34050dc29fbee0a02f1 to remote] DEBUG org.asynchttpclient.netty.request.NettyRequestSender - Using open Channel [id: 0xd43487bd, L:/127.0.0.1:49970 - R:localhost/127.0.0.1:50418] for GET '/session/e593c6e8c633d34050dc29fbee0a02f1/url'
07:49:37.739 [AsyncHttpClient-1-6] DEBUG org.asynchttpclient.netty.handler.HttpHandler - 

Request DefaultFullHttpRequest(decodeResult: success, version: HTTP/1.1, content: EmptyByteBufBE)
GET /session/e593c6e8c633d34050dc29fbee0a02f1/url HTTP/1.1
User-Agent: selenium/4.1.2 (java mac)
Cache-Control: no-cache
Content-Type: application/json; charset=utf-8
host: localhost:50418
accept: */*

Response DefaultHttpResponse(decodeResult: success, version: HTTP/1.1)
HTTP/1.1 200 OK
Content-Type: application/json; charset=utf-8
cache-control: no-cache
content-length: 54

07:49:37.739 [AsyncHttpClient-1-6] DEBUG org.asynchttpclient.netty.channel.ChannelManager - Adding key: http://localhost:50418 for channel [id: 0xd43487bd, L:/127.0.0.1:49970 - R:localhost/127.0.0.1:50418]
07:49:37.746 [Forwarding screenshot on session e593c6e8c633d34050dc29fbee0a02f1 to remote] DEBUG org.asynchttpclient.netty.request.NettyRequestSender - Using pooled Channel '[id: 0xd43487bd, L:/127.0.0.1:49970 - R:localhost/127.0.0.1:50418]' for 'GET' to 'http://localhost:50418/session/e593c6e8c633d34050dc29fbee0a02f1/screenshot'
07:49:37.746 [Forwarding screenshot on session e593c6e8c633d34050dc29fbee0a02f1 to remote] DEBUG org.asynchttpclient.netty.request.NettyRequestSender - Using open Channel [id: 0xd43487bd, L:/127.0.0.1:49970 - R:localhost/127.0.0.1:50418] for GET '/session/e593c6e8c633d34050dc29fbee0a02f1/screenshot'
07:49:37.913 [AsyncHttpClient-1-6] DEBUG org.asynchttpclient.netty.handler.HttpHandler - 

Request DefaultFullHttpRequest(decodeResult: success, version: HTTP/1.1, content: EmptyByteBufBE)
GET /session/e593c6e8c633d34050dc29fbee0a02f1/screenshot HTTP/1.1
User-Agent: selenium/4.1.2 (java mac)
Cache-Control: no-cache
Content-Type: application/json; charset=utf-8
host: localhost:50418
accept: */*

Response DefaultHttpResponse(decodeResult: success, version: HTTP/1.1)
HTTP/1.1 200 OK
Content-Type: application/json; charset=utf-8
cache-control: no-cache
content-length: 143140

07:49:37.914 [AsyncHttpClient-1-6] DEBUG org.asynchttpclient.netty.channel.ChannelManager - Adding key: http://localhost:50418 for channel [id: 0xd43487bd, L:/127.0.0.1:49970 - R:localhost/127.0.0.1:50418]
07:49:37.921 [main] DEBUG net.serenitybdd.core.photography.Darkroom - Send negative for processing for target/site/serenity/76785b2408e6a627f821a689391526f77de9b66ea7150de038c15a6f1cdb7b4d.png
07:49:37.921 [main] DEBUG net.thucydides.core.steps.StepInterceptor - STEP DONE: {0} opens the #targetPageName
07:49:37.925 [main] DEBUG net.thucydides.core.steps.StepInterceptor - STEP DONE: !#title
  &amp#27;[32mGiven &amp#27;[0m&amp#27;[32m&amp#27;[0m&amp#27;[32m&amp#27;[1mI&amp#27;[0m&amp#27;[32m open Orange HRM login page&amp#27;[0m                   &amp#27;[90m# orangehrm.stepdefinitions.loginStepDef.loadHRMLoginPage(net.serenitybdd.screenplay.Actor)&amp#27;[0m
07:49:37.943 [main] DEBUG net.thucydides.core.steps.StepInterceptor - STARTING STEP: loginStepDef.inputCredential - !#title
07:49:37.948 [main] DEBUG net.thucydides.core.steps.StepInterceptor - STARTING STEP: loginStepDef.inputCredential - {0} enters #theTextAsAString into #target
07:49:37.949 [main] DEBUG net.serenitybdd.screenplay.targets.IFrameSwitcher - default content already selected for username field
07:49:37.953 [Forwarding findElement on session e593c6e8c633d34050dc29fbee0a02f1 to remote] DEBUG org.asynchttpclient.netty.request.NettyRequestSender - Using pooled Channel '[id: 0xd43487bd, L:/127.0.0.1:49970 - R:localhost/127.0.0.1:50418]' for 'POST' to 'http://localhost:50418/session/e593c6e8c633d34050dc29fbee0a02f1/element'
07:49:37.953 [Forwarding findElement on session e593c6e8c633d34050dc29fbee0a02f1 to remote] DEBUG org.asynchttpclient.netty.request.NettyRequestSender - Using open Channel [id: 0xd43487bd, L:/127.0.0.1:49970 - R:localhost/127.0.0.1:50418] for POST '/session/e593c6e8c633d34050dc29fbee0a02f1/element'
07:49:37.964 [AsyncHttpClient-1-6] DEBUG org.asynchttpclient.netty.handler.HttpHandler - 

Request DefaultHttpRequest(decodeResult: success, version: HTTP/1.1)
POST /session/e593c6e8c633d34050dc29fbee0a02f1/element HTTP/1.1
User-Agent: selenium/4.1.2 (java mac)
Content-Length: 56
Content-Type: application/json; charset=utf-8
host: localhost:50418
accept: */*

Response DefaultHttpResponse(decodeResult: success, version: HTTP/1.1)
HTTP/1.1 200 OK
Content-Type: application/json; charset=utf-8
cache-control: no-cache
content-length: 88

07:49:37.964 [AsyncHttpClient-1-6] DEBUG org.asynchttpclient.netty.channel.ChannelManager - Adding key: http://localhost:50418 for channel [id: 0xd43487bd, L:/127.0.0.1:49970 - R:localhost/127.0.0.1:50418]
07:49:37.966 [Forwarding clearElement on session e593c6e8c633d34050dc29fbee0a02f1 to remote] DEBUG org.asynchttpclient.netty.request.NettyRequestSender - Using pooled Channel '[id: 0xd43487bd, L:/127.0.0.1:49970 - R:localhost/127.0.0.1:50418]' for 'POST' to 'http://localhost:50418/session/e593c6e8c633d34050dc29fbee0a02f1/element/123671e5-2255-4115-a629-602d28a5c005/clear'
07:49:37.966 [Forwarding clearElement on session e593c6e8c633d34050dc29fbee0a02f1 to remote] DEBUG org.asynchttpclient.netty.request.NettyRequestSender - Using open Channel [id: 0xd43487bd, L:/127.0.0.1:49970 - R:localhost/127.0.0.1:50418] for POST '/session/e593c6e8c633d34050dc29fbee0a02f1/element/123671e5-2255-4115-a629-602d28a5c005/clear'
07:49:37.997 [AsyncHttpClient-1-6] DEBUG org.asynchttpclient.netty.handler.HttpHandler - 

Request DefaultHttpRequest(decodeResult: success, version: HTTP/1.1)
POST /session/e593c6e8c633d34050dc29fbee0a02f1/element/123671e5-2255-4115-a629-602d28a5c005/clear HTTP/1.1
User-Agent: selenium/4.1.2 (java mac)
Content-Length: 50
Content-Type: application/json; charset=utf-8
host: localhost:50418
accept: */*

Response DefaultHttpResponse(decodeResult: success, version: HTTP/1.1)
HTTP/1.1 200 OK
Content-Type: application/json; charset=utf-8
cache-control: no-cache
content-length: 14

07:49:37.997 [AsyncHttpClient-1-6] DEBUG org.asynchttpclient.netty.channel.ChannelManager - Adding key: http://localhost:50418 for channel [id: 0xd43487bd, L:/127.0.0.1:49970 - R:localhost/127.0.0.1:50418]
07:49:38.000 [Forwarding sendKeysToElement on session e593c6e8c633d34050dc29fbee0a02f1 to remote] DEBUG org.asynchttpclient.netty.request.NettyRequestSender - Using pooled Channel '[id: 0xd43487bd, L:/127.0.0.1:49970 - R:localhost/127.0.0.1:50418]' for 'POST' to 'http://localhost:50418/session/e593c6e8c633d34050dc29fbee0a02f1/element/123671e5-2255-4115-a629-602d28a5c005/value'
07:49:38.000 [Forwarding sendKeysToElement on session e593c6e8c633d34050dc29fbee0a02f1 to remote] DEBUG org.asynchttpclient.netty.request.NettyRequestSender - Using open Channel [id: 0xd43487bd, L:/127.0.0.1:49970 - R:localhost/127.0.0.1:50418] for POST '/session/e593c6e8c633d34050dc29fbee0a02f1/element/123671e5-2255-4115-a629-602d28a5c005/value'
07:49:38.096 [AsyncHttpClient-1-6] DEBUG org.asynchttpclient.netty.handler.HttpHandler - 

Request DefaultHttpRequest(decodeResult: success, version: HTTP/1.1)
POST /session/e593c6e8c633d34050dc29fbee0a02f1/element/123671e5-2255-4115-a629-602d28a5c005/value HTTP/1.1
User-Agent: selenium/4.1.2 (java mac)
Content-Length: 131
Content-Type: application/json; charset=utf-8
host: localhost:50418
accept: */*

Response DefaultHttpResponse(decodeResult: success, version: HTTP/1.1)
HTTP/1.1 200 OK
Content-Type: application/json; charset=utf-8
cache-control: no-cache
content-length: 14

07:49:38.096 [AsyncHttpClient-1-6] DEBUG org.asynchttpclient.netty.channel.ChannelManager - Adding key: http://localhost:50418 for channel [id: 0xd43487bd, L:/127.0.0.1:49970 - R:localhost/127.0.0.1:50418]
07:49:38.104 [Forwarding screenshot on session e593c6e8c633d34050dc29fbee0a02f1 to remote] DEBUG org.asynchttpclient.netty.request.NettyRequestSender - Using pooled Channel '[id: 0xd43487bd, L:/127.0.0.1:49970 - R:localhost/127.0.0.1:50418]' for 'GET' to 'http://localhost:50418/session/e593c6e8c633d34050dc29fbee0a02f1/screenshot'
07:49:38.104 [Forwarding screenshot on session e593c6e8c633d34050dc29fbee0a02f1 to remote] DEBUG org.asynchttpclient.netty.request.NettyRequestSender - Using open Channel [id: 0xd43487bd, L:/127.0.0.1:49970 - R:localhost/127.0.0.1:50418] for GET '/session/e593c6e8c633d34050dc29fbee0a02f1/screenshot'
07:49:38.265 [AsyncHttpClient-1-6] DEBUG org.asynchttpclient.netty.handler.HttpHandler - 

Request DefaultFullHttpRequest(decodeResult: success, version: HTTP/1.1, content: EmptyByteBufBE)
GET /session/e593c6e8c633d34050dc29fbee0a02f1/screenshot HTTP/1.1
User-Agent: selenium/4.1.2 (java mac)
Cache-Control: no-cache
Content-Type: application/json; charset=utf-8
host: localhost:50418
accept: */*

Response DefaultHttpResponse(decodeResult: success, version: HTTP/1.1)
HTTP/1.1 200 OK
Content-Type: application/json; charset=utf-8
cache-control: no-cache
content-length: 141220

07:49:38.266 [AsyncHttpClient-1-6] DEBUG org.asynchttpclient.netty.channel.ChannelManager - Adding key: http://localhost:50418 for channel [id: 0xd43487bd, L:/127.0.0.1:49970 - R:localhost/127.0.0.1:50418]
07:49:38.272 [main] DEBUG net.serenitybdd.core.photography.Darkroom - Send negative for processing for target/site/serenity/0810a9e55a1b550b8992e89d8afb2e9d2522bc4d1bb30fd994f707fffbc02c86.png
07:49:38.273 [main] DEBUG net.thucydides.core.steps.StepInterceptor - STEP DONE: {0} enters #theTextAsAString into #target
07:49:38.277 [main] DEBUG net.thucydides.core.steps.StepInterceptor - STEP DONE: !#title
07:49:38.282 [main] DEBUG net.thucydides.core.steps.StepInterceptor - STARTING STEP: loginStepDef.inputCredential - !#title
07:49:38.286 [main] DEBUG net.thucydides.core.steps.StepInterceptor - STARTING STEP: loginStepDef.inputCredential - {0} enters #theTextAsAString into #target
07:49:38.288 [main] DEBUG net.serenitybdd.screenplay.targets.IFrameSwitcher - default content already selected for password field
07:49:38.292 [Forwarding findElement on session e593c6e8c633d34050dc29fbee0a02f1 to remote] DEBUG org.asynchttpclient.netty.request.NettyRequestSender - Using pooled Channel '[id: 0xd43487bd, L:/127.0.0.1:49970 - R:localhost/127.0.0.1:50418]' for 'POST' to 'http://localhost:50418/session/e593c6e8c633d34050dc29fbee0a02f1/element'
07:49:38.293 [Forwarding findElement on session e593c6e8c633d34050dc29fbee0a02f1 to remote] DEBUG org.asynchttpclient.netty.request.NettyRequestSender - Using open Channel [id: 0xd43487bd, L:/127.0.0.1:49970 - R:localhost/127.0.0.1:50418] for POST '/session/e593c6e8c633d34050dc29fbee0a02f1/element'
07:49:38.305 [AsyncHttpClient-1-6] DEBUG org.asynchttpclient.netty.handler.HttpHandler - 

Request DefaultHttpRequest(decodeResult: success, version: HTTP/1.1)
POST /session/e593c6e8c633d34050dc29fbee0a02f1/element HTTP/1.1
User-Agent: selenium/4.1.2 (java mac)
Content-Length: 56
Content-Type: application/json; charset=utf-8
host: localhost:50418
accept: */*

Response DefaultHttpResponse(decodeResult: success, version: HTTP/1.1)
HTTP/1.1 200 OK
Content-Type: application/json; charset=utf-8
cache-control: no-cache
content-length: 88

07:49:38.305 [AsyncHttpClient-1-6] DEBUG org.asynchttpclient.netty.channel.ChannelManager - Adding key: http://localhost:50418 for channel [id: 0xd43487bd, L:/127.0.0.1:49970 - R:localhost/127.0.0.1:50418]
07:49:38.306 [Forwarding clearElement on session e593c6e8c633d34050dc29fbee0a02f1 to remote] DEBUG org.asynchttpclient.netty.request.NettyRequestSender - Using pooled Channel '[id: 0xd43487bd, L:/127.0.0.1:49970 - R:localhost/127.0.0.1:50418]' for 'POST' to 'http://localhost:50418/session/e593c6e8c633d34050dc29fbee0a02f1/element/190f9616-4492-49c8-aee2-c73f41e316b4/clear'
07:49:38.306 [Forwarding clearElement on session e593c6e8c633d34050dc29fbee0a02f1 to remote] DEBUG org.asynchttpclient.netty.request.NettyRequestSender - Using open Channel [id: 0xd43487bd, L:/127.0.0.1:49970 - R:localhost/127.0.0.1:50418] for POST '/session/e593c6e8c633d34050dc29fbee0a02f1/element/190f9616-4492-49c8-aee2-c73f41e316b4/clear'
07:49:38.343 [AsyncHttpClient-1-6] DEBUG org.asynchttpclient.netty.handler.HttpHandler - 

Request DefaultHttpRequest(decodeResult: success, version: HTTP/1.1)
POST /session/e593c6e8c633d34050dc29fbee0a02f1/element/190f9616-4492-49c8-aee2-c73f41e316b4/clear HTTP/1.1
User-Agent: selenium/4.1.2 (java mac)
Content-Length: 50
Content-Type: application/json; charset=utf-8
host: localhost:50418
accept: */*

Response DefaultHttpResponse(decodeResult: success, version: HTTP/1.1)
HTTP/1.1 200 OK
Content-Type: application/json; charset=utf-8
cache-control: no-cache
content-length: 14

07:49:38.344 [AsyncHttpClient-1-6] DEBUG org.asynchttpclient.netty.channel.ChannelManager - Adding key: http://localhost:50418 for channel [id: 0xd43487bd, L:/127.0.0.1:49970 - R:localhost/127.0.0.1:50418]
07:49:38.347 [Forwarding sendKeysToElement on session e593c6e8c633d34050dc29fbee0a02f1 to remote] DEBUG org.asynchttpclient.netty.request.NettyRequestSender - Using pooled Channel '[id: 0xd43487bd, L:/127.0.0.1:49970 - R:localhost/127.0.0.1:50418]' for 'POST' to 'http://localhost:50418/session/e593c6e8c633d34050dc29fbee0a02f1/element/190f9616-4492-49c8-aee2-c73f41e316b4/value'
07:49:38.347 [Forwarding sendKeysToElement on session e593c6e8c633d34050dc29fbee0a02f1 to remote] DEBUG org.asynchttpclient.netty.request.NettyRequestSender - Using open Channel [id: 0xd43487bd, L:/127.0.0.1:49970 - R:localhost/127.0.0.1:50418] for POST '/session/e593c6e8c633d34050dc29fbee0a02f1/element/190f9616-4492-49c8-aee2-c73f41e316b4/value'
07:49:38.418 [AsyncHttpClient-1-6] DEBUG org.asynchttpclient.netty.handler.HttpHandler - 

Request DefaultHttpRequest(decodeResult: success, version: HTTP/1.1)
POST /session/e593c6e8c633d34050dc29fbee0a02f1/element/190f9616-4492-49c8-aee2-c73f41e316b4/value HTTP/1.1
User-Agent: selenium/4.1.2 (java mac)
Content-Length: 161
Content-Type: application/json; charset=utf-8
host: localhost:50418
accept: */*

Response DefaultHttpResponse(decodeResult: success, version: HTTP/1.1)
HTTP/1.1 200 OK
Content-Type: application/json; charset=utf-8
cache-control: no-cache
content-length: 14

07:49:38.418 [AsyncHttpClient-1-6] DEBUG org.asynchttpclient.netty.channel.ChannelManager - Adding key: http://localhost:50418 for channel [id: 0xd43487bd, L:/127.0.0.1:49970 - R:localhost/127.0.0.1:50418]
07:49:38.430 [Forwarding screenshot on session e593c6e8c633d34050dc29fbee0a02f1 to remote] DEBUG org.asynchttpclient.netty.request.NettyRequestSender - Using pooled Channel '[id: 0xd43487bd, L:/127.0.0.1:49970 - R:localhost/127.0.0.1:50418]' for 'GET' to 'http://localhost:50418/session/e593c6e8c633d34050dc29fbee0a02f1/screenshot'
07:49:38.430 [Forwarding screenshot on session e593c6e8c633d34050dc29fbee0a02f1 to remote] DEBUG org.asynchttpclient.netty.request.NettyRequestSender - Using open Channel [id: 0xd43487bd, L:/127.0.0.1:49970 - R:localhost/127.0.0.1:50418] for GET '/session/e593c6e8c633d34050dc29fbee0a02f1/screenshot'
07:49:38.556 [AsyncHttpClient-1-6] DEBUG org.asynchttpclient.netty.handler.HttpHandler - 

Request DefaultFullHttpRequest(decodeResult: success, version: HTTP/1.1, content: EmptyByteBufBE)
GET /session/e593c6e8c633d34050dc29fbee0a02f1/screenshot HTTP/1.1
User-Agent: selenium/4.1.2 (java mac)
Cache-Control: no-cache
Content-Type: application/json; charset=utf-8
host: localhost:50418
accept: */*

Response DefaultHttpResponse(decodeResult: success, version: HTTP/1.1)
HTTP/1.1 200 OK
Content-Type: application/json; charset=utf-8
cache-control: no-cache
content-length: 141600

07:49:38.557 [AsyncHttpClient-1-6] DEBUG org.asynchttpclient.netty.channel.ChannelManager - Adding key: http://localhost:50418 for channel [id: 0xd43487bd, L:/127.0.0.1:49970 - R:localhost/127.0.0.1:50418]
07:49:38.563 [main] DEBUG net.serenitybdd.core.photography.Darkroom - Send negative for processing for target/site/serenity/219d309bbfb6fe6b7906ecd6e6b802acbae0ce43501848433db883de3959bc89.png
07:49:38.564 [main] DEBUG net.thucydides.core.steps.StepInterceptor - STEP DONE: {0} enters #theTextAsAString into #target
07:49:38.567 [main] DEBUG net.thucydides.core.steps.StepInterceptor - STEP DONE: !#title
  &amp#27;[32mAnd &amp#27;[0m&amp#27;[32m&amp#27;[0m&amp#27;[32m&amp#27;[1mI&amp#27;[0m&amp#27;[32m input username and password&amp#27;[0m                    &amp#27;[90m# orangehrm.stepdefinitions.loginStepDef.inputCredential(net.serenitybdd.screenplay.Actor)&amp#27;[0m
07:49:38.584 [main] DEBUG net.thucydides.core.steps.StepInterceptor - STARTING STEP: loginStepDef.clickLoginButton - !#title
07:49:38.591 [main] DEBUG net.thucydides.core.steps.StepInterceptor - STARTING STEP: loginStepDef.clickLoginButton - {0} clicks on #target
07:49:38.591 [main] DEBUG net.serenitybdd.screenplay.targets.IFrameSwitcher - default content already selected for login button
07:49:38.598 [Forwarding findElement on session e593c6e8c633d34050dc29fbee0a02f1 to remote] DEBUG org.asynchttpclient.netty.request.NettyRequestSender - Using pooled Channel '[id: 0xd43487bd, L:/127.0.0.1:49970 - R:localhost/127.0.0.1:50418]' for 'POST' to 'http://localhost:50418/session/e593c6e8c633d34050dc29fbee0a02f1/element'
07:49:38.598 [Forwarding findElement on session e593c6e8c633d34050dc29fbee0a02f1 to remote] DEBUG org.asynchttpclient.netty.request.NettyRequestSender - Using open Channel [id: 0xd43487bd, L:/127.0.0.1:49970 - R:localhost/127.0.0.1:50418] for POST '/session/e593c6e8c633d34050dc29fbee0a02f1/element'
07:49:38.609 [AsyncHttpClient-1-6] DEBUG org.asynchttpclient.netty.handler.HttpHandler - 

Request DefaultHttpRequest(decodeResult: success, version: HTTP/1.1)
POST /session/e593c6e8c633d34050dc29fbee0a02f1/element HTTP/1.1
User-Agent: selenium/4.1.2 (java mac)
Content-Length: 53
Content-Type: application/json; charset=utf-8
host: localhost:50418
accept: */*

Response DefaultHttpResponse(decodeResult: success, version: HTTP/1.1)
HTTP/1.1 200 OK
Content-Type: application/json; charset=utf-8
cache-control: no-cache
content-length: 88

07:49:38.609 [AsyncHttpClient-1-6] DEBUG org.asynchttpclient.netty.channel.ChannelManager - Adding key: http://localhost:50418 for channel [id: 0xd43487bd, L:/127.0.0.1:49970 - R:localhost/127.0.0.1:50418]
07:49:38.613 [Forwarding isElementDisplayed on session e593c6e8c633d34050dc29fbee0a02f1 to remote] DEBUG org.asynchttpclient.netty.request.NettyRequestSender - Using pooled Channel '[id: 0xd43487bd, L:/127.0.0.1:49970 - R:localhost/127.0.0.1:50418]' for 'POST' to 'http://localhost:50418/session/e593c6e8c633d34050dc29fbee0a02f1/execute/sync'
07:49:38.613 [Forwarding isElementDisplayed on session e593c6e8c633d34050dc29fbee0a02f1 to remote] DEBUG org.asynchttpclient.netty.request.NettyRequestSender - Using open Channel [id: 0xd43487bd, L:/127.0.0.1:49970 - R:localhost/127.0.0.1:50418] for POST '/session/e593c6e8c633d34050dc29fbee0a02f1/execute/sync'
07:49:38.649 [AsyncHttpClient-1-6] DEBUG org.asynchttpclient.netty.handler.HttpHandler - 

Request DefaultHttpRequest(decodeResult: success, version: HTTP/1.1)
POST /session/e593c6e8c633d34050dc29fbee0a02f1/execute/sync HTTP/1.1
User-Agent: selenium/4.1.2 (java mac)
Content-Length: 48780
Content-Type: application/json; charset=utf-8
host: localhost:50418
accept: */*

Response DefaultHttpResponse(decodeResult: success, version: HTTP/1.1)
HTTP/1.1 200 OK
Content-Type: application/json; charset=utf-8
cache-control: no-cache
content-length: 14

07:49:38.649 [AsyncHttpClient-1-6] DEBUG org.asynchttpclient.netty.channel.ChannelManager - Adding key: http://localhost:50418 for channel [id: 0xd43487bd, L:/127.0.0.1:49970 - R:localhost/127.0.0.1:50418]
07:49:38.659 [Forwarding findElement on session e593c6e8c633d34050dc29fbee0a02f1 to remote] DEBUG org.asynchttpclient.netty.request.NettyRequestSender - Using pooled Channel '[id: 0xd43487bd, L:/127.0.0.1:49970 - R:localhost/127.0.0.1:50418]' for 'POST' to 'http://localhost:50418/session/e593c6e8c633d34050dc29fbee0a02f1/element'
07:49:38.659 [Forwarding findElement on session e593c6e8c633d34050dc29fbee0a02f1 to remote] DEBUG org.asynchttpclient.netty.request.NettyRequestSender - Using open Channel [id: 0xd43487bd, L:/127.0.0.1:49970 - R:localhost/127.0.0.1:50418] for POST '/session/e593c6e8c633d34050dc29fbee0a02f1/element'
07:49:38.672 [AsyncHttpClient-1-6] DEBUG org.asynchttpclient.netty.handler.HttpHandler - 

Request DefaultHttpRequest(decodeResult: success, version: HTTP/1.1)
POST /session/e593c6e8c633d34050dc29fbee0a02f1/element HTTP/1.1
User-Agent: selenium/4.1.2 (java mac)
Content-Length: 53
Content-Type: application/json; charset=utf-8
host: localhost:50418
accept: */*

Response DefaultHttpResponse(decodeResult: success, version: HTTP/1.1)
HTTP/1.1 200 OK
Content-Type: application/json; charset=utf-8
cache-control: no-cache
content-length: 88

07:49:38.672 [AsyncHttpClient-1-6] DEBUG org.asynchttpclient.netty.channel.ChannelManager - Adding key: http://localhost:50418 for channel [id: 0xd43487bd, L:/127.0.0.1:49970 - R:localhost/127.0.0.1:50418]
07:49:38.675 [Forwarding clickElement on session e593c6e8c633d34050dc29fbee0a02f1 to remote] DEBUG org.asynchttpclient.netty.request.NettyRequestSender - Using pooled Channel '[id: 0xd43487bd, L:/127.0.0.1:49970 - R:localhost/127.0.0.1:50418]' for 'POST' to 'http://localhost:50418/session/e593c6e8c633d34050dc29fbee0a02f1/element/040a2896-3bef-4943-b0df-55f97f60b24c/click'
07:49:38.675 [Forwarding clickElement on session e593c6e8c633d34050dc29fbee0a02f1 to remote] DEBUG org.asynchttpclient.netty.request.NettyRequestSender - Using open Channel [id: 0xd43487bd, L:/127.0.0.1:49970 - R:localhost/127.0.0.1:50418] for POST '/session/e593c6e8c633d34050dc29fbee0a02f1/element/040a2896-3bef-4943-b0df-55f97f60b24c/click'
07:49:38.807 [AsyncHttpClient-1-1] DEBUG org.asynchttpclient.netty.channel.DefaultChannelPool - Entry count for : http://localhost:49971 : 1
07:49:39.905 [AsyncHttpClient-1-1] DEBUG org.asynchttpclient.netty.channel.DefaultChannelPool - Entry count for : http://localhost:49971 : 1
07:49:41.004 [AsyncHttpClient-1-1] DEBUG org.asynchttpclient.netty.channel.DefaultChannelPool - Entry count for : http://localhost:49971 : 1
07:49:42.107 [AsyncHttpClient-1-1] DEBUG org.asynchttpclient.netty.channel.DefaultChannelPool - Entry count for : http://localhost:49971 : 1
07:49:43.208 [AsyncHttpClient-1-1] DEBUG org.asynchttpclient.netty.channel.DefaultChannelPool - Entry count for : http://localhost:49971 : 1
07:49:44.305 [AsyncHttpClient-1-1] DEBUG org.asynchttpclient.netty.channel.DefaultChannelPool - Entry count for : http://localhost:49971 : 1
07:49:45.130 [AsyncHttpClient-1-6] DEBUG org.asynchttpclient.netty.handler.HttpHandler - 

Request DefaultHttpRequest(decodeResult: success, version: HTTP/1.1)
POST /session/e593c6e8c633d34050dc29fbee0a02f1/element/040a2896-3bef-4943-b0df-55f97f60b24c/click HTTP/1.1
User-Agent: selenium/4.1.2 (java mac)
Content-Length: 50
Content-Type: application/json; charset=utf-8
host: localhost:50418
accept: */*

Response DefaultHttpResponse(decodeResult: success, version: HTTP/1.1)
HTTP/1.1 200 OK
Content-Type: application/json; charset=utf-8
cache-control: no-cache
content-length: 14

07:49:45.131 [AsyncHttpClient-1-6] DEBUG org.asynchttpclient.netty.channel.ChannelManager - Adding key: http://localhost:50418 for channel [id: 0xd43487bd, L:/127.0.0.1:49970 - R:localhost/127.0.0.1:50418]
07:49:45.139 [Forwarding screenshot on session e593c6e8c633d34050dc29fbee0a02f1 to remote] DEBUG org.asynchttpclient.netty.request.NettyRequestSender - Using pooled Channel '[id: 0xd43487bd, L:/127.0.0.1:49970 - R:localhost/127.0.0.1:50418]' for 'GET' to 'http://localhost:50418/session/e593c6e8c633d34050dc29fbee0a02f1/screenshot'
07:49:45.139 [Forwarding screenshot on session e593c6e8c633d34050dc29fbee0a02f1 to remote] DEBUG org.asynchttpclient.netty.request.NettyRequestSender - Using open Channel [id: 0xd43487bd, L:/127.0.0.1:49970 - R:localhost/127.0.0.1:50418] for GET '/session/e593c6e8c633d34050dc29fbee0a02f1/screenshot'
07:49:45.313 [AsyncHttpClient-1-6] DEBUG org.asynchttpclient.netty.handler.HttpHandler - 

Request DefaultFullHttpRequest(decodeResult: success, version: HTTP/1.1, content: EmptyByteBufBE)
GET /session/e593c6e8c633d34050dc29fbee0a02f1/screenshot HTTP/1.1
User-Agent: selenium/4.1.2 (java mac)
Cache-Control: no-cache
Content-Type: application/json; charset=utf-8
host: localhost:50418
accept: */*

Response DefaultHttpResponse(decodeResult: success, version: HTTP/1.1)
HTTP/1.1 200 OK
Content-Type: application/json; charset=utf-8
cache-control: no-cache
content-length: 129148

07:49:45.314 [AsyncHttpClient-1-6] DEBUG org.asynchttpclient.netty.channel.ChannelManager - Adding key: http://localhost:50418 for channel [id: 0xd43487bd, L:/127.0.0.1:49970 - R:localhost/127.0.0.1:50418]
07:49:45.320 [main] DEBUG net.serenitybdd.core.photography.Darkroom - Send negative for processing for target/site/serenity/ea12848e6b8e14384e8c2977cb53fc3284fbbca528c5b224e286980b341ead89.png
07:49:45.321 [main] DEBUG net.thucydides.core.steps.StepInterceptor - STEP DONE: {0} clicks on #target
07:49:45.329 [main] DEBUG net.thucydides.core.steps.StepInterceptor - STEP DONE: !#title
  &amp#27;[32mAnd &amp#27;[0m&amp#27;[32m&amp#27;[0m&amp#27;[32m&amp#27;[1mI&amp#27;[0m&amp#27;[32m click login button&amp#27;[0m                             &amp#27;[90m# orangehrm.stepdefinitions.loginStepDef.clickLoginButton(net.serenitybdd.screenplay.Actor)&amp#27;[0m
07:49:45.350 [main] DEBUG net.thucydides.core.steps.StepInterceptor - STARTING STEP: PIMStepDef.accessEmployee - !#title
07:49:45.360 [main] DEBUG net.thucydides.core.steps.StepInterceptor - STARTING STEP: PIMStepDef.accessEmployee - {0} opens the #targetPageName
07:49:45.363 [Forwarding get on session e593c6e8c633d34050dc29fbee0a02f1 to remote] DEBUG org.asynchttpclient.netty.request.NettyRequestSender - Using pooled Channel '[id: 0xd43487bd, L:/127.0.0.1:49970 - R:localhost/127.0.0.1:50418]' for 'POST' to 'http://localhost:50418/session/e593c6e8c633d34050dc29fbee0a02f1/url'
07:49:45.363 [Forwarding get on session e593c6e8c633d34050dc29fbee0a02f1 to remote] DEBUG org.asynchttpclient.netty.request.NettyRequestSender - Using open Channel [id: 0xd43487bd, L:/127.0.0.1:49970 - R:localhost/127.0.0.1:50418] for POST '/session/e593c6e8c633d34050dc29fbee0a02f1/url'
07:49:45.406 [AsyncHttpClient-1-1] DEBUG org.asynchttpclient.netty.channel.DefaultChannelPool - Entry count for : http://localhost:49971 : 1
07:49:46.504 [AsyncHttpClient-1-1] DEBUG org.asynchttpclient.netty.channel.DefaultChannelPool - Entry count for : http://localhost:49971 : 1
07:49:47.343 [AsyncHttpClient-1-6] DEBUG org.asynchttpclient.netty.handler.HttpHandler - 

Request DefaultHttpRequest(decodeResult: success, version: HTTP/1.1)
POST /session/e593c6e8c633d34050dc29fbee0a02f1/url HTTP/1.1
User-Agent: selenium/4.1.2 (java mac)
Content-Length: 112
Content-Type: application/json; charset=utf-8
host: localhost:50418
accept: */*

Response DefaultHttpResponse(decodeResult: success, version: HTTP/1.1)
HTTP/1.1 200 OK
Content-Type: application/json; charset=utf-8
cache-control: no-cache
content-length: 14

07:49:47.343 [AsyncHttpClient-1-6] DEBUG org.asynchttpclient.netty.channel.ChannelManager - Adding key: http://localhost:50418 for channel [id: 0xd43487bd, L:/127.0.0.1:49970 - R:localhost/127.0.0.1:50418]
07:49:47.348 [Forwarding getCurrentUrl on session e593c6e8c633d34050dc29fbee0a02f1 to remote] DEBUG org.asynchttpclient.netty.request.NettyRequestSender - Using pooled Channel '[id: 0xd43487bd, L:/127.0.0.1:49970 - R:localhost/127.0.0.1:50418]' for 'GET' to 'http://localhost:50418/session/e593c6e8c633d34050dc29fbee0a02f1/url'
07:49:47.348 [Forwarding getCurrentUrl on session e593c6e8c633d34050dc29fbee0a02f1 to remote] DEBUG org.asynchttpclient.netty.request.NettyRequestSender - Using open Channel [id: 0xd43487bd, L:/127.0.0.1:49970 - R:localhost/127.0.0.1:50418] for GET '/session/e593c6e8c633d34050dc29fbee0a02f1/url'
07:49:47.353 [AsyncHttpClient-1-6] DEBUG org.asynchttpclient.netty.handler.HttpHandler - 

Request DefaultFullHttpRequest(decodeResult: success, version: HTTP/1.1, content: EmptyByteBufBE)
GET /session/e593c6e8c633d34050dc29fbee0a02f1/url HTTP/1.1
User-Agent: selenium/4.1.2 (java mac)
Cache-Control: no-cache
Content-Type: application/json; charset=utf-8
host: localhost:50418
accept: */*

Response DefaultHttpResponse(decodeResult: success, version: HTTP/1.1)
HTTP/1.1 200 OK
Content-Type: application/json; charset=utf-8
cache-control: no-cache
content-length: 84

07:49:47.353 [AsyncHttpClient-1-6] DEBUG org.asynchttpclient.netty.channel.ChannelManager - Adding key: http://localhost:50418 for channel [id: 0xd43487bd, L:/127.0.0.1:49970 - R:localhost/127.0.0.1:50418]
07:49:47.359 [Forwarding getCurrentUrl on session e593c6e8c633d34050dc29fbee0a02f1 to remote] DEBUG org.asynchttpclient.netty.request.NettyRequestSender - Using pooled Channel '[id: 0xd43487bd, L:/127.0.0.1:49970 - R:localhost/127.0.0.1:50418]' for 'GET' to 'http://localhost:50418/session/e593c6e8c633d34050dc29fbee0a02f1/url'
07:49:47.359 [Forwarding getCurrentUrl on session e593c6e8c633d34050dc29fbee0a02f1 to remote] DEBUG org.asynchttpclient.netty.request.NettyRequestSender - Using open Channel [id: 0xd43487bd, L:/127.0.0.1:49970 - R:localhost/127.0.0.1:50418] for GET '/session/e593c6e8c633d34050dc29fbee0a02f1/url'
07:49:47.365 [AsyncHttpClient-1-6] DEBUG org.asynchttpclient.netty.handler.HttpHandler - 

Request DefaultFullHttpRequest(decodeResult: success, version: HTTP/1.1, content: EmptyByteBufBE)
GET /session/e593c6e8c633d34050dc29fbee0a02f1/url HTTP/1.1
User-Agent: selenium/4.1.2 (java mac)
Cache-Control: no-cache
Content-Type: application/json; charset=utf-8
host: localhost:50418
accept: */*

Response DefaultHttpResponse(decodeResult: success, version: HTTP/1.1)
HTTP/1.1 200 OK
Content-Type: application/json; charset=utf-8
cache-control: no-cache
content-length: 84

07:49:47.365 [AsyncHttpClient-1-6] DEBUG org.asynchttpclient.netty.channel.ChannelManager - Adding key: http://localhost:50418 for channel [id: 0xd43487bd, L:/127.0.0.1:49970 - R:localhost/127.0.0.1:50418]
07:49:47.372 [Forwarding screenshot on session e593c6e8c633d34050dc29fbee0a02f1 to remote] DEBUG org.asynchttpclient.netty.request.NettyRequestSender - Using pooled Channel '[id: 0xd43487bd, L:/127.0.0.1:49970 - R:localhost/127.0.0.1:50418]' for 'GET' to 'http://localhost:50418/session/e593c6e8c633d34050dc29fbee0a02f1/screenshot'
07:49:47.372 [Forwarding screenshot on session e593c6e8c633d34050dc29fbee0a02f1 to remote] DEBUG org.asynchttpclient.netty.request.NettyRequestSender - Using open Channel [id: 0xd43487bd, L:/127.0.0.1:49970 - R:localhost/127.0.0.1:50418] for GET '/session/e593c6e8c633d34050dc29fbee0a02f1/screenshot'
07:49:47.503 [AsyncHttpClient-1-6] DEBUG org.asynchttpclient.netty.handler.HttpHandler - 

Request DefaultFullHttpRequest(decodeResult: success, version: HTTP/1.1, content: EmptyByteBufBE)
GET /session/e593c6e8c633d34050dc29fbee0a02f1/screenshot HTTP/1.1
User-Agent: selenium/4.1.2 (java mac)
Cache-Control: no-cache
Content-Type: application/json; charset=utf-8
host: localhost:50418
accept: */*

Response DefaultHttpResponse(decodeResult: success, version: HTTP/1.1)
HTTP/1.1 200 OK
Content-Type: application/json; charset=utf-8
cache-control: no-cache
content-length: 128172

07:49:47.504 [AsyncHttpClient-1-6] DEBUG org.asynchttpclient.netty.channel.ChannelManager - Adding key: http://localhost:50418 for channel [id: 0xd43487bd, L:/127.0.0.1:49970 - R:localhost/127.0.0.1:50418]
07:49:47.513 [main] DEBUG net.serenitybdd.core.photography.Darkroom - Send negative for processing for target/site/serenity/6f8859586b5b50e1b833080fe195deff033026d39fb3e40c4fcf6d0ad5b6d3e8.png
07:49:47.514 [main] DEBUG net.thucydides.core.steps.StepInterceptor - STEP DONE: {0} opens the #targetPageName
07:49:47.519 [main] DEBUG net.thucydides.core.steps.StepInterceptor - STEP DONE: !#title
  &amp#27;[32mAnd &amp#27;[0m&amp#27;[32m&amp#27;[0m&amp#27;[32m&amp#27;[1mI&amp#27;[0m&amp#27;[32m access employee list&amp#27;[0m                           &amp#27;[90m# orangehrm.stepdefinitions.PIMStepDef.accessEmployee(net.serenitybdd.screenplay.Actor)&amp#27;[0m
07:49:47.544 [main] DEBUG net.thucydides.core.steps.StepInterceptor - STARTING STEP: PIMStepDef.filterEmployee - !#title
07:49:47.552 [main] DEBUG net.thucydides.core.steps.StepInterceptor - STARTING STEP: PIMStepDef.filterEmployee - {0} enters #theTextAsAString into #target
07:49:47.554 [main] DEBUG net.serenitybdd.screenplay.targets.IFrameSwitcher - default content already selected for employee name
07:49:47.563 [Forwarding findElement on session e593c6e8c633d34050dc29fbee0a02f1 to remote] DEBUG org.asynchttpclient.netty.request.NettyRequestSender - Using pooled Channel '[id: 0xd43487bd, L:/127.0.0.1:49970 - R:localhost/127.0.0.1:50418]' for 'POST' to 'http://localhost:50418/session/e593c6e8c633d34050dc29fbee0a02f1/element'
07:49:47.563 [Forwarding findElement on session e593c6e8c633d34050dc29fbee0a02f1 to remote] DEBUG org.asynchttpclient.netty.request.NettyRequestSender - Using open Channel [id: 0xd43487bd, L:/127.0.0.1:49970 - R:localhost/127.0.0.1:50418] for POST '/session/e593c6e8c633d34050dc29fbee0a02f1/element'
07:49:47.586 [AsyncHttpClient-1-6] DEBUG org.asynchttpclient.netty.handler.HttpHandler - 

Request DefaultHttpRequest(decodeResult: success, version: HTTP/1.1)
POST /session/e593c6e8c633d34050dc29fbee0a02f1/element HTTP/1.1
User-Agent: selenium/4.1.2 (java mac)
Content-Length: 76
Content-Type: application/json; charset=utf-8
host: localhost:50418
accept: */*

Response DefaultHttpResponse(decodeResult: success, version: HTTP/1.1)
HTTP/1.1 200 OK
Content-Type: application/json; charset=utf-8
cache-control: no-cache
content-length: 88

07:49:47.586 [AsyncHttpClient-1-6] DEBUG org.asynchttpclient.netty.channel.ChannelManager - Adding key: http://localhost:50418 for channel [id: 0xd43487bd, L:/127.0.0.1:49970 - R:localhost/127.0.0.1:50418]
07:49:47.588 [Forwarding clearElement on session e593c6e8c633d34050dc29fbee0a02f1 to remote] DEBUG org.asynchttpclient.netty.request.NettyRequestSender - Using pooled Channel '[id: 0xd43487bd, L:/127.0.0.1:49970 - R:localhost/127.0.0.1:50418]' for 'POST' to 'http://localhost:50418/session/e593c6e8c633d34050dc29fbee0a02f1/element/89c61236-2105-4d0f-9a20-a0932af82a1a/clear'
07:49:47.588 [Forwarding clearElement on session e593c6e8c633d34050dc29fbee0a02f1 to remote] DEBUG org.asynchttpclient.netty.request.NettyRequestSender - Using open Channel [id: 0xd43487bd, L:/127.0.0.1:49970 - R:localhost/127.0.0.1:50418] for POST '/session/e593c6e8c633d34050dc29fbee0a02f1/element/89c61236-2105-4d0f-9a20-a0932af82a1a/clear'
07:49:47.609 [AsyncHttpClient-1-1] DEBUG org.asynchttpclient.netty.channel.DefaultChannelPool - Entry count for : http://localhost:49971 : 1
07:49:47.624 [AsyncHttpClient-1-6] DEBUG org.asynchttpclient.netty.handler.HttpHandler - 

Request DefaultHttpRequest(decodeResult: success, version: HTTP/1.1)
POST /session/e593c6e8c633d34050dc29fbee0a02f1/element/89c61236-2105-4d0f-9a20-a0932af82a1a/clear HTTP/1.1
User-Agent: selenium/4.1.2 (java mac)
Content-Length: 50
Content-Type: application/json; charset=utf-8
host: localhost:50418
accept: */*

Response DefaultHttpResponse(decodeResult: success, version: HTTP/1.1)
HTTP/1.1 200 OK
Content-Type: application/json; charset=utf-8
cache-control: no-cache
content-length: 14

07:49:47.625 [AsyncHttpClient-1-6] DEBUG org.asynchttpclient.netty.channel.ChannelManager - Adding key: http://localhost:50418 for channel [id: 0xd43487bd, L:/127.0.0.1:49970 - R:localhost/127.0.0.1:50418]
07:49:47.628 [Forwarding sendKeysToElement on session e593c6e8c633d34050dc29fbee0a02f1 to remote] DEBUG org.asynchttpclient.netty.request.NettyRequestSender - Using pooled Channel '[id: 0xd43487bd, L:/127.0.0.1:49970 - R:localhost/127.0.0.1:50418]' for 'POST' to 'http://localhost:50418/session/e593c6e8c633d34050dc29fbee0a02f1/element/89c61236-2105-4d0f-9a20-a0932af82a1a/value'
07:49:47.628 [Forwarding sendKeysToElement on session e593c6e8c633d34050dc29fbee0a02f1 to remote] DEBUG org.asynchttpclient.netty.request.NettyRequestSender - Using open Channel [id: 0xd43487bd, L:/127.0.0.1:49970 - R:localhost/127.0.0.1:50418] for POST '/session/e593c6e8c633d34050dc29fbee0a02f1/element/89c61236-2105-4d0f-9a20-a0932af82a1a/value'
07:49:47.687 [AsyncHttpClient-1-6] DEBUG org.asynchttpclient.netty.handler.HttpHandler - 

Request DefaultHttpRequest(decodeResult: success, version: HTTP/1.1)
POST /session/e593c6e8c633d34050dc29fbee0a02f1/element/89c61236-2105-4d0f-9a20-a0932af82a1a/value HTTP/1.1
User-Agent: selenium/4.1.2 (java mac)
Content-Length: 161
Content-Type: application/json; charset=utf-8
host: localhost:50418
accept: */*

Response DefaultHttpResponse(decodeResult: success, version: HTTP/1.1)
HTTP/1.1 200 OK
Content-Type: application/json; charset=utf-8
cache-control: no-cache
content-length: 14

07:49:47.688 [AsyncHttpClient-1-6] DEBUG org.asynchttpclient.netty.channel.ChannelManager - Adding key: http://localhost:50418 for channel [id: 0xd43487bd, L:/127.0.0.1:49970 - R:localhost/127.0.0.1:50418]
07:49:47.706 [Forwarding screenshot on session e593c6e8c633d34050dc29fbee0a02f1 to remote] DEBUG org.asynchttpclient.netty.request.NettyRequestSender - Using pooled Channel '[id: 0xd43487bd, L:/127.0.0.1:49970 - R:localhost/127.0.0.1:50418]' for 'GET' to 'http://localhost:50418/session/e593c6e8c633d34050dc29fbee0a02f1/screenshot'
07:49:47.706 [Forwarding screenshot on session e593c6e8c633d34050dc29fbee0a02f1 to remote] DEBUG org.asynchttpclient.netty.request.NettyRequestSender - Using open Channel [id: 0xd43487bd, L:/127.0.0.1:49970 - R:localhost/127.0.0.1:50418] for GET '/session/e593c6e8c633d34050dc29fbee0a02f1/screenshot'
07:49:47.840 [AsyncHttpClient-1-6] DEBUG org.asynchttpclient.netty.handler.HttpHandler - 

Request DefaultFullHttpRequest(decodeResult: success, version: HTTP/1.1, content: EmptyByteBufBE)
GET /session/e593c6e8c633d34050dc29fbee0a02f1/screenshot HTTP/1.1
User-Agent: selenium/4.1.2 (java mac)
Cache-Control: no-cache
Content-Type: application/json; charset=utf-8
host: localhost:50418
accept: */*

Response DefaultHttpResponse(decodeResult: success, version: HTTP/1.1)
HTTP/1.1 200 OK
Content-Type: application/json; charset=utf-8
cache-control: no-cache
content-length: 129468

07:49:47.841 [AsyncHttpClient-1-6] DEBUG org.asynchttpclient.netty.channel.ChannelManager - Adding key: http://localhost:50418 for channel [id: 0xd43487bd, L:/127.0.0.1:49970 - R:localhost/127.0.0.1:50418]
07:49:47.851 [main] DEBUG net.serenitybdd.core.photography.Darkroom - Send negative for processing for target/site/serenity/123bd9b4eb5e2cd699dcb127fbe29d4e327c051a9750fff69cdddeccba8036d6.png
07:49:47.852 [Darkroom Processing Line] DEBUG net.serenitybdd.core.photography.DarkroomProcessingLine - Processing screenshot image in /var/screenshots/screenshot-294803401949197109
07:49:47.852 [main] DEBUG net.thucydides.core.steps.StepInterceptor - STEP DONE: {0} enters #theTextAsAString into #target
07:49:47.852 [Darkroom Processing Line] DEBUG net.serenitybdd.core.photography.DarkroomProcessingLine - Saving screenshot to target/site/serenity/123bd9b4eb5e2cd699dcb127fbe29d4e327c051a9750fff69cdddeccba8036d6.png
07:49:47.863 [main] DEBUG net.thucydides.core.steps.StepInterceptor - STEP DONE: !#title
07:49:47.870 [main] DEBUG net.thucydides.core.steps.StepInterceptor - STARTING STEP: PIMStepDef.filterEmployee - !#title
07:49:47.882 [main] DEBUG net.thucydides.core.steps.StepInterceptor - STARTING STEP: PIMStepDef.filterEmployee - {0} clicks on #target
07:49:47.883 [main] DEBUG net.serenitybdd.screenplay.targets.IFrameSwitcher - default content already selected for search button
07:49:47.896 [Forwarding findElement on session e593c6e8c633d34050dc29fbee0a02f1 to remote] DEBUG org.asynchttpclient.netty.request.NettyRequestSender - Using pooled Channel '[id: 0xd43487bd, L:/127.0.0.1:49970 - R:localhost/127.0.0.1:50418]' for 'POST' to 'http://localhost:50418/session/e593c6e8c633d34050dc29fbee0a02f1/element'
07:49:47.896 [Forwarding findElement on session e593c6e8c633d34050dc29fbee0a02f1 to remote] DEBUG org.asynchttpclient.netty.request.NettyRequestSender - Using open Channel [id: 0xd43487bd, L:/127.0.0.1:49970 - R:localhost/127.0.0.1:50418] for POST '/session/e593c6e8c633d34050dc29fbee0a02f1/element'
07:49:47.909 [AsyncHttpClient-1-6] DEBUG org.asynchttpclient.netty.handler.HttpHandler - 

Request DefaultHttpRequest(decodeResult: success, version: HTTP/1.1)
POST /session/e593c6e8c633d34050dc29fbee0a02f1/element HTTP/1.1
User-Agent: selenium/4.1.2 (java mac)
Content-Length: 54
Content-Type: application/json; charset=utf-8
host: localhost:50418
accept: */*

Response DefaultHttpResponse(decodeResult: success, version: HTTP/1.1)
HTTP/1.1 200 OK
Content-Type: application/json; charset=utf-8
cache-control: no-cache
content-length: 88

07:49:47.909 [AsyncHttpClient-1-6] DEBUG org.asynchttpclient.netty.channel.ChannelManager - Adding key: http://localhost:50418 for channel [id: 0xd43487bd, L:/127.0.0.1:49970 - R:localhost/127.0.0.1:50418]
07:49:47.916 [Forwarding isElementDisplayed on session e593c6e8c633d34050dc29fbee0a02f1 to remote] DEBUG org.asynchttpclient.netty.request.NettyRequestSender - Using pooled Channel '[id: 0xd43487bd, L:/127.0.0.1:49970 - R:localhost/127.0.0.1:50418]' for 'POST' to 'http://localhost:50418/session/e593c6e8c633d34050dc29fbee0a02f1/execute/sync'
07:49:47.917 [Forwarding isElementDisplayed on session e593c6e8c633d34050dc29fbee0a02f1 to remote] DEBUG org.asynchttpclient.netty.request.NettyRequestSender - Using open Channel [id: 0xd43487bd, L:/127.0.0.1:49970 - R:localhost/127.0.0.1:50418] for POST '/session/e593c6e8c633d34050dc29fbee0a02f1/execute/sync'
07:49:47.931 [AsyncHttpClient-1-6] DEBUG org.asynchttpclient.netty.handler.HttpHandler - 

Request DefaultHttpRequest(decodeResult: success, version: HTTP/1.1)
POST /session/e593c6e8c633d34050dc29fbee0a02f1/execute/sync HTTP/1.1
User-Agent: selenium/4.1.2 (java mac)
Content-Length: 48780
Content-Type: application/json; charset=utf-8
host: localhost:50418
accept: */*

Response DefaultHttpResponse(decodeResult: success, version: HTTP/1.1)
HTTP/1.1 200 OK
Content-Type: application/json; charset=utf-8
cache-control: no-cache
content-length: 14

07:49:47.931 [AsyncHttpClient-1-6] DEBUG org.asynchttpclient.netty.channel.ChannelManager - Adding key: http://localhost:50418 for channel [id: 0xd43487bd, L:/127.0.0.1:49970 - R:localhost/127.0.0.1:50418]
07:49:47.935 [Forwarding findElement on session e593c6e8c633d34050dc29fbee0a02f1 to remote] DEBUG org.asynchttpclient.netty.request.NettyRequestSender - Using pooled Channel '[id: 0xd43487bd, L:/127.0.0.1:49970 - R:localhost/127.0.0.1:50418]' for 'POST' to 'http://localhost:50418/session/e593c6e8c633d34050dc29fbee0a02f1/element'
07:49:47.935 [Forwarding findElement on session e593c6e8c633d34050dc29fbee0a02f1 to remote] DEBUG org.asynchttpclient.netty.request.NettyRequestSender - Using open Channel [id: 0xd43487bd, L:/127.0.0.1:49970 - R:localhost/127.0.0.1:50418] for POST '/session/e593c6e8c633d34050dc29fbee0a02f1/element'
07:49:47.941 [AsyncHttpClient-1-6] DEBUG org.asynchttpclient.netty.handler.HttpHandler - 

Request DefaultHttpRequest(decodeResult: success, version: HTTP/1.1)
POST /session/e593c6e8c633d34050dc29fbee0a02f1/element HTTP/1.1
User-Agent: selenium/4.1.2 (java mac)
Content-Length: 54
Content-Type: application/json; charset=utf-8
host: localhost:50418
accept: */*

Response DefaultHttpResponse(decodeResult: success, version: HTTP/1.1)
HTTP/1.1 200 OK
Content-Type: application/json; charset=utf-8
cache-control: no-cache
content-length: 88

07:49:47.941 [AsyncHttpClient-1-6] DEBUG org.asynchttpclient.netty.channel.ChannelManager - Adding key: http://localhost:50418 for channel [id: 0xd43487bd, L:/127.0.0.1:49970 - R:localhost/127.0.0.1:50418]
07:49:47.943 [Forwarding clickElement on session e593c6e8c633d34050dc29fbee0a02f1 to remote] DEBUG org.asynchttpclient.netty.request.NettyRequestSender - Using pooled Channel '[id: 0xd43487bd, L:/127.0.0.1:49970 - R:localhost/127.0.0.1:50418]' for 'POST' to 'http://localhost:50418/session/e593c6e8c633d34050dc29fbee0a02f1/element/9ca8c8ab-834a-4307-8bb5-684f7789e031/click'
07:49:47.943 [Forwarding clickElement on session e593c6e8c633d34050dc29fbee0a02f1 to remote] DEBUG org.asynchttpclient.netty.request.NettyRequestSender - Using open Channel [id: 0xd43487bd, L:/127.0.0.1:49970 - R:localhost/127.0.0.1:50418] for POST '/session/e593c6e8c633d34050dc29fbee0a02f1/element/9ca8c8ab-834a-4307-8bb5-684f7789e031/click'
07:49:48.707 [AsyncHttpClient-1-1] DEBUG org.asynchttpclient.netty.channel.DefaultChannelPool - Entry count for : http://localhost:49971 : 1
07:49:48.877 [AsyncHttpClient-1-6] DEBUG org.asynchttpclient.netty.handler.HttpHandler - 

Request DefaultHttpRequest(decodeResult: success, version: HTTP/1.1)
POST /session/e593c6e8c633d34050dc29fbee0a02f1/element/9ca8c8ab-834a-4307-8bb5-684f7789e031/click HTTP/1.1
User-Agent: selenium/4.1.2 (java mac)
Content-Length: 50
Content-Type: application/json; charset=utf-8
host: localhost:50418
accept: */*

Response DefaultHttpResponse(decodeResult: success, version: HTTP/1.1)
HTTP/1.1 200 OK
Content-Type: application/json; charset=utf-8
cache-control: no-cache
content-length: 14

07:49:48.877 [AsyncHttpClient-1-6] DEBUG org.asynchttpclient.netty.channel.ChannelManager - Adding key: http://localhost:50418 for channel [id: 0xd43487bd, L:/127.0.0.1:49970 - R:localhost/127.0.0.1:50418]
07:49:48.885 [Forwarding screenshot on session e593c6e8c633d34050dc29fbee0a02f1 to remote] DEBUG org.asynchttpclient.netty.request.NettyRequestSender - Using pooled Channel '[id: 0xd43487bd, L:/127.0.0.1:49970 - R:localhost/127.0.0.1:50418]' for 'GET' to 'http://localhost:50418/session/e593c6e8c633d34050dc29fbee0a02f1/screenshot'
07:49:48.886 [Forwarding screenshot on session e593c6e8c633d34050dc29fbee0a02f1 to remote] DEBUG org.asynchttpclient.netty.request.NettyRequestSender - Using open Channel [id: 0xd43487bd, L:/127.0.0.1:49970 - R:localhost/127.0.0.1:50418] for GET '/session/e593c6e8c633d34050dc29fbee0a02f1/screenshot'
07:49:49.056 [AsyncHttpClient-1-6] DEBUG org.asynchttpclient.netty.handler.HttpHandler - 

Request DefaultFullHttpRequest(decodeResult: success, version: HTTP/1.1, content: EmptyByteBufBE)
GET /session/e593c6e8c633d34050dc29fbee0a02f1/screenshot HTTP/1.1
User-Agent: selenium/4.1.2 (java mac)
Cache-Control: no-cache
Content-Type: application/json; charset=utf-8
host: localhost:50418
accept: */*

Response DefaultHttpResponse(decodeResult: success, version: HTTP/1.1)
HTTP/1.1 200 OK
Content-Type: application/json; charset=utf-8
cache-control: no-cache
content-length: 109748

07:49:49.058 [AsyncHttpClient-1-6] DEBUG org.asynchttpclient.netty.channel.ChannelManager - Adding key: http://localhost:50418 for channel [id: 0xd43487bd, L:/127.0.0.1:49970 - R:localhost/127.0.0.1:50418]
07:49:49.063 [main] DEBUG net.serenitybdd.core.photography.Darkroom - Send negative for processing for target/site/serenity/012b21331cbf6e148db057fc30a07f26eef8217e025b608c848032e56473285c.png
07:49:49.064 [main] DEBUG net.thucydides.core.steps.StepInterceptor - STEP DONE: {0} clicks on #target
07:49:49.064 [Darkroom Processing Line] DEBUG net.serenitybdd.core.photography.DarkroomProcessingLine - Processing screenshot image in /var/screenshots/screenshot-4184349626487162002
07:49:49.064 [Darkroom Processing Line] DEBUG net.serenitybdd.core.photography.DarkroomProcessingLine - Saving screenshot to target/site/serenity/012b21331cbf6e148db057fc30a07f26eef8217e025b608c848032e56473285c.png
07:49:49.068 [main] DEBUG net.thucydides.core.steps.StepInterceptor - STEP DONE: !#title
  &amp#27;[32mWhen &amp#27;[0m&amp#27;[32m&amp#27;[0m&amp#27;[32m&amp#27;[1mI&amp#27;[0m&amp#27;[32m search for new employee&amp#27;[0m                       &amp#27;[90m# orangehrm.stepdefinitions.PIMStepDef.filterEmployee(net.serenitybdd.screenplay.Actor)&amp#27;[0m
07:49:49.094 [main] DEBUG net.thucydides.core.steps.StepInterceptor - STARTING STEP: PIMStepDef.deleteEmployee - !#title
07:49:49.099 [main] DEBUG net.thucydides.core.steps.StepInterceptor - STARTING STEP: PIMStepDef.deleteEmployee - {0} clicks on #target
07:49:49.100 [main] DEBUG net.serenitybdd.screenplay.targets.IFrameSwitcher - default content already selected for first list of employee
07:49:49.109 [Forwarding findElement on session e593c6e8c633d34050dc29fbee0a02f1 to remote] DEBUG org.asynchttpclient.netty.request.NettyRequestSender - Using pooled Channel '[id: 0xd43487bd, L:/127.0.0.1:49970 - R:localhost/127.0.0.1:50418]' for 'POST' to 'http://localhost:50418/session/e593c6e8c633d34050dc29fbee0a02f1/element'
07:49:49.109 [Forwarding findElement on session e593c6e8c633d34050dc29fbee0a02f1 to remote] DEBUG org.asynchttpclient.netty.request.NettyRequestSender - Using open Channel [id: 0xd43487bd, L:/127.0.0.1:49970 - R:localhost/127.0.0.1:50418] for POST '/session/e593c6e8c633d34050dc29fbee0a02f1/element'
07:49:49.125 [AsyncHttpClient-1-6] DEBUG org.asynchttpclient.netty.handler.HttpHandler - 

Request DefaultHttpRequest(decodeResult: success, version: HTTP/1.1)
POST /session/e593c6e8c633d34050dc29fbee0a02f1/element HTTP/1.1
User-Agent: selenium/4.1.2 (java mac)
Content-Length: 76
Content-Type: application/json; charset=utf-8
host: localhost:50418
accept: */*

Response DefaultHttpResponse(decodeResult: success, version: HTTP/1.1)
HTTP/1.1 200 OK
Content-Type: application/json; charset=utf-8
cache-control: no-cache
content-length: 88

07:49:49.125 [AsyncHttpClient-1-6] DEBUG org.asynchttpclient.netty.channel.ChannelManager - Adding key: http://localhost:50418 for channel [id: 0xd43487bd, L:/127.0.0.1:49970 - R:localhost/127.0.0.1:50418]
07:49:49.130 [Forwarding isElementDisplayed on session e593c6e8c633d34050dc29fbee0a02f1 to remote] DEBUG org.asynchttpclient.netty.request.NettyRequestSender - Using pooled Channel '[id: 0xd43487bd, L:/127.0.0.1:49970 - R:localhost/127.0.0.1:50418]' for 'POST' to 'http://localhost:50418/session/e593c6e8c633d34050dc29fbee0a02f1/execute/sync'
07:49:49.130 [Forwarding isElementDisplayed on session e593c6e8c633d34050dc29fbee0a02f1 to remote] DEBUG org.asynchttpclient.netty.request.NettyRequestSender - Using open Channel [id: 0xd43487bd, L:/127.0.0.1:49970 - R:localhost/127.0.0.1:50418] for POST '/session/e593c6e8c633d34050dc29fbee0a02f1/execute/sync'
07:49:49.140 [AsyncHttpClient-1-6] DEBUG org.asynchttpclient.netty.handler.HttpHandler - 

Request DefaultHttpRequest(decodeResult: success, version: HTTP/1.1)
POST /session/e593c6e8c633d34050dc29fbee0a02f1/execute/sync HTTP/1.1
User-Agent: selenium/4.1.2 (java mac)
Content-Length: 48780
Content-Type: application/json; charset=utf-8
host: localhost:50418
accept: */*

Response DefaultHttpResponse(decodeResult: success, version: HTTP/1.1)
HTTP/1.1 200 OK
Content-Type: application/json; charset=utf-8
cache-control: no-cache
content-length: 14

07:49:49.140 [AsyncHttpClient-1-6] DEBUG org.asynchttpclient.netty.channel.ChannelManager - Adding key: http://localhost:50418 for channel [id: 0xd43487bd, L:/127.0.0.1:49970 - R:localhost/127.0.0.1:50418]
07:49:49.143 [Forwarding findElement on session e593c6e8c633d34050dc29fbee0a02f1 to remote] DEBUG org.asynchttpclient.netty.request.NettyRequestSender - Using pooled Channel '[id: 0xd43487bd, L:/127.0.0.1:49970 - R:localhost/127.0.0.1:50418]' for 'POST' to 'http://localhost:50418/session/e593c6e8c633d34050dc29fbee0a02f1/element'
07:49:49.143 [Forwarding findElement on session e593c6e8c633d34050dc29fbee0a02f1 to remote] DEBUG org.asynchttpclient.netty.request.NettyRequestSender - Using open Channel [id: 0xd43487bd, L:/127.0.0.1:49970 - R:localhost/127.0.0.1:50418] for POST '/session/e593c6e8c633d34050dc29fbee0a02f1/element'
07:49:49.149 [AsyncHttpClient-1-6] DEBUG org.asynchttpclient.netty.handler.HttpHandler - 

Request DefaultHttpRequest(decodeResult: success, version: HTTP/1.1)
POST /session/e593c6e8c633d34050dc29fbee0a02f1/element HTTP/1.1
User-Agent: selenium/4.1.2 (java mac)
Content-Length: 76
Content-Type: application/json; charset=utf-8
host: localhost:50418
accept: */*

Response DefaultHttpResponse(decodeResult: success, version: HTTP/1.1)
HTTP/1.1 200 OK
Content-Type: application/json; charset=utf-8
cache-control: no-cache
content-length: 88

07:49:49.150 [AsyncHttpClient-1-6] DEBUG org.asynchttpclient.netty.channel.ChannelManager - Adding key: http://localhost:50418 for channel [id: 0xd43487bd, L:/127.0.0.1:49970 - R:localhost/127.0.0.1:50418]
07:49:49.151 [Forwarding clickElement on session e593c6e8c633d34050dc29fbee0a02f1 to remote] DEBUG org.asynchttpclient.netty.request.NettyRequestSender - Using pooled Channel '[id: 0xd43487bd, L:/127.0.0.1:49970 - R:localhost/127.0.0.1:50418]' for 'POST' to 'http://localhost:50418/session/e593c6e8c633d34050dc29fbee0a02f1/element/3f7b9214-a0ae-4726-82d8-c97f8027984e/click'
07:49:49.151 [Forwarding clickElement on session e593c6e8c633d34050dc29fbee0a02f1 to remote] DEBUG org.asynchttpclient.netty.request.NettyRequestSender - Using open Channel [id: 0xd43487bd, L:/127.0.0.1:49970 - R:localhost/127.0.0.1:50418] for POST '/session/e593c6e8c633d34050dc29fbee0a02f1/element/3f7b9214-a0ae-4726-82d8-c97f8027984e/click'
07:49:49.197 [AsyncHttpClient-1-6] DEBUG org.asynchttpclient.netty.handler.HttpHandler - 

Request DefaultHttpRequest(decodeResult: success, version: HTTP/1.1)
POST /session/e593c6e8c633d34050dc29fbee0a02f1/element/3f7b9214-a0ae-4726-82d8-c97f8027984e/click HTTP/1.1
User-Agent: selenium/4.1.2 (java mac)
Content-Length: 50
Content-Type: application/json; charset=utf-8
host: localhost:50418
accept: */*

Response DefaultHttpResponse(decodeResult: success, version: HTTP/1.1)
HTTP/1.1 200 OK
Content-Type: application/json; charset=utf-8
cache-control: no-cache
content-length: 14

07:49:49.197 [AsyncHttpClient-1-6] DEBUG org.asynchttpclient.netty.channel.ChannelManager - Adding key: http://localhost:50418 for channel [id: 0xd43487bd, L:/127.0.0.1:49970 - R:localhost/127.0.0.1:50418]
07:49:49.205 [Forwarding screenshot on session e593c6e8c633d34050dc29fbee0a02f1 to remote] DEBUG org.asynchttpclient.netty.request.NettyRequestSender - Using pooled Channel '[id: 0xd43487bd, L:/127.0.0.1:49970 - R:localhost/127.0.0.1:50418]' for 'GET' to 'http://localhost:50418/session/e593c6e8c633d34050dc29fbee0a02f1/screenshot'
07:49:49.205 [Forwarding screenshot on session e593c6e8c633d34050dc29fbee0a02f1 to remote] DEBUG org.asynchttpclient.netty.request.NettyRequestSender - Using open Channel [id: 0xd43487bd, L:/127.0.0.1:49970 - R:localhost/127.0.0.1:50418] for GET '/session/e593c6e8c633d34050dc29fbee0a02f1/screenshot'
07:49:49.334 [AsyncHttpClient-1-6] DEBUG org.asynchttpclient.netty.handler.HttpHandler - 

Request DefaultFullHttpRequest(decodeResult: success, version: HTTP/1.1, content: EmptyByteBufBE)
GET /session/e593c6e8c633d34050dc29fbee0a02f1/screenshot HTTP/1.1
User-Agent: selenium/4.1.2 (java mac)
Cache-Control: no-cache
Content-Type: application/json; charset=utf-8
host: localhost:50418
accept: */*

Response DefaultHttpResponse(decodeResult: success, version: HTTP/1.1)
HTTP/1.1 200 OK
Content-Type: application/json; charset=utf-8
cache-control: no-cache
content-length: 109368

07:49:49.334 [AsyncHttpClient-1-6] DEBUG org.asynchttpclient.netty.channel.ChannelManager - Adding key: http://localhost:50418 for channel [id: 0xd43487bd, L:/127.0.0.1:49970 - R:localhost/127.0.0.1:50418]
07:49:49.339 [main] DEBUG net.serenitybdd.core.photography.Darkroom - Send negative for processing for target/site/serenity/548b3648cf43ffc0824b19ab9eab2da769fc0cf3b4e3ace71464c76aebee71a5.png
07:49:49.340 [main] DEBUG net.thucydides.core.steps.StepInterceptor - STEP DONE: {0} clicks on #target
07:49:49.340 [Darkroom Processing Line] DEBUG net.serenitybdd.core.photography.DarkroomProcessingLine - Processing screenshot image in /var/screenshots/screenshot-2304945665471240955
07:49:49.340 [Darkroom Processing Line] DEBUG net.serenitybdd.core.photography.DarkroomProcessingLine - Saving screenshot to target/site/serenity/548b3648cf43ffc0824b19ab9eab2da769fc0cf3b4e3ace71464c76aebee71a5.png
07:49:49.345 [main] DEBUG net.thucydides.core.steps.StepInterceptor - STEP DONE: !#title
07:49:49.349 [main] DEBUG net.thucydides.core.steps.StepInterceptor - STARTING STEP: PIMStepDef.deleteEmployee - !#title
07:49:49.355 [main] DEBUG net.thucydides.core.steps.StepInterceptor - STARTING STEP: PIMStepDef.deleteEmployee - {0} clicks on #target
07:49:49.355 [main] DEBUG net.serenitybdd.screenplay.targets.IFrameSwitcher - default content already selected for delete button
07:49:49.366 [Forwarding findElement on session e593c6e8c633d34050dc29fbee0a02f1 to remote] DEBUG org.asynchttpclient.netty.request.NettyRequestSender - Using pooled Channel '[id: 0xd43487bd, L:/127.0.0.1:49970 - R:localhost/127.0.0.1:50418]' for 'POST' to 'http://localhost:50418/session/e593c6e8c633d34050dc29fbee0a02f1/element'
07:49:49.367 [Forwarding findElement on session e593c6e8c633d34050dc29fbee0a02f1 to remote] DEBUG org.asynchttpclient.netty.request.NettyRequestSender - Using open Channel [id: 0xd43487bd, L:/127.0.0.1:49970 - R:localhost/127.0.0.1:50418] for POST '/session/e593c6e8c633d34050dc29fbee0a02f1/element'
07:49:49.377 [AsyncHttpClient-1-6] DEBUG org.asynchttpclient.netty.handler.HttpHandler - 

Request DefaultHttpRequest(decodeResult: success, version: HTTP/1.1)
POST /session/e593c6e8c633d34050dc29fbee0a02f1/element HTTP/1.1
User-Agent: selenium/4.1.2 (java mac)
Content-Length: 54
Content-Type: application/json; charset=utf-8
host: localhost:50418
accept: */*

Response DefaultHttpResponse(decodeResult: success, version: HTTP/1.1)
HTTP/1.1 200 OK
Content-Type: application/json; charset=utf-8
cache-control: no-cache
content-length: 88

07:49:49.377 [AsyncHttpClient-1-6] DEBUG org.asynchttpclient.netty.channel.ChannelManager - Adding key: http://localhost:50418 for channel [id: 0xd43487bd, L:/127.0.0.1:49970 - R:localhost/127.0.0.1:50418]
07:49:49.381 [Forwarding isElementDisplayed on session e593c6e8c633d34050dc29fbee0a02f1 to remote] DEBUG org.asynchttpclient.netty.request.NettyRequestSender - Using pooled Channel '[id: 0xd43487bd, L:/127.0.0.1:49970 - R:localhost/127.0.0.1:50418]' for 'POST' to 'http://localhost:50418/session/e593c6e8c633d34050dc29fbee0a02f1/execute/sync'
07:49:49.382 [Forwarding isElementDisplayed on session e593c6e8c633d34050dc29fbee0a02f1 to remote] DEBUG org.asynchttpclient.netty.request.NettyRequestSender - Using open Channel [id: 0xd43487bd, L:/127.0.0.1:49970 - R:localhost/127.0.0.1:50418] for POST '/session/e593c6e8c633d34050dc29fbee0a02f1/execute/sync'
07:49:49.391 [AsyncHttpClient-1-6] DEBUG org.asynchttpclient.netty.handler.HttpHandler - 

Request DefaultHttpRequest(decodeResult: success, version: HTTP/1.1)
POST /session/e593c6e8c633d34050dc29fbee0a02f1/execute/sync HTTP/1.1
User-Agent: selenium/4.1.2 (java mac)
Content-Length: 48780
Content-Type: application/json; charset=utf-8
host: localhost:50418
accept: */*

Response DefaultHttpResponse(decodeResult: success, version: HTTP/1.1)
HTTP/1.1 200 OK
Content-Type: application/json; charset=utf-8
cache-control: no-cache
content-length: 14

07:49:49.391 [AsyncHttpClient-1-6] DEBUG org.asynchttpclient.netty.channel.ChannelManager - Adding key: http://localhost:50418 for channel [id: 0xd43487bd, L:/127.0.0.1:49970 - R:localhost/127.0.0.1:50418]
07:49:49.394 [Forwarding findElement on session e593c6e8c633d34050dc29fbee0a02f1 to remote] DEBUG org.asynchttpclient.netty.request.NettyRequestSender - Using pooled Channel '[id: 0xd43487bd, L:/127.0.0.1:49970 - R:localhost/127.0.0.1:50418]' for 'POST' to 'http://localhost:50418/session/e593c6e8c633d34050dc29fbee0a02f1/element'
07:49:49.395 [Forwarding findElement on session e593c6e8c633d34050dc29fbee0a02f1 to remote] DEBUG org.asynchttpclient.netty.request.NettyRequestSender - Using open Channel [id: 0xd43487bd, L:/127.0.0.1:49970 - R:localhost/127.0.0.1:50418] for POST '/session/e593c6e8c633d34050dc29fbee0a02f1/element'
07:49:49.401 [AsyncHttpClient-1-6] DEBUG org.asynchttpclient.netty.handler.HttpHandler - 

Request DefaultHttpRequest(decodeResult: success, version: HTTP/1.1)
POST /session/e593c6e8c633d34050dc29fbee0a02f1/element HTTP/1.1
User-Agent: selenium/4.1.2 (java mac)
Content-Length: 54
Content-Type: application/json; charset=utf-8
host: localhost:50418
accept: */*

Response DefaultHttpResponse(decodeResult: success, version: HTTP/1.1)
HTTP/1.1 200 OK
Content-Type: application/json; charset=utf-8
cache-control: no-cache
content-length: 88

07:49:49.401 [AsyncHttpClient-1-6] DEBUG org.asynchttpclient.netty.channel.ChannelManager - Adding key: http://localhost:50418 for channel [id: 0xd43487bd, L:/127.0.0.1:49970 - R:localhost/127.0.0.1:50418]
07:49:49.403 [Forwarding clickElement on session e593c6e8c633d34050dc29fbee0a02f1 to remote] DEBUG org.asynchttpclient.netty.request.NettyRequestSender - Using pooled Channel '[id: 0xd43487bd, L:/127.0.0.1:49970 - R:localhost/127.0.0.1:50418]' for 'POST' to 'http://localhost:50418/session/e593c6e8c633d34050dc29fbee0a02f1/element/fee66b61-58b3-437c-a50b-d02beb4ae724/click'
07:49:49.403 [Forwarding clickElement on session e593c6e8c633d34050dc29fbee0a02f1 to remote] DEBUG org.asynchttpclient.netty.request.NettyRequestSender - Using open Channel [id: 0xd43487bd, L:/127.0.0.1:49970 - R:localhost/127.0.0.1:50418] for POST '/session/e593c6e8c633d34050dc29fbee0a02f1/element/fee66b61-58b3-437c-a50b-d02beb4ae724/click'
07:49:49.500 [AsyncHttpClient-1-6] DEBUG org.asynchttpclient.netty.handler.HttpHandler - 

Request DefaultHttpRequest(decodeResult: success, version: HTTP/1.1)
POST /session/e593c6e8c633d34050dc29fbee0a02f1/element/fee66b61-58b3-437c-a50b-d02beb4ae724/click HTTP/1.1
User-Agent: selenium/4.1.2 (java mac)
Content-Length: 50
Content-Type: application/json; charset=utf-8
host: localhost:50418
accept: */*

Response DefaultHttpResponse(decodeResult: success, version: HTTP/1.1)
HTTP/1.1 200 OK
Content-Type: application/json; charset=utf-8
cache-control: no-cache
content-length: 14

07:49:49.500 [AsyncHttpClient-1-6] DEBUG org.asynchttpclient.netty.channel.ChannelManager - Adding key: http://localhost:50418 for channel [id: 0xd43487bd, L:/127.0.0.1:49970 - R:localhost/127.0.0.1:50418]
07:49:49.514 [Forwarding screenshot on session e593c6e8c633d34050dc29fbee0a02f1 to remote] DEBUG org.asynchttpclient.netty.request.NettyRequestSender - Using pooled Channel '[id: 0xd43487bd, L:/127.0.0.1:49970 - R:localhost/127.0.0.1:50418]' for 'GET' to 'http://localhost:50418/session/e593c6e8c633d34050dc29fbee0a02f1/screenshot'
07:49:49.514 [Forwarding screenshot on session e593c6e8c633d34050dc29fbee0a02f1 to remote] DEBUG org.asynchttpclient.netty.request.NettyRequestSender - Using open Channel [id: 0xd43487bd, L:/127.0.0.1:49970 - R:localhost/127.0.0.1:50418] for GET '/session/e593c6e8c633d34050dc29fbee0a02f1/screenshot'
07:49:49.701 [AsyncHttpClient-1-6] DEBUG org.asynchttpclient.netty.handler.HttpHandler - 

Request DefaultFullHttpRequest(decodeResult: success, version: HTTP/1.1, content: EmptyByteBufBE)
GET /session/e593c6e8c633d34050dc29fbee0a02f1/screenshot HTTP/1.1
User-Agent: selenium/4.1.2 (java mac)
Cache-Control: no-cache
Content-Type: application/json; charset=utf-8
host: localhost:50418
accept: */*

Response DefaultHttpResponse(decodeResult: success, version: HTTP/1.1)
HTTP/1.1 200 OK
Content-Type: application/json; charset=utf-8
cache-control: no-cache
content-length: 90244

07:49:49.702 [AsyncHttpClient-1-6] DEBUG org.asynchttpclient.netty.channel.ChannelManager - Adding key: http://localhost:50418 for channel [id: 0xd43487bd, L:/127.0.0.1:49970 - R:localhost/127.0.0.1:50418]
07:49:49.707 [main] DEBUG net.serenitybdd.core.photography.Darkroom - Send negative for processing for target/site/serenity/7f553574f1a370dec8811c449f1262956e742ba8d9a8f868657e17a106b51850.png
07:49:49.707 [main] DEBUG net.thucydides.core.steps.StepInterceptor - STEP DONE: {0} clicks on #target
07:49:49.707 [Darkroom Processing Line] DEBUG net.serenitybdd.core.photography.DarkroomProcessingLine - Processing screenshot image in /var/screenshots/screenshot-1892435381564304237
07:49:49.707 [Darkroom Processing Line] DEBUG net.serenitybdd.core.photography.DarkroomProcessingLine - Saving screenshot to target/site/serenity/7f553574f1a370dec8811c449f1262956e742ba8d9a8f868657e17a106b51850.png
07:49:49.711 [main] DEBUG net.thucydides.core.steps.StepInterceptor - STEP DONE: !#title
07:49:49.715 [main] DEBUG net.thucydides.core.steps.StepInterceptor - STARTING STEP: PIMStepDef.deleteEmployee - !#title
07:49:49.721 [main] DEBUG net.thucydides.core.steps.StepInterceptor - STARTING STEP: PIMStepDef.deleteEmployee - {0} clicks on #target
07:49:49.721 [main] DEBUG net.serenitybdd.screenplay.targets.IFrameSwitcher - default content already selected for ok button
07:49:49.727 [Forwarding findElement on session e593c6e8c633d34050dc29fbee0a02f1 to remote] DEBUG org.asynchttpclient.netty.request.NettyRequestSender - Using pooled Channel '[id: 0xd43487bd, L:/127.0.0.1:49970 - R:localhost/127.0.0.1:50418]' for 'POST' to 'http://localhost:50418/session/e593c6e8c633d34050dc29fbee0a02f1/element'
07:49:49.727 [Forwarding findElement on session e593c6e8c633d34050dc29fbee0a02f1 to remote] DEBUG org.asynchttpclient.netty.request.NettyRequestSender - Using open Channel [id: 0xd43487bd, L:/127.0.0.1:49970 - R:localhost/127.0.0.1:50418] for POST '/session/e593c6e8c633d34050dc29fbee0a02f1/element'
07:49:49.738 [AsyncHttpClient-1-6] DEBUG org.asynchttpclient.netty.handler.HttpHandler - 

Request DefaultHttpRequest(decodeResult: success, version: HTTP/1.1)
POST /session/e593c6e8c633d34050dc29fbee0a02f1/element HTTP/1.1
User-Agent: selenium/4.1.2 (java mac)
Content-Length: 60
Content-Type: application/json; charset=utf-8
host: localhost:50418
accept: */*

Response DefaultHttpResponse(decodeResult: success, version: HTTP/1.1)
HTTP/1.1 200 OK
Content-Type: application/json; charset=utf-8
cache-control: no-cache
content-length: 88

07:49:49.738 [AsyncHttpClient-1-6] DEBUG org.asynchttpclient.netty.channel.ChannelManager - Adding key: http://localhost:50418 for channel [id: 0xd43487bd, L:/127.0.0.1:49970 - R:localhost/127.0.0.1:50418]
07:49:49.742 [Forwarding isElementDisplayed on session e593c6e8c633d34050dc29fbee0a02f1 to remote] DEBUG org.asynchttpclient.netty.request.NettyRequestSender - Using pooled Channel '[id: 0xd43487bd, L:/127.0.0.1:49970 - R:localhost/127.0.0.1:50418]' for 'POST' to 'http://localhost:50418/session/e593c6e8c633d34050dc29fbee0a02f1/execute/sync'
07:49:49.742 [Forwarding isElementDisplayed on session e593c6e8c633d34050dc29fbee0a02f1 to remote] DEBUG org.asynchttpclient.netty.request.NettyRequestSender - Using open Channel [id: 0xd43487bd, L:/127.0.0.1:49970 - R:localhost/127.0.0.1:50418] for POST '/session/e593c6e8c633d34050dc29fbee0a02f1/execute/sync'
07:49:49.752 [AsyncHttpClient-1-6] DEBUG org.asynchttpclient.netty.handler.HttpHandler - 

Request DefaultHttpRequest(decodeResult: success, version: HTTP/1.1)
POST /session/e593c6e8c633d34050dc29fbee0a02f1/execute/sync HTTP/1.1
User-Agent: selenium/4.1.2 (java mac)
Content-Length: 48780
Content-Type: application/json; charset=utf-8
host: localhost:50418
accept: */*

Response DefaultHttpResponse(decodeResult: success, version: HTTP/1.1)
HTTP/1.1 200 OK
Content-Type: application/json; charset=utf-8
cache-control: no-cache
content-length: 14

07:49:49.752 [AsyncHttpClient-1-6] DEBUG org.asynchttpclient.netty.channel.ChannelManager - Adding key: http://localhost:50418 for channel [id: 0xd43487bd, L:/127.0.0.1:49970 - R:localhost/127.0.0.1:50418]
07:49:49.755 [Forwarding findElement on session e593c6e8c633d34050dc29fbee0a02f1 to remote] DEBUG org.asynchttpclient.netty.request.NettyRequestSender - Using pooled Channel '[id: 0xd43487bd, L:/127.0.0.1:49970 - R:localhost/127.0.0.1:50418]' for 'POST' to 'http://localhost:50418/session/e593c6e8c633d34050dc29fbee0a02f1/element'
07:49:49.755 [Forwarding findElement on session e593c6e8c633d34050dc29fbee0a02f1 to remote] DEBUG org.asynchttpclient.netty.request.NettyRequestSender - Using open Channel [id: 0xd43487bd, L:/127.0.0.1:49970 - R:localhost/127.0.0.1:50418] for POST '/session/e593c6e8c633d34050dc29fbee0a02f1/element'
07:49:49.761 [AsyncHttpClient-1-6] DEBUG org.asynchttpclient.netty.handler.HttpHandler - 

Request DefaultHttpRequest(decodeResult: success, version: HTTP/1.1)
POST /session/e593c6e8c633d34050dc29fbee0a02f1/element HTTP/1.1
User-Agent: selenium/4.1.2 (java mac)
Content-Length: 60
Content-Type: application/json; charset=utf-8
host: localhost:50418
accept: */*

Response DefaultHttpResponse(decodeResult: success, version: HTTP/1.1)
HTTP/1.1 200 OK
Content-Type: application/json; charset=utf-8
cache-control: no-cache
content-length: 88

07:49:49.762 [AsyncHttpClient-1-6] DEBUG org.asynchttpclient.netty.channel.ChannelManager - Adding key: http://localhost:50418 for channel [id: 0xd43487bd, L:/127.0.0.1:49970 - R:localhost/127.0.0.1:50418]
07:49:49.763 [Forwarding clickElement on session e593c6e8c633d34050dc29fbee0a02f1 to remote] DEBUG org.asynchttpclient.netty.request.NettyRequestSender - Using pooled Channel '[id: 0xd43487bd, L:/127.0.0.1:49970 - R:localhost/127.0.0.1:50418]' for 'POST' to 'http://localhost:50418/session/e593c6e8c633d34050dc29fbee0a02f1/element/fcd935d9-aee0-47e8-b28b-128ba2cfc193/click'
07:49:49.763 [Forwarding clickElement on session e593c6e8c633d34050dc29fbee0a02f1 to remote] DEBUG org.asynchttpclient.netty.request.NettyRequestSender - Using open Channel [id: 0xd43487bd, L:/127.0.0.1:49970 - R:localhost/127.0.0.1:50418] for POST '/session/e593c6e8c633d34050dc29fbee0a02f1/element/fcd935d9-aee0-47e8-b28b-128ba2cfc193/click'
07:49:49.805 [AsyncHttpClient-1-1] DEBUG org.asynchttpclient.netty.channel.DefaultChannelPool - Entry count for : http://localhost:49971 : 1
07:49:50.821 [AsyncHttpClient-1-6] DEBUG org.asynchttpclient.netty.handler.HttpHandler - 

Request DefaultHttpRequest(decodeResult: success, version: HTTP/1.1)
POST /session/e593c6e8c633d34050dc29fbee0a02f1/element/fcd935d9-aee0-47e8-b28b-128ba2cfc193/click HTTP/1.1
User-Agent: selenium/4.1.2 (java mac)
Content-Length: 50
Content-Type: application/json; charset=utf-8
host: localhost:50418
accept: */*

Response DefaultHttpResponse(decodeResult: success, version: HTTP/1.1)
HTTP/1.1 200 OK
Content-Type: application/json; charset=utf-8
cache-control: no-cache
content-length: 14

07:49:50.821 [AsyncHttpClient-1-6] DEBUG org.asynchttpclient.netty.channel.ChannelManager - Adding key: http://localhost:50418 for channel [id: 0xd43487bd, L:/127.0.0.1:49970 - R:localhost/127.0.0.1:50418]
07:49:50.831 [Forwarding screenshot on session e593c6e8c633d34050dc29fbee0a02f1 to remote] DEBUG org.asynchttpclient.netty.request.NettyRequestSender - Using pooled Channel '[id: 0xd43487bd, L:/127.0.0.1:49970 - R:localhost/127.0.0.1:50418]' for 'GET' to 'http://localhost:50418/session/e593c6e8c633d34050dc29fbee0a02f1/screenshot'
07:49:50.831 [Forwarding screenshot on session e593c6e8c633d34050dc29fbee0a02f1 to remote] DEBUG org.asynchttpclient.netty.request.NettyRequestSender - Using open Channel [id: 0xd43487bd, L:/127.0.0.1:49970 - R:localhost/127.0.0.1:50418] for GET '/session/e593c6e8c633d34050dc29fbee0a02f1/screenshot'
07:49:50.905 [AsyncHttpClient-1-1] DEBUG org.asynchttpclient.netty.channel.DefaultChannelPool - Entry count for : http://localhost:49971 : 1
07:49:50.958 [AsyncHttpClient-1-6] DEBUG org.asynchttpclient.netty.handler.HttpHandler - 

Request DefaultFullHttpRequest(decodeResult: success, version: HTTP/1.1, content: EmptyByteBufBE)
GET /session/e593c6e8c633d34050dc29fbee0a02f1/screenshot HTTP/1.1
User-Agent: selenium/4.1.2 (java mac)
Cache-Control: no-cache
Content-Type: application/json; charset=utf-8
host: localhost:50418
accept: */*

Response DefaultHttpResponse(decodeResult: success, version: HTTP/1.1)
HTTP/1.1 200 OK
Content-Type: application/json; charset=utf-8
cache-control: no-cache
content-length: 113892

07:49:50.958 [AsyncHttpClient-1-6] DEBUG org.asynchttpclient.netty.channel.ChannelManager - Adding key: http://localhost:50418 for channel [id: 0xd43487bd, L:/127.0.0.1:49970 - R:localhost/127.0.0.1:50418]
07:49:50.964 [main] DEBUG net.serenitybdd.core.photography.Darkroom - Send negative for processing for target/site/serenity/a849c130b58a3ed1a1181043775ab956ebfb02f192902d9d630aeeed11b1c607.png
07:49:50.964 [main] DEBUG net.thucydides.core.steps.StepInterceptor - STEP DONE: {0} clicks on #target
07:49:50.966 [Darkroom Processing Line] DEBUG net.serenitybdd.core.photography.DarkroomProcessingLine - Processing screenshot image in /var/screenshots/screenshot-7285722336466540015
07:49:50.966 [Darkroom Processing Line] DEBUG net.serenitybdd.core.photography.DarkroomProcessingLine - Saving screenshot to target/site/serenity/a849c130b58a3ed1a1181043775ab956ebfb02f192902d9d630aeeed11b1c607.png
07:49:50.969 [main] DEBUG net.thucydides.core.steps.StepInterceptor - STEP DONE: !#title
  &amp#27;[32mAnd &amp#27;[0m&amp#27;[32m&amp#27;[0m&amp#27;[32m&amp#27;[1mI&amp#27;[0m&amp#27;[32m delete new employee&amp#27;[0m                            &amp#27;[90m# orangehrm.stepdefinitions.PIMStepDef.deleteEmployee(net.serenitybdd.screenplay.Actor)&amp#27;[0m
07:49:50.994 [main] DEBUG net.thucydides.core.steps.StepInterceptor - STARTING STEP: PIMStepDef.deletedEmployee - !#title
07:49:51.005 [main] DEBUG net.thucydides.core.steps.StepInterceptor - STARTING STEP: PIMStepDef.deletedEmployee - {0} should see #description
07:49:51.006 [main] DEBUG net.serenitybdd.screenplay.targets.IFrameSwitcher - default content already selected for empty employee list
07:49:51.011 [Forwarding findElements on session e593c6e8c633d34050dc29fbee0a02f1 to remote] DEBUG org.asynchttpclient.netty.request.NettyRequestSender - Using pooled Channel '[id: 0xd43487bd, L:/127.0.0.1:49970 - R:localhost/127.0.0.1:50418]' for 'POST' to 'http://localhost:50418/session/e593c6e8c633d34050dc29fbee0a02f1/elements'
07:49:51.011 [Forwarding findElements on session e593c6e8c633d34050dc29fbee0a02f1 to remote] DEBUG org.asynchttpclient.netty.request.NettyRequestSender - Using open Channel [id: 0xd43487bd, L:/127.0.0.1:49970 - R:localhost/127.0.0.1:50418] for POST '/session/e593c6e8c633d34050dc29fbee0a02f1/elements'
07:49:51.031 [AsyncHttpClient-1-6] DEBUG org.asynchttpclient.netty.handler.HttpHandler - 

Request DefaultHttpRequest(decodeResult: success, version: HTTP/1.1)
POST /session/e593c6e8c633d34050dc29fbee0a02f1/elements HTTP/1.1
User-Agent: selenium/4.1.2 (java mac)
Content-Length: 77
Content-Type: application/json; charset=utf-8
host: localhost:50418
accept: */*

Response DefaultHttpResponse(decodeResult: success, version: HTTP/1.1)
HTTP/1.1 200 OK
Content-Type: application/json; charset=utf-8
cache-control: no-cache
content-length: 90

07:49:51.031 [AsyncHttpClient-1-6] DEBUG org.asynchttpclient.netty.channel.ChannelManager - Adding key: http://localhost:50418 for channel [id: 0xd43487bd, L:/127.0.0.1:49970 - R:localhost/127.0.0.1:50418]
07:49:51.038 [Forwarding isElementDisplayed on session e593c6e8c633d34050dc29fbee0a02f1 to remote] DEBUG org.asynchttpclient.netty.request.NettyRequestSender - Using pooled Channel '[id: 0xd43487bd, L:/127.0.0.1:49970 - R:localhost/127.0.0.1:50418]' for 'POST' to 'http://localhost:50418/session/e593c6e8c633d34050dc29fbee0a02f1/execute/sync'
07:49:51.038 [Forwarding isElementDisplayed on session e593c6e8c633d34050dc29fbee0a02f1 to remote] DEBUG org.asynchttpclient.netty.request.NettyRequestSender - Using open Channel [id: 0xd43487bd, L:/127.0.0.1:49970 - R:localhost/127.0.0.1:50418] for POST '/session/e593c6e8c633d34050dc29fbee0a02f1/execute/sync'
07:49:51.053 [AsyncHttpClient-1-6] DEBUG org.asynchttpclient.netty.handler.HttpHandler - 

Request DefaultHttpRequest(decodeResult: success, version: HTTP/1.1)
POST /session/e593c6e8c633d34050dc29fbee0a02f1/execute/sync HTTP/1.1
User-Agent: selenium/4.1.2 (java mac)
Content-Length: 48780
Content-Type: application/json; charset=utf-8
host: localhost:50418
accept: */*

Response DefaultHttpResponse(decodeResult: success, version: HTTP/1.1)
HTTP/1.1 200 OK
Content-Type: application/json; charset=utf-8
cache-control: no-cache
content-length: 14

07:49:51.053 [AsyncHttpClient-1-6] DEBUG org.asynchttpclient.netty.channel.ChannelManager - Adding key: http://localhost:50418 for channel [id: 0xd43487bd, L:/127.0.0.1:49970 - R:localhost/127.0.0.1:50418]
07:49:51.063 [Forwarding screenshot on session e593c6e8c633d34050dc29fbee0a02f1 to remote] DEBUG org.asynchttpclient.netty.request.NettyRequestSender - Using pooled Channel '[id: 0xd43487bd, L:/127.0.0.1:49970 - R:localhost/127.0.0.1:50418]' for 'GET' to 'http://localhost:50418/session/e593c6e8c633d34050dc29fbee0a02f1/screenshot'
07:49:51.063 [Forwarding screenshot on session e593c6e8c633d34050dc29fbee0a02f1 to remote] DEBUG org.asynchttpclient.netty.request.NettyRequestSender - Using open Channel [id: 0xd43487bd, L:/127.0.0.1:49970 - R:localhost/127.0.0.1:50418] for GET '/session/e593c6e8c633d34050dc29fbee0a02f1/screenshot'
07:49:51.217 [AsyncHttpClient-1-6] DEBUG org.asynchttpclient.netty.handler.HttpHandler - 

Request DefaultFullHttpRequest(decodeResult: success, version: HTTP/1.1, content: EmptyByteBufBE)
GET /session/e593c6e8c633d34050dc29fbee0a02f1/screenshot HTTP/1.1
User-Agent: selenium/4.1.2 (java mac)
Cache-Control: no-cache
Content-Type: application/json; charset=utf-8
host: localhost:50418
accept: */*

Response DefaultHttpResponse(decodeResult: success, version: HTTP/1.1)
HTTP/1.1 200 OK
Content-Type: application/json; charset=utf-8
cache-control: no-cache
content-length: 113912

07:49:51.217 [AsyncHttpClient-1-6] DEBUG org.asynchttpclient.netty.channel.ChannelManager - Adding key: http://localhost:50418 for channel [id: 0xd43487bd, L:/127.0.0.1:49970 - R:localhost/127.0.0.1:50418]
07:49:51.226 [main] DEBUG net.serenitybdd.core.photography.Darkroom - Send negative for processing for target/site/serenity/aad33459355887a7b4d508343cb5ea011eccadaf0051ae8de0d6befad3e1a579.png
07:49:51.227 [Darkroom Processing Line] DEBUG net.serenitybdd.core.photography.DarkroomProcessingLine - Processing screenshot image in /var/screenshots/screenshot-7249721392276916452
07:49:51.227 [main] DEBUG net.thucydides.core.steps.StepInterceptor - STEP DONE: {0} should see #description
07:49:51.227 [Darkroom Processing Line] DEBUG net.serenitybdd.core.photography.DarkroomProcessingLine - Saving screenshot to target/site/serenity/aad33459355887a7b4d508343cb5ea011eccadaf0051ae8de0d6befad3e1a579.png
07:49:51.232 [main] DEBUG net.thucydides.core.steps.StepInterceptor - STEP DONE: !#title
  &amp#27;[32mThen &amp#27;[0m&amp#27;[32m&amp#27;[0m&amp#27;[32m&amp#27;[1mI&amp#27;[0m&amp#27;[32m can't see deleted employee on list&amp#27;[0m            &amp#27;[90m# orangehrm.stepdefinitions.PIMStepDef.deletedEmployee(net.serenitybdd.screenplay.Actor)&amp#27;[0m
07:49:51.235 [main] INFO  - 
  _____   ___   ___   _____     ___     _     ___   ___   ___   ___  
 |_   _| | __| / __| |_   _|   | _ \   /_\   / __| / __| | __| |   \ 
   | |   | _|  \__ \   | |     |  _/  / _ \  \__ \ \__ \ | _|  | |) |
   |_|   |___| |___/   |_|     |_|   /_/ \_\ |___/ |___/ |___| |___/ 

User delete Orange HRM employee successfully
----------------------------------------------------------------------
07:49:51.237 [AsyncHttpClient-1-8] DEBUG org.asynchttpclient.netty.handler.WebSocketHandler - Channel Closed: [id: 0xc95a3b97, L:/127.0.0.1:49976 ! R:localhost/127.0.0.1:49971] with attribute NettyResponseFuture{currentRetry=5,
	isDone=1,
	isCancelled=0,
	asyncHandler=org.asynchttpclient.ws.WebSocketUpgradeHandler@7fa03abd,
	nettyRequest=org.asynchttpclient.netty.request.NettyRequest@1dda1659,
	future=java.util.concurrent.CompletableFuture@72c8b53[Completed normally],
	uri=ws://localhost:49971/devtools/browser/b52f7704-d096-4d33-9d8c-ff82001e7b40,
	keepAlive=true,
	redirectCount=0,
	timeoutsHolder=null,
	inAuth=0,
	touch=1650070172250}
07:49:51.237 [Driver Command Executor] DEBUG org.asynchttpclient.netty.request.NettyRequestSender - Using pooled Channel '[id: 0xd43487bd, L:/127.0.0.1:49970 - R:localhost/127.0.0.1:50418]' for 'DELETE' to 'http://localhost:50418/session/e593c6e8c633d34050dc29fbee0a02f1'
07:49:51.237 [AsyncHttpClient-1-8] DEBUG org.asynchttpclient.netty.channel.ChannelManager - Closing Channel [id: 0xc95a3b97, L:/127.0.0.1:49976 ! R:localhost/127.0.0.1:49971] 
07:49:51.237 [Driver Command Executor] DEBUG org.asynchttpclient.netty.request.NettyRequestSender - Using open Channel [id: 0xd43487bd, L:/127.0.0.1:49970 - R:localhost/127.0.0.1:50418] for DELETE '/session/e593c6e8c633d34050dc29fbee0a02f1'
07:49:51.318 [AsyncHttpClient-1-7] DEBUG org.asynchttpclient.netty.handler.HttpHandler - Channel Closed: [id: 0x22a6429c, L:/127.0.0.1:49975 ! R:localhost/127.0.0.1:49971] with attribute DISCARD
07:49:51.341 [AsyncHttpClient-1-6] DEBUG org.asynchttpclient.netty.handler.HttpHandler - 

Request DefaultFullHttpRequest(decodeResult: success, version: HTTP/1.1, content: EmptyByteBufBE)
DELETE /session/e593c6e8c633d34050dc29fbee0a02f1 HTTP/1.1
User-Agent: selenium/4.1.2 (java mac)
Content-Type: application/json; charset=utf-8
host: localhost:50418
accept: */*

Response DefaultHttpResponse(decodeResult: success, version: HTTP/1.1)
HTTP/1.1 200 OK
Content-Type: application/json; charset=utf-8
cache-control: no-cache
content-length: 14

07:49:51.341 [AsyncHttpClient-1-6] DEBUG org.asynchttpclient.netty.channel.ChannelManager - Adding key: http://localhost:50418 for channel [id: 0xd43487bd, L:/127.0.0.1:49970 - R:localhost/127.0.0.1:50418]
07:49:51.388 [AsyncHttpClient-1-6] DEBUG org.asynchttpclient.netty.handler.HttpHandler - Channel Closed: [id: 0xd43487bd, L:/127.0.0.1:49970 ! R:localhost/127.0.0.1:50418] with attribute DISCARD
]]></system-out>
    <system-err><![CDATA[Starting ChromeDriver 100.0.4896.60 (6a5d10861ce8de5fce22564658033b43cb7de047-refs/branch-heads/4896@{#875}) on port 50418
Only local connections are allowed.
Please see https://chromedriver.chromium.org/security-considerations for suggestions on keeping ChromeDriver safe.
ChromeDriver was started successfully.
Apr 16, 2022 7:49:32 AM org.openqa.selenium.remote.ProtocolHandshake createSession
INFO: Detected dialect: W3C
Apr 16, 2022 7:49:32 AM org.openqa.selenium.devtools.CdpVersionFinder findNearestMatch
WARNING: Unable to find an exact match for CDP version 100, so returning the closest version found: 97
Apr 16, 2022 7:49:32 AM org.openqa.selenium.devtools.CdpVersionFinder findNearestMatch
INFO: Found CDP implementation for version 100 of 97
]]></system-err>
  </testcase>
  <testcase name="User login Orange HRM successfully" classname="Orange HRM - Login" time="19.13">
    <system-out><![CDATA[07:49:51.445 [main] INFO io.cucumber.core.plugin.SerenityReporter - Running feature from file:///Users/anugerahfadillah/QE-batch3-practice/src/test/resources/features/orangehrm/login.feature
07:49:51.450 [main] DEBUG net.thucydides.core.steps.StepEventBus - Test suite started for story net.thucydides.core.model.Story@75c3717
07:49:51.451 [main] INFO  - Test Suite Started: Orange HRM - Login

@All @allorangehrm @hrmlogin @HRMlogin
Scenario: User login Orange HRM successfully &amp#27;[90m# src/test/resources/features/orangehrm/login.feature:5&amp#27;[0m
07:49:51.463 [main] INFO io.cucumber.core.plugin.SerenityReporter - Running feature from file:///Users/anugerahfadillah/QE-batch3-practice/src/test/resources/features/orangehrm/login.feature
07:49:51.465 [main] INFO  - 
  _____   ___   ___   _____     ___   _____     _     ___   _____   ___   ___  
 |_   _| | __| / __| |_   _|   / __| |_   _|   /_\   | _ \ |_   _| | __| |   \ 
   | |   | _|  \__ \   | |     \__ \   | |    / _ \  |   /   | |   | _|  | |) |
   |_|   |___| |___/   |_|     |___/   |_|   /_/ \_\ |_|_\   |_|   |___| |___/ 

User login Orange HRM successfully(orange-hrm---login;user-login-orange-hrm-successfully)
--------------------------------------------------------------------------------
07:49:51.485 [main] DEBUG net.thucydides.core.steps.StepInterceptor - STARTING STEP: loginStepDef.loadHRMLoginPage - !#title
07:49:51.490 [main] DEBUG net.thucydides.core.steps.StepInterceptor - STARTING STEP: loginStepDef.loadHRMLoginPage - {0} opens the #targetPageName
07:49:51.495 [main] INFO net.serenitybdd.core.webdriver.driverproviders.ChromeDriverProvider - Using automatically driver download
07:49:51.675 [main] DEBUG io.github.bonigarcia.wdm.cache.ResolutionCache - Resolution chrome=100 in cache (valid until 08:47:48 16/04/2022 WIB)
07:49:51.679 [main] DEBUG io.github.bonigarcia.wdm.cache.ResolutionCache - Resolution chrome100=100.0.4896.60 in cache (valid until 21:00:52 16/04/2022 WIB)
07:49:51.681 [main] INFO io.github.bonigarcia.wdm.WebDriverManager - Using chromedriver 100.0.4896.60 (resolved driver for Chrome 100)
07:49:51.690 [main] DEBUG io.github.bonigarcia.wdm.WebDriverManager - Driver chromedriver 100.0.4896.60 found in cache
07:49:51.691 [main] INFO io.github.bonigarcia.wdm.WebDriverManager - Exporting webdriver.chrome.driver as /Users/anugerahfadillah/.cache/selenium/chromedriver/mac64/100.0.4896.60/chromedriver
07:49:51.815 [main] DEBUG net.serenitybdd.core.webdriver.driverproviders.ProvideNewDriver - Instantiating driver
07:49:51.815 [main] DEBUG net.serenitybdd.core.webdriver.driverproviders.ProvideNewDriver - Driver capabilities: Capabilities {acceptInsecureCerts: false, base.url: , browserName: chrome, goog:chromeOptions: {args: [], extensions: []}}
07:49:51.932 [AsyncHttpClient-1-9] DEBUG org.asynchttpclient.netty.channel.NettyConnectListener - Using new Channel '[id: 0x12410e50, L:/127.0.0.1:49990 - R:localhost/127.0.0.1:50402]' for 'POST' to '/session'
07:49:52.004 [AsyncHttpClient-1-1] DEBUG org.asynchttpclient.netty.channel.DefaultChannelPool - Entry count for : http://localhost:49971 : 1
07:49:52.004 [AsyncHttpClient-1-1] DEBUG org.asynchttpclient.netty.channel.DefaultChannelPool - Entry count for : http://localhost:50418 : 1
07:49:52.004 [AsyncHttpClient-1-1] DEBUG org.asynchttpclient.netty.channel.DefaultChannelPool - Adding Candidate expired Channel [id: 0x22a6429c, L:/127.0.0.1:49975 ! R:localhost/127.0.0.1:49971] isIdleTimeoutExpired=false isRemotelyClosed=true isTtlExpired=false
07:49:52.004 [AsyncHttpClient-1-1] DEBUG org.asynchttpclient.netty.channel.DefaultChannelPool - Closing Idle Channel [id: 0x22a6429c, L:/127.0.0.1:49975 ! R:localhost/127.0.0.1:49971]
07:49:52.005 [AsyncHttpClient-1-1] DEBUG org.asynchttpclient.netty.channel.DefaultChannelPool - Adding Candidate expired Channel [id: 0xd43487bd, L:/127.0.0.1:49970 ! R:localhost/127.0.0.1:50418] isIdleTimeoutExpired=false isRemotelyClosed=true isTtlExpired=false
07:49:52.005 [AsyncHttpClient-1-1] DEBUG org.asynchttpclient.netty.channel.DefaultChannelPool - Closing Idle Channel [id: 0xd43487bd, L:/127.0.0.1:49970 ! R:localhost/127.0.0.1:50418]
07:49:52.005 [AsyncHttpClient-1-1] DEBUG org.asynchttpclient.netty.channel.DefaultChannelPool - Closed 2 connections out of 2 in 1 ms
07:49:54.107 [AsyncHttpClient-1-9] DEBUG org.asynchttpclient.netty.handler.HttpHandler - 

Request DefaultHttpRequest(decodeResult: success, version: HTTP/1.1)
POST /session HTTP/1.1
User-Agent: selenium/4.1.2 (java mac)
Content-Length: 457
Content-Type: application/json; charset=utf-8
host: localhost:50402
accept: */*

Response DefaultHttpResponse(decodeResult: success, version: HTTP/1.1)
HTTP/1.1 200 OK
Content-Type: application/json; charset=utf-8
cache-control: no-cache
content-length: 799

07:49:54.108 [AsyncHttpClient-1-9] DEBUG org.asynchttpclient.netty.channel.ChannelManager - Adding key: http://localhost:50402 for channel [id: 0x12410e50, L:/127.0.0.1:49990 - R:localhost/127.0.0.1:50402]
07:49:54.117 [AsyncHttpClient-1-2] DEBUG org.asynchttpclient.netty.channel.NettyConnectListener - Using new Channel '[id: 0x5ea01e07, L:/127.0.0.1:49995 - R:localhost/127.0.0.1:49991]' for 'GET' to '/json/version'
07:49:54.119 [AsyncHttpClient-1-2] DEBUG org.asynchttpclient.netty.handler.HttpHandler - 

Request DefaultFullHttpRequest(decodeResult: success, version: HTTP/1.1, content: EmptyByteBufBE)
GET /json/version HTTP/1.1
User-Agent: selenium/4.1.2 (java mac)
host: localhost:49991
accept: */*

Response DefaultHttpResponse(decodeResult: success, version: HTTP/1.1)
HTTP/1.1 200 OK
Content-Type: application/json; charset=UTF-8
content-length: 425

07:49:54.119 [AsyncHttpClient-1-2] DEBUG org.asynchttpclient.netty.channel.ChannelManager - Adding key: http://localhost:49991 for channel [id: 0x5ea01e07, L:/127.0.0.1:49995 - R:localhost/127.0.0.1:49991]
07:49:54.125 [AsyncHttpClient-1-3] DEBUG org.asynchttpclient.netty.channel.NettyConnectListener - Using new Channel '[id: 0x128c5ac4, L:/127.0.0.1:49996 - R:localhost/127.0.0.1:49991]' for 'GET' to '/devtools/browser/38fa5969-207f-474c-ba3a-956e85d4f9da'
07:49:54.127 [AsyncHttpClient-1-3] DEBUG org.asynchttpclient.netty.handler.WebSocketHandler - 

Request DefaultFullHttpRequest(decodeResult: success, version: HTTP/1.1, content: EmptyByteBufBE)
GET /devtools/browser/38fa5969-207f-474c-ba3a-956e85d4f9da HTTP/1.1
upgrade: websocket
connection: upgrade
sec-websocket-key: 5I85xwL2nhlISoYlhGuHSw==
sec-websocket-version: 13
origin: http://localhost:49991
host: localhost:49991
accept: */*
user-agent: AHC/2.1

Response DefaultHttpResponse(decodeResult: success, version: HTTP/1.1)
HTTP/1.1 101 WebSocket Protocol Handshake
Upgrade: WebSocket
Connection: Upgrade
Sec-WebSocket-Accept: uGVaRI3u3mklTEF87kpmTmtBwsQ=

07:49:54.132 [Forwarding get on session 2c63f55164907843017a0031597b5154 to remote] DEBUG org.asynchttpclient.netty.request.NettyRequestSender - Using pooled Channel '[id: 0x12410e50, L:/127.0.0.1:49990 - R:localhost/127.0.0.1:50402]' for 'POST' to 'http://localhost:50402/session/2c63f55164907843017a0031597b5154/url'
07:49:54.132 [Forwarding get on session 2c63f55164907843017a0031597b5154 to remote] DEBUG org.asynchttpclient.netty.request.NettyRequestSender - Using open Channel [id: 0x12410e50, L:/127.0.0.1:49990 - R:localhost/127.0.0.1:50402] for POST '/session/2c63f55164907843017a0031597b5154/url'
07:49:54.206 [AsyncHttpClient-1-1] DEBUG org.asynchttpclient.netty.channel.DefaultChannelPool - Entry count for : http://localhost:49991 : 1
07:49:55.308 [AsyncHttpClient-1-1] DEBUG org.asynchttpclient.netty.channel.DefaultChannelPool - Entry count for : http://localhost:49991 : 1
07:49:56.406 [AsyncHttpClient-1-1] DEBUG org.asynchttpclient.netty.channel.DefaultChannelPool - Entry count for : http://localhost:49991 : 1
07:49:57.506 [AsyncHttpClient-1-1] DEBUG org.asynchttpclient.netty.channel.DefaultChannelPool - Entry count for : http://localhost:49991 : 1
07:49:58.606 [AsyncHttpClient-1-1] DEBUG org.asynchttpclient.netty.channel.DefaultChannelPool - Entry count for : http://localhost:49991 : 1
07:49:59.233 [AsyncHttpClient-1-9] DEBUG org.asynchttpclient.netty.handler.HttpHandler - 

Request DefaultHttpRequest(decodeResult: success, version: HTTP/1.1)
POST /session/2c63f55164907843017a0031597b5154/url HTTP/1.1
User-Agent: selenium/4.1.2 (java mac)
Content-Length: 72
Content-Type: application/json; charset=utf-8
host: localhost:50402
accept: */*

Response DefaultHttpResponse(decodeResult: success, version: HTTP/1.1)
HTTP/1.1 200 OK
Content-Type: application/json; charset=utf-8
cache-control: no-cache
content-length: 14

07:49:59.233 [AsyncHttpClient-1-9] DEBUG org.asynchttpclient.netty.channel.ChannelManager - Adding key: http://localhost:50402 for channel [id: 0x12410e50, L:/127.0.0.1:49990 - R:localhost/127.0.0.1:50402]
07:49:59.235 [Forwarding setTimeout on session 2c63f55164907843017a0031597b5154 to remote] DEBUG org.asynchttpclient.netty.request.NettyRequestSender - Using pooled Channel '[id: 0x12410e50, L:/127.0.0.1:49990 - R:localhost/127.0.0.1:50402]' for 'POST' to 'http://localhost:50402/session/2c63f55164907843017a0031597b5154/timeouts'
07:49:59.235 [Forwarding setTimeout on session 2c63f55164907843017a0031597b5154 to remote] DEBUG org.asynchttpclient.netty.request.NettyRequestSender - Using open Channel [id: 0x12410e50, L:/127.0.0.1:49990 - R:localhost/127.0.0.1:50402] for POST '/session/2c63f55164907843017a0031597b5154/timeouts'
07:49:59.236 [AsyncHttpClient-1-9] DEBUG org.asynchttpclient.netty.handler.HttpHandler - 

Request DefaultHttpRequest(decodeResult: success, version: HTTP/1.1)
POST /session/2c63f55164907843017a0031597b5154/timeouts HTTP/1.1
User-Agent: selenium/4.1.2 (java mac)
Content-Length: 22
Content-Type: application/json; charset=utf-8
host: localhost:50402
accept: */*

Response DefaultHttpResponse(decodeResult: success, version: HTTP/1.1)
HTTP/1.1 200 OK
Content-Type: application/json; charset=utf-8
cache-control: no-cache
content-length: 14

07:49:59.236 [AsyncHttpClient-1-9] DEBUG org.asynchttpclient.netty.channel.ChannelManager - Adding key: http://localhost:50402 for channel [id: 0x12410e50, L:/127.0.0.1:49990 - R:localhost/127.0.0.1:50402]
07:49:59.240 [Forwarding getCurrentUrl on session 2c63f55164907843017a0031597b5154 to remote] DEBUG org.asynchttpclient.netty.request.NettyRequestSender - Using pooled Channel '[id: 0x12410e50, L:/127.0.0.1:49990 - R:localhost/127.0.0.1:50402]' for 'GET' to 'http://localhost:50402/session/2c63f55164907843017a0031597b5154/url'
07:49:59.240 [Forwarding getCurrentUrl on session 2c63f55164907843017a0031597b5154 to remote] DEBUG org.asynchttpclient.netty.request.NettyRequestSender - Using open Channel [id: 0x12410e50, L:/127.0.0.1:49990 - R:localhost/127.0.0.1:50402] for GET '/session/2c63f55164907843017a0031597b5154/url'
07:49:59.249 [AsyncHttpClient-1-9] DEBUG org.asynchttpclient.netty.handler.HttpHandler - 

Request DefaultFullHttpRequest(decodeResult: success, version: HTTP/1.1, content: EmptyByteBufBE)
GET /session/2c63f55164907843017a0031597b5154/url HTTP/1.1
User-Agent: selenium/4.1.2 (java mac)
Cache-Control: no-cache
Content-Type: application/json; charset=utf-8
host: localhost:50402
accept: */*

Response DefaultHttpResponse(decodeResult: success, version: HTTP/1.1)
HTTP/1.1 200 OK
Content-Type: application/json; charset=utf-8
cache-control: no-cache
content-length: 54

07:49:59.249 [AsyncHttpClient-1-9] DEBUG org.asynchttpclient.netty.channel.ChannelManager - Adding key: http://localhost:50402 for channel [id: 0x12410e50, L:/127.0.0.1:49990 - R:localhost/127.0.0.1:50402]
07:49:59.253 [Forwarding getCurrentUrl on session 2c63f55164907843017a0031597b5154 to remote] DEBUG org.asynchttpclient.netty.request.NettyRequestSender - Using pooled Channel '[id: 0x12410e50, L:/127.0.0.1:49990 - R:localhost/127.0.0.1:50402]' for 'GET' to 'http://localhost:50402/session/2c63f55164907843017a0031597b5154/url'
07:49:59.253 [Forwarding getCurrentUrl on session 2c63f55164907843017a0031597b5154 to remote] DEBUG org.asynchttpclient.netty.request.NettyRequestSender - Using open Channel [id: 0x12410e50, L:/127.0.0.1:49990 - R:localhost/127.0.0.1:50402] for GET '/session/2c63f55164907843017a0031597b5154/url'
07:49:59.259 [AsyncHttpClient-1-9] DEBUG org.asynchttpclient.netty.handler.HttpHandler - 

Request DefaultFullHttpRequest(decodeResult: success, version: HTTP/1.1, content: EmptyByteBufBE)
GET /session/2c63f55164907843017a0031597b5154/url HTTP/1.1
User-Agent: selenium/4.1.2 (java mac)
Cache-Control: no-cache
Content-Type: application/json; charset=utf-8
host: localhost:50402
accept: */*

Response DefaultHttpResponse(decodeResult: success, version: HTTP/1.1)
HTTP/1.1 200 OK
Content-Type: application/json; charset=utf-8
cache-control: no-cache
content-length: 54

07:49:59.259 [AsyncHttpClient-1-9] DEBUG org.asynchttpclient.netty.channel.ChannelManager - Adding key: http://localhost:50402 for channel [id: 0x12410e50, L:/127.0.0.1:49990 - R:localhost/127.0.0.1:50402]
07:49:59.267 [main] DEBUG net.serenitybdd.core.photography.Darkroom - Opening darkroom
07:49:59.268 [Darkroom Processing Line] DEBUG net.serenitybdd.core.photography.DarkroomProcessingLine - Darkroom processing line starting up
07:49:59.268 [Forwarding screenshot on session 2c63f55164907843017a0031597b5154 to remote] DEBUG org.asynchttpclient.netty.request.NettyRequestSender - Using pooled Channel '[id: 0x12410e50, L:/127.0.0.1:49990 - R:localhost/127.0.0.1:50402]' for 'GET' to 'http://localhost:50402/session/2c63f55164907843017a0031597b5154/screenshot'
07:49:59.269 [Forwarding screenshot on session 2c63f55164907843017a0031597b5154 to remote] DEBUG org.asynchttpclient.netty.request.NettyRequestSender - Using open Channel [id: 0x12410e50, L:/127.0.0.1:49990 - R:localhost/127.0.0.1:50402] for GET '/session/2c63f55164907843017a0031597b5154/screenshot'
07:49:59.445 [AsyncHttpClient-1-9] DEBUG org.asynchttpclient.netty.handler.HttpHandler - 

Request DefaultFullHttpRequest(decodeResult: success, version: HTTP/1.1, content: EmptyByteBufBE)
GET /session/2c63f55164907843017a0031597b5154/screenshot HTTP/1.1
User-Agent: selenium/4.1.2 (java mac)
Cache-Control: no-cache
Content-Type: application/json; charset=utf-8
host: localhost:50402
accept: */*

Response DefaultHttpResponse(decodeResult: success, version: HTTP/1.1)
HTTP/1.1 200 OK
Content-Type: application/json; charset=utf-8
cache-control: no-cache
content-length: 143140

07:49:59.446 [AsyncHttpClient-1-9] DEBUG org.asynchttpclient.netty.channel.ChannelManager - Adding key: http://localhost:50402 for channel [id: 0x12410e50, L:/127.0.0.1:49990 - R:localhost/127.0.0.1:50402]
07:49:59.454 [main] DEBUG net.serenitybdd.core.photography.Darkroom - Send negative for processing for target/site/serenity/76785b2408e6a627f821a689391526f77de9b66ea7150de038c15a6f1cdb7b4d.png
07:49:59.454 [main] DEBUG net.thucydides.core.steps.StepInterceptor - STEP DONE: {0} opens the #targetPageName
07:49:59.458 [main] DEBUG net.thucydides.core.steps.StepInterceptor - STEP DONE: !#title
  &amp#27;[32mGiven &amp#27;[0m&amp#27;[32m&amp#27;[0m&amp#27;[32m&amp#27;[1mI&amp#27;[0m&amp#27;[32m open Orange HRM login page&amp#27;[0m         &amp#27;[90m# orangehrm.stepdefinitions.loginStepDef.loadHRMLoginPage(net.serenitybdd.screenplay.Actor)&amp#27;[0m
07:49:59.479 [main] DEBUG net.thucydides.core.steps.StepInterceptor - STARTING STEP: loginStepDef.inputCredential - !#title
07:49:59.484 [main] DEBUG net.thucydides.core.steps.StepInterceptor - STARTING STEP: loginStepDef.inputCredential - {0} enters #theTextAsAString into #target
07:49:59.485 [main] DEBUG net.serenitybdd.screenplay.targets.IFrameSwitcher - default content already selected for username field
07:49:59.489 [Forwarding findElement on session 2c63f55164907843017a0031597b5154 to remote] DEBUG org.asynchttpclient.netty.request.NettyRequestSender - Using pooled Channel '[id: 0x12410e50, L:/127.0.0.1:49990 - R:localhost/127.0.0.1:50402]' for 'POST' to 'http://localhost:50402/session/2c63f55164907843017a0031597b5154/element'
07:49:59.489 [Forwarding findElement on session 2c63f55164907843017a0031597b5154 to remote] DEBUG org.asynchttpclient.netty.request.NettyRequestSender - Using open Channel [id: 0x12410e50, L:/127.0.0.1:49990 - R:localhost/127.0.0.1:50402] for POST '/session/2c63f55164907843017a0031597b5154/element'
07:49:59.501 [AsyncHttpClient-1-9] DEBUG org.asynchttpclient.netty.handler.HttpHandler - 

Request DefaultHttpRequest(decodeResult: success, version: HTTP/1.1)
POST /session/2c63f55164907843017a0031597b5154/element HTTP/1.1
User-Agent: selenium/4.1.2 (java mac)
Content-Length: 56
Content-Type: application/json; charset=utf-8
host: localhost:50402
accept: */*

Response DefaultHttpResponse(decodeResult: success, version: HTTP/1.1)
HTTP/1.1 200 OK
Content-Type: application/json; charset=utf-8
cache-control: no-cache
content-length: 88

07:49:59.502 [AsyncHttpClient-1-9] DEBUG org.asynchttpclient.netty.channel.ChannelManager - Adding key: http://localhost:50402 for channel [id: 0x12410e50, L:/127.0.0.1:49990 - R:localhost/127.0.0.1:50402]
07:49:59.503 [Forwarding clearElement on session 2c63f55164907843017a0031597b5154 to remote] DEBUG org.asynchttpclient.netty.request.NettyRequestSender - Using pooled Channel '[id: 0x12410e50, L:/127.0.0.1:49990 - R:localhost/127.0.0.1:50402]' for 'POST' to 'http://localhost:50402/session/2c63f55164907843017a0031597b5154/element/bfae64ab-d73f-4e62-ae88-7ab85fc5f783/clear'
07:49:59.503 [Forwarding clearElement on session 2c63f55164907843017a0031597b5154 to remote] DEBUG org.asynchttpclient.netty.request.NettyRequestSender - Using open Channel [id: 0x12410e50, L:/127.0.0.1:49990 - R:localhost/127.0.0.1:50402] for POST '/session/2c63f55164907843017a0031597b5154/element/bfae64ab-d73f-4e62-ae88-7ab85fc5f783/clear'
07:49:59.535 [AsyncHttpClient-1-9] DEBUG org.asynchttpclient.netty.handler.HttpHandler - 

Request DefaultHttpRequest(decodeResult: success, version: HTTP/1.1)
POST /session/2c63f55164907843017a0031597b5154/element/bfae64ab-d73f-4e62-ae88-7ab85fc5f783/clear HTTP/1.1
User-Agent: selenium/4.1.2 (java mac)
Content-Length: 50
Content-Type: application/json; charset=utf-8
host: localhost:50402
accept: */*

Response DefaultHttpResponse(decodeResult: success, version: HTTP/1.1)
HTTP/1.1 200 OK
Content-Type: application/json; charset=utf-8
cache-control: no-cache
content-length: 14

07:49:59.535 [AsyncHttpClient-1-9] DEBUG org.asynchttpclient.netty.channel.ChannelManager - Adding key: http://localhost:50402 for channel [id: 0x12410e50, L:/127.0.0.1:49990 - R:localhost/127.0.0.1:50402]
07:49:59.537 [Forwarding sendKeysToElement on session 2c63f55164907843017a0031597b5154 to remote] DEBUG org.asynchttpclient.netty.request.NettyRequestSender - Using pooled Channel '[id: 0x12410e50, L:/127.0.0.1:49990 - R:localhost/127.0.0.1:50402]' for 'POST' to 'http://localhost:50402/session/2c63f55164907843017a0031597b5154/element/bfae64ab-d73f-4e62-ae88-7ab85fc5f783/value'
07:49:59.537 [Forwarding sendKeysToElement on session 2c63f55164907843017a0031597b5154 to remote] DEBUG org.asynchttpclient.netty.request.NettyRequestSender - Using open Channel [id: 0x12410e50, L:/127.0.0.1:49990 - R:localhost/127.0.0.1:50402] for POST '/session/2c63f55164907843017a0031597b5154/element/bfae64ab-d73f-4e62-ae88-7ab85fc5f783/value'
07:49:59.634 [AsyncHttpClient-1-9] DEBUG org.asynchttpclient.netty.handler.HttpHandler - 

Request DefaultHttpRequest(decodeResult: success, version: HTTP/1.1)
POST /session/2c63f55164907843017a0031597b5154/element/bfae64ab-d73f-4e62-ae88-7ab85fc5f783/value HTTP/1.1
User-Agent: selenium/4.1.2 (java mac)
Content-Length: 131
Content-Type: application/json; charset=utf-8
host: localhost:50402
accept: */*

Response DefaultHttpResponse(decodeResult: success, version: HTTP/1.1)
HTTP/1.1 200 OK
Content-Type: application/json; charset=utf-8
cache-control: no-cache
content-length: 14

07:49:59.635 [AsyncHttpClient-1-9] DEBUG org.asynchttpclient.netty.channel.ChannelManager - Adding key: http://localhost:50402 for channel [id: 0x12410e50, L:/127.0.0.1:49990 - R:localhost/127.0.0.1:50402]
07:49:59.644 [Forwarding screenshot on session 2c63f55164907843017a0031597b5154 to remote] DEBUG org.asynchttpclient.netty.request.NettyRequestSender - Using pooled Channel '[id: 0x12410e50, L:/127.0.0.1:49990 - R:localhost/127.0.0.1:50402]' for 'GET' to 'http://localhost:50402/session/2c63f55164907843017a0031597b5154/screenshot'
07:49:59.644 [Forwarding screenshot on session 2c63f55164907843017a0031597b5154 to remote] DEBUG org.asynchttpclient.netty.request.NettyRequestSender - Using open Channel [id: 0x12410e50, L:/127.0.0.1:49990 - R:localhost/127.0.0.1:50402] for GET '/session/2c63f55164907843017a0031597b5154/screenshot'
07:49:59.706 [AsyncHttpClient-1-1] DEBUG org.asynchttpclient.netty.channel.DefaultChannelPool - Entry count for : http://localhost:49991 : 1
07:49:59.780 [AsyncHttpClient-1-9] DEBUG org.asynchttpclient.netty.handler.HttpHandler - 

Request DefaultFullHttpRequest(decodeResult: success, version: HTTP/1.1, content: EmptyByteBufBE)
GET /session/2c63f55164907843017a0031597b5154/screenshot HTTP/1.1
User-Agent: selenium/4.1.2 (java mac)
Cache-Control: no-cache
Content-Type: application/json; charset=utf-8
host: localhost:50402
accept: */*

Response DefaultHttpResponse(decodeResult: success, version: HTTP/1.1)
HTTP/1.1 200 OK
Content-Type: application/json; charset=utf-8
cache-control: no-cache
content-length: 141220

07:49:59.780 [AsyncHttpClient-1-9] DEBUG org.asynchttpclient.netty.channel.ChannelManager - Adding key: http://localhost:50402 for channel [id: 0x12410e50, L:/127.0.0.1:49990 - R:localhost/127.0.0.1:50402]
07:49:59.787 [main] DEBUG net.serenitybdd.core.photography.Darkroom - Send negative for processing for target/site/serenity/0810a9e55a1b550b8992e89d8afb2e9d2522bc4d1bb30fd994f707fffbc02c86.png
07:49:59.787 [main] DEBUG net.thucydides.core.steps.StepInterceptor - STEP DONE: {0} enters #theTextAsAString into #target
07:49:59.791 [main] DEBUG net.thucydides.core.steps.StepInterceptor - STEP DONE: !#title
07:49:59.796 [main] DEBUG net.thucydides.core.steps.StepInterceptor - STARTING STEP: loginStepDef.inputCredential - !#title
07:49:59.801 [main] DEBUG net.thucydides.core.steps.StepInterceptor - STARTING STEP: loginStepDef.inputCredential - {0} enters #theTextAsAString into #target
07:49:59.803 [main] DEBUG net.serenitybdd.screenplay.targets.IFrameSwitcher - default content already selected for password field
07:49:59.809 [Forwarding findElement on session 2c63f55164907843017a0031597b5154 to remote] DEBUG org.asynchttpclient.netty.request.NettyRequestSender - Using pooled Channel '[id: 0x12410e50, L:/127.0.0.1:49990 - R:localhost/127.0.0.1:50402]' for 'POST' to 'http://localhost:50402/session/2c63f55164907843017a0031597b5154/element'
07:49:59.809 [Forwarding findElement on session 2c63f55164907843017a0031597b5154 to remote] DEBUG org.asynchttpclient.netty.request.NettyRequestSender - Using open Channel [id: 0x12410e50, L:/127.0.0.1:49990 - R:localhost/127.0.0.1:50402] for POST '/session/2c63f55164907843017a0031597b5154/element'
07:49:59.821 [AsyncHttpClient-1-9] DEBUG org.asynchttpclient.netty.handler.HttpHandler - 

Request DefaultHttpRequest(decodeResult: success, version: HTTP/1.1)
POST /session/2c63f55164907843017a0031597b5154/element HTTP/1.1
User-Agent: selenium/4.1.2 (java mac)
Content-Length: 56
Content-Type: application/json; charset=utf-8
host: localhost:50402
accept: */*

Response DefaultHttpResponse(decodeResult: success, version: HTTP/1.1)
HTTP/1.1 200 OK
Content-Type: application/json; charset=utf-8
cache-control: no-cache
content-length: 88

07:49:59.822 [AsyncHttpClient-1-9] DEBUG org.asynchttpclient.netty.channel.ChannelManager - Adding key: http://localhost:50402 for channel [id: 0x12410e50, L:/127.0.0.1:49990 - R:localhost/127.0.0.1:50402]
07:49:59.824 [Forwarding clearElement on session 2c63f55164907843017a0031597b5154 to remote] DEBUG org.asynchttpclient.netty.request.NettyRequestSender - Using pooled Channel '[id: 0x12410e50, L:/127.0.0.1:49990 - R:localhost/127.0.0.1:50402]' for 'POST' to 'http://localhost:50402/session/2c63f55164907843017a0031597b5154/element/25d17f73-cce6-4d20-b00f-a8dceb36bf91/clear'
07:49:59.824 [Forwarding clearElement on session 2c63f55164907843017a0031597b5154 to remote] DEBUG org.asynchttpclient.netty.request.NettyRequestSender - Using open Channel [id: 0x12410e50, L:/127.0.0.1:49990 - R:localhost/127.0.0.1:50402] for POST '/session/2c63f55164907843017a0031597b5154/element/25d17f73-cce6-4d20-b00f-a8dceb36bf91/clear'
07:49:59.855 [AsyncHttpClient-1-9] DEBUG org.asynchttpclient.netty.handler.HttpHandler - 

Request DefaultHttpRequest(decodeResult: success, version: HTTP/1.1)
POST /session/2c63f55164907843017a0031597b5154/element/25d17f73-cce6-4d20-b00f-a8dceb36bf91/clear HTTP/1.1
User-Agent: selenium/4.1.2 (java mac)
Content-Length: 50
Content-Type: application/json; charset=utf-8
host: localhost:50402
accept: */*

Response DefaultHttpResponse(decodeResult: success, version: HTTP/1.1)
HTTP/1.1 200 OK
Content-Type: application/json; charset=utf-8
cache-control: no-cache
content-length: 14

07:49:59.855 [AsyncHttpClient-1-9] DEBUG org.asynchttpclient.netty.channel.ChannelManager - Adding key: http://localhost:50402 for channel [id: 0x12410e50, L:/127.0.0.1:49990 - R:localhost/127.0.0.1:50402]
07:49:59.859 [Forwarding sendKeysToElement on session 2c63f55164907843017a0031597b5154 to remote] DEBUG org.asynchttpclient.netty.request.NettyRequestSender - Using pooled Channel '[id: 0x12410e50, L:/127.0.0.1:49990 - R:localhost/127.0.0.1:50402]' for 'POST' to 'http://localhost:50402/session/2c63f55164907843017a0031597b5154/element/25d17f73-cce6-4d20-b00f-a8dceb36bf91/value'
07:49:59.859 [Forwarding sendKeysToElement on session 2c63f55164907843017a0031597b5154 to remote] DEBUG org.asynchttpclient.netty.request.NettyRequestSender - Using open Channel [id: 0x12410e50, L:/127.0.0.1:49990 - R:localhost/127.0.0.1:50402] for POST '/session/2c63f55164907843017a0031597b5154/element/25d17f73-cce6-4d20-b00f-a8dceb36bf91/value'
07:49:59.913 [AsyncHttpClient-1-9] DEBUG org.asynchttpclient.netty.handler.HttpHandler - 

Request DefaultHttpRequest(decodeResult: success, version: HTTP/1.1)
POST /session/2c63f55164907843017a0031597b5154/element/25d17f73-cce6-4d20-b00f-a8dceb36bf91/value HTTP/1.1
User-Agent: selenium/4.1.2 (java mac)
Content-Length: 161
Content-Type: application/json; charset=utf-8
host: localhost:50402
accept: */*

Response DefaultHttpResponse(decodeResult: success, version: HTTP/1.1)
HTTP/1.1 200 OK
Content-Type: application/json; charset=utf-8
cache-control: no-cache
content-length: 14

07:49:59.913 [AsyncHttpClient-1-9] DEBUG org.asynchttpclient.netty.channel.ChannelManager - Adding key: http://localhost:50402 for channel [id: 0x12410e50, L:/127.0.0.1:49990 - R:localhost/127.0.0.1:50402]
07:49:59.921 [Forwarding screenshot on session 2c63f55164907843017a0031597b5154 to remote] DEBUG org.asynchttpclient.netty.request.NettyRequestSender - Using pooled Channel '[id: 0x12410e50, L:/127.0.0.1:49990 - R:localhost/127.0.0.1:50402]' for 'GET' to 'http://localhost:50402/session/2c63f55164907843017a0031597b5154/screenshot'
07:49:59.921 [Forwarding screenshot on session 2c63f55164907843017a0031597b5154 to remote] DEBUG org.asynchttpclient.netty.request.NettyRequestSender - Using open Channel [id: 0x12410e50, L:/127.0.0.1:49990 - R:localhost/127.0.0.1:50402] for GET '/session/2c63f55164907843017a0031597b5154/screenshot'
07:50:00.089 [AsyncHttpClient-1-9] DEBUG org.asynchttpclient.netty.handler.HttpHandler - 

Request DefaultFullHttpRequest(decodeResult: success, version: HTTP/1.1, content: EmptyByteBufBE)
GET /session/2c63f55164907843017a0031597b5154/screenshot HTTP/1.1
User-Agent: selenium/4.1.2 (java mac)
Cache-Control: no-cache
Content-Type: application/json; charset=utf-8
host: localhost:50402
accept: */*

Response DefaultHttpResponse(decodeResult: success, version: HTTP/1.1)
HTTP/1.1 200 OK
Content-Type: application/json; charset=utf-8
cache-control: no-cache
content-length: 141600

07:50:00.089 [AsyncHttpClient-1-9] DEBUG org.asynchttpclient.netty.channel.ChannelManager - Adding key: http://localhost:50402 for channel [id: 0x12410e50, L:/127.0.0.1:49990 - R:localhost/127.0.0.1:50402]
07:50:00.096 [main] DEBUG net.serenitybdd.core.photography.Darkroom - Send negative for processing for target/site/serenity/219d309bbfb6fe6b7906ecd6e6b802acbae0ce43501848433db883de3959bc89.png
07:50:00.096 [main] DEBUG net.thucydides.core.steps.StepInterceptor - STEP DONE: {0} enters #theTextAsAString into #target
07:50:00.100 [main] DEBUG net.thucydides.core.steps.StepInterceptor - STEP DONE: !#title
  &amp#27;[32mWhen &amp#27;[0m&amp#27;[32m&amp#27;[0m&amp#27;[32m&amp#27;[1mI&amp#27;[0m&amp#27;[32m input username and password&amp#27;[0m         &amp#27;[90m# orangehrm.stepdefinitions.loginStepDef.inputCredential(net.serenitybdd.screenplay.Actor)&amp#27;[0m
07:50:00.113 [main] DEBUG net.thucydides.core.steps.StepInterceptor - STARTING STEP: loginStepDef.clickLoginButton - !#title
07:50:00.118 [main] DEBUG net.thucydides.core.steps.StepInterceptor - STARTING STEP: loginStepDef.clickLoginButton - {0} clicks on #target
07:50:00.119 [main] DEBUG net.serenitybdd.screenplay.targets.IFrameSwitcher - default content already selected for login button
07:50:00.125 [Forwarding findElement on session 2c63f55164907843017a0031597b5154 to remote] DEBUG org.asynchttpclient.netty.request.NettyRequestSender - Using pooled Channel '[id: 0x12410e50, L:/127.0.0.1:49990 - R:localhost/127.0.0.1:50402]' for 'POST' to 'http://localhost:50402/session/2c63f55164907843017a0031597b5154/element'
07:50:00.125 [Forwarding findElement on session 2c63f55164907843017a0031597b5154 to remote] DEBUG org.asynchttpclient.netty.request.NettyRequestSender - Using open Channel [id: 0x12410e50, L:/127.0.0.1:49990 - R:localhost/127.0.0.1:50402] for POST '/session/2c63f55164907843017a0031597b5154/element'
07:50:00.135 [AsyncHttpClient-1-9] DEBUG org.asynchttpclient.netty.handler.HttpHandler - 

Request DefaultHttpRequest(decodeResult: success, version: HTTP/1.1)
POST /session/2c63f55164907843017a0031597b5154/element HTTP/1.1
User-Agent: selenium/4.1.2 (java mac)
Content-Length: 53
Content-Type: application/json; charset=utf-8
host: localhost:50402
accept: */*

Response DefaultHttpResponse(decodeResult: success, version: HTTP/1.1)
HTTP/1.1 200 OK
Content-Type: application/json; charset=utf-8
cache-control: no-cache
content-length: 88

07:50:00.135 [AsyncHttpClient-1-9] DEBUG org.asynchttpclient.netty.channel.ChannelManager - Adding key: http://localhost:50402 for channel [id: 0x12410e50, L:/127.0.0.1:49990 - R:localhost/127.0.0.1:50402]
07:50:00.142 [Forwarding isElementDisplayed on session 2c63f55164907843017a0031597b5154 to remote] DEBUG org.asynchttpclient.netty.request.NettyRequestSender - Using pooled Channel '[id: 0x12410e50, L:/127.0.0.1:49990 - R:localhost/127.0.0.1:50402]' for 'POST' to 'http://localhost:50402/session/2c63f55164907843017a0031597b5154/execute/sync'
07:50:00.142 [Forwarding isElementDisplayed on session 2c63f55164907843017a0031597b5154 to remote] DEBUG org.asynchttpclient.netty.request.NettyRequestSender - Using open Channel [id: 0x12410e50, L:/127.0.0.1:49990 - R:localhost/127.0.0.1:50402] for POST '/session/2c63f55164907843017a0031597b5154/execute/sync'
07:50:00.178 [AsyncHttpClient-1-9] DEBUG org.asynchttpclient.netty.handler.HttpHandler - 

Request DefaultHttpRequest(decodeResult: success, version: HTTP/1.1)
POST /session/2c63f55164907843017a0031597b5154/execute/sync HTTP/1.1
User-Agent: selenium/4.1.2 (java mac)
Content-Length: 48780
Content-Type: application/json; charset=utf-8
host: localhost:50402
accept: */*

Response DefaultHttpResponse(decodeResult: success, version: HTTP/1.1)
HTTP/1.1 200 OK
Content-Type: application/json; charset=utf-8
cache-control: no-cache
content-length: 14

07:50:00.178 [AsyncHttpClient-1-9] DEBUG org.asynchttpclient.netty.channel.ChannelManager - Adding key: http://localhost:50402 for channel [id: 0x12410e50, L:/127.0.0.1:49990 - R:localhost/127.0.0.1:50402]
07:50:00.183 [Forwarding findElement on session 2c63f55164907843017a0031597b5154 to remote] DEBUG org.asynchttpclient.netty.request.NettyRequestSender - Using pooled Channel '[id: 0x12410e50, L:/127.0.0.1:49990 - R:localhost/127.0.0.1:50402]' for 'POST' to 'http://localhost:50402/session/2c63f55164907843017a0031597b5154/element'
07:50:00.183 [Forwarding findElement on session 2c63f55164907843017a0031597b5154 to remote] DEBUG org.asynchttpclient.netty.request.NettyRequestSender - Using open Channel [id: 0x12410e50, L:/127.0.0.1:49990 - R:localhost/127.0.0.1:50402] for POST '/session/2c63f55164907843017a0031597b5154/element'
07:50:00.201 [AsyncHttpClient-1-9] DEBUG org.asynchttpclient.netty.handler.HttpHandler - 

Request DefaultHttpRequest(decodeResult: success, version: HTTP/1.1)
POST /session/2c63f55164907843017a0031597b5154/element HTTP/1.1
User-Agent: selenium/4.1.2 (java mac)
Content-Length: 53
Content-Type: application/json; charset=utf-8
host: localhost:50402
accept: */*

Response DefaultHttpResponse(decodeResult: success, version: HTTP/1.1)
HTTP/1.1 200 OK
Content-Type: application/json; charset=utf-8
cache-control: no-cache
content-length: 88

07:50:00.201 [AsyncHttpClient-1-9] DEBUG org.asynchttpclient.netty.channel.ChannelManager - Adding key: http://localhost:50402 for channel [id: 0x12410e50, L:/127.0.0.1:49990 - R:localhost/127.0.0.1:50402]
07:50:00.203 [Forwarding clickElement on session 2c63f55164907843017a0031597b5154 to remote] DEBUG org.asynchttpclient.netty.request.NettyRequestSender - Using pooled Channel '[id: 0x12410e50, L:/127.0.0.1:49990 - R:localhost/127.0.0.1:50402]' for 'POST' to 'http://localhost:50402/session/2c63f55164907843017a0031597b5154/element/5c554603-9067-45bf-8275-6af5dff5179a/click'
07:50:00.203 [Forwarding clickElement on session 2c63f55164907843017a0031597b5154 to remote] DEBUG org.asynchttpclient.netty.request.NettyRequestSender - Using open Channel [id: 0x12410e50, L:/127.0.0.1:49990 - R:localhost/127.0.0.1:50402] for POST '/session/2c63f55164907843017a0031597b5154/element/5c554603-9067-45bf-8275-6af5dff5179a/click'
07:50:00.807 [AsyncHttpClient-1-1] DEBUG org.asynchttpclient.netty.channel.DefaultChannelPool - Entry count for : http://localhost:49991 : 1
07:50:01.906 [AsyncHttpClient-1-1] DEBUG org.asynchttpclient.netty.channel.DefaultChannelPool - Entry count for : http://localhost:49991 : 1
07:50:03.006 [AsyncHttpClient-1-1] DEBUG org.asynchttpclient.netty.channel.DefaultChannelPool - Entry count for : http://localhost:49991 : 1
07:50:04.108 [AsyncHttpClient-1-1] DEBUG org.asynchttpclient.netty.channel.DefaultChannelPool - Entry count for : http://localhost:49991 : 1
07:50:05.208 [AsyncHttpClient-1-1] DEBUG org.asynchttpclient.netty.channel.DefaultChannelPool - Entry count for : http://localhost:49991 : 1
07:50:06.306 [AsyncHttpClient-1-1] DEBUG org.asynchttpclient.netty.channel.DefaultChannelPool - Entry count for : http://localhost:49991 : 1
07:50:07.407 [AsyncHttpClient-1-1] DEBUG org.asynchttpclient.netty.channel.DefaultChannelPool - Entry count for : http://localhost:49991 : 1
07:50:08.506 [AsyncHttpClient-1-1] DEBUG org.asynchttpclient.netty.channel.DefaultChannelPool - Entry count for : http://localhost:49991 : 1
07:50:09.607 [AsyncHttpClient-1-1] DEBUG org.asynchttpclient.netty.channel.DefaultChannelPool - Entry count for : http://localhost:49991 : 1
07:50:10.119 [AsyncHttpClient-1-9] DEBUG org.asynchttpclient.netty.handler.HttpHandler - 

Request DefaultHttpRequest(decodeResult: success, version: HTTP/1.1)
POST /session/2c63f55164907843017a0031597b5154/element/5c554603-9067-45bf-8275-6af5dff5179a/click HTTP/1.1
User-Agent: selenium/4.1.2 (java mac)
Content-Length: 50
Content-Type: application/json; charset=utf-8
host: localhost:50402
accept: */*

Response DefaultHttpResponse(decodeResult: success, version: HTTP/1.1)
HTTP/1.1 200 OK
Content-Type: application/json; charset=utf-8
cache-control: no-cache
content-length: 14

07:50:10.119 [AsyncHttpClient-1-9] DEBUG org.asynchttpclient.netty.channel.ChannelManager - Adding key: http://localhost:50402 for channel [id: 0x12410e50, L:/127.0.0.1:49990 - R:localhost/127.0.0.1:50402]
07:50:10.129 [Forwarding screenshot on session 2c63f55164907843017a0031597b5154 to remote] DEBUG org.asynchttpclient.netty.request.NettyRequestSender - Using pooled Channel '[id: 0x12410e50, L:/127.0.0.1:49990 - R:localhost/127.0.0.1:50402]' for 'GET' to 'http://localhost:50402/session/2c63f55164907843017a0031597b5154/screenshot'
07:50:10.129 [Forwarding screenshot on session 2c63f55164907843017a0031597b5154 to remote] DEBUG org.asynchttpclient.netty.request.NettyRequestSender - Using open Channel [id: 0x12410e50, L:/127.0.0.1:49990 - R:localhost/127.0.0.1:50402] for GET '/session/2c63f55164907843017a0031597b5154/screenshot'
07:50:10.300 [AsyncHttpClient-1-9] DEBUG org.asynchttpclient.netty.handler.HttpHandler - 

Request DefaultFullHttpRequest(decodeResult: success, version: HTTP/1.1, content: EmptyByteBufBE)
GET /session/2c63f55164907843017a0031597b5154/screenshot HTTP/1.1
User-Agent: selenium/4.1.2 (java mac)
Cache-Control: no-cache
Content-Type: application/json; charset=utf-8
host: localhost:50402
accept: */*

Response DefaultHttpResponse(decodeResult: success, version: HTTP/1.1)
HTTP/1.1 200 OK
Content-Type: application/json; charset=utf-8
cache-control: no-cache
content-length: 129756

07:50:10.301 [AsyncHttpClient-1-9] DEBUG org.asynchttpclient.netty.channel.ChannelManager - Adding key: http://localhost:50402 for channel [id: 0x12410e50, L:/127.0.0.1:49990 - R:localhost/127.0.0.1:50402]
07:50:10.308 [main] DEBUG net.serenitybdd.core.photography.Darkroom - Send negative for processing for target/site/serenity/402020f1de2249aa8fcc1c061e4b12e64987fbab35eeeba0db2648ff4a5428a7.png
07:50:10.308 [main] DEBUG net.thucydides.core.steps.StepInterceptor - STEP DONE: {0} clicks on #target
07:50:10.312 [Darkroom Processing Line] DEBUG net.serenitybdd.core.photography.DarkroomProcessingLine - Processing screenshot image in /var/screenshots/screenshot-1825861612077027780
07:50:10.312 [Darkroom Processing Line] DEBUG net.serenitybdd.core.photography.DarkroomProcessingLine - Saving screenshot to target/site/serenity/402020f1de2249aa8fcc1c061e4b12e64987fbab35eeeba0db2648ff4a5428a7.png
07:50:10.315 [main] DEBUG net.thucydides.core.steps.StepInterceptor - STEP DONE: !#title
  &amp#27;[32mAnd &amp#27;[0m&amp#27;[32m&amp#27;[0m&amp#27;[32m&amp#27;[1mI&amp#27;[0m&amp#27;[32m click login button&amp#27;[0m                   &amp#27;[90m# orangehrm.stepdefinitions.loginStepDef.clickLoginButton(net.serenitybdd.screenplay.Actor)&amp#27;[0m
07:50:10.328 [main] DEBUG net.thucydides.core.steps.StepInterceptor - STARTING STEP: loginStepDef.validateLoginSuccess - {0} should see #description
07:50:10.329 [Forwarding getCurrentUrl on session 2c63f55164907843017a0031597b5154 to remote] DEBUG org.asynchttpclient.netty.request.NettyRequestSender - Using pooled Channel '[id: 0x12410e50, L:/127.0.0.1:49990 - R:localhost/127.0.0.1:50402]' for 'GET' to 'http://localhost:50402/session/2c63f55164907843017a0031597b5154/url'
07:50:10.329 [Forwarding getCurrentUrl on session 2c63f55164907843017a0031597b5154 to remote] DEBUG org.asynchttpclient.netty.request.NettyRequestSender - Using open Channel [id: 0x12410e50, L:/127.0.0.1:49990 - R:localhost/127.0.0.1:50402] for GET '/session/2c63f55164907843017a0031597b5154/url'
07:50:10.334 [AsyncHttpClient-1-9] DEBUG org.asynchttpclient.netty.handler.HttpHandler - 

Request DefaultFullHttpRequest(decodeResult: success, version: HTTP/1.1, content: EmptyByteBufBE)
GET /session/2c63f55164907843017a0031597b5154/url HTTP/1.1
User-Agent: selenium/4.1.2 (java mac)
Cache-Control: no-cache
Content-Type: application/json; charset=utf-8
host: localhost:50402
accept: */*

Response DefaultHttpResponse(decodeResult: success, version: HTTP/1.1)
HTTP/1.1 200 OK
Content-Type: application/json; charset=utf-8
cache-control: no-cache
content-length: 73

07:50:10.334 [AsyncHttpClient-1-9] DEBUG org.asynchttpclient.netty.channel.ChannelManager - Adding key: http://localhost:50402 for channel [id: 0x12410e50, L:/127.0.0.1:49990 - R:localhost/127.0.0.1:50402]
07:50:10.338 [main] DEBUG net.thucydides.core.steps.StepInterceptor - STEP DONE: {0} should see #description
  &amp#27;[32mThen &amp#27;[0m&amp#27;[32m&amp#27;[0m&amp#27;[32m&amp#27;[1mI&amp#27;[0m&amp#27;[32m can login successfully&amp#27;[0m              &amp#27;[90m# orangehrm.stepdefinitions.loginStepDef.validateLoginSuccess(net.serenitybdd.screenplay.Actor)&amp#27;[0m
07:50:10.342 [main] INFO  - 
  _____   ___   ___   _____     ___     _     ___   ___   ___   ___  
 |_   _| | __| / __| |_   _|   | _ \   /_\   / __| / __| | __| |   \ 
   | |   | _|  \__ \   | |     |  _/  / _ \  \__ \ \__ \ | _|  | |) |
   |_|   |___| |___/   |_|     |_|   /_/ \_\ |___/ |___/ |___| |___/ 

User login Orange HRM successfully
----------------------------------------------------------------------
07:50:10.344 [AsyncHttpClient-1-3] DEBUG org.asynchttpclient.netty.handler.WebSocketHandler - Channel Closed: [id: 0x128c5ac4, L:/127.0.0.1:49996 ! R:localhost/127.0.0.1:49991] with attribute NettyResponseFuture{currentRetry=5,
	isDone=1,
	isCancelled=0,
	asyncHandler=org.asynchttpclient.ws.WebSocketUpgradeHandler@3e239da8,
	nettyRequest=org.asynchttpclient.netty.request.NettyRequest@7de9547b,
	future=java.util.concurrent.CompletableFuture@2c132a7b[Completed normally],
	uri=ws://localhost:49991/devtools/browser/38fa5969-207f-474c-ba3a-956e85d4f9da,
	keepAlive=true,
	redirectCount=0,
	timeoutsHolder=null,
	inAuth=0,
	touch=1650070194128}
07:50:10.344 [AsyncHttpClient-1-3] DEBUG org.asynchttpclient.netty.channel.ChannelManager - Closing Channel [id: 0x128c5ac4, L:/127.0.0.1:49996 ! R:localhost/127.0.0.1:49991] 
07:50:10.344 [Driver Command Executor] DEBUG org.asynchttpclient.netty.request.NettyRequestSender - Using pooled Channel '[id: 0x12410e50, L:/127.0.0.1:49990 - R:localhost/127.0.0.1:50402]' for 'DELETE' to 'http://localhost:50402/session/2c63f55164907843017a0031597b5154'
07:50:10.344 [Driver Command Executor] DEBUG org.asynchttpclient.netty.request.NettyRequestSender - Using open Channel [id: 0x12410e50, L:/127.0.0.1:49990 - R:localhost/127.0.0.1:50402] for DELETE '/session/2c63f55164907843017a0031597b5154'
07:50:10.406 [AsyncHttpClient-1-2] DEBUG org.asynchttpclient.netty.handler.HttpHandler - Channel Closed: [id: 0x5ea01e07, L:/127.0.0.1:49995 ! R:localhost/127.0.0.1:49991] with attribute DISCARD
07:50:10.447 [AsyncHttpClient-1-9] DEBUG org.asynchttpclient.netty.handler.HttpHandler - 

Request DefaultFullHttpRequest(decodeResult: success, version: HTTP/1.1, content: EmptyByteBufBE)
DELETE /session/2c63f55164907843017a0031597b5154 HTTP/1.1
User-Agent: selenium/4.1.2 (java mac)
Content-Type: application/json; charset=utf-8
host: localhost:50402
accept: */*

Response DefaultHttpResponse(decodeResult: success, version: HTTP/1.1)
HTTP/1.1 200 OK
Content-Type: application/json; charset=utf-8
cache-control: no-cache
content-length: 14

07:50:10.447 [AsyncHttpClient-1-9] DEBUG org.asynchttpclient.netty.channel.ChannelManager - Adding key: http://localhost:50402 for channel [id: 0x12410e50, L:/127.0.0.1:49990 - R:localhost/127.0.0.1:50402]
07:50:10.497 [AsyncHttpClient-1-9] DEBUG org.asynchttpclient.netty.handler.HttpHandler - Channel Closed: [id: 0x12410e50, L:/127.0.0.1:49990 ! R:localhost/127.0.0.1:50402] with attribute DISCARD
]]></system-out>
    <system-err><![CDATA[Starting ChromeDriver 100.0.4896.60 (6a5d10861ce8de5fce22564658033b43cb7de047-refs/branch-heads/4896@{#875}) on port 50402
Only local connections are allowed.
Please see https://chromedriver.chromium.org/security-considerations for suggestions on keeping ChromeDriver safe.
ChromeDriver was started successfully.
Apr 16, 2022 7:49:54 AM org.openqa.selenium.remote.ProtocolHandshake createSession
INFO: Detected dialect: W3C
Apr 16, 2022 7:49:54 AM org.openqa.selenium.devtools.CdpVersionFinder findNearestMatch
WARNING: Unable to find an exact match for CDP version 100, so returning the closest version found: 97
Apr 16, 2022 7:49:54 AM org.openqa.selenium.devtools.CdpVersionFinder findNearestMatch
INFO: Found CDP implementation for version 100 of 97
]]></system-err>
  </testcase>
</testsuite>